[0.023s] Invoking command in '/home/batman/URC_NAV/build/rover_localization': CMAKE_PREFIX_PATH=${CMAKE_PREFIX_PATH}:/home/batman/turtlebot3_ws/install/turtlebot3_teleop:/home/batman/turtlebot3_ws/install/turtlebot3_example:/home/batman/turtlebot3_ws/install/aruco_marker_detection:/opt/ros/humble /usr/bin/cmake --build /home/batman/URC_NAV/build/rover_localization -- -j16 -l16
[0.051s] Invoked command in '/home/batman/URC_NAV/build/rover_localization' returned '0': CMAKE_PREFIX_PATH=${CMAKE_PREFIX_PATH}:/home/batman/turtlebot3_ws/install/turtlebot3_teleop:/home/batman/turtlebot3_ws/install/turtlebot3_example:/home/batman/turtlebot3_ws/install/aruco_marker_detection:/opt/ros/humble /usr/bin/cmake --build /home/batman/URC_NAV/build/rover_localization -- -j16 -l16
[0.060s] Invoking command in '/home/batman/URC_NAV/build/rover_localization': CMAKE_PREFIX_PATH=${CMAKE_PREFIX_PATH}:/home/batman/turtlebot3_ws/install/turtlebot3_teleop:/home/batman/turtlebot3_ws/install/turtlebot3_example:/home/batman/turtlebot3_ws/install/aruco_marker_detection:/opt/ros/humble /usr/bin/cmake --install /home/batman/URC_NAV/build/rover_localization
[0.065s] -- Install configuration: ""
[0.065s] -- Up-to-date: /home/batman/URC_NAV/install/rover_localization/share/rover_localization//launch
[0.065s] -- Up-to-date: /home/batman/URC_NAV/install/rover_localization/share/rover_localization//launch/rgbd_odometry.launch.py
[0.066s] -- Up-to-date: /home/batman/URC_NAV/install/rover_localization/share/rover_localization//launch/ekf.launch.py
[0.066s] -- Up-to-date: /home/batman/URC_NAV/install/rover_localization/share/rover_localization//launch/localization.launch.py
[0.066s] -- Up-to-date: /home/batman/URC_NAV/install/rover_localization/share/rover_localization//launch/rtabmap.launch.py
[0.066s] -- Up-to-date: /home/batman/URC_NAV/install/rover_localization/share/rover_localization//config
[0.066s] -- Up-to-date: /home/batman/URC_NAV/install/rover_localization/share/rover_localization//config/ekf.yaml
[0.066s] -- Up-to-date: /home/batman/URC_NAV/install/rover_localization/share/ament_index/resource_index/package_run_dependencies/rover_localization
[0.066s] -- Up-to-date: /home/batman/URC_NAV/install/rover_localization/share/ament_index/resource_index/parent_prefix_path/rover_localization
[0.066s] -- Up-to-date: /home/batman/URC_NAV/install/rover_localization/share/rover_localization/environment/ament_prefix_path.sh
[0.066s] -- Up-to-date: /home/batman/URC_NAV/install/rover_localization/share/rover_localization/environment/ament_prefix_path.dsv
[0.066s] -- Up-to-date: /home/batman/URC_NAV/install/rover_localization/share/rover_localization/environment/path.sh
[0.066s] -- Up-to-date: /home/batman/URC_NAV/install/rover_localization/share/rover_localization/environment/path.dsv
[0.066s] -- Up-to-date: /home/batman/URC_NAV/install/rover_localization/share/rover_localization/local_setup.bash
[0.066s] -- Up-to-date: /home/batman/URC_NAV/install/rover_localization/share/rover_localization/local_setup.sh
[0.067s] -- Up-to-date: /home/batman/URC_NAV/install/rover_localization/share/rover_localization/local_setup.zsh
[0.067s] -- Up-to-date: /home/batman/URC_NAV/install/rover_localization/share/rover_localization/local_setup.dsv
[0.067s] -- Up-to-date: /home/batman/URC_NAV/install/rover_localization/share/rover_localization/package.dsv
[0.067s] -- Up-to-date: /home/batman/URC_NAV/install/rover_localization/share/ament_index/resource_index/packages/rover_localization
[0.067s] -- Up-to-date: /home/batman/URC_NAV/install/rover_localization/share/rover_localization/cmake/rover_localizationConfig.cmake
[0.067s] -- Up-to-date: /home/batman/URC_NAV/install/rover_localization/share/rover_localization/cmake/rover_localizationConfig-version.cmake
[0.067s] -- Up-to-date: /home/batman/URC_NAV/install/rover_localization/share/rover_localization/package.xml
[0.069s] Invoked command in '/home/batman/URC_NAV/build/rover_localization' returned '0': CMAKE_PREFIX_PATH=${CMAKE_PREFIX_PATH}:/home/batman/turtlebot3_ws/install/turtlebot3_teleop:/home/batman/turtlebot3_ws/install/turtlebot3_example:/home/batman/turtlebot3_ws/install/aruco_marker_detection:/opt/ros/humble /usr/bin/cmake --install /home/batman/URC_NAV/build/rover_localization
