[0.008s] Invoking command in '/home/batman/URC_NAV/build/rover_gazebo': CMAKE_PREFIX_PATH=/home/batman/URC_NAV/install/rover_motor_controller_cpp:/home/batman/URC_NAV/install/rover_msgs:/home/batman/URC_NAV/install/urc_rover:/home/batman/URC_NAV/install/rover_gazebo:/home/batman/URC_NAV/install/rover_localization:/home/batman/URC_NAV/install/rover_controller:/home/batman/turtlebot3_ws/install/turtlebot3:/home/batman/turtlebot3_ws/install/turtlebot3_bringup:/home/batman/turtlebot3_ws/install/turtlebot3_node:/home/batman/turtlebot3_ws/install/turtlebot3_navigation2:/home/batman/turtlebot3_ws/install/turtlebot3_msgs:/home/batman/turtlebot3_ws/install/turtlebot3_description:/home/batman/turtlebot3_ws/install/turtlebot3_cartographer:/home/batman/turtlebot3_ws/install/dynamixel_sdk_examples:/home/batman/turtlebot3_ws/install/dynamixel_sdk_custom_interfaces:/home/batman/turtlebot3_ws/install/dynamixel_sdk:/home/batman/turtlebot3_ws/install/aruco_marker_detection:/home/batman/turtlebot3_ws/install/turtlebot3_teleop:/home/batman/turtlebot3_ws/install/turtlebot3_example:/opt/ros/humble LD_LIBRARY_PATH=/home/batman/URC_NAV/install/rover_msgs/lib:/home/batman/turtlebot3_ws/install/turtlebot3_msgs/lib:/home/batman/turtlebot3_ws/install/dynamixel_sdk_custom_interfaces/lib:/home/batman/turtlebot3_ws/install/dynamixel_sdk/lib:/usr/lib/x86_64-linux-gnu/gazebo-11/plugins:/opt/ros/humble/opt/rviz_ogre_vendor/lib:/opt/ros/humble/lib/x86_64-linux-gnu:/opt/ros/humble/lib:/usr/lib/x86_64-linux-gnu/gazebo-11/plugins /usr/bin/cmake --build /home/batman/URC_NAV/build/rover_gazebo -- -j16 -l16
[0.057s] [100%] Built target motors_command_parser_node
[0.068s] Invoked command in '/home/batman/URC_NAV/build/rover_gazebo' returned '0': CMAKE_PREFIX_PATH=/home/batman/URC_NAV/install/rover_motor_controller_cpp:/home/batman/URC_NAV/install/rover_msgs:/home/batman/URC_NAV/install/urc_rover:/home/batman/URC_NAV/install/rover_gazebo:/home/batman/URC_NAV/install/rover_localization:/home/batman/URC_NAV/install/rover_controller:/home/batman/turtlebot3_ws/install/turtlebot3:/home/batman/turtlebot3_ws/install/turtlebot3_bringup:/home/batman/turtlebot3_ws/install/turtlebot3_node:/home/batman/turtlebot3_ws/install/turtlebot3_navigation2:/home/batman/turtlebot3_ws/install/turtlebot3_msgs:/home/batman/turtlebot3_ws/install/turtlebot3_description:/home/batman/turtlebot3_ws/install/turtlebot3_cartographer:/home/batman/turtlebot3_ws/install/dynamixel_sdk_examples:/home/batman/turtlebot3_ws/install/dynamixel_sdk_custom_interfaces:/home/batman/turtlebot3_ws/install/dynamixel_sdk:/home/batman/turtlebot3_ws/install/aruco_marker_detection:/home/batman/turtlebot3_ws/install/turtlebot3_teleop:/home/batman/turtlebot3_ws/install/turtlebot3_example:/opt/ros/humble LD_LIBRARY_PATH=/home/batman/URC_NAV/install/rover_msgs/lib:/home/batman/turtlebot3_ws/install/turtlebot3_msgs/lib:/home/batman/turtlebot3_ws/install/dynamixel_sdk_custom_interfaces/lib:/home/batman/turtlebot3_ws/install/dynamixel_sdk/lib:/usr/lib/x86_64-linux-gnu/gazebo-11/plugins:/opt/ros/humble/opt/rviz_ogre_vendor/lib:/opt/ros/humble/lib/x86_64-linux-gnu:/opt/ros/humble/lib:/usr/lib/x86_64-linux-gnu/gazebo-11/plugins /usr/bin/cmake --build /home/batman/URC_NAV/build/rover_gazebo -- -j16 -l16
[0.069s] Invoking command in '/home/batman/URC_NAV/build/rover_gazebo': CMAKE_PREFIX_PATH=/home/batman/URC_NAV/install/rover_motor_controller_cpp:/home/batman/URC_NAV/install/rover_msgs:/home/batman/URC_NAV/install/urc_rover:/home/batman/URC_NAV/install/rover_gazebo:/home/batman/URC_NAV/install/rover_localization:/home/batman/URC_NAV/install/rover_controller:/home/batman/turtlebot3_ws/install/turtlebot3:/home/batman/turtlebot3_ws/install/turtlebot3_bringup:/home/batman/turtlebot3_ws/install/turtlebot3_node:/home/batman/turtlebot3_ws/install/turtlebot3_navigation2:/home/batman/turtlebot3_ws/install/turtlebot3_msgs:/home/batman/turtlebot3_ws/install/turtlebot3_description:/home/batman/turtlebot3_ws/install/turtlebot3_cartographer:/home/batman/turtlebot3_ws/install/dynamixel_sdk_examples:/home/batman/turtlebot3_ws/install/dynamixel_sdk_custom_interfaces:/home/batman/turtlebot3_ws/install/dynamixel_sdk:/home/batman/turtlebot3_ws/install/aruco_marker_detection:/home/batman/turtlebot3_ws/install/turtlebot3_teleop:/home/batman/turtlebot3_ws/install/turtlebot3_example:/opt/ros/humble LD_LIBRARY_PATH=/home/batman/URC_NAV/install/rover_msgs/lib:/home/batman/turtlebot3_ws/install/turtlebot3_msgs/lib:/home/batman/turtlebot3_ws/install/dynamixel_sdk_custom_interfaces/lib:/home/batman/turtlebot3_ws/install/dynamixel_sdk/lib:/usr/lib/x86_64-linux-gnu/gazebo-11/plugins:/opt/ros/humble/opt/rviz_ogre_vendor/lib:/opt/ros/humble/lib/x86_64-linux-gnu:/opt/ros/humble/lib:/usr/lib/x86_64-linux-gnu/gazebo-11/plugins /usr/bin/cmake --install /home/batman/URC_NAV/build/rover_gazebo
[0.078s] -- Install configuration: ""
[0.078s] -- Up-to-date: /home/batman/URC_NAV/install/rover_gazebo/lib/rover_gazebo/motors_command_parser_node
[0.078s] -- Up-to-date: /home/batman/URC_NAV/install/rover_gazebo/share/rover_gazebo/launch
[0.078s] -- Up-to-date: /home/batman/URC_NAV/install/rover_gazebo/share/rover_gazebo/launch/moon.launch.py
[0.078s] -- Up-to-date: /home/batman/URC_NAV/install/rover_gazebo/share/rover_gazebo/launch/gazebo.launch.py
[0.078s] -- Up-to-date: /home/batman/URC_NAV/install/rover_gazebo/share/rover_gazebo/launch/curiosity.launch.py
[0.078s] -- Up-to-date: /home/batman/URC_NAV/install/rover_gazebo/share/rover_gazebo/launch/forest.launch.py
[0.078s] -- Up-to-date: /home/batman/URC_NAV/install/rover_gazebo/share/rover_gazebo/launch/low_moon.launch.py
[0.079s] -- Up-to-date: /home/batman/URC_NAV/install/rover_gazebo/share/rover_gazebo/launch/include
[0.079s] -- Up-to-date: /home/batman/URC_NAV/install/rover_gazebo/share/rover_gazebo/launch/include/cmd_vel.launch.py
[0.079s] -- Up-to-date: /home/batman/URC_NAV/install/rover_gazebo/share/rover_gazebo/launch/include/spawn.launch.py
[0.079s] -- Up-to-date: /home/batman/URC_NAV/install/rover_gazebo/share/rover_gazebo/launch/include/rtabmap.launch.py
[0.079s] -- Up-to-date: /home/batman/URC_NAV/install/rover_gazebo/share/rover_gazebo/launch/mars.launch.py
[0.079s] -- Up-to-date: /home/batman/URC_NAV/install/rover_gazebo/share/rover_gazebo/worlds
[0.079s] -- Up-to-date: /home/batman/URC_NAV/install/rover_gazebo/share/rover_gazebo/worlds/curiosity.world
[0.080s] -- Up-to-date: /home/batman/URC_NAV/install/rover_gazebo/share/rover_gazebo/worlds/mars.world
[0.080s] -- Up-to-date: /home/batman/URC_NAV/install/rover_gazebo/share/rover_gazebo/worlds/moon.world
[0.080s] -- Up-to-date: /home/batman/URC_NAV/install/rover_gazebo/share/rover_gazebo/worlds/empty.world
[0.080s] -- Up-to-date: /home/batman/URC_NAV/install/rover_gazebo/share/rover_gazebo/worlds/low_moon.world
[0.080s] -- Up-to-date: /home/batman/URC_NAV/install/rover_gazebo/share/rover_gazebo/worlds/forest.world
[0.080s] -- Up-to-date: /home/batman/URC_NAV/install/rover_gazebo/share/rover_gazebo/models
[0.080s] -- Up-to-date: /home/batman/URC_NAV/install/rover_gazebo/share/rover_gazebo/models/crater
[0.080s] -- Up-to-date: /home/batman/URC_NAV/install/rover_gazebo/share/rover_gazebo/models/crater/model.config
[0.080s] -- Up-to-date: /home/batman/URC_NAV/install/rover_gazebo/share/rover_gazebo/models/crater/model.sdf
[0.080s] -- Up-to-date: /home/batman/URC_NAV/install/rover_gazebo/share/rover_gazebo/models/crater/meshes
[0.080s] -- Up-to-date: /home/batman/URC_NAV/install/rover_gazebo/share/rover_gazebo/models/crater/meshes/crater_martian_red.dae
[0.080s] -- Up-to-date: /home/batman/URC_NAV/install/rover_gazebo/share/rover_gazebo/models/crater/meshes/crater4k.stl
[0.080s] -- Up-to-date: /home/batman/URC_NAV/install/rover_gazebo/share/rover_gazebo/models/terrain
[0.080s] -- Up-to-date: /home/batman/URC_NAV/install/rover_gazebo/share/rover_gazebo/models/terrain/model.config
[0.080s] -- Up-to-date: /home/batman/URC_NAV/install/rover_gazebo/share/rover_gazebo/models/terrain/model.sdf
[0.081s] -- Up-to-date: /home/batman/URC_NAV/install/rover_gazebo/share/rover_gazebo/models/terrain/materials
[0.081s] -- Up-to-date: /home/batman/URC_NAV/install/rover_gazebo/share/rover_gazebo/models/terrain/materials/textures
[0.081s] -- Up-to-date: /home/batman/URC_NAV/install/rover_gazebo/share/rover_gazebo/models/terrain/materials/textures/terrain.xcf
[0.081s] -- Up-to-date: /home/batman/URC_NAV/install/rover_gazebo/share/rover_gazebo/models/terrain/materials/textures/terrain.png
[0.081s] -- Up-to-date: /home/batman/URC_NAV/install/rover_gazebo/share/rover_gazebo/models/marker0
[0.081s] -- Up-to-date: /home/batman/URC_NAV/install/rover_gazebo/share/rover_gazebo/models/marker0/marker0
[0.081s] -- Up-to-date: /home/batman/URC_NAV/install/rover_gazebo/share/rover_gazebo/models/marker0/marker0/model.config
[0.081s] -- Up-to-date: /home/batman/URC_NAV/install/rover_gazebo/share/rover_gazebo/models/marker0/marker0/model-1_5.sdf
[0.081s] -- Up-to-date: /home/batman/URC_NAV/install/rover_gazebo/share/rover_gazebo/models/marker0/marker0/model-1_4.sdf
[0.082s] -- Up-to-date: /home/batman/URC_NAV/install/rover_gazebo/share/rover_gazebo/models/marker0/marker0/model.sdf
[0.082s] -- Up-to-date: /home/batman/URC_NAV/install/rover_gazebo/share/rover_gazebo/models/marker0/marker0/meshes
[0.082s] -- Up-to-date: /home/batman/URC_NAV/install/rover_gazebo/share/rover_gazebo/models/marker0/marker0/meshes/Marker0.dae
[0.082s] -- Up-to-date: /home/batman/URC_NAV/install/rover_gazebo/share/rover_gazebo/models/marker0/marker0/materials
[0.082s] -- Up-to-date: /home/batman/URC_NAV/install/rover_gazebo/share/rover_gazebo/models/marker0/marker0/materials/textures
[0.082s] -- Up-to-date: /home/batman/URC_NAV/install/rover_gazebo/share/rover_gazebo/models/marker0/marker0/materials/textures/Marker0.png
[0.082s] -- Up-to-date: /home/batman/URC_NAV/install/rover_gazebo/share/rover_gazebo/models/marker0/model.config
[0.082s] -- Up-to-date: /home/batman/URC_NAV/install/rover_gazebo/share/rover_gazebo/models/marker0/model-1_5.sdf
[0.082s] -- Up-to-date: /home/batman/URC_NAV/install/rover_gazebo/share/rover_gazebo/models/marker0/model-1_4.sdf
[0.082s] -- Up-to-date: /home/batman/URC_NAV/install/rover_gazebo/share/rover_gazebo/models/marker0/model.sdf
[0.083s] -- Up-to-date: /home/batman/URC_NAV/install/rover_gazebo/share/rover_gazebo/models/marker0/meshes
[0.083s] -- Up-to-date: /home/batman/URC_NAV/install/rover_gazebo/share/rover_gazebo/models/marker0/meshes/Marker0.dae
[0.083s] -- Up-to-date: /home/batman/URC_NAV/install/rover_gazebo/share/rover_gazebo/models/marker0/materials
[0.083s] -- Up-to-date: /home/batman/URC_NAV/install/rover_gazebo/share/rover_gazebo/models/marker0/materials/textures
[0.083s] -- Up-to-date: /home/batman/URC_NAV/install/rover_gazebo/share/rover_gazebo/models/marker0/materials/textures/Marker0.png
[0.083s] -- Up-to-date: /home/batman/URC_NAV/install/rover_gazebo/share/rover_gazebo/models/jaggedrock
[0.083s] -- Up-to-date: /home/batman/URC_NAV/install/rover_gazebo/share/rover_gazebo/models/jaggedrock/model.config
[0.083s] -- Up-to-date: /home/batman/URC_NAV/install/rover_gazebo/share/rover_gazebo/models/jaggedrock/model.sdf
[0.083s] -- Up-to-date: /home/batman/URC_NAV/install/rover_gazebo/share/rover_gazebo/models/jaggedrock/meshes
[0.083s] -- Up-to-date: /home/batman/URC_NAV/install/rover_gazebo/share/rover_gazebo/models/jaggedrock/meshes/bumpy.jpg
[0.083s] -- Up-to-date: /home/batman/URC_NAV/install/rover_gazebo/share/rover_gazebo/models/jaggedrock/meshes/basecolor.jpg
[0.083s] -- Up-to-date: /home/batman/URC_NAV/install/rover_gazebo/share/rover_gazebo/models/jaggedrock/meshes/jaggedrock_texture.dae
[0.084s] -- Up-to-date: /home/batman/URC_NAV/install/rover_gazebo/share/rover_gazebo/models/moon
[0.084s] -- Up-to-date: /home/batman/URC_NAV/install/rover_gazebo/share/rover_gazebo/models/moon/model.config
[0.084s] -- Up-to-date: /home/batman/URC_NAV/install/rover_gazebo/share/rover_gazebo/models/moon/model.sdf
[0.084s] -- Up-to-date: /home/batman/URC_NAV/install/rover_gazebo/share/rover_gazebo/models/moon/materials
[0.084s] -- Up-to-date: /home/batman/URC_NAV/install/rover_gazebo/share/rover_gazebo/models/moon/materials/textures
[0.084s] -- Up-to-date: /home/batman/URC_NAV/install/rover_gazebo/share/rover_gazebo/models/moon/materials/textures/ground.jpg
[0.085s] -- Up-to-date: /home/batman/URC_NAV/install/rover_gazebo/share/rover_gazebo/models/moon/materials/textures/ground_1.jpg
[0.085s] -- Up-to-date: /home/batman/URC_NAV/install/rover_gazebo/share/rover_gazebo/models/moon/materials/textures/ground_normal.jpg
[0.085s] -- Up-to-date: /home/batman/URC_NAV/install/rover_gazebo/share/rover_gazebo/models/moon/materials/heightmap
[0.085s] -- Up-to-date: /home/batman/URC_NAV/install/rover_gazebo/share/rover_gazebo/models/moon/materials/heightmap/moon.xcf
[0.086s] -- Up-to-date: /home/batman/URC_NAV/install/rover_gazebo/share/rover_gazebo/models/moon/materials/heightmap/moon.png
[0.086s] -- Up-to-date: /home/batman/URC_NAV/install/rover_gazebo/share/rover_gazebo/models/low_moon
[0.086s] -- Up-to-date: /home/batman/URC_NAV/install/rover_gazebo/share/rover_gazebo/models/low_moon/model.config
[0.086s] -- Up-to-date: /home/batman/URC_NAV/install/rover_gazebo/share/rover_gazebo/models/low_moon/model.sdf
[0.086s] -- Up-to-date: /home/batman/URC_NAV/install/rover_gazebo/share/rover_gazebo/models/marker_10
[0.086s] -- Up-to-date: /home/batman/URC_NAV/install/rover_gazebo/share/rover_gazebo/models/marker_10/model.config
[0.086s] -- Up-to-date: /home/batman/URC_NAV/install/rover_gazebo/share/rover_gazebo/models/marker_10/model-1_5.sdf
[0.087s] -- Up-to-date: /home/batman/URC_NAV/install/rover_gazebo/share/rover_gazebo/models/marker_10/model-1_4.sdf
[0.087s] -- Up-to-date: /home/batman/URC_NAV/install/rover_gazebo/share/rover_gazebo/models/marker_10/model.sdf
[0.087s] -- Up-to-date: /home/batman/URC_NAV/install/rover_gazebo/share/rover_gazebo/models/marker_10/meshes
[0.087s] -- Up-to-date: /home/batman/URC_NAV/install/rover_gazebo/share/rover_gazebo/models/marker_10/meshes/marker_10.dae
[0.087s] -- Up-to-date: /home/batman/URC_NAV/install/rover_gazebo/share/rover_gazebo/models/marker_10/materials
[0.087s] -- Up-to-date: /home/batman/URC_NAV/install/rover_gazebo/share/rover_gazebo/models/marker_10/materials/textures
[0.087s] -- Up-to-date: /home/batman/URC_NAV/install/rover_gazebo/share/rover_gazebo/models/marker_10/materials/textures/marker_10.png
[0.088s] -- Up-to-date: /home/batman/URC_NAV/install/rover_gazebo/share/rover_gazebo/models/rock9
[0.088s] -- Up-to-date: /home/batman/URC_NAV/install/rover_gazebo/share/rover_gazebo/models/rock9/model.config
[0.088s] -- Up-to-date: /home/batman/URC_NAV/install/rover_gazebo/share/rover_gazebo/models/rock9/model.sdf
[0.088s] -- Up-to-date: /home/batman/URC_NAV/install/rover_gazebo/share/rover_gazebo/models/rock9/meshes
[0.088s] -- Up-to-date: /home/batman/URC_NAV/install/rover_gazebo/share/rover_gazebo/models/rock9/meshes/rock9.stl
[0.088s] -- Up-to-date: /home/batman/URC_NAV/install/rover_gazebo/share/rover_gazebo/models/rock9/meshes/rock9.dae
[0.088s] -- Up-to-date: /home/batman/URC_NAV/install/rover_gazebo/share/rover_gazebo/models/rock9/meshes/texture.jpg
[0.088s] -- Up-to-date: /home/batman/URC_NAV/install/rover_gazebo/share/rover_gazebo/models/rockformation
[0.089s] -- Up-to-date: /home/batman/URC_NAV/install/rover_gazebo/share/rover_gazebo/models/rockformation/model.config
[0.089s] -- Up-to-date: /home/batman/URC_NAV/install/rover_gazebo/share/rover_gazebo/models/rockformation/model.sdf
[0.089s] -- Up-to-date: /home/batman/URC_NAV/install/rover_gazebo/share/rover_gazebo/models/rockformation/meshes
[0.089s] -- Up-to-date: /home/batman/URC_NAV/install/rover_gazebo/share/rover_gazebo/models/rockformation/meshes/rockformation.dae
[0.089s] -- Up-to-date: /home/batman/URC_NAV/install/rover_gazebo/share/rover_gazebo/models/rockformation/meshes/SMALL_RED_BaseColor.png
[0.089s] -- Up-to-date: /home/batman/URC_NAV/install/rover_gazebo/share/rover_gazebo/models/mars_terrain
[0.089s] -- Up-to-date: /home/batman/URC_NAV/install/rover_gazebo/share/rover_gazebo/models/mars_terrain/model.config
[0.089s] -- Up-to-date: /home/batman/URC_NAV/install/rover_gazebo/share/rover_gazebo/models/mars_terrain/model.sdf
[0.089s] -- Up-to-date: /home/batman/URC_NAV/install/rover_gazebo/share/rover_gazebo/models/mars_terrain/meshes
[0.090s] -- Up-to-date: /home/batman/URC_NAV/install/rover_gazebo/share/rover_gazebo/models/mars_terrain/meshes/reddish-sand.jpg
[0.090s] -- Up-to-date: /home/batman/URC_NAV/install/rover_gazebo/share/rover_gazebo/models/mars_terrain/meshes/mars_texture.jpg
[0.090s] -- Up-to-date: /home/batman/URC_NAV/install/rover_gazebo/share/rover_gazebo/models/mars_terrain/meshes/terrain_textured.dae
[0.090s] -- Up-to-date: /home/batman/URC_NAV/install/rover_gazebo/share/rover_gazebo/models/mars_terrain/meshes/terrain.dae
[0.090s] -- Up-to-date: /home/batman/URC_NAV/install/rover_gazebo/share/rover_gazebo/models/mars_terrain/meshes/mars_texture_lq.jpg
[0.090s] -- Up-to-date: /home/batman/URC_NAV/install/rover_gazebo/share/rover_gazebo/models/mars_terrain/meshes/terrain.stl
[0.090s] -- Up-to-date: /home/batman/URC_NAV/install/rover_gazebo/share/rover_gazebo/models/curiosity_path
[0.090s] -- Up-to-date: /home/batman/URC_NAV/install/rover_gazebo/share/rover_gazebo/models/curiosity_path/model.config
[0.090s] -- Up-to-date: /home/batman/URC_NAV/install/rover_gazebo/share/rover_gazebo/models/curiosity_path/model.sdf
[0.091s] -- Up-to-date: /home/batman/URC_NAV/install/rover_gazebo/share/rover_gazebo/models/curiosity_path/meshes
[0.091s] -- Up-to-date: /home/batman/URC_NAV/install/rover_gazebo/share/rover_gazebo/models/curiosity_path/meshes/curiosity_path25k.dae
[0.092s] -- Up-to-date: /home/batman/URC_NAV/install/rover_gazebo/share/rover_gazebo/models/curiosity_path/meshes/mars_texture_lq.jpg
[0.092s] -- Up-to-date: /home/batman/URC_NAV/install/rover_gazebo/share/rover_gazebo/models/curiosity_path/meshes/curiosity_path25k.stl
[0.092s] -- Up-to-date: /home/batman/URC_NAV/install/rover_gazebo/share/rover_gazebo/models/marker_42
[0.092s] -- Up-to-date: /home/batman/URC_NAV/install/rover_gazebo/share/rover_gazebo/models/marker_42/marker0
[0.092s] -- Up-to-date: /home/batman/URC_NAV/install/rover_gazebo/share/rover_gazebo/models/marker_42/marker0/model.config
[0.092s] -- Up-to-date: /home/batman/URC_NAV/install/rover_gazebo/share/rover_gazebo/models/marker_42/marker0/model-1_5.sdf
[0.092s] -- Up-to-date: /home/batman/URC_NAV/install/rover_gazebo/share/rover_gazebo/models/marker_42/marker0/model-1_4.sdf
[0.092s] -- Up-to-date: /home/batman/URC_NAV/install/rover_gazebo/share/rover_gazebo/models/marker_42/marker0/model.sdf
[0.092s] -- Up-to-date: /home/batman/URC_NAV/install/rover_gazebo/share/rover_gazebo/models/marker_42/marker0/meshes
[0.093s] -- Up-to-date: /home/batman/URC_NAV/install/rover_gazebo/share/rover_gazebo/models/marker_42/marker0/meshes/Marker0.dae
[0.093s] -- Up-to-date: /home/batman/URC_NAV/install/rover_gazebo/share/rover_gazebo/models/marker_42/marker0/materials
[0.093s] -- Up-to-date: /home/batman/URC_NAV/install/rover_gazebo/share/rover_gazebo/models/marker_42/marker0/materials/textures
[0.093s] -- Up-to-date: /home/batman/URC_NAV/install/rover_gazebo/share/rover_gazebo/models/marker_42/marker0/materials/textures/Marker0.png
[0.093s] -- Up-to-date: /home/batman/URC_NAV/install/rover_gazebo/share/rover_gazebo/models/marker_42/model.config
[0.093s] -- Up-to-date: /home/batman/URC_NAV/install/rover_gazebo/share/rover_gazebo/models/marker_42/model-1_5.sdf
[0.093s] -- Up-to-date: /home/batman/URC_NAV/install/rover_gazebo/share/rover_gazebo/models/marker_42/model-1_4.sdf
[0.093s] -- Up-to-date: /home/batman/URC_NAV/install/rover_gazebo/share/rover_gazebo/models/marker_42/model.sdf
[0.094s] -- Up-to-date: /home/batman/URC_NAV/install/rover_gazebo/share/rover_gazebo/models/marker_42/meshes
[0.094s] -- Up-to-date: /home/batman/URC_NAV/install/rover_gazebo/share/rover_gazebo/models/marker_42/meshes/marker_42.dae
[0.094s] -- Up-to-date: /home/batman/URC_NAV/install/rover_gazebo/share/rover_gazebo/models/marker_42/materials
[0.094s] -- Up-to-date: /home/batman/URC_NAV/install/rover_gazebo/share/rover_gazebo/models/marker_42/materials/textures
[0.094s] -- Up-to-date: /home/batman/URC_NAV/install/rover_gazebo/share/rover_gazebo/models/marker_42/materials/textures/marker_42.png
[0.094s] -- Up-to-date: /home/batman/URC_NAV/install/rover_gazebo/share/rover_gazebo/rviz
[0.094s] -- Up-to-date: /home/batman/URC_NAV/install/rover_gazebo/share/rover_gazebo/rviz/default.rviz
[0.094s] -- Up-to-date: /home/batman/URC_NAV/install/rover_gazebo/share/rover_gazebo/rviz/urc_bot.rviz
[0.095s] -- Up-to-date: /home/batman/URC_NAV/install/rover_gazebo/share/rover_gazebo/config
[0.095s] -- Up-to-date: /home/batman/URC_NAV/install/rover_gazebo/share/rover_gazebo/config/gazebo.yaml
[0.095s] -- Up-to-date: /home/batman/URC_NAV/install/rover_gazebo/share/ament_index/resource_index/package_run_dependencies/rover_gazebo
[0.095s] -- Up-to-date: /home/batman/URC_NAV/install/rover_gazebo/share/ament_index/resource_index/parent_prefix_path/rover_gazebo
[0.095s] -- Up-to-date: /home/batman/URC_NAV/install/rover_gazebo/share/rover_gazebo/environment/ament_prefix_path.sh
[0.095s] -- Up-to-date: /home/batman/URC_NAV/install/rover_gazebo/share/rover_gazebo/environment/ament_prefix_path.dsv
[0.095s] -- Up-to-date: /home/batman/URC_NAV/install/rover_gazebo/share/rover_gazebo/environment/path.sh
[0.096s] -- Up-to-date: /home/batman/URC_NAV/install/rover_gazebo/share/rover_gazebo/environment/path.dsv
[0.096s] -- Up-to-date: /home/batman/URC_NAV/install/rover_gazebo/share/rover_gazebo/local_setup.bash
[0.096s] -- Up-to-date: /home/batman/URC_NAV/install/rover_gazebo/share/rover_gazebo/local_setup.sh
[0.096s] -- Up-to-date: /home/batman/URC_NAV/install/rover_gazebo/share/rover_gazebo/local_setup.zsh
[0.096s] -- Up-to-date: /home/batman/URC_NAV/install/rover_gazebo/share/rover_gazebo/local_setup.dsv
[0.097s] -- Installing: /home/batman/URC_NAV/install/rover_gazebo/share/rover_gazebo/package.dsv
[0.097s] -- Up-to-date: /home/batman/URC_NAV/install/rover_gazebo/share/ament_index/resource_index/packages/rover_gazebo
[0.097s] -- Up-to-date: /home/batman/URC_NAV/install/rover_gazebo/share/rover_gazebo/cmake/rover_gazeboConfig.cmake
[0.097s] -- Up-to-date: /home/batman/URC_NAV/install/rover_gazebo/share/rover_gazebo/cmake/rover_gazeboConfig-version.cmake
[0.098s] -- Up-to-date: /home/batman/URC_NAV/install/rover_gazebo/share/rover_gazebo/package.xml
[0.098s] Invoked command in '/home/batman/URC_NAV/build/rover_gazebo' returned '0': CMAKE_PREFIX_PATH=/home/batman/URC_NAV/install/rover_motor_controller_cpp:/home/batman/URC_NAV/install/rover_msgs:/home/batman/URC_NAV/install/urc_rover:/home/batman/URC_NAV/install/rover_gazebo:/home/batman/URC_NAV/install/rover_localization:/home/batman/URC_NAV/install/rover_controller:/home/batman/turtlebot3_ws/install/turtlebot3:/home/batman/turtlebot3_ws/install/turtlebot3_bringup:/home/batman/turtlebot3_ws/install/turtlebot3_node:/home/batman/turtlebot3_ws/install/turtlebot3_navigation2:/home/batman/turtlebot3_ws/install/turtlebot3_msgs:/home/batman/turtlebot3_ws/install/turtlebot3_description:/home/batman/turtlebot3_ws/install/turtlebot3_cartographer:/home/batman/turtlebot3_ws/install/dynamixel_sdk_examples:/home/batman/turtlebot3_ws/install/dynamixel_sdk_custom_interfaces:/home/batman/turtlebot3_ws/install/dynamixel_sdk:/home/batman/turtlebot3_ws/install/aruco_marker_detection:/home/batman/turtlebot3_ws/install/turtlebot3_teleop:/home/batman/turtlebot3_ws/install/turtlebot3_example:/opt/ros/humble LD_LIBRARY_PATH=/home/batman/URC_NAV/install/rover_msgs/lib:/home/batman/turtlebot3_ws/install/turtlebot3_msgs/lib:/home/batman/turtlebot3_ws/install/dynamixel_sdk_custom_interfaces/lib:/home/batman/turtlebot3_ws/install/dynamixel_sdk/lib:/usr/lib/x86_64-linux-gnu/gazebo-11/plugins:/opt/ros/humble/opt/rviz_ogre_vendor/lib:/opt/ros/humble/lib/x86_64-linux-gnu:/opt/ros/humble/lib:/usr/lib/x86_64-linux-gnu/gazebo-11/plugins /usr/bin/cmake --install /home/batman/URC_NAV/build/rover_gazebo
