In file included from [01m[K/usr/include/boost/smart_ptr/detail/sp_thread_sleep.hpp:22[m[K,
                 from [01m[K/usr/include/boost/smart_ptr/detail/yield_k.hpp:23[m[K,
                 from [01m[K/usr/include/boost/smart_ptr/detail/spinlock_gcc_atomic.hpp:14[m[K,
                 from [01m[K/usr/include/boost/smart_ptr/detail/spinlock.hpp:42[m[K,
                 from [01m[K/usr/include/boost/smart_ptr/detail/spinlock_pool.hpp:25[m[K,
                 from [01m[K/usr/include/boost/smart_ptr/shared_ptr.hpp:29[m[K,
                 from [01m[K/usr/include/boost/shared_ptr.hpp:17[m[K,
                 from [01m[K/usr/include/boost/date_time/time_clock.hpp:17[m[K,
                 from [01m[K/usr/include/boost/date_time/posix_time/posix_time_types.hpp:10[m[K,
                 from [01m[K/usr/include/boost/asio/time_traits.hpp:23[m[K,
                 from [01m[K/usr/include/boost/asio/detail/timer_queue_ptime.hpp:22[m[K,
                 from [01m[K/usr/include/boost/asio/detail/deadline_timer_service.hpp:29[m[K,
                 from [01m[K/usr/include/boost/asio/basic_deadline_timer.hpp:25[m[K,
                 from [01m[K/usr/include/boost/asio.hpp:25[m[K,
                 from [01m[K/home/batman/URC_NAV/src/rover_motor_controller_cpp/include/lx16a/serial.hpp:28[m[K,
                 from [01m[K/home/batman/URC_NAV/src/rover_motor_controller_cpp/include/lx16a/lx16a.hpp:33[m[K,
                 from [01m[K/home/batman/URC_NAV/src/rover_motor_controller_cpp/src/lx16a/motor_controller.cpp:26[m[K:
[01m[K/usr/include/boost/bind.hpp:36:1:[m[K [01;36m[Knote: [m[K‘[01m[K#pragma message: The practice of declaring the Bind placeholders (_1, _2, ...) in the global namespace is deprecated. Please use <boost/bind/bind.hpp> + using namespace boost::placeholders, or define BOOST_BIND_GLOBAL_PLACEHOLDERS to retain the current behavior.[m[K’
   36 | [01;36m[KBOOST_PRAGMA_MESSAGE[m[K(
      | [01;36m[K^~~~~~~~~~~~~~~~~~~~[m[K
In file included from [01m[K/usr/include/boost/smart_ptr/detail/sp_thread_sleep.hpp:22[m[K,
                 from [01m[K/usr/include/boost/smart_ptr/detail/yield_k.hpp:23[m[K,
                 from [01m[K/usr/include/boost/smart_ptr/detail/spinlock_gcc_atomic.hpp:14[m[K,
                 from [01m[K/usr/include/boost/smart_ptr/detail/spinlock.hpp:42[m[K,
                 from [01m[K/usr/include/boost/smart_ptr/detail/spinlock_pool.hpp:25[m[K,
                 from [01m[K/usr/include/boost/smart_ptr/shared_ptr.hpp:29[m[K,
                 from [01m[K/usr/include/boost/shared_ptr.hpp:17[m[K,
                 from [01m[K/usr/include/boost/date_time/time_clock.hpp:17[m[K,
                 from [01m[K/usr/include/boost/date_time/posix_time/posix_time_types.hpp:10[m[K,
                 from [01m[K/usr/include/boost/asio/time_traits.hpp:23[m[K,
                 from [01m[K/usr/include/boost/asio/detail/timer_queue_ptime.hpp:22[m[K,
                 from [01m[K/usr/include/boost/asio/detail/deadline_timer_service.hpp:29[m[K,
                 from [01m[K/usr/include/boost/asio/basic_deadline_timer.hpp:25[m[K,
                 from [01m[K/usr/include/boost/asio.hpp:25[m[K,
                 from [01m[K/home/batman/URC_NAV/src/rover_motor_controller_cpp/include/lx16a/serial.hpp:28[m[K,
                 from [01m[K/home/batman/URC_NAV/src/rover_motor_controller_cpp/src/lx16a/serial.cpp:26[m[K:
[01m[K/usr/include/boost/bind.hpp:36:1:[m[K [01;36m[Knote: [m[K‘[01m[K#pragma message: The practice of declaring the Bind placeholders (_1, _2, ...) in the global namespace is deprecated. Please use <boost/bind/bind.hpp> + using namespace boost::placeholders, or define BOOST_BIND_GLOBAL_PLACEHOLDERS to retain the current behavior.[m[K’
   36 | [01;36m[KBOOST_PRAGMA_MESSAGE[m[K(
      | [01;36m[K^~~~~~~~~~~~~~~~~~~~[m[K
In file included from [01m[K/usr/include/boost/smart_ptr/detail/sp_thread_sleep.hpp:22[m[K,
                 from [01m[K/usr/include/boost/smart_ptr/detail/yield_k.hpp:23[m[K,
                 from [01m[K/usr/include/boost/smart_ptr/detail/spinlock_gcc_atomic.hpp:14[m[K,
                 from [01m[K/usr/include/boost/smart_ptr/detail/spinlock.hpp:42[m[K,
                 from [01m[K/usr/include/boost/smart_ptr/detail/spinlock_pool.hpp:25[m[K,
                 from [01m[K/usr/include/boost/smart_ptr/shared_ptr.hpp:29[m[K,
                 from [01m[K/usr/include/boost/shared_ptr.hpp:17[m[K,
                 from [01m[K/usr/include/boost/date_time/time_clock.hpp:17[m[K,
                 from [01m[K/usr/include/boost/date_time/posix_time/posix_time_types.hpp:10[m[K,
                 from [01m[K/usr/include/boost/asio/time_traits.hpp:23[m[K,
                 from [01m[K/usr/include/boost/asio/detail/timer_queue_ptime.hpp:22[m[K,
                 from [01m[K/usr/include/boost/asio/detail/deadline_timer_service.hpp:29[m[K,
                 from [01m[K/usr/include/boost/asio/basic_deadline_timer.hpp:25[m[K,
                 from [01m[K/usr/include/boost/asio.hpp:25[m[K,
                 from [01m[K/home/batman/URC_NAV/src/rover_motor_controller_cpp/include/lx16a/serial.hpp:28[m[K,
                 from [01m[K/home/batman/URC_NAV/src/rover_motor_controller_cpp/include/lx16a/lx16a.hpp:33[m[K,
                 from [01m[K/home/batman/URC_NAV/src/rover_motor_controller_cpp/src/lx16a/lx16a.cpp:30[m[K:
[01m[K/usr/include/boost/bind.hpp:36:1:[m[K [01;36m[Knote: [m[K‘[01m[K#pragma message: The practice of declaring the Bind placeholders (_1, _2, ...) in the global namespace is deprecated. Please use <boost/bind/bind.hpp> + using namespace boost::placeholders, or define BOOST_BIND_GLOBAL_PLACEHOLDERS to retain the current behavior.[m[K’
   36 | [01;36m[KBOOST_PRAGMA_MESSAGE[m[K(
      | [01;36m[K^~~~~~~~~~~~~~~~~~~~[m[K
In file included from [01m[K/usr/include/boost/smart_ptr/detail/sp_thread_sleep.hpp:22[m[K,
                 from [01m[K/usr/include/boost/smart_ptr/detail/yield_k.hpp:23[m[K,
                 from [01m[K/usr/include/boost/smart_ptr/detail/spinlock_gcc_atomic.hpp:14[m[K,
                 from [01m[K/usr/include/boost/smart_ptr/detail/spinlock.hpp:42[m[K,
                 from [01m[K/usr/include/boost/smart_ptr/detail/spinlock_pool.hpp:25[m[K,
                 from [01m[K/usr/include/boost/smart_ptr/shared_ptr.hpp:29[m[K,
                 from [01m[K/usr/include/boost/shared_ptr.hpp:17[m[K,
                 from [01m[K/usr/include/boost/date_time/time_clock.hpp:17[m[K,
                 from [01m[K/usr/include/boost/date_time/posix_time/posix_time_types.hpp:10[m[K,
                 from [01m[K/usr/include/boost/asio/time_traits.hpp:23[m[K,
                 from [01m[K/usr/include/boost/asio/detail/timer_queue_ptime.hpp:22[m[K,
                 from [01m[K/usr/include/boost/asio/detail/deadline_timer_service.hpp:29[m[K,
                 from [01m[K/usr/include/boost/asio/basic_deadline_timer.hpp:25[m[K,
                 from [01m[K/usr/include/boost/asio.hpp:25[m[K,
                 from [01m[K/home/batman/URC_NAV/src/rover_motor_controller_cpp/include/lx16a/serial.hpp:28[m[K,
                 from [01m[K/home/batman/URC_NAV/src/rover_motor_controller_cpp/include/lx16a/lx16a.hpp:33[m[K,
                 from [01m[K/home/batman/URC_NAV/src/rover_motor_controller_cpp/include/lx16a/motor_controller.hpp:31[m[K,
                 from [01m[K/home/batman/URC_NAV/src/rover_motor_controller_cpp/include/motor_controller/controller_node.hpp:30[m[K,
                 from [01m[K/home/batman/URC_NAV/src/rover_motor_controller_cpp/src/controller_node_main.cpp:25[m[K:
[01m[K/usr/include/boost/bind.hpp:36:1:[m[K [01;36m[Knote: [m[K‘[01m[K#pragma message: The practice of declaring the Bind placeholders (_1, _2, ...) in the global namespace is deprecated. Please use <boost/bind/bind.hpp> + using namespace boost::placeholders, or define BOOST_BIND_GLOBAL_PLACEHOLDERS to retain the current behavior.[m[K’
   36 | [01;36m[KBOOST_PRAGMA_MESSAGE[m[K(
      | [01;36m[K^~~~~~~~~~~~~~~~~~~~[m[K
