[0.062s] DEBUG:colcon:Command line arguments: ['/usr/bin/colcon', 'build']
[0.062s] DEBUG:colcon:Parsed command line arguments: Namespace(log_base=None, log_level=None, verb_name='build', build_base='build', install_base='install', merge_install=False, symlink_install=False, test_result_base=None, continue_on_error=False, executor='parallel', parallel_workers=16, event_handlers=None, ignore_user_meta=False, metas=['./colcon.meta'], base_paths=['.'], packages_ignore=None, packages_ignore_regex=None, paths=None, packages_up_to=None, packages_up_to_regex=None, packages_above=None, packages_above_and_dependencies=None, packages_above_depth=None, packages_select_by_dep=None, packages_skip_by_dep=None, packages_skip_up_to=None, packages_select_build_failed=False, packages_skip_build_finished=False, packages_select_test_failures=False, packages_skip_test_passed=False, packages_select=None, packages_skip=None, packages_select_regex=None, packages_skip_regex=None, packages_start=None, packages_end=None, allow_overriding=[], cmake_args=None, cmake_target=None, cmake_target_skip_unavailable=False, cmake_clean_cache=False, cmake_clean_first=False, cmake_force_configure=False, ament_cmake_args=None, catkin_cmake_args=None, catkin_skip_building_tests=False, verb_parser=<colcon_defaults.argument_parser.defaults.DefaultArgumentsDecorator object at 0x72de46755360>, verb_extension=<colcon_core.verb.build.BuildVerb object at 0x72de46754d60>, main=<bound method BuildVerb.main of <colcon_core.verb.build.BuildVerb object at 0x72de46754d60>>)
[0.158s] Level 1:colcon.colcon_core.package_discovery:discover_packages(colcon_meta) check parameters
[0.159s] Level 1:colcon.colcon_core.package_discovery:discover_packages(recursive) check parameters
[0.159s] Level 1:colcon.colcon_core.package_discovery:discover_packages(ignore) check parameters
[0.159s] Level 1:colcon.colcon_core.package_discovery:discover_packages(path) check parameters
[0.159s] Level 1:colcon.colcon_core.package_discovery:discover_packages(colcon_meta) discover
[0.159s] Level 1:colcon.colcon_core.package_discovery:discover_packages(recursive) discover
[0.159s] INFO:colcon.colcon_core.package_discovery:Crawling recursively for packages in '/home/batman/URC_NAV'
[0.159s] Level 1:colcon.colcon_core.package_identification:_identify(.) by extensions ['ignore', 'ignore_ament_install']
[0.159s] Level 1:colcon.colcon_core.package_identification:_identify(.) by extension 'ignore'
[0.159s] Level 1:colcon.colcon_core.package_identification:_identify(.) by extension 'ignore_ament_install'
[0.159s] Level 1:colcon.colcon_core.package_identification:_identify(.) by extensions ['colcon_pkg']
[0.159s] Level 1:colcon.colcon_core.package_identification:_identify(.) by extension 'colcon_pkg'
[0.159s] Level 1:colcon.colcon_core.package_identification:_identify(.) by extensions ['colcon_meta']
[0.159s] Level 1:colcon.colcon_core.package_identification:_identify(.) by extension 'colcon_meta'
[0.159s] Level 1:colcon.colcon_core.package_identification:_identify(.) by extensions ['ros']
[0.159s] Level 1:colcon.colcon_core.package_identification:_identify(.) by extension 'ros'
[0.171s] Level 1:colcon.colcon_core.package_identification:_identify(.) by extensions ['cmake', 'python']
[0.171s] Level 1:colcon.colcon_core.package_identification:_identify(.) by extension 'cmake'
[0.172s] Level 1:colcon.colcon_core.package_identification:_identify(.) by extension 'python'
[0.172s] Level 1:colcon.colcon_core.package_identification:_identify(.) by extensions ['python_setup_py']
[0.172s] Level 1:colcon.colcon_core.package_identification:_identify(.) by extension 'python_setup_py'
[0.172s] Level 1:colcon.colcon_core.package_identification:_identify(build) by extensions ['ignore', 'ignore_ament_install']
[0.172s] Level 1:colcon.colcon_core.package_identification:_identify(build) by extension 'ignore'
[0.172s] Level 1:colcon.colcon_core.package_identification:_identify(build) ignored
[0.172s] Level 1:colcon.colcon_core.package_identification:_identify(install) by extensions ['ignore', 'ignore_ament_install']
[0.172s] Level 1:colcon.colcon_core.package_identification:_identify(install) by extension 'ignore'
[0.172s] Level 1:colcon.colcon_core.package_identification:_identify(install) ignored
[0.172s] Level 1:colcon.colcon_core.package_identification:_identify(log) by extensions ['ignore', 'ignore_ament_install']
[0.172s] Level 1:colcon.colcon_core.package_identification:_identify(log) by extension 'ignore'
[0.172s] Level 1:colcon.colcon_core.package_identification:_identify(log) ignored
[0.172s] Level 1:colcon.colcon_core.package_identification:_identify(src) by extensions ['ignore', 'ignore_ament_install']
[0.173s] Level 1:colcon.colcon_core.package_identification:_identify(src) by extension 'ignore'
[0.173s] Level 1:colcon.colcon_core.package_identification:_identify(src) by extension 'ignore_ament_install'
[0.173s] Level 1:colcon.colcon_core.package_identification:_identify(src) by extensions ['colcon_pkg']
[0.173s] Level 1:colcon.colcon_core.package_identification:_identify(src) by extension 'colcon_pkg'
[0.173s] Level 1:colcon.colcon_core.package_identification:_identify(src) by extensions ['colcon_meta']
[0.173s] Level 1:colcon.colcon_core.package_identification:_identify(src) by extension 'colcon_meta'
[0.173s] Level 1:colcon.colcon_core.package_identification:_identify(src) by extensions ['ros']
[0.173s] Level 1:colcon.colcon_core.package_identification:_identify(src) by extension 'ros'
[0.173s] Level 1:colcon.colcon_core.package_identification:_identify(src) by extensions ['cmake', 'python']
[0.173s] Level 1:colcon.colcon_core.package_identification:_identify(src) by extension 'cmake'
[0.173s] Level 1:colcon.colcon_core.package_identification:_identify(src) by extension 'python'
[0.173s] Level 1:colcon.colcon_core.package_identification:_identify(src) by extensions ['python_setup_py']
[0.173s] Level 1:colcon.colcon_core.package_identification:_identify(src) by extension 'python_setup_py'
[0.173s] Level 1:colcon.colcon_core.package_identification:_identify(src/point clouds) by extensions ['ignore', 'ignore_ament_install']
[0.173s] Level 1:colcon.colcon_core.package_identification:_identify(src/point clouds) by extension 'ignore'
[0.173s] Level 1:colcon.colcon_core.package_identification:_identify(src/point clouds) by extension 'ignore_ament_install'
[0.173s] Level 1:colcon.colcon_core.package_identification:_identify(src/point clouds) by extensions ['colcon_pkg']
[0.173s] Level 1:colcon.colcon_core.package_identification:_identify(src/point clouds) by extension 'colcon_pkg'
[0.173s] Level 1:colcon.colcon_core.package_identification:_identify(src/point clouds) by extensions ['colcon_meta']
[0.173s] Level 1:colcon.colcon_core.package_identification:_identify(src/point clouds) by extension 'colcon_meta'
[0.174s] Level 1:colcon.colcon_core.package_identification:_identify(src/point clouds) by extensions ['ros']
[0.174s] Level 1:colcon.colcon_core.package_identification:_identify(src/point clouds) by extension 'ros'
[0.174s] Level 1:colcon.colcon_core.package_identification:_identify(src/point clouds) by extensions ['cmake', 'python']
[0.174s] Level 1:colcon.colcon_core.package_identification:_identify(src/point clouds) by extension 'cmake'
[0.174s] Level 1:colcon.colcon_core.package_identification:_identify(src/point clouds) by extension 'python'
[0.174s] Level 1:colcon.colcon_core.package_identification:_identify(src/point clouds) by extensions ['python_setup_py']
[0.174s] Level 1:colcon.colcon_core.package_identification:_identify(src/point clouds) by extension 'python_setup_py'
[0.174s] Level 1:colcon.colcon_core.package_identification:_identify(src/point clouds/depth) by extensions ['ignore', 'ignore_ament_install']
[0.174s] Level 1:colcon.colcon_core.package_identification:_identify(src/point clouds/depth) by extension 'ignore'
[0.174s] Level 1:colcon.colcon_core.package_identification:_identify(src/point clouds/depth) by extension 'ignore_ament_install'
[0.174s] Level 1:colcon.colcon_core.package_identification:_identify(src/point clouds/depth) by extensions ['colcon_pkg']
[0.174s] Level 1:colcon.colcon_core.package_identification:_identify(src/point clouds/depth) by extension 'colcon_pkg'
[0.174s] Level 1:colcon.colcon_core.package_identification:_identify(src/point clouds/depth) by extensions ['colcon_meta']
[0.174s] Level 1:colcon.colcon_core.package_identification:_identify(src/point clouds/depth) by extension 'colcon_meta'
[0.174s] Level 1:colcon.colcon_core.package_identification:_identify(src/point clouds/depth) by extensions ['ros']
[0.174s] Level 1:colcon.colcon_core.package_identification:_identify(src/point clouds/depth) by extension 'ros'
[0.174s] Level 1:colcon.colcon_core.package_identification:_identify(src/point clouds/depth) by extensions ['cmake', 'python']
[0.174s] Level 1:colcon.colcon_core.package_identification:_identify(src/point clouds/depth) by extension 'cmake'
[0.174s] Level 1:colcon.colcon_core.package_identification:_identify(src/point clouds/depth) by extension 'python'
[0.175s] Level 1:colcon.colcon_core.package_identification:_identify(src/point clouds/depth) by extensions ['python_setup_py']
[0.175s] Level 1:colcon.colcon_core.package_identification:_identify(src/point clouds/depth) by extension 'python_setup_py'
[0.175s] Level 1:colcon.colcon_core.package_identification:_identify(src/point clouds/rgb) by extensions ['ignore', 'ignore_ament_install']
[0.175s] Level 1:colcon.colcon_core.package_identification:_identify(src/point clouds/rgb) by extension 'ignore'
[0.175s] Level 1:colcon.colcon_core.package_identification:_identify(src/point clouds/rgb) by extension 'ignore_ament_install'
[0.175s] Level 1:colcon.colcon_core.package_identification:_identify(src/point clouds/rgb) by extensions ['colcon_pkg']
[0.175s] Level 1:colcon.colcon_core.package_identification:_identify(src/point clouds/rgb) by extension 'colcon_pkg'
[0.175s] Level 1:colcon.colcon_core.package_identification:_identify(src/point clouds/rgb) by extensions ['colcon_meta']
[0.175s] Level 1:colcon.colcon_core.package_identification:_identify(src/point clouds/rgb) by extension 'colcon_meta'
[0.175s] Level 1:colcon.colcon_core.package_identification:_identify(src/point clouds/rgb) by extensions ['ros']
[0.175s] Level 1:colcon.colcon_core.package_identification:_identify(src/point clouds/rgb) by extension 'ros'
[0.175s] Level 1:colcon.colcon_core.package_identification:_identify(src/point clouds/rgb) by extensions ['cmake', 'python']
[0.175s] Level 1:colcon.colcon_core.package_identification:_identify(src/point clouds/rgb) by extension 'cmake'
[0.175s] Level 1:colcon.colcon_core.package_identification:_identify(src/point clouds/rgb) by extension 'python'
[0.175s] Level 1:colcon.colcon_core.package_identification:_identify(src/point clouds/rgb) by extensions ['python_setup_py']
[0.175s] Level 1:colcon.colcon_core.package_identification:_identify(src/point clouds/rgb) by extension 'python_setup_py'
[0.175s] Level 1:colcon.colcon_core.package_identification:_identify(src/rover_controller) by extensions ['ignore', 'ignore_ament_install']
[0.176s] Level 1:colcon.colcon_core.package_identification:_identify(src/rover_controller) by extension 'ignore'
[0.176s] Level 1:colcon.colcon_core.package_identification:_identify(src/rover_controller) by extension 'ignore_ament_install'
[0.176s] Level 1:colcon.colcon_core.package_identification:_identify(src/rover_controller) by extensions ['colcon_pkg']
[0.176s] Level 1:colcon.colcon_core.package_identification:_identify(src/rover_controller) by extension 'colcon_pkg'
[0.176s] Level 1:colcon.colcon_core.package_identification:_identify(src/rover_controller) by extensions ['colcon_meta']
[0.176s] Level 1:colcon.colcon_core.package_identification:_identify(src/rover_controller) by extension 'colcon_meta'
[0.176s] Level 1:colcon.colcon_core.package_identification:_identify(src/rover_controller) by extensions ['ros']
[0.176s] Level 1:colcon.colcon_core.package_identification:_identify(src/rover_controller) by extension 'ros'
[0.178s] DEBUG:colcon.colcon_core.package_identification:Package 'src/rover_controller' with type 'ros.ament_cmake' and name 'rover_controller'
[0.179s] Level 1:colcon.colcon_core.package_identification:_identify(src/rover_gazebo) by extensions ['ignore', 'ignore_ament_install']
[0.179s] Level 1:colcon.colcon_core.package_identification:_identify(src/rover_gazebo) by extension 'ignore'
[0.179s] Level 1:colcon.colcon_core.package_identification:_identify(src/rover_gazebo) by extension 'ignore_ament_install'
[0.179s] Level 1:colcon.colcon_core.package_identification:_identify(src/rover_gazebo) by extensions ['colcon_pkg']
[0.179s] Level 1:colcon.colcon_core.package_identification:_identify(src/rover_gazebo) by extension 'colcon_pkg'
[0.179s] Level 1:colcon.colcon_core.package_identification:_identify(src/rover_gazebo) by extensions ['colcon_meta']
[0.179s] Level 1:colcon.colcon_core.package_identification:_identify(src/rover_gazebo) by extension 'colcon_meta'
[0.179s] Level 1:colcon.colcon_core.package_identification:_identify(src/rover_gazebo) by extensions ['ros']
[0.179s] Level 1:colcon.colcon_core.package_identification:_identify(src/rover_gazebo) by extension 'ros'
[0.180s] DEBUG:colcon.colcon_core.package_identification:Package 'src/rover_gazebo' with type 'ros.ament_cmake' and name 'rover_gazebo'
[0.180s] Level 1:colcon.colcon_core.package_identification:_identify(src/rover_localization) by extensions ['ignore', 'ignore_ament_install']
[0.180s] Level 1:colcon.colcon_core.package_identification:_identify(src/rover_localization) by extension 'ignore'
[0.180s] Level 1:colcon.colcon_core.package_identification:_identify(src/rover_localization) by extension 'ignore_ament_install'
[0.180s] Level 1:colcon.colcon_core.package_identification:_identify(src/rover_localization) by extensions ['colcon_pkg']
[0.180s] Level 1:colcon.colcon_core.package_identification:_identify(src/rover_localization) by extension 'colcon_pkg'
[0.180s] Level 1:colcon.colcon_core.package_identification:_identify(src/rover_localization) by extensions ['colcon_meta']
[0.180s] Level 1:colcon.colcon_core.package_identification:_identify(src/rover_localization) by extension 'colcon_meta'
[0.181s] Level 1:colcon.colcon_core.package_identification:_identify(src/rover_localization) by extensions ['ros']
[0.181s] Level 1:colcon.colcon_core.package_identification:_identify(src/rover_localization) by extension 'ros'
[0.181s] DEBUG:colcon.colcon_core.package_identification:Package 'src/rover_localization' with type 'ros.ament_cmake' and name 'rover_localization'
[0.181s] Level 1:colcon.colcon_core.package_identification:_identify(src/rover_motor_controller_cpp) by extensions ['ignore', 'ignore_ament_install']
[0.181s] Level 1:colcon.colcon_core.package_identification:_identify(src/rover_motor_controller_cpp) by extension 'ignore'
[0.181s] Level 1:colcon.colcon_core.package_identification:_identify(src/rover_motor_controller_cpp) by extension 'ignore_ament_install'
[0.181s] Level 1:colcon.colcon_core.package_identification:_identify(src/rover_motor_controller_cpp) by extensions ['colcon_pkg']
[0.181s] Level 1:colcon.colcon_core.package_identification:_identify(src/rover_motor_controller_cpp) by extension 'colcon_pkg'
[0.181s] Level 1:colcon.colcon_core.package_identification:_identify(src/rover_motor_controller_cpp) by extensions ['colcon_meta']
[0.181s] Level 1:colcon.colcon_core.package_identification:_identify(src/rover_motor_controller_cpp) by extension 'colcon_meta'
[0.181s] Level 1:colcon.colcon_core.package_identification:_identify(src/rover_motor_controller_cpp) by extensions ['ros']
[0.181s] Level 1:colcon.colcon_core.package_identification:_identify(src/rover_motor_controller_cpp) by extension 'ros'
[0.182s] DEBUG:colcon.colcon_core.package_identification:Package 'src/rover_motor_controller_cpp' with type 'ros.ament_cmake' and name 'rover_motor_controller_cpp'
[0.182s] Level 1:colcon.colcon_core.package_identification:_identify(src/rover_msgs) by extensions ['ignore', 'ignore_ament_install']
[0.182s] Level 1:colcon.colcon_core.package_identification:_identify(src/rover_msgs) by extension 'ignore'
[0.182s] Level 1:colcon.colcon_core.package_identification:_identify(src/rover_msgs) by extension 'ignore_ament_install'
[0.182s] Level 1:colcon.colcon_core.package_identification:_identify(src/rover_msgs) by extensions ['colcon_pkg']
[0.182s] Level 1:colcon.colcon_core.package_identification:_identify(src/rover_msgs) by extension 'colcon_pkg'
[0.182s] Level 1:colcon.colcon_core.package_identification:_identify(src/rover_msgs) by extensions ['colcon_meta']
[0.182s] Level 1:colcon.colcon_core.package_identification:_identify(src/rover_msgs) by extension 'colcon_meta'
[0.182s] Level 1:colcon.colcon_core.package_identification:_identify(src/rover_msgs) by extensions ['ros']
[0.182s] Level 1:colcon.colcon_core.package_identification:_identify(src/rover_msgs) by extension 'ros'
[0.182s] DEBUG:colcon.colcon_core.package_identification:Package 'src/rover_msgs' with type 'ros.ament_cmake' and name 'rover_msgs'
[0.182s] Level 1:colcon.colcon_core.package_identification:_identify(src/urc_rover) by extensions ['ignore', 'ignore_ament_install']
[0.182s] Level 1:colcon.colcon_core.package_identification:_identify(src/urc_rover) by extension 'ignore'
[0.182s] Level 1:colcon.colcon_core.package_identification:_identify(src/urc_rover) by extension 'ignore_ament_install'
[0.182s] Level 1:colcon.colcon_core.package_identification:_identify(src/urc_rover) by extensions ['colcon_pkg']
[0.182s] Level 1:colcon.colcon_core.package_identification:_identify(src/urc_rover) by extension 'colcon_pkg'
[0.182s] Level 1:colcon.colcon_core.package_identification:_identify(src/urc_rover) by extensions ['colcon_meta']
[0.182s] Level 1:colcon.colcon_core.package_identification:_identify(src/urc_rover) by extension 'colcon_meta'
[0.182s] Level 1:colcon.colcon_core.package_identification:_identify(src/urc_rover) by extensions ['ros']
[0.182s] Level 1:colcon.colcon_core.package_identification:_identify(src/urc_rover) by extension 'ros'
[0.183s] DEBUG:colcon.colcon_core.package_identification:Package 'src/urc_rover' with type 'ros.ament_cmake' and name 'urc_rover'
[0.183s] Level 1:colcon.colcon_core.package_discovery:discover_packages(recursive) using defaults
[0.183s] Level 1:colcon.colcon_core.package_discovery:discover_packages(ignore) discover
[0.183s] Level 1:colcon.colcon_core.package_discovery:discover_packages(ignore) using defaults
[0.183s] Level 1:colcon.colcon_core.package_discovery:discover_packages(path) discover
[0.183s] Level 1:colcon.colcon_core.package_discovery:discover_packages(path) using defaults
[0.202s] Level 1:colcon.colcon_core.package_discovery:discover_packages(prefix_path) check parameters
[0.202s] Level 1:colcon.colcon_core.package_discovery:discover_packages(prefix_path) discover
[0.203s] DEBUG:colcon.colcon_installed_package_information.package_discovery:Found 6 installed packages in /home/batman/URC_NAV/install
[0.203s] DEBUG:colcon.colcon_installed_package_information.package_discovery:Found 13 installed packages in /home/batman/turtlebot3_ws/install
[0.204s] DEBUG:colcon.colcon_installed_package_information.package_discovery:Found 440 installed packages in /opt/ros/humble
[0.206s] Level 1:colcon.colcon_core.package_discovery:discover_packages(prefix_path) using defaults
[0.233s] Level 5:colcon.colcon_core.verb:set package 'rover_controller' build argument 'cmake_args' from command line to 'None'
[0.233s] Level 5:colcon.colcon_core.verb:set package 'rover_controller' build argument 'cmake_target' from command line to 'None'
[0.233s] Level 5:colcon.colcon_core.verb:set package 'rover_controller' build argument 'cmake_target_skip_unavailable' from command line to 'False'
[0.233s] Level 5:colcon.colcon_core.verb:set package 'rover_controller' build argument 'cmake_clean_cache' from command line to 'False'
[0.233s] Level 5:colcon.colcon_core.verb:set package 'rover_controller' build argument 'cmake_clean_first' from command line to 'False'
[0.233s] Level 5:colcon.colcon_core.verb:set package 'rover_controller' build argument 'cmake_force_configure' from command line to 'False'
[0.233s] Level 5:colcon.colcon_core.verb:set package 'rover_controller' build argument 'ament_cmake_args' from command line to 'None'
[0.233s] Level 5:colcon.colcon_core.verb:set package 'rover_controller' build argument 'catkin_cmake_args' from command line to 'None'
[0.233s] Level 5:colcon.colcon_core.verb:set package 'rover_controller' build argument 'catkin_skip_building_tests' from command line to 'False'
[0.233s] DEBUG:colcon.colcon_core.verb:Building package 'rover_controller' with the following arguments: {'ament_cmake_args': None, 'build_base': '/home/batman/URC_NAV/build/rover_controller', 'catkin_cmake_args': None, 'catkin_skip_building_tests': False, 'cmake_args': None, 'cmake_clean_cache': False, 'cmake_clean_first': False, 'cmake_force_configure': False, 'cmake_target': None, 'cmake_target_skip_unavailable': False, 'install_base': '/home/batman/URC_NAV/install/rover_controller', 'merge_install': False, 'path': '/home/batman/URC_NAV/src/rover_controller', 'symlink_install': False, 'test_result_base': None}
[0.233s] Level 5:colcon.colcon_core.verb:set package 'rover_localization' build argument 'cmake_args' from command line to 'None'
[0.233s] Level 5:colcon.colcon_core.verb:set package 'rover_localization' build argument 'cmake_target' from command line to 'None'
[0.233s] Level 5:colcon.colcon_core.verb:set package 'rover_localization' build argument 'cmake_target_skip_unavailable' from command line to 'False'
[0.233s] Level 5:colcon.colcon_core.verb:set package 'rover_localization' build argument 'cmake_clean_cache' from command line to 'False'
[0.233s] Level 5:colcon.colcon_core.verb:set package 'rover_localization' build argument 'cmake_clean_first' from command line to 'False'
[0.233s] Level 5:colcon.colcon_core.verb:set package 'rover_localization' build argument 'cmake_force_configure' from command line to 'False'
[0.233s] Level 5:colcon.colcon_core.verb:set package 'rover_localization' build argument 'ament_cmake_args' from command line to 'None'
[0.233s] Level 5:colcon.colcon_core.verb:set package 'rover_localization' build argument 'catkin_cmake_args' from command line to 'None'
[0.233s] Level 5:colcon.colcon_core.verb:set package 'rover_localization' build argument 'catkin_skip_building_tests' from command line to 'False'
[0.233s] DEBUG:colcon.colcon_core.verb:Building package 'rover_localization' with the following arguments: {'ament_cmake_args': None, 'build_base': '/home/batman/URC_NAV/build/rover_localization', 'catkin_cmake_args': None, 'catkin_skip_building_tests': False, 'cmake_args': None, 'cmake_clean_cache': False, 'cmake_clean_first': False, 'cmake_force_configure': False, 'cmake_target': None, 'cmake_target_skip_unavailable': False, 'install_base': '/home/batman/URC_NAV/install/rover_localization', 'merge_install': False, 'path': '/home/batman/URC_NAV/src/rover_localization', 'symlink_install': False, 'test_result_base': None}
[0.233s] Level 5:colcon.colcon_core.verb:set package 'rover_msgs' build argument 'cmake_args' from command line to 'None'
[0.233s] Level 5:colcon.colcon_core.verb:set package 'rover_msgs' build argument 'cmake_target' from command line to 'None'
[0.233s] Level 5:colcon.colcon_core.verb:set package 'rover_msgs' build argument 'cmake_target_skip_unavailable' from command line to 'False'
[0.233s] Level 5:colcon.colcon_core.verb:set package 'rover_msgs' build argument 'cmake_clean_cache' from command line to 'False'
[0.233s] Level 5:colcon.colcon_core.verb:set package 'rover_msgs' build argument 'cmake_clean_first' from command line to 'False'
[0.233s] Level 5:colcon.colcon_core.verb:set package 'rover_msgs' build argument 'cmake_force_configure' from command line to 'False'
[0.233s] Level 5:colcon.colcon_core.verb:set package 'rover_msgs' build argument 'ament_cmake_args' from command line to 'None'
[0.233s] Level 5:colcon.colcon_core.verb:set package 'rover_msgs' build argument 'catkin_cmake_args' from command line to 'None'
[0.233s] Level 5:colcon.colcon_core.verb:set package 'rover_msgs' build argument 'catkin_skip_building_tests' from command line to 'False'
[0.233s] DEBUG:colcon.colcon_core.verb:Building package 'rover_msgs' with the following arguments: {'ament_cmake_args': None, 'build_base': '/home/batman/URC_NAV/build/rover_msgs', 'catkin_cmake_args': None, 'catkin_skip_building_tests': False, 'cmake_args': None, 'cmake_clean_cache': False, 'cmake_clean_first': False, 'cmake_force_configure': False, 'cmake_target': None, 'cmake_target_skip_unavailable': False, 'install_base': '/home/batman/URC_NAV/install/rover_msgs', 'merge_install': False, 'path': '/home/batman/URC_NAV/src/rover_msgs', 'symlink_install': False, 'test_result_base': None}
[0.234s] Level 5:colcon.colcon_core.verb:set package 'urc_rover' build argument 'cmake_args' from command line to 'None'
[0.234s] Level 5:colcon.colcon_core.verb:set package 'urc_rover' build argument 'cmake_target' from command line to 'None'
[0.234s] Level 5:colcon.colcon_core.verb:set package 'urc_rover' build argument 'cmake_target_skip_unavailable' from command line to 'False'
[0.234s] Level 5:colcon.colcon_core.verb:set package 'urc_rover' build argument 'cmake_clean_cache' from command line to 'False'
[0.234s] Level 5:colcon.colcon_core.verb:set package 'urc_rover' build argument 'cmake_clean_first' from command line to 'False'
[0.234s] Level 5:colcon.colcon_core.verb:set package 'urc_rover' build argument 'cmake_force_configure' from command line to 'False'
[0.234s] Level 5:colcon.colcon_core.verb:set package 'urc_rover' build argument 'ament_cmake_args' from command line to 'None'
[0.234s] Level 5:colcon.colcon_core.verb:set package 'urc_rover' build argument 'catkin_cmake_args' from command line to 'None'
[0.234s] Level 5:colcon.colcon_core.verb:set package 'urc_rover' build argument 'catkin_skip_building_tests' from command line to 'False'
[0.234s] DEBUG:colcon.colcon_core.verb:Building package 'urc_rover' with the following arguments: {'ament_cmake_args': None, 'build_base': '/home/batman/URC_NAV/build/urc_rover', 'catkin_cmake_args': None, 'catkin_skip_building_tests': False, 'cmake_args': None, 'cmake_clean_cache': False, 'cmake_clean_first': False, 'cmake_force_configure': False, 'cmake_target': None, 'cmake_target_skip_unavailable': False, 'install_base': '/home/batman/URC_NAV/install/urc_rover', 'merge_install': False, 'path': '/home/batman/URC_NAV/src/urc_rover', 'symlink_install': False, 'test_result_base': None}
[0.234s] Level 5:colcon.colcon_core.verb:set package 'rover_motor_controller_cpp' build argument 'cmake_args' from command line to 'None'
[0.234s] Level 5:colcon.colcon_core.verb:set package 'rover_motor_controller_cpp' build argument 'cmake_target' from command line to 'None'
[0.234s] Level 5:colcon.colcon_core.verb:set package 'rover_motor_controller_cpp' build argument 'cmake_target_skip_unavailable' from command line to 'False'
[0.234s] Level 5:colcon.colcon_core.verb:set package 'rover_motor_controller_cpp' build argument 'cmake_clean_cache' from command line to 'False'
[0.234s] Level 5:colcon.colcon_core.verb:set package 'rover_motor_controller_cpp' build argument 'cmake_clean_first' from command line to 'False'
[0.234s] Level 5:colcon.colcon_core.verb:set package 'rover_motor_controller_cpp' build argument 'cmake_force_configure' from command line to 'False'
[0.234s] Level 5:colcon.colcon_core.verb:set package 'rover_motor_controller_cpp' build argument 'ament_cmake_args' from command line to 'None'
[0.234s] Level 5:colcon.colcon_core.verb:set package 'rover_motor_controller_cpp' build argument 'catkin_cmake_args' from command line to 'None'
[0.234s] Level 5:colcon.colcon_core.verb:set package 'rover_motor_controller_cpp' build argument 'catkin_skip_building_tests' from command line to 'False'
[0.234s] DEBUG:colcon.colcon_core.verb:Building package 'rover_motor_controller_cpp' with the following arguments: {'ament_cmake_args': None, 'build_base': '/home/batman/URC_NAV/build/rover_motor_controller_cpp', 'catkin_cmake_args': None, 'catkin_skip_building_tests': False, 'cmake_args': None, 'cmake_clean_cache': False, 'cmake_clean_first': False, 'cmake_force_configure': False, 'cmake_target': None, 'cmake_target_skip_unavailable': False, 'install_base': '/home/batman/URC_NAV/install/rover_motor_controller_cpp', 'merge_install': False, 'path': '/home/batman/URC_NAV/src/rover_motor_controller_cpp', 'symlink_install': False, 'test_result_base': None}
[0.234s] Level 5:colcon.colcon_core.verb:set package 'rover_gazebo' build argument 'cmake_args' from command line to 'None'
[0.234s] Level 5:colcon.colcon_core.verb:set package 'rover_gazebo' build argument 'cmake_target' from command line to 'None'
[0.234s] Level 5:colcon.colcon_core.verb:set package 'rover_gazebo' build argument 'cmake_target_skip_unavailable' from command line to 'False'
[0.234s] Level 5:colcon.colcon_core.verb:set package 'rover_gazebo' build argument 'cmake_clean_cache' from command line to 'False'
[0.234s] Level 5:colcon.colcon_core.verb:set package 'rover_gazebo' build argument 'cmake_clean_first' from command line to 'False'
[0.234s] Level 5:colcon.colcon_core.verb:set package 'rover_gazebo' build argument 'cmake_force_configure' from command line to 'False'
[0.234s] Level 5:colcon.colcon_core.verb:set package 'rover_gazebo' build argument 'ament_cmake_args' from command line to 'None'
[0.234s] Level 5:colcon.colcon_core.verb:set package 'rover_gazebo' build argument 'catkin_cmake_args' from command line to 'None'
[0.234s] Level 5:colcon.colcon_core.verb:set package 'rover_gazebo' build argument 'catkin_skip_building_tests' from command line to 'False'
[0.234s] DEBUG:colcon.colcon_core.verb:Building package 'rover_gazebo' with the following arguments: {'ament_cmake_args': None, 'build_base': '/home/batman/URC_NAV/build/rover_gazebo', 'catkin_cmake_args': None, 'catkin_skip_building_tests': False, 'cmake_args': None, 'cmake_clean_cache': False, 'cmake_clean_first': False, 'cmake_force_configure': False, 'cmake_target': None, 'cmake_target_skip_unavailable': False, 'install_base': '/home/batman/URC_NAV/install/rover_gazebo', 'merge_install': False, 'path': '/home/batman/URC_NAV/src/rover_gazebo', 'symlink_install': False, 'test_result_base': None}
[0.234s] INFO:colcon.colcon_core.executor:Executing jobs using 'parallel' executor
[0.235s] DEBUG:colcon.colcon_parallel_executor.executor.parallel:run_until_complete
[0.235s] INFO:colcon.colcon_ros.task.ament_cmake.build:Building ROS package in '/home/batman/URC_NAV/src/rover_msgs' with build type 'ament_cmake'
[0.235s] INFO:colcon.colcon_cmake.task.cmake.build:Building CMake package in '/home/batman/URC_NAV/src/rover_msgs'
[0.237s] INFO:colcon.colcon_core.plugin_system:Skipping extension 'colcon_core.shell.bat': Not used on non-Windows systems
[0.237s] INFO:colcon.colcon_core.shell:Skip shell extension 'powershell' for command environment: Not usable outside of PowerShell
[0.237s] DEBUG:colcon.colcon_core.shell:Skip shell extension 'dsv' for command environment
[0.240s] INFO:colcon.colcon_ros.task.ament_cmake.build:Building ROS package in '/home/batman/URC_NAV/src/rover_controller' with build type 'ament_cmake'
[0.240s] INFO:colcon.colcon_cmake.task.cmake.build:Building CMake package in '/home/batman/URC_NAV/src/rover_controller'
[0.241s] INFO:colcon.colcon_core.shell:Skip shell extension 'powershell' for command environment: Not usable outside of PowerShell
[0.241s] DEBUG:colcon.colcon_core.shell:Skip shell extension 'dsv' for command environment
[0.246s] INFO:colcon.colcon_ros.task.ament_cmake.build:Building ROS package in '/home/batman/URC_NAV/src/rover_localization' with build type 'ament_cmake'
[0.246s] INFO:colcon.colcon_cmake.task.cmake.build:Building CMake package in '/home/batman/URC_NAV/src/rover_localization'
[0.246s] INFO:colcon.colcon_core.shell:Skip shell extension 'powershell' for command environment: Not usable outside of PowerShell
[0.246s] DEBUG:colcon.colcon_core.shell:Skip shell extension 'dsv' for command environment
[0.249s] INFO:colcon.colcon_ros.task.ament_cmake.build:Building ROS package in '/home/batman/URC_NAV/src/urc_rover' with build type 'ament_cmake'
[0.249s] INFO:colcon.colcon_cmake.task.cmake.build:Building CMake package in '/home/batman/URC_NAV/src/urc_rover'
[0.249s] INFO:colcon.colcon_core.shell:Skip shell extension 'powershell' for command environment: Not usable outside of PowerShell
[0.249s] DEBUG:colcon.colcon_core.shell:Skip shell extension 'dsv' for command environment
[0.256s] DEBUG:colcon.colcon_core.event_handler.log_command:Invoking command in '/home/batman/URC_NAV/build/rover_msgs': CMAKE_PREFIX_PATH=${CMAKE_PREFIX_PATH}:/home/batman/turtlebot3_ws/install/aruco_marker_detection:/home/batman/turtlebot3_ws/install/turtlebot3_teleop:/home/batman/turtlebot3_ws/install/turtlebot3_example:/opt/ros/humble /usr/bin/cmake --build /home/batman/URC_NAV/build/rover_msgs -- -j16 -l16
[0.258s] DEBUG:colcon.colcon_core.event_handler.log_command:Invoking command in '/home/batman/URC_NAV/build/rover_controller': CMAKE_PREFIX_PATH=${CMAKE_PREFIX_PATH}:/home/batman/turtlebot3_ws/install/aruco_marker_detection:/home/batman/turtlebot3_ws/install/turtlebot3_teleop:/home/batman/turtlebot3_ws/install/turtlebot3_example:/opt/ros/humble /usr/bin/cmake --build /home/batman/URC_NAV/build/rover_controller -- -j16 -l16
[0.263s] DEBUG:colcon.colcon_core.event_handler.log_command:Invoking command in '/home/batman/URC_NAV/build/rover_localization': CMAKE_PREFIX_PATH=${CMAKE_PREFIX_PATH}:/home/batman/turtlebot3_ws/install/aruco_marker_detection:/home/batman/turtlebot3_ws/install/turtlebot3_teleop:/home/batman/turtlebot3_ws/install/turtlebot3_example:/opt/ros/humble /usr/bin/cmake --build /home/batman/URC_NAV/build/rover_localization -- -j16 -l16
[0.269s] DEBUG:colcon.colcon_core.event_handler.log_command:Invoking command in '/home/batman/URC_NAV/build/urc_rover': CMAKE_PREFIX_PATH=${CMAKE_PREFIX_PATH}:/home/batman/turtlebot3_ws/install/aruco_marker_detection:/home/batman/turtlebot3_ws/install/turtlebot3_teleop:/home/batman/turtlebot3_ws/install/turtlebot3_example:/opt/ros/humble /usr/bin/cmake --build /home/batman/URC_NAV/build/urc_rover -- -j16 -l16
[0.299s] DEBUG:colcon.colcon_core.event_handler.log_command:Invoked command in '/home/batman/URC_NAV/build/urc_rover' returned '0': CMAKE_PREFIX_PATH=${CMAKE_PREFIX_PATH}:/home/batman/turtlebot3_ws/install/aruco_marker_detection:/home/batman/turtlebot3_ws/install/turtlebot3_teleop:/home/batman/turtlebot3_ws/install/turtlebot3_example:/opt/ros/humble /usr/bin/cmake --build /home/batman/URC_NAV/build/urc_rover -- -j16 -l16
[0.307s] DEBUG:colcon.colcon_core.event_handler.log_command:Invoking command in '/home/batman/URC_NAV/build/urc_rover': CMAKE_PREFIX_PATH=${CMAKE_PREFIX_PATH}:/home/batman/turtlebot3_ws/install/aruco_marker_detection:/home/batman/turtlebot3_ws/install/turtlebot3_teleop:/home/batman/turtlebot3_ws/install/turtlebot3_example:/opt/ros/humble /usr/bin/cmake --install /home/batman/URC_NAV/build/urc_rover
[0.308s] DEBUG:colcon.colcon_core.event_handler.log_command:Invoked command in '/home/batman/URC_NAV/build/rover_localization' returned '0': CMAKE_PREFIX_PATH=${CMAKE_PREFIX_PATH}:/home/batman/turtlebot3_ws/install/aruco_marker_detection:/home/batman/turtlebot3_ws/install/turtlebot3_teleop:/home/batman/turtlebot3_ws/install/turtlebot3_example:/opt/ros/humble /usr/bin/cmake --build /home/batman/URC_NAV/build/rover_localization -- -j16 -l16
[0.309s] DEBUG:colcon.colcon_core.event_handler.log_command:Invoking command in '/home/batman/URC_NAV/build/rover_localization': CMAKE_PREFIX_PATH=${CMAKE_PREFIX_PATH}:/home/batman/turtlebot3_ws/install/aruco_marker_detection:/home/batman/turtlebot3_ws/install/turtlebot3_teleop:/home/batman/turtlebot3_ws/install/turtlebot3_example:/opt/ros/humble /usr/bin/cmake --install /home/batman/URC_NAV/build/rover_localization
[0.314s] Level 1:colcon.colcon_core.environment:create_environment_scripts_only(urc_rover)
[0.318s] DEBUG:colcon.colcon_core.event_handler.log_command:Invoked command in '/home/batman/URC_NAV/build/urc_rover' returned '0': CMAKE_PREFIX_PATH=${CMAKE_PREFIX_PATH}:/home/batman/turtlebot3_ws/install/aruco_marker_detection:/home/batman/turtlebot3_ws/install/turtlebot3_teleop:/home/batman/turtlebot3_ws/install/turtlebot3_example:/opt/ros/humble /usr/bin/cmake --install /home/batman/URC_NAV/build/urc_rover
[0.321s] Level 1:colcon.colcon_core.environment:checking '/home/batman/URC_NAV/install/urc_rover' for CMake module files
[0.321s] Level 1:colcon.colcon_core.environment:checking '/home/batman/URC_NAV/install/urc_rover' for CMake config files
[0.322s] Level 1:colcon.colcon_core.shell:create_environment_hook('urc_rover', 'cmake_prefix_path')
[0.322s] INFO:colcon.colcon_core.shell:Creating environment hook '/home/batman/URC_NAV/install/urc_rover/share/urc_rover/hook/cmake_prefix_path.ps1'
[0.322s] INFO:colcon.colcon_core.shell:Creating environment descriptor '/home/batman/URC_NAV/install/urc_rover/share/urc_rover/hook/cmake_prefix_path.dsv'
[0.323s] INFO:colcon.colcon_core.shell:Creating environment hook '/home/batman/URC_NAV/install/urc_rover/share/urc_rover/hook/cmake_prefix_path.sh'
[0.323s] Level 1:colcon.colcon_core.environment:checking '/home/batman/URC_NAV/install/urc_rover/bin'
[0.323s] Level 1:colcon.colcon_core.environment:checking '/home/batman/URC_NAV/install/urc_rover/lib/pkgconfig/urc_rover.pc'
[0.323s] Level 1:colcon.colcon_core.environment:checking '/home/batman/URC_NAV/install/urc_rover/lib/python3.10/site-packages'
[0.323s] Level 1:colcon.colcon_core.environment:checking '/home/batman/URC_NAV/install/urc_rover/bin'
[0.324s] INFO:colcon.colcon_core.shell:Creating package script '/home/batman/URC_NAV/install/urc_rover/share/urc_rover/package.ps1'
[0.325s] INFO:colcon.colcon_core.shell:Creating package descriptor '/home/batman/URC_NAV/install/urc_rover/share/urc_rover/package.dsv'
[0.325s] INFO:colcon.colcon_core.shell:Creating package script '/home/batman/URC_NAV/install/urc_rover/share/urc_rover/package.sh'
[0.327s] INFO:colcon.colcon_core.shell:Creating package script '/home/batman/URC_NAV/install/urc_rover/share/urc_rover/package.bash'
[0.327s] INFO:colcon.colcon_core.shell:Creating package script '/home/batman/URC_NAV/install/urc_rover/share/urc_rover/package.zsh'
[0.328s] Level 1:colcon.colcon_core.environment:create_file_with_runtime_dependencies(/home/batman/URC_NAV/install/urc_rover/share/colcon-core/packages/urc_rover)
[0.329s] Level 1:colcon.colcon_core.environment:create_environment_scripts_only(urc_rover)
[0.329s] Level 1:colcon.colcon_core.environment:checking '/home/batman/URC_NAV/install/urc_rover' for CMake module files
[0.330s] Level 1:colcon.colcon_core.environment:checking '/home/batman/URC_NAV/install/urc_rover' for CMake config files
[0.330s] Level 1:colcon.colcon_core.shell:create_environment_hook('urc_rover', 'cmake_prefix_path')
[0.330s] INFO:colcon.colcon_core.shell:Creating environment hook '/home/batman/URC_NAV/install/urc_rover/share/urc_rover/hook/cmake_prefix_path.ps1'
[0.331s] INFO:colcon.colcon_core.shell:Creating environment descriptor '/home/batman/URC_NAV/install/urc_rover/share/urc_rover/hook/cmake_prefix_path.dsv'
[0.331s] INFO:colcon.colcon_core.shell:Creating environment hook '/home/batman/URC_NAV/install/urc_rover/share/urc_rover/hook/cmake_prefix_path.sh'
[0.332s] Level 1:colcon.colcon_core.environment:checking '/home/batman/URC_NAV/install/urc_rover/bin'
[0.332s] Level 1:colcon.colcon_core.environment:checking '/home/batman/URC_NAV/install/urc_rover/lib/pkgconfig/urc_rover.pc'
[0.332s] Level 1:colcon.colcon_core.environment:checking '/home/batman/URC_NAV/install/urc_rover/lib/python3.10/site-packages'
[0.332s] Level 1:colcon.colcon_core.environment:checking '/home/batman/URC_NAV/install/urc_rover/bin'
[0.333s] INFO:colcon.colcon_core.shell:Creating package script '/home/batman/URC_NAV/install/urc_rover/share/urc_rover/package.ps1'
[0.333s] INFO:colcon.colcon_core.shell:Creating package descriptor '/home/batman/URC_NAV/install/urc_rover/share/urc_rover/package.dsv'
[0.334s] INFO:colcon.colcon_core.shell:Creating package script '/home/batman/URC_NAV/install/urc_rover/share/urc_rover/package.sh'
[0.334s] INFO:colcon.colcon_core.shell:Creating package script '/home/batman/URC_NAV/install/urc_rover/share/urc_rover/package.bash'
[0.335s] INFO:colcon.colcon_core.shell:Creating package script '/home/batman/URC_NAV/install/urc_rover/share/urc_rover/package.zsh'
[0.336s] Level 1:colcon.colcon_core.environment:create_file_with_runtime_dependencies(/home/batman/URC_NAV/install/urc_rover/share/colcon-core/packages/urc_rover)
[0.337s] Level 1:colcon.colcon_core.environment:create_environment_scripts_only(rover_localization)
[0.337s] Level 1:colcon.colcon_core.environment:checking '/home/batman/URC_NAV/install/rover_localization' for CMake module files
[0.338s] DEBUG:colcon.colcon_core.event_handler.log_command:Invoked command in '/home/batman/URC_NAV/build/rover_localization' returned '0': CMAKE_PREFIX_PATH=${CMAKE_PREFIX_PATH}:/home/batman/turtlebot3_ws/install/aruco_marker_detection:/home/batman/turtlebot3_ws/install/turtlebot3_teleop:/home/batman/turtlebot3_ws/install/turtlebot3_example:/opt/ros/humble /usr/bin/cmake --install /home/batman/URC_NAV/build/rover_localization
[0.338s] Level 1:colcon.colcon_core.environment:checking '/home/batman/URC_NAV/install/rover_localization' for CMake config files
[0.338s] Level 1:colcon.colcon_core.shell:create_environment_hook('rover_localization', 'cmake_prefix_path')
[0.338s] INFO:colcon.colcon_core.shell:Creating environment hook '/home/batman/URC_NAV/install/rover_localization/share/rover_localization/hook/cmake_prefix_path.ps1'
[0.338s] INFO:colcon.colcon_core.shell:Creating environment descriptor '/home/batman/URC_NAV/install/rover_localization/share/rover_localization/hook/cmake_prefix_path.dsv'
[0.339s] INFO:colcon.colcon_core.shell:Creating environment hook '/home/batman/URC_NAV/install/rover_localization/share/rover_localization/hook/cmake_prefix_path.sh'
[0.339s] Level 1:colcon.colcon_core.environment:checking '/home/batman/URC_NAV/install/rover_localization/bin'
[0.339s] Level 1:colcon.colcon_core.environment:checking '/home/batman/URC_NAV/install/rover_localization/lib/pkgconfig/rover_localization.pc'
[0.339s] Level 1:colcon.colcon_core.environment:checking '/home/batman/URC_NAV/install/rover_localization/lib/python3.10/site-packages'
[0.339s] Level 1:colcon.colcon_core.environment:checking '/home/batman/URC_NAV/install/rover_localization/bin'
[0.339s] INFO:colcon.colcon_core.shell:Creating package script '/home/batman/URC_NAV/install/rover_localization/share/rover_localization/package.ps1'
[0.340s] INFO:colcon.colcon_core.shell:Creating package descriptor '/home/batman/URC_NAV/install/rover_localization/share/rover_localization/package.dsv'
[0.340s] INFO:colcon.colcon_core.shell:Creating package script '/home/batman/URC_NAV/install/rover_localization/share/rover_localization/package.sh'
[0.340s] INFO:colcon.colcon_core.shell:Creating package script '/home/batman/URC_NAV/install/rover_localization/share/rover_localization/package.bash'
[0.340s] INFO:colcon.colcon_core.shell:Creating package script '/home/batman/URC_NAV/install/rover_localization/share/rover_localization/package.zsh'
[0.341s] Level 1:colcon.colcon_core.environment:create_file_with_runtime_dependencies(/home/batman/URC_NAV/install/rover_localization/share/colcon-core/packages/rover_localization)
[0.341s] Level 1:colcon.colcon_core.environment:create_environment_scripts_only(rover_localization)
[0.341s] Level 1:colcon.colcon_core.environment:checking '/home/batman/URC_NAV/install/rover_localization' for CMake module files
[0.341s] Level 1:colcon.colcon_core.environment:checking '/home/batman/URC_NAV/install/rover_localization' for CMake config files
[0.341s] Level 1:colcon.colcon_core.shell:create_environment_hook('rover_localization', 'cmake_prefix_path')
[0.341s] INFO:colcon.colcon_core.shell:Creating environment hook '/home/batman/URC_NAV/install/rover_localization/share/rover_localization/hook/cmake_prefix_path.ps1'
[0.342s] INFO:colcon.colcon_core.shell:Creating environment descriptor '/home/batman/URC_NAV/install/rover_localization/share/rover_localization/hook/cmake_prefix_path.dsv'
[0.342s] INFO:colcon.colcon_core.shell:Creating environment hook '/home/batman/URC_NAV/install/rover_localization/share/rover_localization/hook/cmake_prefix_path.sh'
[0.342s] Level 1:colcon.colcon_core.environment:checking '/home/batman/URC_NAV/install/rover_localization/bin'
[0.342s] Level 1:colcon.colcon_core.environment:checking '/home/batman/URC_NAV/install/rover_localization/lib/pkgconfig/rover_localization.pc'
[0.343s] Level 1:colcon.colcon_core.environment:checking '/home/batman/URC_NAV/install/rover_localization/lib/python3.10/site-packages'
[0.343s] Level 1:colcon.colcon_core.environment:checking '/home/batman/URC_NAV/install/rover_localization/bin'
[0.343s] INFO:colcon.colcon_core.shell:Creating package script '/home/batman/URC_NAV/install/rover_localization/share/rover_localization/package.ps1'
[0.343s] INFO:colcon.colcon_core.shell:Creating package descriptor '/home/batman/URC_NAV/install/rover_localization/share/rover_localization/package.dsv'
[0.344s] INFO:colcon.colcon_core.shell:Creating package script '/home/batman/URC_NAV/install/rover_localization/share/rover_localization/package.sh'
[0.344s] INFO:colcon.colcon_core.shell:Creating package script '/home/batman/URC_NAV/install/rover_localization/share/rover_localization/package.bash'
[0.344s] INFO:colcon.colcon_core.shell:Creating package script '/home/batman/URC_NAV/install/rover_localization/share/rover_localization/package.zsh'
[0.345s] Level 1:colcon.colcon_core.environment:create_file_with_runtime_dependencies(/home/batman/URC_NAV/install/rover_localization/share/colcon-core/packages/rover_localization)
[0.507s] DEBUG:colcon.colcon_core.event_handler.log_command:Invoked command in '/home/batman/URC_NAV/build/rover_msgs' returned '0': CMAKE_PREFIX_PATH=${CMAKE_PREFIX_PATH}:/home/batman/turtlebot3_ws/install/aruco_marker_detection:/home/batman/turtlebot3_ws/install/turtlebot3_teleop:/home/batman/turtlebot3_ws/install/turtlebot3_example:/opt/ros/humble /usr/bin/cmake --build /home/batman/URC_NAV/build/rover_msgs -- -j16 -l16
[0.509s] DEBUG:colcon.colcon_core.event_handler.log_command:Invoking command in '/home/batman/URC_NAV/build/rover_msgs': CMAKE_PREFIX_PATH=${CMAKE_PREFIX_PATH}:/home/batman/turtlebot3_ws/install/aruco_marker_detection:/home/batman/turtlebot3_ws/install/turtlebot3_teleop:/home/batman/turtlebot3_ws/install/turtlebot3_example:/opt/ros/humble /usr/bin/cmake --install /home/batman/URC_NAV/build/rover_msgs
[0.545s] Level 1:colcon.colcon_core.environment:create_environment_scripts_only(rover_msgs)
[0.545s] Level 1:colcon.colcon_core.environment:checking '/home/batman/URC_NAV/install/rover_msgs' for CMake module files
[0.546s] DEBUG:colcon.colcon_core.event_handler.log_command:Invoked command in '/home/batman/URC_NAV/build/rover_msgs' returned '0': CMAKE_PREFIX_PATH=${CMAKE_PREFIX_PATH}:/home/batman/turtlebot3_ws/install/aruco_marker_detection:/home/batman/turtlebot3_ws/install/turtlebot3_teleop:/home/batman/turtlebot3_ws/install/turtlebot3_example:/opt/ros/humble /usr/bin/cmake --install /home/batman/URC_NAV/build/rover_msgs
[0.546s] Level 1:colcon.colcon_core.environment:checking '/home/batman/URC_NAV/install/rover_msgs' for CMake config files
[0.546s] Level 1:colcon.colcon_core.shell:create_environment_hook('rover_msgs', 'cmake_prefix_path')
[0.546s] INFO:colcon.colcon_core.shell:Creating environment hook '/home/batman/URC_NAV/install/rover_msgs/share/rover_msgs/hook/cmake_prefix_path.ps1'
[0.546s] INFO:colcon.colcon_core.shell:Creating environment descriptor '/home/batman/URC_NAV/install/rover_msgs/share/rover_msgs/hook/cmake_prefix_path.dsv'
[0.547s] INFO:colcon.colcon_core.shell:Creating environment hook '/home/batman/URC_NAV/install/rover_msgs/share/rover_msgs/hook/cmake_prefix_path.sh'
[0.547s] Level 1:colcon.colcon_core.environment:checking '/home/batman/URC_NAV/install/rover_msgs/lib'
[0.547s] Level 1:colcon.colcon_core.shell:create_environment_hook('rover_msgs', 'ld_library_path_lib')
[0.547s] INFO:colcon.colcon_core.shell:Creating environment hook '/home/batman/URC_NAV/install/rover_msgs/share/rover_msgs/hook/ld_library_path_lib.ps1'
[0.547s] INFO:colcon.colcon_core.shell:Creating environment descriptor '/home/batman/URC_NAV/install/rover_msgs/share/rover_msgs/hook/ld_library_path_lib.dsv'
[0.548s] INFO:colcon.colcon_core.shell:Creating environment hook '/home/batman/URC_NAV/install/rover_msgs/share/rover_msgs/hook/ld_library_path_lib.sh'
[0.548s] Level 1:colcon.colcon_core.environment:checking '/home/batman/URC_NAV/install/rover_msgs/bin'
[0.548s] Level 1:colcon.colcon_core.environment:checking '/home/batman/URC_NAV/install/rover_msgs/lib/pkgconfig/rover_msgs.pc'
[0.548s] Level 1:colcon.colcon_core.environment:checking '/home/batman/URC_NAV/install/rover_msgs/lib/python3.10/site-packages'
[0.548s] Level 1:colcon.colcon_core.environment:checking '/home/batman/URC_NAV/install/rover_msgs/bin'
[0.548s] INFO:colcon.colcon_core.shell:Creating package script '/home/batman/URC_NAV/install/rover_msgs/share/rover_msgs/package.ps1'
[0.549s] INFO:colcon.colcon_core.shell:Creating package descriptor '/home/batman/URC_NAV/install/rover_msgs/share/rover_msgs/package.dsv'
[0.549s] INFO:colcon.colcon_core.shell:Creating package script '/home/batman/URC_NAV/install/rover_msgs/share/rover_msgs/package.sh'
[0.549s] INFO:colcon.colcon_core.shell:Creating package script '/home/batman/URC_NAV/install/rover_msgs/share/rover_msgs/package.bash'
[0.549s] INFO:colcon.colcon_core.shell:Creating package script '/home/batman/URC_NAV/install/rover_msgs/share/rover_msgs/package.zsh'
[0.549s] Level 1:colcon.colcon_core.environment:create_file_with_runtime_dependencies(/home/batman/URC_NAV/install/rover_msgs/share/colcon-core/packages/rover_msgs)
[0.550s] Level 1:colcon.colcon_core.environment:create_environment_scripts_only(rover_msgs)
[0.550s] Level 1:colcon.colcon_core.environment:checking '/home/batman/URC_NAV/install/rover_msgs' for CMake module files
[0.550s] Level 1:colcon.colcon_core.environment:checking '/home/batman/URC_NAV/install/rover_msgs' for CMake config files
[0.550s] Level 1:colcon.colcon_core.shell:create_environment_hook('rover_msgs', 'cmake_prefix_path')
[0.550s] INFO:colcon.colcon_core.shell:Creating environment hook '/home/batman/URC_NAV/install/rover_msgs/share/rover_msgs/hook/cmake_prefix_path.ps1'
[0.551s] INFO:colcon.colcon_core.shell:Creating environment descriptor '/home/batman/URC_NAV/install/rover_msgs/share/rover_msgs/hook/cmake_prefix_path.dsv'
[0.551s] INFO:colcon.colcon_core.shell:Creating environment hook '/home/batman/URC_NAV/install/rover_msgs/share/rover_msgs/hook/cmake_prefix_path.sh'
[0.551s] Level 1:colcon.colcon_core.environment:checking '/home/batman/URC_NAV/install/rover_msgs/lib'
[0.551s] Level 1:colcon.colcon_core.shell:create_environment_hook('rover_msgs', 'ld_library_path_lib')
[0.551s] INFO:colcon.colcon_core.shell:Creating environment hook '/home/batman/URC_NAV/install/rover_msgs/share/rover_msgs/hook/ld_library_path_lib.ps1'
[0.551s] INFO:colcon.colcon_core.shell:Creating environment descriptor '/home/batman/URC_NAV/install/rover_msgs/share/rover_msgs/hook/ld_library_path_lib.dsv'
[0.552s] INFO:colcon.colcon_core.shell:Creating environment hook '/home/batman/URC_NAV/install/rover_msgs/share/rover_msgs/hook/ld_library_path_lib.sh'
[0.552s] Level 1:colcon.colcon_core.environment:checking '/home/batman/URC_NAV/install/rover_msgs/bin'
[0.552s] Level 1:colcon.colcon_core.environment:checking '/home/batman/URC_NAV/install/rover_msgs/lib/pkgconfig/rover_msgs.pc'
[0.552s] Level 1:colcon.colcon_core.environment:checking '/home/batman/URC_NAV/install/rover_msgs/lib/python3.10/site-packages'
[0.552s] Level 1:colcon.colcon_core.environment:checking '/home/batman/URC_NAV/install/rover_msgs/bin'
[0.552s] INFO:colcon.colcon_core.shell:Creating package script '/home/batman/URC_NAV/install/rover_msgs/share/rover_msgs/package.ps1'
[0.553s] INFO:colcon.colcon_core.shell:Creating package descriptor '/home/batman/URC_NAV/install/rover_msgs/share/rover_msgs/package.dsv'
[0.553s] INFO:colcon.colcon_core.shell:Creating package script '/home/batman/URC_NAV/install/rover_msgs/share/rover_msgs/package.sh'
[0.553s] INFO:colcon.colcon_core.shell:Creating package script '/home/batman/URC_NAV/install/rover_msgs/share/rover_msgs/package.bash'
[0.554s] INFO:colcon.colcon_core.shell:Creating package script '/home/batman/URC_NAV/install/rover_msgs/share/rover_msgs/package.zsh'
[0.554s] Level 1:colcon.colcon_core.environment:create_file_with_runtime_dependencies(/home/batman/URC_NAV/install/rover_msgs/share/colcon-core/packages/rover_msgs)
[0.554s] INFO:colcon.colcon_ros.task.ament_cmake.build:Building ROS package in '/home/batman/URC_NAV/src/rover_motor_controller_cpp' with build type 'ament_cmake'
[0.554s] INFO:colcon.colcon_cmake.task.cmake.build:Building CMake package in '/home/batman/URC_NAV/src/rover_motor_controller_cpp'
[0.554s] INFO:colcon.colcon_core.shell:Skip shell extension 'powershell' for command environment: Not usable outside of PowerShell
[0.554s] DEBUG:colcon.colcon_core.shell:Skip shell extension 'dsv' for command environment
[0.563s] DEBUG:colcon.colcon_core.event_handler.log_command:Invoking command in '/home/batman/URC_NAV/build/rover_motor_controller_cpp': CMAKE_PREFIX_PATH=/home/batman/URC_NAV/install/rover_msgs:/home/batman/URC_NAV/install/urc_rover:/home/batman/URC_NAV/install/rover_gazebo:/home/batman/URC_NAV/install/rover_motor_controller_cpp:/home/batman/URC_NAV/install/rover_localization:/home/batman/URC_NAV/install/rover_controller:/home/batman/turtlebot3_ws/install/turtlebot3:/home/batman/turtlebot3_ws/install/turtlebot3_bringup:/home/batman/turtlebot3_ws/install/turtlebot3_node:/home/batman/turtlebot3_ws/install/turtlebot3_navigation2:/home/batman/turtlebot3_ws/install/turtlebot3_msgs:/home/batman/turtlebot3_ws/install/turtlebot3_description:/home/batman/turtlebot3_ws/install/turtlebot3_cartographer:/home/batman/turtlebot3_ws/install/dynamixel_sdk_examples:/home/batman/turtlebot3_ws/install/dynamixel_sdk_custom_interfaces:/home/batman/turtlebot3_ws/install/dynamixel_sdk:/home/batman/turtlebot3_ws/install/aruco_marker_detection:/home/batman/turtlebot3_ws/install/turtlebot3_teleop:/home/batman/turtlebot3_ws/install/turtlebot3_example:/opt/ros/humble LD_LIBRARY_PATH=/home/batman/URC_NAV/install/rover_msgs/lib:/home/batman/turtlebot3_ws/install/turtlebot3_msgs/lib:/home/batman/turtlebot3_ws/install/dynamixel_sdk_custom_interfaces/lib:/home/batman/turtlebot3_ws/install/dynamixel_sdk/lib:/usr/lib/x86_64-linux-gnu/gazebo-11/plugins:/opt/ros/humble/opt/rviz_ogre_vendor/lib:/opt/ros/humble/lib/x86_64-linux-gnu:/opt/ros/humble/lib:/usr/lib/x86_64-linux-gnu/gazebo-11/plugins /usr/bin/cmake --build /home/batman/URC_NAV/build/rover_motor_controller_cpp -- -j16 -l16
[0.627s] DEBUG:colcon.colcon_core.event_handler.log_command:Invoked command in '/home/batman/URC_NAV/build/rover_motor_controller_cpp' returned '0': CMAKE_PREFIX_PATH=/home/batman/URC_NAV/install/rover_msgs:/home/batman/URC_NAV/install/urc_rover:/home/batman/URC_NAV/install/rover_gazebo:/home/batman/URC_NAV/install/rover_motor_controller_cpp:/home/batman/URC_NAV/install/rover_localization:/home/batman/URC_NAV/install/rover_controller:/home/batman/turtlebot3_ws/install/turtlebot3:/home/batman/turtlebot3_ws/install/turtlebot3_bringup:/home/batman/turtlebot3_ws/install/turtlebot3_node:/home/batman/turtlebot3_ws/install/turtlebot3_navigation2:/home/batman/turtlebot3_ws/install/turtlebot3_msgs:/home/batman/turtlebot3_ws/install/turtlebot3_description:/home/batman/turtlebot3_ws/install/turtlebot3_cartographer:/home/batman/turtlebot3_ws/install/dynamixel_sdk_examples:/home/batman/turtlebot3_ws/install/dynamixel_sdk_custom_interfaces:/home/batman/turtlebot3_ws/install/dynamixel_sdk:/home/batman/turtlebot3_ws/install/aruco_marker_detection:/home/batman/turtlebot3_ws/install/turtlebot3_teleop:/home/batman/turtlebot3_ws/install/turtlebot3_example:/opt/ros/humble LD_LIBRARY_PATH=/home/batman/URC_NAV/install/rover_msgs/lib:/home/batman/turtlebot3_ws/install/turtlebot3_msgs/lib:/home/batman/turtlebot3_ws/install/dynamixel_sdk_custom_interfaces/lib:/home/batman/turtlebot3_ws/install/dynamixel_sdk/lib:/usr/lib/x86_64-linux-gnu/gazebo-11/plugins:/opt/ros/humble/opt/rviz_ogre_vendor/lib:/opt/ros/humble/lib/x86_64-linux-gnu:/opt/ros/humble/lib:/usr/lib/x86_64-linux-gnu/gazebo-11/plugins /usr/bin/cmake --build /home/batman/URC_NAV/build/rover_motor_controller_cpp -- -j16 -l16
[0.628s] DEBUG:colcon.colcon_core.event_handler.log_command:Invoking command in '/home/batman/URC_NAV/build/rover_motor_controller_cpp': CMAKE_PREFIX_PATH=/home/batman/URC_NAV/install/rover_msgs:/home/batman/URC_NAV/install/urc_rover:/home/batman/URC_NAV/install/rover_gazebo:/home/batman/URC_NAV/install/rover_motor_controller_cpp:/home/batman/URC_NAV/install/rover_localization:/home/batman/URC_NAV/install/rover_controller:/home/batman/turtlebot3_ws/install/turtlebot3:/home/batman/turtlebot3_ws/install/turtlebot3_bringup:/home/batman/turtlebot3_ws/install/turtlebot3_node:/home/batman/turtlebot3_ws/install/turtlebot3_navigation2:/home/batman/turtlebot3_ws/install/turtlebot3_msgs:/home/batman/turtlebot3_ws/install/turtlebot3_description:/home/batman/turtlebot3_ws/install/turtlebot3_cartographer:/home/batman/turtlebot3_ws/install/dynamixel_sdk_examples:/home/batman/turtlebot3_ws/install/dynamixel_sdk_custom_interfaces:/home/batman/turtlebot3_ws/install/dynamixel_sdk:/home/batman/turtlebot3_ws/install/aruco_marker_detection:/home/batman/turtlebot3_ws/install/turtlebot3_teleop:/home/batman/turtlebot3_ws/install/turtlebot3_example:/opt/ros/humble LD_LIBRARY_PATH=/home/batman/URC_NAV/install/rover_msgs/lib:/home/batman/turtlebot3_ws/install/turtlebot3_msgs/lib:/home/batman/turtlebot3_ws/install/dynamixel_sdk_custom_interfaces/lib:/home/batman/turtlebot3_ws/install/dynamixel_sdk/lib:/usr/lib/x86_64-linux-gnu/gazebo-11/plugins:/opt/ros/humble/opt/rviz_ogre_vendor/lib:/opt/ros/humble/lib/x86_64-linux-gnu:/opt/ros/humble/lib:/usr/lib/x86_64-linux-gnu/gazebo-11/plugins /usr/bin/cmake --install /home/batman/URC_NAV/build/rover_motor_controller_cpp
[0.637s] Level 1:colcon.colcon_core.environment:create_environment_scripts_only(rover_motor_controller_cpp)
[0.637s] Level 1:colcon.colcon_core.environment:checking '/home/batman/URC_NAV/install/rover_motor_controller_cpp' for CMake module files
[0.638s] DEBUG:colcon.colcon_core.event_handler.log_command:Invoked command in '/home/batman/URC_NAV/build/rover_motor_controller_cpp' returned '0': CMAKE_PREFIX_PATH=/home/batman/URC_NAV/install/rover_msgs:/home/batman/URC_NAV/install/urc_rover:/home/batman/URC_NAV/install/rover_gazebo:/home/batman/URC_NAV/install/rover_motor_controller_cpp:/home/batman/URC_NAV/install/rover_localization:/home/batman/URC_NAV/install/rover_controller:/home/batman/turtlebot3_ws/install/turtlebot3:/home/batman/turtlebot3_ws/install/turtlebot3_bringup:/home/batman/turtlebot3_ws/install/turtlebot3_node:/home/batman/turtlebot3_ws/install/turtlebot3_navigation2:/home/batman/turtlebot3_ws/install/turtlebot3_msgs:/home/batman/turtlebot3_ws/install/turtlebot3_description:/home/batman/turtlebot3_ws/install/turtlebot3_cartographer:/home/batman/turtlebot3_ws/install/dynamixel_sdk_examples:/home/batman/turtlebot3_ws/install/dynamixel_sdk_custom_interfaces:/home/batman/turtlebot3_ws/install/dynamixel_sdk:/home/batman/turtlebot3_ws/install/aruco_marker_detection:/home/batman/turtlebot3_ws/install/turtlebot3_teleop:/home/batman/turtlebot3_ws/install/turtlebot3_example:/opt/ros/humble LD_LIBRARY_PATH=/home/batman/URC_NAV/install/rover_msgs/lib:/home/batman/turtlebot3_ws/install/turtlebot3_msgs/lib:/home/batman/turtlebot3_ws/install/dynamixel_sdk_custom_interfaces/lib:/home/batman/turtlebot3_ws/install/dynamixel_sdk/lib:/usr/lib/x86_64-linux-gnu/gazebo-11/plugins:/opt/ros/humble/opt/rviz_ogre_vendor/lib:/opt/ros/humble/lib/x86_64-linux-gnu:/opt/ros/humble/lib:/usr/lib/x86_64-linux-gnu/gazebo-11/plugins /usr/bin/cmake --install /home/batman/URC_NAV/build/rover_motor_controller_cpp
[0.638s] Level 1:colcon.colcon_core.environment:checking '/home/batman/URC_NAV/install/rover_motor_controller_cpp' for CMake config files
[0.638s] Level 1:colcon.colcon_core.shell:create_environment_hook('rover_motor_controller_cpp', 'cmake_prefix_path')
[0.638s] INFO:colcon.colcon_core.shell:Creating environment hook '/home/batman/URC_NAV/install/rover_motor_controller_cpp/share/rover_motor_controller_cpp/hook/cmake_prefix_path.ps1'
[0.638s] INFO:colcon.colcon_core.shell:Creating environment descriptor '/home/batman/URC_NAV/install/rover_motor_controller_cpp/share/rover_motor_controller_cpp/hook/cmake_prefix_path.dsv'
[0.638s] INFO:colcon.colcon_core.shell:Creating environment hook '/home/batman/URC_NAV/install/rover_motor_controller_cpp/share/rover_motor_controller_cpp/hook/cmake_prefix_path.sh'
[0.639s] Level 1:colcon.colcon_core.environment:checking '/home/batman/URC_NAV/install/rover_motor_controller_cpp/lib'
[0.639s] Level 1:colcon.colcon_core.environment:checking '/home/batman/URC_NAV/install/rover_motor_controller_cpp/bin'
[0.639s] Level 1:colcon.colcon_core.environment:checking '/home/batman/URC_NAV/install/rover_motor_controller_cpp/lib/pkgconfig/rover_motor_controller_cpp.pc'
[0.639s] Level 1:colcon.colcon_core.environment:checking '/home/batman/URC_NAV/install/rover_motor_controller_cpp/lib/python3.10/site-packages'
[0.639s] Level 1:colcon.colcon_core.environment:checking '/home/batman/URC_NAV/install/rover_motor_controller_cpp/bin'
[0.639s] INFO:colcon.colcon_core.shell:Creating package script '/home/batman/URC_NAV/install/rover_motor_controller_cpp/share/rover_motor_controller_cpp/package.ps1'
[0.639s] INFO:colcon.colcon_core.shell:Creating package descriptor '/home/batman/URC_NAV/install/rover_motor_controller_cpp/share/rover_motor_controller_cpp/package.dsv'
[0.640s] INFO:colcon.colcon_core.shell:Creating package script '/home/batman/URC_NAV/install/rover_motor_controller_cpp/share/rover_motor_controller_cpp/package.sh'
[0.640s] INFO:colcon.colcon_core.shell:Creating package script '/home/batman/URC_NAV/install/rover_motor_controller_cpp/share/rover_motor_controller_cpp/package.bash'
[0.640s] INFO:colcon.colcon_core.shell:Creating package script '/home/batman/URC_NAV/install/rover_motor_controller_cpp/share/rover_motor_controller_cpp/package.zsh'
[0.640s] Level 1:colcon.colcon_core.environment:create_file_with_runtime_dependencies(/home/batman/URC_NAV/install/rover_motor_controller_cpp/share/colcon-core/packages/rover_motor_controller_cpp)
[0.641s] Level 1:colcon.colcon_core.environment:create_environment_scripts_only(rover_motor_controller_cpp)
[0.641s] Level 1:colcon.colcon_core.environment:checking '/home/batman/URC_NAV/install/rover_motor_controller_cpp' for CMake module files
[0.641s] Level 1:colcon.colcon_core.environment:checking '/home/batman/URC_NAV/install/rover_motor_controller_cpp' for CMake config files
[0.641s] Level 1:colcon.colcon_core.shell:create_environment_hook('rover_motor_controller_cpp', 'cmake_prefix_path')
[0.641s] INFO:colcon.colcon_core.shell:Creating environment hook '/home/batman/URC_NAV/install/rover_motor_controller_cpp/share/rover_motor_controller_cpp/hook/cmake_prefix_path.ps1'
[0.641s] INFO:colcon.colcon_core.shell:Creating environment descriptor '/home/batman/URC_NAV/install/rover_motor_controller_cpp/share/rover_motor_controller_cpp/hook/cmake_prefix_path.dsv'
[0.642s] INFO:colcon.colcon_core.shell:Creating environment hook '/home/batman/URC_NAV/install/rover_motor_controller_cpp/share/rover_motor_controller_cpp/hook/cmake_prefix_path.sh'
[0.642s] Level 1:colcon.colcon_core.environment:checking '/home/batman/URC_NAV/install/rover_motor_controller_cpp/lib'
[0.642s] Level 1:colcon.colcon_core.environment:checking '/home/batman/URC_NAV/install/rover_motor_controller_cpp/bin'
[0.642s] Level 1:colcon.colcon_core.environment:checking '/home/batman/URC_NAV/install/rover_motor_controller_cpp/lib/pkgconfig/rover_motor_controller_cpp.pc'
[0.642s] Level 1:colcon.colcon_core.environment:checking '/home/batman/URC_NAV/install/rover_motor_controller_cpp/lib/python3.10/site-packages'
[0.642s] Level 1:colcon.colcon_core.environment:checking '/home/batman/URC_NAV/install/rover_motor_controller_cpp/bin'
[0.642s] INFO:colcon.colcon_core.shell:Creating package script '/home/batman/URC_NAV/install/rover_motor_controller_cpp/share/rover_motor_controller_cpp/package.ps1'
[0.643s] INFO:colcon.colcon_core.shell:Creating package descriptor '/home/batman/URC_NAV/install/rover_motor_controller_cpp/share/rover_motor_controller_cpp/package.dsv'
[0.643s] INFO:colcon.colcon_core.shell:Creating package script '/home/batman/URC_NAV/install/rover_motor_controller_cpp/share/rover_motor_controller_cpp/package.sh'
[0.643s] INFO:colcon.colcon_core.shell:Creating package script '/home/batman/URC_NAV/install/rover_motor_controller_cpp/share/rover_motor_controller_cpp/package.bash'
[0.643s] INFO:colcon.colcon_core.shell:Creating package script '/home/batman/URC_NAV/install/rover_motor_controller_cpp/share/rover_motor_controller_cpp/package.zsh'
[0.644s] Level 1:colcon.colcon_core.environment:create_file_with_runtime_dependencies(/home/batman/URC_NAV/install/rover_motor_controller_cpp/share/colcon-core/packages/rover_motor_controller_cpp)
[0.644s] INFO:colcon.colcon_ros.task.ament_cmake.build:Building ROS package in '/home/batman/URC_NAV/src/rover_gazebo' with build type 'ament_cmake'
[0.644s] INFO:colcon.colcon_cmake.task.cmake.build:Building CMake package in '/home/batman/URC_NAV/src/rover_gazebo'
[0.644s] INFO:colcon.colcon_core.shell:Skip shell extension 'powershell' for command environment: Not usable outside of PowerShell
[0.644s] DEBUG:colcon.colcon_core.shell:Skip shell extension 'dsv' for command environment
[0.653s] DEBUG:colcon.colcon_core.event_handler.log_command:Invoking command in '/home/batman/URC_NAV/build/rover_gazebo': CMAKE_PREFIX_PATH=/home/batman/URC_NAV/install/rover_motor_controller_cpp:/home/batman/URC_NAV/install/rover_msgs:/home/batman/URC_NAV/install/urc_rover:/home/batman/URC_NAV/install/rover_gazebo:/home/batman/URC_NAV/install/rover_localization:/home/batman/URC_NAV/install/rover_controller:/home/batman/turtlebot3_ws/install/turtlebot3:/home/batman/turtlebot3_ws/install/turtlebot3_bringup:/home/batman/turtlebot3_ws/install/turtlebot3_node:/home/batman/turtlebot3_ws/install/turtlebot3_navigation2:/home/batman/turtlebot3_ws/install/turtlebot3_msgs:/home/batman/turtlebot3_ws/install/turtlebot3_description:/home/batman/turtlebot3_ws/install/turtlebot3_cartographer:/home/batman/turtlebot3_ws/install/dynamixel_sdk_examples:/home/batman/turtlebot3_ws/install/dynamixel_sdk_custom_interfaces:/home/batman/turtlebot3_ws/install/dynamixel_sdk:/home/batman/turtlebot3_ws/install/aruco_marker_detection:/home/batman/turtlebot3_ws/install/turtlebot3_teleop:/home/batman/turtlebot3_ws/install/turtlebot3_example:/opt/ros/humble LD_LIBRARY_PATH=/home/batman/URC_NAV/install/rover_msgs/lib:/home/batman/turtlebot3_ws/install/turtlebot3_msgs/lib:/home/batman/turtlebot3_ws/install/dynamixel_sdk_custom_interfaces/lib:/home/batman/turtlebot3_ws/install/dynamixel_sdk/lib:/usr/lib/x86_64-linux-gnu/gazebo-11/plugins:/opt/ros/humble/opt/rviz_ogre_vendor/lib:/opt/ros/humble/lib/x86_64-linux-gnu:/opt/ros/humble/lib:/usr/lib/x86_64-linux-gnu/gazebo-11/plugins /usr/bin/cmake --build /home/batman/URC_NAV/build/rover_gazebo -- -j16 -l16
[0.712s] DEBUG:colcon.colcon_core.event_handler.log_command:Invoked command in '/home/batman/URC_NAV/build/rover_gazebo' returned '0': CMAKE_PREFIX_PATH=/home/batman/URC_NAV/install/rover_motor_controller_cpp:/home/batman/URC_NAV/install/rover_msgs:/home/batman/URC_NAV/install/urc_rover:/home/batman/URC_NAV/install/rover_gazebo:/home/batman/URC_NAV/install/rover_localization:/home/batman/URC_NAV/install/rover_controller:/home/batman/turtlebot3_ws/install/turtlebot3:/home/batman/turtlebot3_ws/install/turtlebot3_bringup:/home/batman/turtlebot3_ws/install/turtlebot3_node:/home/batman/turtlebot3_ws/install/turtlebot3_navigation2:/home/batman/turtlebot3_ws/install/turtlebot3_msgs:/home/batman/turtlebot3_ws/install/turtlebot3_description:/home/batman/turtlebot3_ws/install/turtlebot3_cartographer:/home/batman/turtlebot3_ws/install/dynamixel_sdk_examples:/home/batman/turtlebot3_ws/install/dynamixel_sdk_custom_interfaces:/home/batman/turtlebot3_ws/install/dynamixel_sdk:/home/batman/turtlebot3_ws/install/aruco_marker_detection:/home/batman/turtlebot3_ws/install/turtlebot3_teleop:/home/batman/turtlebot3_ws/install/turtlebot3_example:/opt/ros/humble LD_LIBRARY_PATH=/home/batman/URC_NAV/install/rover_msgs/lib:/home/batman/turtlebot3_ws/install/turtlebot3_msgs/lib:/home/batman/turtlebot3_ws/install/dynamixel_sdk_custom_interfaces/lib:/home/batman/turtlebot3_ws/install/dynamixel_sdk/lib:/usr/lib/x86_64-linux-gnu/gazebo-11/plugins:/opt/ros/humble/opt/rviz_ogre_vendor/lib:/opt/ros/humble/lib/x86_64-linux-gnu:/opt/ros/humble/lib:/usr/lib/x86_64-linux-gnu/gazebo-11/plugins /usr/bin/cmake --build /home/batman/URC_NAV/build/rover_gazebo -- -j16 -l16
[0.714s] DEBUG:colcon.colcon_core.event_handler.log_command:Invoking command in '/home/batman/URC_NAV/build/rover_gazebo': CMAKE_PREFIX_PATH=/home/batman/URC_NAV/install/rover_motor_controller_cpp:/home/batman/URC_NAV/install/rover_msgs:/home/batman/URC_NAV/install/urc_rover:/home/batman/URC_NAV/install/rover_gazebo:/home/batman/URC_NAV/install/rover_localization:/home/batman/URC_NAV/install/rover_controller:/home/batman/turtlebot3_ws/install/turtlebot3:/home/batman/turtlebot3_ws/install/turtlebot3_bringup:/home/batman/turtlebot3_ws/install/turtlebot3_node:/home/batman/turtlebot3_ws/install/turtlebot3_navigation2:/home/batman/turtlebot3_ws/install/turtlebot3_msgs:/home/batman/turtlebot3_ws/install/turtlebot3_description:/home/batman/turtlebot3_ws/install/turtlebot3_cartographer:/home/batman/turtlebot3_ws/install/dynamixel_sdk_examples:/home/batman/turtlebot3_ws/install/dynamixel_sdk_custom_interfaces:/home/batman/turtlebot3_ws/install/dynamixel_sdk:/home/batman/turtlebot3_ws/install/aruco_marker_detection:/home/batman/turtlebot3_ws/install/turtlebot3_teleop:/home/batman/turtlebot3_ws/install/turtlebot3_example:/opt/ros/humble LD_LIBRARY_PATH=/home/batman/URC_NAV/install/rover_msgs/lib:/home/batman/turtlebot3_ws/install/turtlebot3_msgs/lib:/home/batman/turtlebot3_ws/install/dynamixel_sdk_custom_interfaces/lib:/home/batman/turtlebot3_ws/install/dynamixel_sdk/lib:/usr/lib/x86_64-linux-gnu/gazebo-11/plugins:/opt/ros/humble/opt/rviz_ogre_vendor/lib:/opt/ros/humble/lib/x86_64-linux-gnu:/opt/ros/humble/lib:/usr/lib/x86_64-linux-gnu/gazebo-11/plugins /usr/bin/cmake --install /home/batman/URC_NAV/build/rover_gazebo
[0.729s] Level 1:colcon.colcon_core.environment:create_environment_scripts_only(rover_gazebo)
[0.729s] Level 1:colcon.colcon_core.environment:checking '/home/batman/URC_NAV/install/rover_gazebo' for CMake module files
[0.731s] Level 1:colcon.colcon_core.environment:checking '/home/batman/URC_NAV/install/rover_gazebo' for CMake config files
[0.735s] Level 1:colcon.colcon_core.shell:create_environment_hook('rover_gazebo', 'cmake_prefix_path')
[0.735s] INFO:colcon.colcon_core.shell:Creating environment hook '/home/batman/URC_NAV/install/rover_gazebo/share/rover_gazebo/hook/cmake_prefix_path.ps1'
[0.736s] INFO:colcon.colcon_core.shell:Creating environment descriptor '/home/batman/URC_NAV/install/rover_gazebo/share/rover_gazebo/hook/cmake_prefix_path.dsv'
[0.736s] INFO:colcon.colcon_core.shell:Creating environment hook '/home/batman/URC_NAV/install/rover_gazebo/share/rover_gazebo/hook/cmake_prefix_path.sh'
[0.739s] Level 1:colcon.colcon_core.environment:checking '/home/batman/URC_NAV/install/rover_gazebo/lib'
[0.740s] Level 1:colcon.colcon_core.environment:checking '/home/batman/URC_NAV/install/rover_gazebo/bin'
[0.740s] Level 1:colcon.colcon_core.environment:checking '/home/batman/URC_NAV/install/rover_gazebo/lib/pkgconfig/rover_gazebo.pc'
[0.740s] Level 1:colcon.colcon_core.environment:checking '/home/batman/URC_NAV/install/rover_gazebo/lib/python3.10/site-packages'
[0.741s] Level 1:colcon.colcon_core.environment:checking '/home/batman/URC_NAV/install/rover_gazebo/bin'
[0.741s] INFO:colcon.colcon_core.shell:Creating package script '/home/batman/URC_NAV/install/rover_gazebo/share/rover_gazebo/package.ps1'
[0.742s] DEBUG:colcon.colcon_core.event_handler.log_command:Invoked command in '/home/batman/URC_NAV/build/rover_gazebo' returned '0': CMAKE_PREFIX_PATH=/home/batman/URC_NAV/install/rover_motor_controller_cpp:/home/batman/URC_NAV/install/rover_msgs:/home/batman/URC_NAV/install/urc_rover:/home/batman/URC_NAV/install/rover_gazebo:/home/batman/URC_NAV/install/rover_localization:/home/batman/URC_NAV/install/rover_controller:/home/batman/turtlebot3_ws/install/turtlebot3:/home/batman/turtlebot3_ws/install/turtlebot3_bringup:/home/batman/turtlebot3_ws/install/turtlebot3_node:/home/batman/turtlebot3_ws/install/turtlebot3_navigation2:/home/batman/turtlebot3_ws/install/turtlebot3_msgs:/home/batman/turtlebot3_ws/install/turtlebot3_description:/home/batman/turtlebot3_ws/install/turtlebot3_cartographer:/home/batman/turtlebot3_ws/install/dynamixel_sdk_examples:/home/batman/turtlebot3_ws/install/dynamixel_sdk_custom_interfaces:/home/batman/turtlebot3_ws/install/dynamixel_sdk:/home/batman/turtlebot3_ws/install/aruco_marker_detection:/home/batman/turtlebot3_ws/install/turtlebot3_teleop:/home/batman/turtlebot3_ws/install/turtlebot3_example:/opt/ros/humble LD_LIBRARY_PATH=/home/batman/URC_NAV/install/rover_msgs/lib:/home/batman/turtlebot3_ws/install/turtlebot3_msgs/lib:/home/batman/turtlebot3_ws/install/dynamixel_sdk_custom_interfaces/lib:/home/batman/turtlebot3_ws/install/dynamixel_sdk/lib:/usr/lib/x86_64-linux-gnu/gazebo-11/plugins:/opt/ros/humble/opt/rviz_ogre_vendor/lib:/opt/ros/humble/lib/x86_64-linux-gnu:/opt/ros/humble/lib:/usr/lib/x86_64-linux-gnu/gazebo-11/plugins /usr/bin/cmake --install /home/batman/URC_NAV/build/rover_gazebo
[0.743s] INFO:colcon.colcon_core.shell:Creating package descriptor '/home/batman/URC_NAV/install/rover_gazebo/share/rover_gazebo/package.dsv'
[0.743s] INFO:colcon.colcon_core.shell:Creating package script '/home/batman/URC_NAV/install/rover_gazebo/share/rover_gazebo/package.sh'
[0.744s] INFO:colcon.colcon_core.shell:Creating package script '/home/batman/URC_NAV/install/rover_gazebo/share/rover_gazebo/package.bash'
[0.744s] INFO:colcon.colcon_core.shell:Creating package script '/home/batman/URC_NAV/install/rover_gazebo/share/rover_gazebo/package.zsh'
[0.744s] Level 1:colcon.colcon_core.environment:create_file_with_runtime_dependencies(/home/batman/URC_NAV/install/rover_gazebo/share/colcon-core/packages/rover_gazebo)
[0.745s] Level 1:colcon.colcon_core.environment:create_environment_scripts_only(rover_gazebo)
[0.746s] Level 1:colcon.colcon_core.environment:checking '/home/batman/URC_NAV/install/rover_gazebo' for CMake module files
[0.746s] Level 1:colcon.colcon_core.environment:checking '/home/batman/URC_NAV/install/rover_gazebo' for CMake config files
[0.747s] Level 1:colcon.colcon_core.shell:create_environment_hook('rover_gazebo', 'cmake_prefix_path')
[0.747s] INFO:colcon.colcon_core.shell:Creating environment hook '/home/batman/URC_NAV/install/rover_gazebo/share/rover_gazebo/hook/cmake_prefix_path.ps1'
[0.748s] INFO:colcon.colcon_core.shell:Creating environment descriptor '/home/batman/URC_NAV/install/rover_gazebo/share/rover_gazebo/hook/cmake_prefix_path.dsv'
[0.748s] INFO:colcon.colcon_core.shell:Creating environment hook '/home/batman/URC_NAV/install/rover_gazebo/share/rover_gazebo/hook/cmake_prefix_path.sh'
[0.749s] Level 1:colcon.colcon_core.environment:checking '/home/batman/URC_NAV/install/rover_gazebo/lib'
[0.749s] Level 1:colcon.colcon_core.environment:checking '/home/batman/URC_NAV/install/rover_gazebo/bin'
[0.749s] Level 1:colcon.colcon_core.environment:checking '/home/batman/URC_NAV/install/rover_gazebo/lib/pkgconfig/rover_gazebo.pc'
[0.750s] Level 1:colcon.colcon_core.environment:checking '/home/batman/URC_NAV/install/rover_gazebo/lib/python3.10/site-packages'
[0.750s] Level 1:colcon.colcon_core.environment:checking '/home/batman/URC_NAV/install/rover_gazebo/bin'
[0.750s] INFO:colcon.colcon_core.shell:Creating package script '/home/batman/URC_NAV/install/rover_gazebo/share/rover_gazebo/package.ps1'
[0.751s] INFO:colcon.colcon_core.shell:Creating package descriptor '/home/batman/URC_NAV/install/rover_gazebo/share/rover_gazebo/package.dsv'
[0.751s] INFO:colcon.colcon_core.shell:Creating package script '/home/batman/URC_NAV/install/rover_gazebo/share/rover_gazebo/package.sh'
[0.752s] INFO:colcon.colcon_core.shell:Creating package script '/home/batman/URC_NAV/install/rover_gazebo/share/rover_gazebo/package.bash'
[0.753s] INFO:colcon.colcon_core.shell:Creating package script '/home/batman/URC_NAV/install/rover_gazebo/share/rover_gazebo/package.zsh'
[0.753s] Level 1:colcon.colcon_core.environment:create_file_with_runtime_dependencies(/home/batman/URC_NAV/install/rover_gazebo/share/colcon-core/packages/rover_gazebo)
[7.967s] DEBUG:colcon.colcon_core.event_handler.log_command:Invoked command in '/home/batman/URC_NAV/build/rover_controller' returned '0': CMAKE_PREFIX_PATH=${CMAKE_PREFIX_PATH}:/home/batman/turtlebot3_ws/install/aruco_marker_detection:/home/batman/turtlebot3_ws/install/turtlebot3_teleop:/home/batman/turtlebot3_ws/install/turtlebot3_example:/opt/ros/humble /usr/bin/cmake --build /home/batman/URC_NAV/build/rover_controller -- -j16 -l16
[7.968s] DEBUG:colcon.colcon_core.event_handler.log_command:Invoking command in '/home/batman/URC_NAV/build/rover_controller': CMAKE_PREFIX_PATH=${CMAKE_PREFIX_PATH}:/home/batman/turtlebot3_ws/install/aruco_marker_detection:/home/batman/turtlebot3_ws/install/turtlebot3_teleop:/home/batman/turtlebot3_ws/install/turtlebot3_example:/opt/ros/humble /usr/bin/cmake --install /home/batman/URC_NAV/build/rover_controller
[7.980s] Level 1:colcon.colcon_core.environment:create_environment_scripts_only(rover_controller)
[7.980s] Level 1:colcon.colcon_core.environment:checking '/home/batman/URC_NAV/install/rover_controller' for CMake module files
[7.980s] DEBUG:colcon.colcon_core.event_handler.log_command:Invoked command in '/home/batman/URC_NAV/build/rover_controller' returned '0': CMAKE_PREFIX_PATH=${CMAKE_PREFIX_PATH}:/home/batman/turtlebot3_ws/install/aruco_marker_detection:/home/batman/turtlebot3_ws/install/turtlebot3_teleop:/home/batman/turtlebot3_ws/install/turtlebot3_example:/opt/ros/humble /usr/bin/cmake --install /home/batman/URC_NAV/build/rover_controller
[7.981s] Level 1:colcon.colcon_core.environment:checking '/home/batman/URC_NAV/install/rover_controller' for CMake config files
[7.981s] Level 1:colcon.colcon_core.shell:create_environment_hook('rover_controller', 'cmake_prefix_path')
[7.981s] INFO:colcon.colcon_core.shell:Creating environment hook '/home/batman/URC_NAV/install/rover_controller/share/rover_controller/hook/cmake_prefix_path.ps1'
[7.982s] INFO:colcon.colcon_core.shell:Creating environment descriptor '/home/batman/URC_NAV/install/rover_controller/share/rover_controller/hook/cmake_prefix_path.dsv'
[7.982s] INFO:colcon.colcon_core.shell:Creating environment hook '/home/batman/URC_NAV/install/rover_controller/share/rover_controller/hook/cmake_prefix_path.sh'
[7.982s] Level 1:colcon.colcon_core.environment:checking '/home/batman/URC_NAV/install/rover_controller/lib'
[7.982s] Level 1:colcon.colcon_core.environment:checking '/home/batman/URC_NAV/install/rover_controller/bin'
[7.983s] Level 1:colcon.colcon_core.environment:checking '/home/batman/URC_NAV/install/rover_controller/lib/pkgconfig/rover_controller.pc'
[7.983s] Level 1:colcon.colcon_core.environment:checking '/home/batman/URC_NAV/install/rover_controller/lib/python3.10/site-packages'
[7.983s] Level 1:colcon.colcon_core.environment:checking '/home/batman/URC_NAV/install/rover_controller/bin'
[7.983s] INFO:colcon.colcon_core.shell:Creating package script '/home/batman/URC_NAV/install/rover_controller/share/rover_controller/package.ps1'
[7.983s] INFO:colcon.colcon_core.shell:Creating package descriptor '/home/batman/URC_NAV/install/rover_controller/share/rover_controller/package.dsv'
[7.984s] INFO:colcon.colcon_core.shell:Creating package script '/home/batman/URC_NAV/install/rover_controller/share/rover_controller/package.sh'
[7.984s] INFO:colcon.colcon_core.shell:Creating package script '/home/batman/URC_NAV/install/rover_controller/share/rover_controller/package.bash'
[7.984s] INFO:colcon.colcon_core.shell:Creating package script '/home/batman/URC_NAV/install/rover_controller/share/rover_controller/package.zsh'
[7.984s] Level 1:colcon.colcon_core.environment:create_file_with_runtime_dependencies(/home/batman/URC_NAV/install/rover_controller/share/colcon-core/packages/rover_controller)
[7.984s] Level 1:colcon.colcon_core.environment:create_environment_scripts_only(rover_controller)
[7.985s] Level 1:colcon.colcon_core.environment:checking '/home/batman/URC_NAV/install/rover_controller' for CMake module files
[7.985s] Level 1:colcon.colcon_core.environment:checking '/home/batman/URC_NAV/install/rover_controller' for CMake config files
[7.985s] Level 1:colcon.colcon_core.shell:create_environment_hook('rover_controller', 'cmake_prefix_path')
[7.985s] INFO:colcon.colcon_core.shell:Creating environment hook '/home/batman/URC_NAV/install/rover_controller/share/rover_controller/hook/cmake_prefix_path.ps1'
[7.985s] INFO:colcon.colcon_core.shell:Creating environment descriptor '/home/batman/URC_NAV/install/rover_controller/share/rover_controller/hook/cmake_prefix_path.dsv'
[7.985s] INFO:colcon.colcon_core.shell:Creating environment hook '/home/batman/URC_NAV/install/rover_controller/share/rover_controller/hook/cmake_prefix_path.sh'
[7.986s] Level 1:colcon.colcon_core.environment:checking '/home/batman/URC_NAV/install/rover_controller/lib'
[7.986s] Level 1:colcon.colcon_core.environment:checking '/home/batman/URC_NAV/install/rover_controller/bin'
[7.986s] Level 1:colcon.colcon_core.environment:checking '/home/batman/URC_NAV/install/rover_controller/lib/pkgconfig/rover_controller.pc'
[7.986s] Level 1:colcon.colcon_core.environment:checking '/home/batman/URC_NAV/install/rover_controller/lib/python3.10/site-packages'
[7.986s] Level 1:colcon.colcon_core.environment:checking '/home/batman/URC_NAV/install/rover_controller/bin'
[7.986s] INFO:colcon.colcon_core.shell:Creating package script '/home/batman/URC_NAV/install/rover_controller/share/rover_controller/package.ps1'
[7.986s] INFO:colcon.colcon_core.shell:Creating package descriptor '/home/batman/URC_NAV/install/rover_controller/share/rover_controller/package.dsv'
[7.987s] INFO:colcon.colcon_core.shell:Creating package script '/home/batman/URC_NAV/install/rover_controller/share/rover_controller/package.sh'
[7.987s] INFO:colcon.colcon_core.shell:Creating package script '/home/batman/URC_NAV/install/rover_controller/share/rover_controller/package.bash'
[7.987s] INFO:colcon.colcon_core.shell:Creating package script '/home/batman/URC_NAV/install/rover_controller/share/rover_controller/package.zsh'
[7.987s] Level 1:colcon.colcon_core.environment:create_file_with_runtime_dependencies(/home/batman/URC_NAV/install/rover_controller/share/colcon-core/packages/rover_controller)
[7.987s] DEBUG:colcon.colcon_parallel_executor.executor.parallel:closing loop
[7.988s] DEBUG:colcon.colcon_parallel_executor.executor.parallel:loop closed
[7.988s] DEBUG:colcon.colcon_parallel_executor.executor.parallel:run_until_complete finished with '0'
[7.988s] DEBUG:colcon.colcon_core.event_reactor:joining thread
[7.991s] INFO:colcon.colcon_core.plugin_system:Skipping extension 'colcon_notification.desktop_notification.terminal_notifier': Not used on non-Darwin systems
[7.991s] INFO:colcon.colcon_core.plugin_system:Skipping extension 'colcon_notification.desktop_notification.win32': Not used on non-Windows systems
[7.991s] INFO:colcon.colcon_notification.desktop_notification:Sending desktop notification using 'notify2'
[8.001s] DEBUG:colcon.colcon_core.event_reactor:joined thread
[8.001s] INFO:colcon.colcon_core.shell:Creating prefix script '/home/batman/URC_NAV/install/local_setup.ps1'
[8.002s] INFO:colcon.colcon_core.shell:Creating prefix util module '/home/batman/URC_NAV/install/_local_setup_util_ps1.py'
[8.002s] INFO:colcon.colcon_core.shell:Creating prefix chain script '/home/batman/URC_NAV/install/setup.ps1'
[8.003s] INFO:colcon.colcon_core.shell:Creating prefix script '/home/batman/URC_NAV/install/local_setup.sh'
[8.004s] INFO:colcon.colcon_core.shell:Creating prefix util module '/home/batman/URC_NAV/install/_local_setup_util_sh.py'
[8.004s] INFO:colcon.colcon_core.shell:Creating prefix chain script '/home/batman/URC_NAV/install/setup.sh'
[8.005s] INFO:colcon.colcon_core.shell:Creating prefix script '/home/batman/URC_NAV/install/local_setup.bash'
[8.005s] INFO:colcon.colcon_core.shell:Creating prefix chain script '/home/batman/URC_NAV/install/setup.bash'
[8.006s] INFO:colcon.colcon_core.shell:Creating prefix script '/home/batman/URC_NAV/install/local_setup.zsh'
[8.006s] INFO:colcon.colcon_core.shell:Creating prefix chain script '/home/batman/URC_NAV/install/setup.zsh'
