[0.019s] Invoking command in '/home/batman/URC_NAV/build/urc_rover': CMAKE_PREFIX_PATH=${CMAKE_PREFIX_PATH}:/home/batman/turtlebot3_ws/install/aruco_marker_detection:/home/batman/turtlebot3_ws/install/turtlebot3_teleop:/home/batman/turtlebot3_ws/install/turtlebot3_example:/opt/ros/humble /usr/bin/cmake --build /home/batman/URC_NAV/build/urc_rover -- -j16 -l16
[0.049s] Invoked command in '/home/batman/URC_NAV/build/urc_rover' returned '0': CMAKE_PREFIX_PATH=${CMAKE_PREFIX_PATH}:/home/batman/turtlebot3_ws/install/aruco_marker_detection:/home/batman/turtlebot3_ws/install/turtlebot3_teleop:/home/batman/turtlebot3_ws/install/turtlebot3_example:/opt/ros/humble /usr/bin/cmake --build /home/batman/URC_NAV/build/urc_rover -- -j16 -l16
[0.057s] Invoking command in '/home/batman/URC_NAV/build/urc_rover': CMAKE_PREFIX_PATH=${CMAKE_PREFIX_PATH}:/home/batman/turtlebot3_ws/install/aruco_marker_detection:/home/batman/turtlebot3_ws/install/turtlebot3_teleop:/home/batman/turtlebot3_ws/install/turtlebot3_example:/opt/ros/humble /usr/bin/cmake --install /home/batman/URC_NAV/build/urc_rover
[0.062s] -- Install configuration: ""
[0.062s] -- Up-to-date: /home/batman/URC_NAV/install/urc_rover/share/urc_rover/config
[0.062s] -- Up-to-date: /home/batman/URC_NAV/install/urc_rover/share/urc_rover/config/gaz_ros2_ctl_use_sim.yaml
[0.062s] -- Up-to-date: /home/batman/URC_NAV/install/urc_rover/share/urc_rover/config/nav2_params.yaml
[0.063s] -- Up-to-date: /home/batman/URC_NAV/install/urc_rover/share/urc_rover/config/main.rviz
[0.063s] -- Up-to-date: /home/batman/URC_NAV/install/urc_rover/share/urc_rover/config/gazebo_params.yaml
[0.063s] -- Up-to-date: /home/batman/URC_NAV/install/urc_rover/share/urc_rover/config/empty.yaml
[0.063s] -- Up-to-date: /home/batman/URC_NAV/install/urc_rover/share/urc_rover/config/map.rviz
[0.063s] -- Up-to-date: /home/batman/URC_NAV/install/urc_rover/share/urc_rover/config/urc_bot.rviz
[0.063s] -- Up-to-date: /home/batman/URC_NAV/install/urc_rover/share/urc_rover/config/my_controllers.yaml
[0.063s] -- Up-to-date: /home/batman/URC_NAV/install/urc_rover/share/urc_rover/config/mapper_params_online_async.yaml
[0.063s] -- Up-to-date: /home/batman/URC_NAV/install/urc_rover/share/urc_rover/description
[0.063s] -- Up-to-date: /home/batman/URC_NAV/install/urc_rover/share/urc_rover/description/robot_core.xacro
[0.063s] -- Up-to-date: /home/batman/URC_NAV/install/urc_rover/share/urc_rover/description/gps.xacro
[0.063s] -- Up-to-date: /home/batman/URC_NAV/install/urc_rover/share/urc_rover/description/inertial_macros.xacro
[0.063s] -- Up-to-date: /home/batman/URC_NAV/install/urc_rover/share/urc_rover/description/robot.urdf.xacro
[0.063s] -- Up-to-date: /home/batman/URC_NAV/install/urc_rover/share/urc_rover/description/depth_camera.xacro
[0.063s] -- Up-to-date: /home/batman/URC_NAV/install/urc_rover/share/urc_rover/description/lidar.xacro
[0.064s] -- Up-to-date: /home/batman/URC_NAV/install/urc_rover/share/urc_rover/description/camera.xacro
[0.064s] -- Up-to-date: /home/batman/URC_NAV/install/urc_rover/share/urc_rover/description/imu.xacro
[0.065s] -- Up-to-date: /home/batman/URC_NAV/install/urc_rover/share/urc_rover/description/gazebo_control.xacro
[0.065s] -- Up-to-date: /home/batman/URC_NAV/install/urc_rover/share/urc_rover/launch
[0.065s] -- Up-to-date: /home/batman/URC_NAV/install/urc_rover/share/urc_rover/launch/localization_launch.py
[0.067s] -- Up-to-date: /home/batman/URC_NAV/install/urc_rover/share/urc_rover/launch/navigation_launch.py
[0.068s] -- Up-to-date: /home/batman/URC_NAV/install/urc_rover/share/urc_rover/launch/online_async_launch.py
[0.068s] -- Up-to-date: /home/batman/URC_NAV/install/urc_rover/share/urc_rover/launch/rsp.launch.py
[0.068s] -- Up-to-date: /home/batman/URC_NAV/install/urc_rover/share/urc_rover/launch/launch_sim.launch.py
[0.068s] -- Up-to-date: /home/batman/URC_NAV/install/urc_rover/share/urc_rover/worlds
[0.068s] -- Up-to-date: /home/batman/URC_NAV/install/urc_rover/share/urc_rover/worlds/empty.world
[0.068s] -- Up-to-date: /home/batman/URC_NAV/install/urc_rover/share/ament_index/resource_index/package_run_dependencies/urc_rover
[0.068s] -- Up-to-date: /home/batman/URC_NAV/install/urc_rover/share/ament_index/resource_index/parent_prefix_path/urc_rover
[0.068s] -- Up-to-date: /home/batman/URC_NAV/install/urc_rover/share/urc_rover/environment/ament_prefix_path.sh
[0.068s] -- Up-to-date: /home/batman/URC_NAV/install/urc_rover/share/urc_rover/environment/ament_prefix_path.dsv
[0.068s] -- Up-to-date: /home/batman/URC_NAV/install/urc_rover/share/urc_rover/environment/path.sh
[0.068s] -- Up-to-date: /home/batman/URC_NAV/install/urc_rover/share/urc_rover/environment/path.dsv
[0.068s] -- Up-to-date: /home/batman/URC_NAV/install/urc_rover/share/urc_rover/local_setup.bash
[0.068s] -- Up-to-date: /home/batman/URC_NAV/install/urc_rover/share/urc_rover/local_setup.sh
[0.068s] -- Up-to-date: /home/batman/URC_NAV/install/urc_rover/share/urc_rover/local_setup.zsh
[0.068s] -- Up-to-date: /home/batman/URC_NAV/install/urc_rover/share/urc_rover/local_setup.dsv
[0.068s] -- Installing: /home/batman/URC_NAV/install/urc_rover/share/urc_rover/package.dsv
[0.068s] -- Up-to-date: /home/batman/URC_NAV/install/urc_rover/share/ament_index/resource_index/packages/urc_rover
[0.068s] -- Up-to-date: /home/batman/URC_NAV/install/urc_rover/share/urc_rover/cmake/urc_roverConfig.cmake
[0.068s] -- Up-to-date: /home/batman/URC_NAV/install/urc_rover/share/urc_rover/cmake/urc_roverConfig-version.cmake
[0.068s] -- Up-to-date: /home/batman/URC_NAV/install/urc_rover/share/urc_rover/package.xml
[0.069s] Invoked command in '/home/batman/URC_NAV/build/urc_rover' returned '0': CMAKE_PREFIX_PATH=${CMAKE_PREFIX_PATH}:/home/batman/turtlebot3_ws/install/aruco_marker_detection:/home/batman/turtlebot3_ws/install/turtlebot3_teleop:/home/batman/turtlebot3_ws/install/turtlebot3_example:/opt/ros/humble /usr/bin/cmake --install /home/batman/URC_NAV/build/urc_rover
