-- Install configuration: ""
-- Up-to-date: /home/batman/URC_NAV/install/urc_rover/share/urc_rover/config
-- Up-to-date: /home/batman/URC_NAV/install/urc_rover/share/urc_rover/config/gaz_ros2_ctl_use_sim.yaml
-- Up-to-date: /home/batman/URC_NAV/install/urc_rover/share/urc_rover/config/nav2_params.yaml
-- Up-to-date: /home/batman/URC_NAV/install/urc_rover/share/urc_rover/config/main.rviz
-- Up-to-date: /home/batman/URC_NAV/install/urc_rover/share/urc_rover/config/gazebo_params.yaml
-- Up-to-date: /home/batman/URC_NAV/install/urc_rover/share/urc_rover/config/empty.yaml
-- Up-to-date: /home/batman/URC_NAV/install/urc_rover/share/urc_rover/config/map.rviz
-- Up-to-date: /home/batman/URC_NAV/install/urc_rover/share/urc_rover/config/urc_bot.rviz
-- Up-to-date: /home/batman/URC_NAV/install/urc_rover/share/urc_rover/config/my_controllers.yaml
-- Up-to-date: /home/batman/URC_NAV/install/urc_rover/share/urc_rover/config/mapper_params_online_async.yaml
-- Up-to-date: /home/batman/URC_NAV/install/urc_rover/share/urc_rover/description
-- Up-to-date: /home/batman/URC_NAV/install/urc_rover/share/urc_rover/description/robot_core.xacro
-- Up-to-date: /home/batman/URC_NAV/install/urc_rover/share/urc_rover/description/gps.xacro
-- Up-to-date: /home/batman/URC_NAV/install/urc_rover/share/urc_rover/description/inertial_macros.xacro
-- Up-to-date: /home/batman/URC_NAV/install/urc_rover/share/urc_rover/description/robot.urdf.xacro
-- Up-to-date: /home/batman/URC_NAV/install/urc_rover/share/urc_rover/description/depth_camera.xacro
-- Up-to-date: /home/batman/URC_NAV/install/urc_rover/share/urc_rover/description/lidar.xacro
-- Up-to-date: /home/batman/URC_NAV/install/urc_rover/share/urc_rover/description/camera.xacro
-- Up-to-date: /home/batman/URC_NAV/install/urc_rover/share/urc_rover/description/imu.xacro
-- Up-to-date: /home/batman/URC_NAV/install/urc_rover/share/urc_rover/description/gazebo_control.xacro
-- Up-to-date: /home/batman/URC_NAV/install/urc_rover/share/urc_rover/launch
-- Up-to-date: /home/batman/URC_NAV/install/urc_rover/share/urc_rover/launch/localization_launch.py
-- Up-to-date: /home/batman/URC_NAV/install/urc_rover/share/urc_rover/launch/navigation_launch.py
-- Up-to-date: /home/batman/URC_NAV/install/urc_rover/share/urc_rover/launch/online_async_launch.py
-- Up-to-date: /home/batman/URC_NAV/install/urc_rover/share/urc_rover/launch/rsp.launch.py
-- Up-to-date: /home/batman/URC_NAV/install/urc_rover/share/urc_rover/launch/launch_sim.launch.py
-- Up-to-date: /home/batman/URC_NAV/install/urc_rover/share/urc_rover/worlds
-- Up-to-date: /home/batman/URC_NAV/install/urc_rover/share/urc_rover/worlds/empty.world
-- Up-to-date: /home/batman/URC_NAV/install/urc_rover/share/ament_index/resource_index/package_run_dependencies/urc_rover
-- Up-to-date: /home/batman/URC_NAV/install/urc_rover/share/ament_index/resource_index/parent_prefix_path/urc_rover
-- Up-to-date: /home/batman/URC_NAV/install/urc_rover/share/urc_rover/environment/ament_prefix_path.sh
-- Up-to-date: /home/batman/URC_NAV/install/urc_rover/share/urc_rover/environment/ament_prefix_path.dsv
-- Up-to-date: /home/batman/URC_NAV/install/urc_rover/share/urc_rover/environment/path.sh
-- Up-to-date: /home/batman/URC_NAV/install/urc_rover/share/urc_rover/environment/path.dsv
-- Up-to-date: /home/batman/URC_NAV/install/urc_rover/share/urc_rover/local_setup.bash
-- Up-to-date: /home/batman/URC_NAV/install/urc_rover/share/urc_rover/local_setup.sh
-- Up-to-date: /home/batman/URC_NAV/install/urc_rover/share/urc_rover/local_setup.zsh
-- Up-to-date: /home/batman/URC_NAV/install/urc_rover/share/urc_rover/local_setup.dsv
-- Installing: /home/batman/URC_NAV/install/urc_rover/share/urc_rover/package.dsv
-- Up-to-date: /home/batman/URC_NAV/install/urc_rover/share/ament_index/resource_index/packages/urc_rover
-- Up-to-date: /home/batman/URC_NAV/install/urc_rover/share/urc_rover/cmake/urc_roverConfig.cmake
-- Up-to-date: /home/batman/URC_NAV/install/urc_rover/share/urc_rover/cmake/urc_roverConfig-version.cmake
-- Up-to-date: /home/batman/URC_NAV/install/urc_rover/share/urc_rover/package.xml
