[0.010s] Invoking command in '/home/batman/URC_NAV/build/rover_controller': CMAKE_PREFIX_PATH=${CMAKE_PREFIX_PATH}:/home/batman/turtlebot3_ws/install/turtlebot3_teleop:/home/batman/turtlebot3_ws/install/turtlebot3_example:/home/batman/turtlebot3_ws/install/aruco_marker_detection:/opt/ros/humble /usr/bin/cmake --build /home/batman/URC_NAV/build/rover_controller -- -j16 -l16
[0.041s] [35m[1mConsolidate compiler generated dependencies of target rover_searcher[0m
[0.051s] [100%] Built target rover_searcher
[0.063s] Invoked command in '/home/batman/URC_NAV/build/rover_controller' returned '0': CMAKE_PREFIX_PATH=${CMAKE_PREFIX_PATH}:/home/batman/turtlebot3_ws/install/turtlebot3_teleop:/home/batman/turtlebot3_ws/install/turtlebot3_example:/home/batman/turtlebot3_ws/install/aruco_marker_detection:/opt/ros/humble /usr/bin/cmake --build /home/batman/URC_NAV/build/rover_controller -- -j16 -l16
[0.064s] Invoking command in '/home/batman/URC_NAV/build/rover_controller': CMAKE_PREFIX_PATH=${CMAKE_PREFIX_PATH}:/home/batman/turtlebot3_ws/install/turtlebot3_teleop:/home/batman/turtlebot3_ws/install/turtlebot3_example:/home/batman/turtlebot3_ws/install/aruco_marker_detection:/opt/ros/humble /usr/bin/cmake --install /home/batman/URC_NAV/build/rover_controller
[0.069s] -- Install configuration: ""
[0.069s] -- Up-to-date: /home/batman/URC_NAV/install/rover_controller/lib/rover_controller/rover_searcher
[0.069s] -- Up-to-date: /home/batman/URC_NAV/install/rover_controller/share/ament_index/resource_index/package_run_dependencies/rover_controller
[0.069s] -- Up-to-date: /home/batman/URC_NAV/install/rover_controller/share/ament_index/resource_index/parent_prefix_path/rover_controller
[0.069s] -- Up-to-date: /home/batman/URC_NAV/install/rover_controller/share/rover_controller/environment/ament_prefix_path.sh
[0.070s] -- Up-to-date: /home/batman/URC_NAV/install/rover_controller/share/rover_controller/environment/ament_prefix_path.dsv
[0.070s] -- Up-to-date: /home/batman/URC_NAV/install/rover_controller/share/rover_controller/environment/path.sh
[0.070s] -- Up-to-date: /home/batman/URC_NAV/install/rover_controller/share/rover_controller/environment/path.dsv
[0.070s] -- Up-to-date: /home/batman/URC_NAV/install/rover_controller/share/rover_controller/local_setup.bash
[0.070s] -- Up-to-date: /home/batman/URC_NAV/install/rover_controller/share/rover_controller/local_setup.sh
[0.071s] -- Up-to-date: /home/batman/URC_NAV/install/rover_controller/share/rover_controller/local_setup.zsh
[0.071s] -- Up-to-date: /home/batman/URC_NAV/install/rover_controller/share/rover_controller/local_setup.dsv
[0.071s] -- Installing: /home/batman/URC_NAV/install/rover_controller/share/rover_controller/package.dsv
[0.071s] -- Up-to-date: /home/batman/URC_NAV/install/rover_controller/share/ament_index/resource_index/packages/rover_controller
[0.071s] -- Up-to-date: /home/batman/URC_NAV/install/rover_controller/share/rover_controller/cmake/rover_controllerConfig.cmake
[0.071s] -- Up-to-date: /home/batman/URC_NAV/install/rover_controller/share/rover_controller/cmake/rover_controllerConfig-version.cmake
[0.071s] -- Up-to-date: /home/batman/URC_NAV/install/rover_controller/share/rover_controller/package.xml
[0.083s] Invoked command in '/home/batman/URC_NAV/build/rover_controller' returned '0': CMAKE_PREFIX_PATH=${CMAKE_PREFIX_PATH}:/home/batman/turtlebot3_ws/install/turtlebot3_teleop:/home/batman/turtlebot3_ws/install/turtlebot3_example:/home/batman/turtlebot3_ws/install/aruco_marker_detection:/opt/ros/humble /usr/bin/cmake --install /home/batman/URC_NAV/build/rover_controller
