[0.013s] Invoking command in '/home/batman/URC_NAV/build/rover_msgs': CMAKE_PREFIX_PATH=${CMAKE_PREFIX_PATH}:/home/batman/turtlebot3_ws/install/turtlebot3_teleop:/home/batman/turtlebot3_ws/install/turtlebot3_example:/home/batman/turtlebot3_ws/install/aruco_marker_detection:/opt/ros/humble /usr/bin/cmake --build /home/batman/URC_NAV/build/rover_msgs -- -j16 -l16
[0.042s] [35m[1mConsolidate compiler generated dependencies of target rover_msgs__rosidl_generator_c[0m
[0.048s] [  9%] Built target rover_msgs__rosidl_generator_c
[0.054s] [35m[1mConsolidate compiler generated dependencies of target rover_msgs__rosidl_typesupport_fastrtps_c[0m
[0.054s] [ 12%] Built target rover_msgs__cpp
[0.055s] [35m[1mConsolidate compiler generated dependencies of target rover_msgs__rosidl_typesupport_introspection_c[0m
[0.055s] [ 12%] Built target ament_cmake_python_copy_rover_msgs
[0.057s] [35m[1mConsolidate compiler generated dependencies of target rover_msgs__rosidl_typesupport_c[0m
[0.061s] [35m[1mConsolidate compiler generated dependencies of target rover_msgs__rosidl_typesupport_introspection_cpp[0m
[0.061s] [35m[1mConsolidate compiler generated dependencies of target rover_msgs__rosidl_typesupport_cpp[0m
[0.061s] [ 22%] Built target rover_msgs__rosidl_typesupport_introspection_c
[0.065s] [35m[1mConsolidate compiler generated dependencies of target rover_msgs__rosidl_typesupport_fastrtps_cpp[0m
[0.065s] [ 32%] Built target rover_msgs__rosidl_typesupport_fastrtps_c
[0.068s] [ 41%] Built target rover_msgs__rosidl_typesupport_cpp
[0.069s] [ 51%] Built target rover_msgs__rosidl_typesupport_c
[0.069s] [ 61%] Built target rover_msgs__rosidl_typesupport_introspection_cpp
[0.075s] [ 70%] Built target rover_msgs__rosidl_typesupport_fastrtps_cpp
[0.088s] [ 70%] Built target rover_msgs
[0.103s] [ 74%] Built target rover_msgs__py
[0.112s] [35m[1mConsolidate compiler generated dependencies of target rover_msgs__rosidl_generator_py[0m
[0.123s] [ 80%] Built target rover_msgs__rosidl_generator_py
[0.132s] [35m[1mConsolidate compiler generated dependencies of target rover_msgs__rosidl_typesupport_introspection_c__pyext[0m
[0.132s] [35m[1mConsolidate compiler generated dependencies of target rover_msgs__rosidl_typesupport_c__pyext[0m
[0.132s] [35m[1mConsolidate compiler generated dependencies of target rover_msgs__rosidl_typesupport_fastrtps_c__pyext[0m
[0.142s] [ 87%] Built target rover_msgs__rosidl_typesupport_introspection_c__pyext
[0.142s] [ 93%] Built target rover_msgs__rosidl_typesupport_c__pyext
[0.143s] [100%] Built target rover_msgs__rosidl_typesupport_fastrtps_c__pyext
[0.188s] running egg_info
[0.189s] writing rover_msgs.egg-info/PKG-INFO
[0.189s] writing dependency_links to rover_msgs.egg-info/dependency_links.txt
[0.189s] writing top-level names to rover_msgs.egg-info/top_level.txt
[0.190s] reading manifest file 'rover_msgs.egg-info/SOURCES.txt'
[0.190s] writing manifest file 'rover_msgs.egg-info/SOURCES.txt'
[0.208s] [100%] Built target ament_cmake_python_build_rover_msgs_egg
[0.215s] Invoked command in '/home/batman/URC_NAV/build/rover_msgs' returned '0': CMAKE_PREFIX_PATH=${CMAKE_PREFIX_PATH}:/home/batman/turtlebot3_ws/install/turtlebot3_teleop:/home/batman/turtlebot3_ws/install/turtlebot3_example:/home/batman/turtlebot3_ws/install/aruco_marker_detection:/opt/ros/humble /usr/bin/cmake --build /home/batman/URC_NAV/build/rover_msgs -- -j16 -l16
[0.216s] Invoking command in '/home/batman/URC_NAV/build/rover_msgs': CMAKE_PREFIX_PATH=${CMAKE_PREFIX_PATH}:/home/batman/turtlebot3_ws/install/turtlebot3_teleop:/home/batman/turtlebot3_ws/install/turtlebot3_example:/home/batman/turtlebot3_ws/install/aruco_marker_detection:/opt/ros/humble /usr/bin/cmake --install /home/batman/URC_NAV/build/rover_msgs
[0.224s] -- Install configuration: ""
[0.224s] -- Up-to-date: /home/batman/URC_NAV/install/rover_msgs/share/ament_index/resource_index/rosidl_interfaces/rover_msgs
[0.224s] -- Up-to-date: /home/batman/URC_NAV/install/rover_msgs/include/rover_msgs/rover_msgs
[0.224s] -- Up-to-date: /home/batman/URC_NAV/install/rover_msgs/include/rover_msgs/rover_msgs/msg
[0.224s] -- Up-to-date: /home/batman/URC_NAV/install/rover_msgs/include/rover_msgs/rover_msgs/msg/rosidl_generator_c__visibility_control.h
[0.224s] -- Up-to-date: /home/batman/URC_NAV/install/rover_msgs/include/rover_msgs/rover_msgs/msg/motors_command.h
[0.224s] -- Up-to-date: /home/batman/URC_NAV/install/rover_msgs/include/rover_msgs/rover_msgs/msg/detail
[0.224s] -- Up-to-date: /home/batman/URC_NAV/install/rover_msgs/include/rover_msgs/rover_msgs/msg/detail/motors_command__struct.h
[0.224s] -- Up-to-date: /home/batman/URC_NAV/install/rover_msgs/include/rover_msgs/rover_msgs/msg/detail/motors_command__type_support.h
[0.224s] -- Up-to-date: /home/batman/URC_NAV/install/rover_msgs/include/rover_msgs/rover_msgs/msg/detail/motors_command__functions.c
[0.224s] -- Up-to-date: /home/batman/URC_NAV/install/rover_msgs/include/rover_msgs/rover_msgs/msg/detail/motors_command__functions.h
[0.224s] -- Up-to-date: /home/batman/URC_NAV/install/rover_msgs/share/rover_msgs/environment/library_path.sh
[0.224s] -- Up-to-date: /home/batman/URC_NAV/install/rover_msgs/share/rover_msgs/environment/library_path.dsv
[0.224s] -- Up-to-date: /home/batman/URC_NAV/install/rover_msgs/lib/librover_msgs__rosidl_generator_c.so
[0.224s] -- Up-to-date: /home/batman/URC_NAV/install/rover_msgs/include/rover_msgs/rover_msgs
[0.224s] -- Up-to-date: /home/batman/URC_NAV/install/rover_msgs/include/rover_msgs/rover_msgs/msg
[0.225s] -- Up-to-date: /home/batman/URC_NAV/install/rover_msgs/include/rover_msgs/rover_msgs/msg/detail
[0.225s] -- Up-to-date: /home/batman/URC_NAV/install/rover_msgs/include/rover_msgs/rover_msgs/msg/detail/motors_command__rosidl_typesupport_fastrtps_c.h
[0.225s] -- Up-to-date: /home/batman/URC_NAV/install/rover_msgs/include/rover_msgs/rover_msgs/msg/rosidl_typesupport_fastrtps_c__visibility_control.h
[0.225s] -- Up-to-date: /home/batman/URC_NAV/install/rover_msgs/lib/librover_msgs__rosidl_typesupport_fastrtps_c.so
[0.225s] -- Up-to-date: /home/batman/URC_NAV/install/rover_msgs/include/rover_msgs/rover_msgs
[0.225s] -- Up-to-date: /home/batman/URC_NAV/install/rover_msgs/include/rover_msgs/rover_msgs/msg
[0.225s] -- Up-to-date: /home/batman/URC_NAV/install/rover_msgs/include/rover_msgs/rover_msgs/msg/rosidl_typesupport_introspection_c__visibility_control.h
[0.225s] -- Up-to-date: /home/batman/URC_NAV/install/rover_msgs/include/rover_msgs/rover_msgs/msg/detail
[0.225s] -- Up-to-date: /home/batman/URC_NAV/install/rover_msgs/include/rover_msgs/rover_msgs/msg/detail/motors_command__type_support.c
[0.225s] -- Up-to-date: /home/batman/URC_NAV/install/rover_msgs/include/rover_msgs/rover_msgs/msg/detail/motors_command__rosidl_typesupport_introspection_c.h
[0.225s] -- Up-to-date: /home/batman/URC_NAV/install/rover_msgs/lib/librover_msgs__rosidl_typesupport_introspection_c.so
[0.225s] -- Up-to-date: /home/batman/URC_NAV/install/rover_msgs/lib/librover_msgs__rosidl_typesupport_c.so
[0.225s] -- Up-to-date: /home/batman/URC_NAV/install/rover_msgs/include/rover_msgs/rover_msgs
[0.225s] -- Up-to-date: /home/batman/URC_NAV/install/rover_msgs/include/rover_msgs/rover_msgs/msg
[0.225s] -- Up-to-date: /home/batman/URC_NAV/install/rover_msgs/include/rover_msgs/rover_msgs/msg/motors_command.hpp
[0.225s] -- Up-to-date: /home/batman/URC_NAV/install/rover_msgs/include/rover_msgs/rover_msgs/msg/detail
[0.225s] -- Up-to-date: /home/batman/URC_NAV/install/rover_msgs/include/rover_msgs/rover_msgs/msg/detail/motors_command__struct.hpp
[0.225s] -- Up-to-date: /home/batman/URC_NAV/install/rover_msgs/include/rover_msgs/rover_msgs/msg/detail/motors_command__traits.hpp
[0.225s] -- Up-to-date: /home/batman/URC_NAV/install/rover_msgs/include/rover_msgs/rover_msgs/msg/detail/motors_command__type_support.hpp
[0.225s] -- Up-to-date: /home/batman/URC_NAV/install/rover_msgs/include/rover_msgs/rover_msgs/msg/detail/motors_command__builder.hpp
[0.225s] -- Up-to-date: /home/batman/URC_NAV/install/rover_msgs/include/rover_msgs/rover_msgs/msg/rosidl_generator_cpp__visibility_control.hpp
[0.225s] -- Up-to-date: /home/batman/URC_NAV/install/rover_msgs/include/rover_msgs/rover_msgs
[0.225s] -- Up-to-date: /home/batman/URC_NAV/install/rover_msgs/include/rover_msgs/rover_msgs/msg
[0.225s] -- Up-to-date: /home/batman/URC_NAV/install/rover_msgs/include/rover_msgs/rover_msgs/msg/rosidl_typesupport_fastrtps_cpp__visibility_control.h
[0.225s] -- Up-to-date: /home/batman/URC_NAV/install/rover_msgs/include/rover_msgs/rover_msgs/msg/detail
[0.225s] -- Up-to-date: /home/batman/URC_NAV/install/rover_msgs/include/rover_msgs/rover_msgs/msg/detail/dds_fastrtps
[0.225s] -- Up-to-date: /home/batman/URC_NAV/install/rover_msgs/include/rover_msgs/rover_msgs/msg/detail/motors_command__rosidl_typesupport_fastrtps_cpp.hpp
[0.225s] -- Up-to-date: /home/batman/URC_NAV/install/rover_msgs/lib/librover_msgs__rosidl_typesupport_fastrtps_cpp.so
[0.225s] -- Up-to-date: /home/batman/URC_NAV/install/rover_msgs/include/rover_msgs/rover_msgs
[0.225s] -- Up-to-date: /home/batman/URC_NAV/install/rover_msgs/include/rover_msgs/rover_msgs/msg
[0.225s] -- Up-to-date: /home/batman/URC_NAV/install/rover_msgs/include/rover_msgs/rover_msgs/msg/detail
[0.225s] -- Up-to-date: /home/batman/URC_NAV/install/rover_msgs/include/rover_msgs/rover_msgs/msg/detail/motors_command__type_support.cpp
[0.225s] -- Up-to-date: /home/batman/URC_NAV/install/rover_msgs/include/rover_msgs/rover_msgs/msg/detail/motors_command__rosidl_typesupport_introspection_cpp.hpp
[0.226s] -- Up-to-date: /home/batman/URC_NAV/install/rover_msgs/lib/librover_msgs__rosidl_typesupport_introspection_cpp.so
[0.226s] -- Up-to-date: /home/batman/URC_NAV/install/rover_msgs/lib/librover_msgs__rosidl_typesupport_cpp.so
[0.226s] -- Up-to-date: /home/batman/URC_NAV/install/rover_msgs/share/rover_msgs/environment/pythonpath.sh
[0.226s] -- Up-to-date: /home/batman/URC_NAV/install/rover_msgs/share/rover_msgs/environment/pythonpath.dsv
[0.226s] -- Up-to-date: /home/batman/URC_NAV/install/rover_msgs/local/lib/python3.10/dist-packages/rover_msgs-1.0.0-py3.10.egg-info
[0.226s] -- Installing: /home/batman/URC_NAV/install/rover_msgs/local/lib/python3.10/dist-packages/rover_msgs-1.0.0-py3.10.egg-info/PKG-INFO
[0.226s] -- Installing: /home/batman/URC_NAV/install/rover_msgs/local/lib/python3.10/dist-packages/rover_msgs-1.0.0-py3.10.egg-info/dependency_links.txt
[0.226s] -- Installing: /home/batman/URC_NAV/install/rover_msgs/local/lib/python3.10/dist-packages/rover_msgs-1.0.0-py3.10.egg-info/SOURCES.txt
[0.226s] -- Installing: /home/batman/URC_NAV/install/rover_msgs/local/lib/python3.10/dist-packages/rover_msgs-1.0.0-py3.10.egg-info/top_level.txt
[0.226s] -- Up-to-date: /home/batman/URC_NAV/install/rover_msgs/local/lib/python3.10/dist-packages/rover_msgs
[0.226s] -- Up-to-date: /home/batman/URC_NAV/install/rover_msgs/local/lib/python3.10/dist-packages/rover_msgs/msg
[0.226s] -- Up-to-date: /home/batman/URC_NAV/install/rover_msgs/local/lib/python3.10/dist-packages/rover_msgs/msg/_motors_command_s.c
[0.226s] -- Up-to-date: /home/batman/URC_NAV/install/rover_msgs/local/lib/python3.10/dist-packages/rover_msgs/msg/_motors_command.py
[0.226s] -- Up-to-date: /home/batman/URC_NAV/install/rover_msgs/local/lib/python3.10/dist-packages/rover_msgs/msg/__init__.py
[0.226s] -- Up-to-date: /home/batman/URC_NAV/install/rover_msgs/local/lib/python3.10/dist-packages/rover_msgs/rover_msgs_s__rosidl_typesupport_introspection_c.cpython-310-x86_64-linux-gnu.so
[0.226s] -- Up-to-date: /home/batman/URC_NAV/install/rover_msgs/local/lib/python3.10/dist-packages/rover_msgs/_rover_msgs_s.ep.rosidl_typesupport_fastrtps_c.c
[0.226s] -- Up-to-date: /home/batman/URC_NAV/install/rover_msgs/local/lib/python3.10/dist-packages/rover_msgs/__init__.py
[0.226s] -- Up-to-date: /home/batman/URC_NAV/install/rover_msgs/local/lib/python3.10/dist-packages/rover_msgs/_rover_msgs_s.ep.rosidl_typesupport_c.c
[0.226s] -- Up-to-date: /home/batman/URC_NAV/install/rover_msgs/local/lib/python3.10/dist-packages/rover_msgs/rover_msgs_s__rosidl_typesupport_c.cpython-310-x86_64-linux-gnu.so
[0.226s] -- Up-to-date: /home/batman/URC_NAV/install/rover_msgs/local/lib/python3.10/dist-packages/rover_msgs/_rover_msgs_s.ep.rosidl_typesupport_introspection_c.c
[0.226s] -- Up-to-date: /home/batman/URC_NAV/install/rover_msgs/local/lib/python3.10/dist-packages/rover_msgs/rover_msgs_s__rosidl_typesupport_fastrtps_c.cpython-310-x86_64-linux-gnu.so
[0.226s] -- Up-to-date: /home/batman/URC_NAV/install/rover_msgs/local/lib/python3.10/dist-packages/rover_msgs/librover_msgs__rosidl_generator_py.so
[0.245s] Listing '/home/batman/URC_NAV/install/rover_msgs/local/lib/python3.10/dist-packages/rover_msgs'...
[0.245s] Listing '/home/batman/URC_NAV/install/rover_msgs/local/lib/python3.10/dist-packages/rover_msgs/msg'...
[0.247s] -- Up-to-date: /home/batman/URC_NAV/install/rover_msgs/local/lib/python3.10/dist-packages/rover_msgs/rover_msgs_s__rosidl_typesupport_fastrtps_c.cpython-310-x86_64-linux-gnu.so
[0.247s] -- Up-to-date: /home/batman/URC_NAV/install/rover_msgs/local/lib/python3.10/dist-packages/rover_msgs/rover_msgs_s__rosidl_typesupport_introspection_c.cpython-310-x86_64-linux-gnu.so
[0.247s] -- Up-to-date: /home/batman/URC_NAV/install/rover_msgs/local/lib/python3.10/dist-packages/rover_msgs/rover_msgs_s__rosidl_typesupport_c.cpython-310-x86_64-linux-gnu.so
[0.247s] -- Up-to-date: /home/batman/URC_NAV/install/rover_msgs/lib/librover_msgs__rosidl_generator_py.so
[0.247s] -- Up-to-date: /home/batman/URC_NAV/install/rover_msgs/share/rover_msgs/msg/MotorsCommand.idl
[0.247s] -- Up-to-date: /home/batman/URC_NAV/install/rover_msgs/share/rover_msgs/msg/MotorsCommand.msg
[0.247s] -- Up-to-date: /home/batman/URC_NAV/install/rover_msgs/share/ament_index/resource_index/package_run_dependencies/rover_msgs
[0.247s] -- Up-to-date: /home/batman/URC_NAV/install/rover_msgs/share/ament_index/resource_index/parent_prefix_path/rover_msgs
[0.248s] -- Up-to-date: /home/batman/URC_NAV/install/rover_msgs/share/rover_msgs/environment/ament_prefix_path.sh
[0.248s] -- Up-to-date: /home/batman/URC_NAV/install/rover_msgs/share/rover_msgs/environment/ament_prefix_path.dsv
[0.248s] -- Up-to-date: /home/batman/URC_NAV/install/rover_msgs/share/rover_msgs/environment/path.sh
[0.248s] -- Up-to-date: /home/batman/URC_NAV/install/rover_msgs/share/rover_msgs/environment/path.dsv
[0.248s] -- Up-to-date: /home/batman/URC_NAV/install/rover_msgs/share/rover_msgs/local_setup.bash
[0.248s] -- Up-to-date: /home/batman/URC_NAV/install/rover_msgs/share/rover_msgs/local_setup.sh
[0.248s] -- Up-to-date: /home/batman/URC_NAV/install/rover_msgs/share/rover_msgs/local_setup.zsh
[0.248s] -- Up-to-date: /home/batman/URC_NAV/install/rover_msgs/share/rover_msgs/local_setup.dsv
[0.248s] -- Installing: /home/batman/URC_NAV/install/rover_msgs/share/rover_msgs/package.dsv
[0.248s] -- Up-to-date: /home/batman/URC_NAV/install/rover_msgs/share/ament_index/resource_index/packages/rover_msgs
[0.248s] -- Up-to-date: /home/batman/URC_NAV/install/rover_msgs/share/rover_msgs/cmake/export_rover_msgs__rosidl_generator_cExport.cmake
[0.248s] -- Up-to-date: /home/batman/URC_NAV/install/rover_msgs/share/rover_msgs/cmake/export_rover_msgs__rosidl_generator_cExport-noconfig.cmake
[0.248s] -- Up-to-date: /home/batman/URC_NAV/install/rover_msgs/share/rover_msgs/cmake/export_rover_msgs__rosidl_typesupport_fastrtps_cExport.cmake
[0.248s] -- Up-to-date: /home/batman/URC_NAV/install/rover_msgs/share/rover_msgs/cmake/export_rover_msgs__rosidl_typesupport_fastrtps_cExport-noconfig.cmake
[0.248s] -- Up-to-date: /home/batman/URC_NAV/install/rover_msgs/share/rover_msgs/cmake/rover_msgs__rosidl_typesupport_introspection_cExport.cmake
[0.248s] -- Up-to-date: /home/batman/URC_NAV/install/rover_msgs/share/rover_msgs/cmake/rover_msgs__rosidl_typesupport_introspection_cExport-noconfig.cmake
[0.248s] -- Up-to-date: /home/batman/URC_NAV/install/rover_msgs/share/rover_msgs/cmake/rover_msgs__rosidl_typesupport_cExport.cmake
[0.248s] -- Up-to-date: /home/batman/URC_NAV/install/rover_msgs/share/rover_msgs/cmake/rover_msgs__rosidl_typesupport_cExport-noconfig.cmake
[0.248s] -- Up-to-date: /home/batman/URC_NAV/install/rover_msgs/share/rover_msgs/cmake/export_rover_msgs__rosidl_generator_cppExport.cmake
[0.248s] -- Up-to-date: /home/batman/URC_NAV/install/rover_msgs/share/rover_msgs/cmake/export_rover_msgs__rosidl_typesupport_fastrtps_cppExport.cmake
[0.248s] -- Up-to-date: /home/batman/URC_NAV/install/rover_msgs/share/rover_msgs/cmake/export_rover_msgs__rosidl_typesupport_fastrtps_cppExport-noconfig.cmake
[0.248s] -- Up-to-date: /home/batman/URC_NAV/install/rover_msgs/share/rover_msgs/cmake/rover_msgs__rosidl_typesupport_introspection_cppExport.cmake
[0.248s] -- Up-to-date: /home/batman/URC_NAV/install/rover_msgs/share/rover_msgs/cmake/rover_msgs__rosidl_typesupport_introspection_cppExport-noconfig.cmake
[0.248s] -- Up-to-date: /home/batman/URC_NAV/install/rover_msgs/share/rover_msgs/cmake/rover_msgs__rosidl_typesupport_cppExport.cmake
[0.248s] -- Up-to-date: /home/batman/URC_NAV/install/rover_msgs/share/rover_msgs/cmake/rover_msgs__rosidl_typesupport_cppExport-noconfig.cmake
[0.248s] -- Up-to-date: /home/batman/URC_NAV/install/rover_msgs/share/rover_msgs/cmake/export_rover_msgs__rosidl_generator_pyExport.cmake
[0.248s] -- Up-to-date: /home/batman/URC_NAV/install/rover_msgs/share/rover_msgs/cmake/export_rover_msgs__rosidl_generator_pyExport-noconfig.cmake
[0.248s] -- Up-to-date: /home/batman/URC_NAV/install/rover_msgs/share/rover_msgs/cmake/rosidl_cmake-extras.cmake
[0.249s] -- Up-to-date: /home/batman/URC_NAV/install/rover_msgs/share/rover_msgs/cmake/ament_cmake_export_include_directories-extras.cmake
[0.249s] -- Up-to-date: /home/batman/URC_NAV/install/rover_msgs/share/rover_msgs/cmake/ament_cmake_export_libraries-extras.cmake
[0.249s] -- Up-to-date: /home/batman/URC_NAV/install/rover_msgs/share/rover_msgs/cmake/ament_cmake_export_targets-extras.cmake
[0.249s] -- Up-to-date: /home/batman/URC_NAV/install/rover_msgs/share/rover_msgs/cmake/rosidl_cmake_export_typesupport_targets-extras.cmake
[0.249s] -- Up-to-date: /home/batman/URC_NAV/install/rover_msgs/share/rover_msgs/cmake/ament_cmake_export_dependencies-extras.cmake
[0.249s] -- Up-to-date: /home/batman/URC_NAV/install/rover_msgs/share/rover_msgs/cmake/rosidl_cmake_export_typesupport_libraries-extras.cmake
[0.249s] -- Up-to-date: /home/batman/URC_NAV/install/rover_msgs/share/rover_msgs/cmake/rover_msgsConfig.cmake
[0.249s] -- Up-to-date: /home/batman/URC_NAV/install/rover_msgs/share/rover_msgs/cmake/rover_msgsConfig-version.cmake
[0.249s] -- Up-to-date: /home/batman/URC_NAV/install/rover_msgs/share/rover_msgs/package.xml
[0.250s] Invoked command in '/home/batman/URC_NAV/build/rover_msgs' returned '0': CMAKE_PREFIX_PATH=${CMAKE_PREFIX_PATH}:/home/batman/turtlebot3_ws/install/turtlebot3_teleop:/home/batman/turtlebot3_ws/install/turtlebot3_example:/home/batman/turtlebot3_ws/install/aruco_marker_detection:/opt/ros/humble /usr/bin/cmake --install /home/batman/URC_NAV/build/rover_msgs
