[0.011s] Invoking command in '/home/batman/URC_NAV/build/rover_localization': CMAKE_PREFIX_PATH=${CMAKE_PREFIX_PATH}:/home/batman/turtlebot3_ws/install/turtlebot3_teleop:/home/batman/turtlebot3_ws/install/turtlebot3_example:/home/batman/turtlebot3_ws/install/aruco_marker_detection:/opt/ros/humble /usr/bin/cmake /home/batman/URC_NAV/src/rover_localization -DCMAKE_INSTALL_PREFIX=/home/batman/URC_NAV/install/rover_localization
[0.054s] -- The C compiler identification is GNU 11.4.0
[0.097s] -- The CXX compiler identification is GNU 11.4.0
[0.101s] -- Detecting C compiler ABI info
[0.146s] -- Detecting C compiler ABI info - done
[0.150s] -- Check for working C compiler: /usr/bin/cc - skipped
[0.150s] -- Detecting C compile features
[0.150s] -- Detecting C compile features - done
[0.152s] -- Detecting CXX compiler ABI info
[0.218s] -- Detecting CXX compiler ABI info - done
[0.222s] -- Check for working CXX compiler: /usr/bin/c++ - skipped
[0.223s] -- Detecting CXX compile features
[0.223s] -- Detecting CXX compile features - done
[0.224s] -- Found ament_cmake: 1.3.11 (/opt/ros/humble/share/ament_cmake/cmake)
[0.326s] -- Found Python3: /usr/bin/python3 (found version "3.10.12") found components: Interpreter 
[0.425s] -- Configuring done
[0.426s] -- Generating done
[0.427s] -- Build files have been written to: /home/batman/URC_NAV/build/rover_localization
[0.430s] Invoked command in '/home/batman/URC_NAV/build/rover_localization' returned '0': CMAKE_PREFIX_PATH=${CMAKE_PREFIX_PATH}:/home/batman/turtlebot3_ws/install/turtlebot3_teleop:/home/batman/turtlebot3_ws/install/turtlebot3_example:/home/batman/turtlebot3_ws/install/aruco_marker_detection:/opt/ros/humble /usr/bin/cmake /home/batman/URC_NAV/src/rover_localization -DCMAKE_INSTALL_PREFIX=/home/batman/URC_NAV/install/rover_localization
[0.431s] Invoking command in '/home/batman/URC_NAV/build/rover_localization': CMAKE_PREFIX_PATH=${CMAKE_PREFIX_PATH}:/home/batman/turtlebot3_ws/install/turtlebot3_teleop:/home/batman/turtlebot3_ws/install/turtlebot3_example:/home/batman/turtlebot3_ws/install/aruco_marker_detection:/opt/ros/humble /usr/bin/cmake --build /home/batman/URC_NAV/build/rover_localization -- -j16 -l16
[0.463s] Invoked command in '/home/batman/URC_NAV/build/rover_localization' returned '0': CMAKE_PREFIX_PATH=${CMAKE_PREFIX_PATH}:/home/batman/turtlebot3_ws/install/turtlebot3_teleop:/home/batman/turtlebot3_ws/install/turtlebot3_example:/home/batman/turtlebot3_ws/install/aruco_marker_detection:/opt/ros/humble /usr/bin/cmake --build /home/batman/URC_NAV/build/rover_localization -- -j16 -l16
[0.472s] Invoking command in '/home/batman/URC_NAV/build/rover_localization': CMAKE_PREFIX_PATH=${CMAKE_PREFIX_PATH}:/home/batman/turtlebot3_ws/install/turtlebot3_teleop:/home/batman/turtlebot3_ws/install/turtlebot3_example:/home/batman/turtlebot3_ws/install/aruco_marker_detection:/opt/ros/humble /usr/bin/cmake --install /home/batman/URC_NAV/build/rover_localization
[0.476s] -- Install configuration: ""
[0.476s] -- Installing: /home/batman/URC_NAV/install/rover_localization/share/rover_localization//launch
[0.476s] -- Installing: /home/batman/URC_NAV/install/rover_localization/share/rover_localization//launch/rgbd_odometry.launch.py
[0.476s] -- Installing: /home/batman/URC_NAV/install/rover_localization/share/rover_localization//launch/ekf.launch.py
[0.476s] -- Installing: /home/batman/URC_NAV/install/rover_localization/share/rover_localization//launch/localization.launch.py
[0.476s] -- Installing: /home/batman/URC_NAV/install/rover_localization/share/rover_localization//launch/rtabmap.launch.py
[0.476s] -- Installing: /home/batman/URC_NAV/install/rover_localization/share/rover_localization//config
[0.476s] -- Installing: /home/batman/URC_NAV/install/rover_localization/share/rover_localization//config/ekf.yaml
[0.477s] -- Installing: /home/batman/URC_NAV/install/rover_localization/share/ament_index/resource_index/package_run_dependencies/rover_localization
[0.477s] -- Installing: /home/batman/URC_NAV/install/rover_localization/share/ament_index/resource_index/parent_prefix_path/rover_localization
[0.477s] -- Installing: /home/batman/URC_NAV/install/rover_localization/share/rover_localization/environment/ament_prefix_path.sh
[0.477s] -- Installing: /home/batman/URC_NAV/install/rover_localization/share/rover_localization/environment/ament_prefix_path.dsv
[0.477s] -- Installing: /home/batman/URC_NAV/install/rover_localization/share/rover_localization/environment/path.sh
[0.477s] -- Installing: /home/batman/URC_NAV/install/rover_localization/share/rover_localization/environment/path.dsv
[0.477s] -- Installing: /home/batman/URC_NAV/install/rover_localization/share/rover_localization/local_setup.bash
[0.477s] -- Installing: /home/batman/URC_NAV/install/rover_localization/share/rover_localization/local_setup.sh
[0.477s] -- Installing: /home/batman/URC_NAV/install/rover_localization/share/rover_localization/local_setup.zsh
[0.477s] -- Installing: /home/batman/URC_NAV/install/rover_localization/share/rover_localization/local_setup.dsv
[0.477s] -- Installing: /home/batman/URC_NAV/install/rover_localization/share/rover_localization/package.dsv
[0.477s] -- Installing: /home/batman/URC_NAV/install/rover_localization/share/ament_index/resource_index/packages/rover_localization
[0.477s] -- Installing: /home/batman/URC_NAV/install/rover_localization/share/rover_localization/cmake/rover_localizationConfig.cmake
[0.477s] -- Installing: /home/batman/URC_NAV/install/rover_localization/share/rover_localization/cmake/rover_localizationConfig-version.cmake
[0.477s] -- Installing: /home/batman/URC_NAV/install/rover_localization/share/rover_localization/package.xml
[0.478s] Invoked command in '/home/batman/URC_NAV/build/rover_localization' returned '0': CMAKE_PREFIX_PATH=${CMAKE_PREFIX_PATH}:/home/batman/turtlebot3_ws/install/turtlebot3_teleop:/home/batman/turtlebot3_ws/install/turtlebot3_example:/home/batman/turtlebot3_ws/install/aruco_marker_detection:/opt/ros/humble /usr/bin/cmake --install /home/batman/URC_NAV/build/rover_localization
