[0.010s] Invoking command in '/home/batman/URC_NAV/build/urc_rover': CMAKE_PREFIX_PATH=${CMAKE_PREFIX_PATH}:/home/batman/turtlebot3_ws/install/turtlebot3_teleop:/home/batman/turtlebot3_ws/install/turtlebot3_example:/home/batman/turtlebot3_ws/install/aruco_marker_detection:/opt/ros/humble /usr/bin/cmake /home/batman/URC_NAV/src/urc_rover -DCMAKE_INSTALL_PREFIX=/home/batman/URC_NAV/install/urc_rover
[0.052s] -- The C compiler identification is GNU 11.4.0
[0.085s] -- The CXX compiler identification is GNU 11.4.0
[0.090s] -- Detecting C compiler ABI info
[0.145s] -- Detecting C compiler ABI info - done
[0.152s] -- Check for working C compiler: /usr/bin/cc - skipped
[0.152s] -- Detecting C compile features
[0.153s] -- Detecting C compile features - done
[0.154s] -- Detecting CXX compiler ABI info
[0.216s] -- Detecting CXX compiler ABI info - done
[0.224s] -- Check for working CXX compiler: /usr/bin/c++ - skipped
[0.224s] -- Detecting CXX compile features
[0.225s] -- Detecting CXX compile features - done
[0.227s] -- Found ament_cmake: 1.3.11 (/opt/ros/humble/share/ament_cmake/cmake)
[0.338s] -- Found Python3: /usr/bin/python3 (found version "3.10.12") found components: Interpreter 
[0.404s] -- Found ament_lint_auto: 0.12.11 (/opt/ros/humble/share/ament_lint_auto/cmake)
[0.457s] -- Added test 'flake8' to check Python code syntax and style conventions
[0.458s] -- Added test 'lint_cmake' to check CMake code style
[0.458s] -- Added test 'pep257' to check Python code against some of the docstring style conventions in PEP 257
[0.459s] -- Added test 'xmllint' to check XML markup files
[0.460s] -- Configuring done
[0.461s] -- Generating done
[0.462s] -- Build files have been written to: /home/batman/URC_NAV/build/urc_rover
[0.470s] Invoked command in '/home/batman/URC_NAV/build/urc_rover' returned '0': CMAKE_PREFIX_PATH=${CMAKE_PREFIX_PATH}:/home/batman/turtlebot3_ws/install/turtlebot3_teleop:/home/batman/turtlebot3_ws/install/turtlebot3_example:/home/batman/turtlebot3_ws/install/aruco_marker_detection:/opt/ros/humble /usr/bin/cmake /home/batman/URC_NAV/src/urc_rover -DCMAKE_INSTALL_PREFIX=/home/batman/URC_NAV/install/urc_rover
[0.471s] Invoking command in '/home/batman/URC_NAV/build/urc_rover': CMAKE_PREFIX_PATH=${CMAKE_PREFIX_PATH}:/home/batman/turtlebot3_ws/install/turtlebot3_teleop:/home/batman/turtlebot3_ws/install/turtlebot3_example:/home/batman/turtlebot3_ws/install/aruco_marker_detection:/opt/ros/humble /usr/bin/cmake --build /home/batman/URC_NAV/build/urc_rover -- -j16 -l16
[0.502s] Invoked command in '/home/batman/URC_NAV/build/urc_rover' returned '0': CMAKE_PREFIX_PATH=${CMAKE_PREFIX_PATH}:/home/batman/turtlebot3_ws/install/turtlebot3_teleop:/home/batman/turtlebot3_ws/install/turtlebot3_example:/home/batman/turtlebot3_ws/install/aruco_marker_detection:/opt/ros/humble /usr/bin/cmake --build /home/batman/URC_NAV/build/urc_rover -- -j16 -l16
[0.503s] Invoking command in '/home/batman/URC_NAV/build/urc_rover': CMAKE_PREFIX_PATH=${CMAKE_PREFIX_PATH}:/home/batman/turtlebot3_ws/install/turtlebot3_teleop:/home/batman/turtlebot3_ws/install/turtlebot3_example:/home/batman/turtlebot3_ws/install/aruco_marker_detection:/opt/ros/humble /usr/bin/cmake --install /home/batman/URC_NAV/build/urc_rover
[0.507s] -- Install configuration: ""
[0.507s] -- Installing: /home/batman/URC_NAV/install/urc_rover/share/urc_rover/config
[0.507s] -- Installing: /home/batman/URC_NAV/install/urc_rover/share/urc_rover/config/gaz_ros2_ctl_use_sim.yaml
[0.507s] -- Installing: /home/batman/URC_NAV/install/urc_rover/share/urc_rover/config/nav2_params.yaml
[0.507s] -- Installing: /home/batman/URC_NAV/install/urc_rover/share/urc_rover/config/main.rviz
[0.507s] -- Installing: /home/batman/URC_NAV/install/urc_rover/share/urc_rover/config/gazebo_params.yaml
[0.507s] -- Installing: /home/batman/URC_NAV/install/urc_rover/share/urc_rover/config/empty.yaml
[0.507s] -- Installing: /home/batman/URC_NAV/install/urc_rover/share/urc_rover/config/map.rviz
[0.507s] -- Installing: /home/batman/URC_NAV/install/urc_rover/share/urc_rover/config/urc_bot.rviz
[0.507s] -- Installing: /home/batman/URC_NAV/install/urc_rover/share/urc_rover/config/my_controllers.yaml
[0.507s] -- Installing: /home/batman/URC_NAV/install/urc_rover/share/urc_rover/config/mapper_params_online_async.yaml
[0.507s] -- Installing: /home/batman/URC_NAV/install/urc_rover/share/urc_rover/description
[0.507s] -- Installing: /home/batman/URC_NAV/install/urc_rover/share/urc_rover/description/robot_core.xacro
[0.507s] -- Installing: /home/batman/URC_NAV/install/urc_rover/share/urc_rover/description/gps.xacro
[0.507s] -- Installing: /home/batman/URC_NAV/install/urc_rover/share/urc_rover/description/inertial_macros.xacro
[0.507s] -- Installing: /home/batman/URC_NAV/install/urc_rover/share/urc_rover/description/robot.urdf.xacro
[0.507s] -- Installing: /home/batman/URC_NAV/install/urc_rover/share/urc_rover/description/depth_camera.xacro
[0.507s] -- Installing: /home/batman/URC_NAV/install/urc_rover/share/urc_rover/description/lidar.xacro
[0.507s] -- Installing: /home/batman/URC_NAV/install/urc_rover/share/urc_rover/description/camera.xacro
[0.507s] -- Installing: /home/batman/URC_NAV/install/urc_rover/share/urc_rover/description/imu.xacro
[0.507s] -- Installing: /home/batman/URC_NAV/install/urc_rover/share/urc_rover/description/gazebo_control.xacro
[0.507s] -- Installing: /home/batman/URC_NAV/install/urc_rover/share/urc_rover/launch
[0.507s] -- Installing: /home/batman/URC_NAV/install/urc_rover/share/urc_rover/launch/localization_launch.py
[0.507s] -- Installing: /home/batman/URC_NAV/install/urc_rover/share/urc_rover/launch/navigation_launch.py
[0.507s] -- Installing: /home/batman/URC_NAV/install/urc_rover/share/urc_rover/launch/online_async_launch.py
[0.507s] -- Installing: /home/batman/URC_NAV/install/urc_rover/share/urc_rover/launch/rsp.launch.py
[0.508s] -- Installing: /home/batman/URC_NAV/install/urc_rover/share/urc_rover/launch/launch_sim.launch.py
[0.508s] -- Installing: /home/batman/URC_NAV/install/urc_rover/share/urc_rover/worlds
[0.508s] -- Installing: /home/batman/URC_NAV/install/urc_rover/share/urc_rover/worlds/empty.world
[0.508s] -- Installing: /home/batman/URC_NAV/install/urc_rover/share/ament_index/resource_index/package_run_dependencies/urc_rover
[0.508s] -- Installing: /home/batman/URC_NAV/install/urc_rover/share/ament_index/resource_index/parent_prefix_path/urc_rover
[0.508s] -- Installing: /home/batman/URC_NAV/install/urc_rover/share/urc_rover/environment/ament_prefix_path.sh
[0.508s] -- Installing: /home/batman/URC_NAV/install/urc_rover/share/urc_rover/environment/ament_prefix_path.dsv
[0.508s] -- Installing: /home/batman/URC_NAV/install/urc_rover/share/urc_rover/environment/path.sh
[0.508s] -- Installing: /home/batman/URC_NAV/install/urc_rover/share/urc_rover/environment/path.dsv
[0.508s] -- Installing: /home/batman/URC_NAV/install/urc_rover/share/urc_rover/local_setup.bash
[0.508s] -- Installing: /home/batman/URC_NAV/install/urc_rover/share/urc_rover/local_setup.sh
[0.508s] -- Installing: /home/batman/URC_NAV/install/urc_rover/share/urc_rover/local_setup.zsh
[0.508s] -- Installing: /home/batman/URC_NAV/install/urc_rover/share/urc_rover/local_setup.dsv
[0.508s] -- Installing: /home/batman/URC_NAV/install/urc_rover/share/urc_rover/package.dsv
[0.508s] -- Installing: /home/batman/URC_NAV/install/urc_rover/share/ament_index/resource_index/packages/urc_rover
[0.508s] -- Installing: /home/batman/URC_NAV/install/urc_rover/share/urc_rover/cmake/urc_roverConfig.cmake
[0.508s] -- Installing: /home/batman/URC_NAV/install/urc_rover/share/urc_rover/cmake/urc_roverConfig-version.cmake
[0.508s] -- Installing: /home/batman/URC_NAV/install/urc_rover/share/urc_rover/package.xml
[0.509s] Invoked command in '/home/batman/URC_NAV/build/urc_rover' returned '0': CMAKE_PREFIX_PATH=${CMAKE_PREFIX_PATH}:/home/batman/turtlebot3_ws/install/turtlebot3_teleop:/home/batman/turtlebot3_ws/install/turtlebot3_example:/home/batman/turtlebot3_ws/install/aruco_marker_detection:/opt/ros/humble /usr/bin/cmake --install /home/batman/URC_NAV/build/urc_rover
