[0.058s] DEBUG:colcon:Command line arguments: ['/usr/bin/colcon', 'build']
[0.058s] DEBUG:colcon:Parsed command line arguments: Namespace(log_base=None, log_level=None, verb_name='build', build_base='build', install_base='install', merge_install=False, symlink_install=False, test_result_base=None, continue_on_error=False, executor='parallel', parallel_workers=16, event_handlers=None, ignore_user_meta=False, metas=['./colcon.meta'], base_paths=['.'], packages_ignore=None, packages_ignore_regex=None, paths=None, packages_up_to=None, packages_up_to_regex=None, packages_above=None, packages_above_and_dependencies=None, packages_above_depth=None, packages_select_by_dep=None, packages_skip_by_dep=None, packages_skip_up_to=None, packages_select_build_failed=False, packages_skip_build_finished=False, packages_select_test_failures=False, packages_skip_test_passed=False, packages_select=None, packages_skip=None, packages_select_regex=None, packages_skip_regex=None, packages_start=None, packages_end=None, allow_overriding=[], cmake_args=None, cmake_target=None, cmake_target_skip_unavailable=False, cmake_clean_cache=False, cmake_clean_first=False, cmake_force_configure=False, ament_cmake_args=None, catkin_cmake_args=None, catkin_skip_building_tests=False, verb_parser=<colcon_defaults.argument_parser.defaults.DefaultArgumentsDecorator object at 0x7f9ac184d360>, verb_extension=<colcon_core.verb.build.BuildVerb object at 0x7f9ac184cd60>, main=<bound method BuildVerb.main of <colcon_core.verb.build.BuildVerb object at 0x7f9ac184cd60>>)
[0.147s] Level 1:colcon.colcon_core.package_discovery:discover_packages(colcon_meta) check parameters
[0.147s] Level 1:colcon.colcon_core.package_discovery:discover_packages(recursive) check parameters
[0.147s] Level 1:colcon.colcon_core.package_discovery:discover_packages(ignore) check parameters
[0.147s] Level 1:colcon.colcon_core.package_discovery:discover_packages(path) check parameters
[0.147s] Level 1:colcon.colcon_core.package_discovery:discover_packages(colcon_meta) discover
[0.147s] Level 1:colcon.colcon_core.package_discovery:discover_packages(recursive) discover
[0.147s] INFO:colcon.colcon_core.package_discovery:Crawling recursively for packages in '/home/batman/URC_NAV'
[0.147s] Level 1:colcon.colcon_core.package_identification:_identify(.) by extensions ['ignore', 'ignore_ament_install']
[0.147s] Level 1:colcon.colcon_core.package_identification:_identify(.) by extension 'ignore'
[0.147s] Level 1:colcon.colcon_core.package_identification:_identify(.) by extension 'ignore_ament_install'
[0.147s] Level 1:colcon.colcon_core.package_identification:_identify(.) by extensions ['colcon_pkg']
[0.147s] Level 1:colcon.colcon_core.package_identification:_identify(.) by extension 'colcon_pkg'
[0.147s] Level 1:colcon.colcon_core.package_identification:_identify(.) by extensions ['colcon_meta']
[0.147s] Level 1:colcon.colcon_core.package_identification:_identify(.) by extension 'colcon_meta'
[0.147s] Level 1:colcon.colcon_core.package_identification:_identify(.) by extensions ['ros']
[0.147s] Level 1:colcon.colcon_core.package_identification:_identify(.) by extension 'ros'
[0.153s] Level 1:colcon.colcon_core.package_identification:_identify(.) by extensions ['cmake', 'python']
[0.153s] Level 1:colcon.colcon_core.package_identification:_identify(.) by extension 'cmake'
[0.153s] Level 1:colcon.colcon_core.package_identification:_identify(.) by extension 'python'
[0.153s] Level 1:colcon.colcon_core.package_identification:_identify(.) by extensions ['python_setup_py']
[0.153s] Level 1:colcon.colcon_core.package_identification:_identify(.) by extension 'python_setup_py'
[0.153s] Level 1:colcon.colcon_core.package_identification:_identify(build) by extensions ['ignore', 'ignore_ament_install']
[0.153s] Level 1:colcon.colcon_core.package_identification:_identify(build) by extension 'ignore'
[0.153s] Level 1:colcon.colcon_core.package_identification:_identify(build) ignored
[0.154s] Level 1:colcon.colcon_core.package_identification:_identify(install) by extensions ['ignore', 'ignore_ament_install']
[0.154s] Level 1:colcon.colcon_core.package_identification:_identify(install) by extension 'ignore'
[0.154s] Level 1:colcon.colcon_core.package_identification:_identify(install) ignored
[0.154s] Level 1:colcon.colcon_core.package_identification:_identify(log) by extensions ['ignore', 'ignore_ament_install']
[0.154s] Level 1:colcon.colcon_core.package_identification:_identify(log) by extension 'ignore'
[0.154s] Level 1:colcon.colcon_core.package_identification:_identify(log) ignored
[0.154s] Level 1:colcon.colcon_core.package_identification:_identify(src) by extensions ['ignore', 'ignore_ament_install']
[0.154s] Level 1:colcon.colcon_core.package_identification:_identify(src) by extension 'ignore'
[0.154s] Level 1:colcon.colcon_core.package_identification:_identify(src) by extension 'ignore_ament_install'
[0.154s] Level 1:colcon.colcon_core.package_identification:_identify(src) by extensions ['colcon_pkg']
[0.154s] Level 1:colcon.colcon_core.package_identification:_identify(src) by extension 'colcon_pkg'
[0.154s] Level 1:colcon.colcon_core.package_identification:_identify(src) by extensions ['colcon_meta']
[0.154s] Level 1:colcon.colcon_core.package_identification:_identify(src) by extension 'colcon_meta'
[0.154s] Level 1:colcon.colcon_core.package_identification:_identify(src) by extensions ['ros']
[0.154s] Level 1:colcon.colcon_core.package_identification:_identify(src) by extension 'ros'
[0.154s] Level 1:colcon.colcon_core.package_identification:_identify(src) by extensions ['cmake', 'python']
[0.154s] Level 1:colcon.colcon_core.package_identification:_identify(src) by extension 'cmake'
[0.154s] Level 1:colcon.colcon_core.package_identification:_identify(src) by extension 'python'
[0.154s] Level 1:colcon.colcon_core.package_identification:_identify(src) by extensions ['python_setup_py']
[0.154s] Level 1:colcon.colcon_core.package_identification:_identify(src) by extension 'python_setup_py'
[0.154s] Level 1:colcon.colcon_core.package_identification:_identify(src/point clouds) by extensions ['ignore', 'ignore_ament_install']
[0.154s] Level 1:colcon.colcon_core.package_identification:_identify(src/point clouds) by extension 'ignore'
[0.154s] Level 1:colcon.colcon_core.package_identification:_identify(src/point clouds) by extension 'ignore_ament_install'
[0.154s] Level 1:colcon.colcon_core.package_identification:_identify(src/point clouds) by extensions ['colcon_pkg']
[0.154s] Level 1:colcon.colcon_core.package_identification:_identify(src/point clouds) by extension 'colcon_pkg'
[0.154s] Level 1:colcon.colcon_core.package_identification:_identify(src/point clouds) by extensions ['colcon_meta']
[0.154s] Level 1:colcon.colcon_core.package_identification:_identify(src/point clouds) by extension 'colcon_meta'
[0.154s] Level 1:colcon.colcon_core.package_identification:_identify(src/point clouds) by extensions ['ros']
[0.154s] Level 1:colcon.colcon_core.package_identification:_identify(src/point clouds) by extension 'ros'
[0.154s] Level 1:colcon.colcon_core.package_identification:_identify(src/point clouds) by extensions ['cmake', 'python']
[0.154s] Level 1:colcon.colcon_core.package_identification:_identify(src/point clouds) by extension 'cmake'
[0.154s] Level 1:colcon.colcon_core.package_identification:_identify(src/point clouds) by extension 'python'
[0.154s] Level 1:colcon.colcon_core.package_identification:_identify(src/point clouds) by extensions ['python_setup_py']
[0.154s] Level 1:colcon.colcon_core.package_identification:_identify(src/point clouds) by extension 'python_setup_py'
[0.154s] Level 1:colcon.colcon_core.package_identification:_identify(src/point clouds/depth) by extensions ['ignore', 'ignore_ament_install']
[0.154s] Level 1:colcon.colcon_core.package_identification:_identify(src/point clouds/depth) by extension 'ignore'
[0.154s] Level 1:colcon.colcon_core.package_identification:_identify(src/point clouds/depth) by extension 'ignore_ament_install'
[0.154s] Level 1:colcon.colcon_core.package_identification:_identify(src/point clouds/depth) by extensions ['colcon_pkg']
[0.154s] Level 1:colcon.colcon_core.package_identification:_identify(src/point clouds/depth) by extension 'colcon_pkg'
[0.154s] Level 1:colcon.colcon_core.package_identification:_identify(src/point clouds/depth) by extensions ['colcon_meta']
[0.155s] Level 1:colcon.colcon_core.package_identification:_identify(src/point clouds/depth) by extension 'colcon_meta'
[0.155s] Level 1:colcon.colcon_core.package_identification:_identify(src/point clouds/depth) by extensions ['ros']
[0.155s] Level 1:colcon.colcon_core.package_identification:_identify(src/point clouds/depth) by extension 'ros'
[0.155s] Level 1:colcon.colcon_core.package_identification:_identify(src/point clouds/depth) by extensions ['cmake', 'python']
[0.155s] Level 1:colcon.colcon_core.package_identification:_identify(src/point clouds/depth) by extension 'cmake'
[0.155s] Level 1:colcon.colcon_core.package_identification:_identify(src/point clouds/depth) by extension 'python'
[0.155s] Level 1:colcon.colcon_core.package_identification:_identify(src/point clouds/depth) by extensions ['python_setup_py']
[0.155s] Level 1:colcon.colcon_core.package_identification:_identify(src/point clouds/depth) by extension 'python_setup_py'
[0.155s] Level 1:colcon.colcon_core.package_identification:_identify(src/point clouds/rgb) by extensions ['ignore', 'ignore_ament_install']
[0.155s] Level 1:colcon.colcon_core.package_identification:_identify(src/point clouds/rgb) by extension 'ignore'
[0.155s] Level 1:colcon.colcon_core.package_identification:_identify(src/point clouds/rgb) by extension 'ignore_ament_install'
[0.155s] Level 1:colcon.colcon_core.package_identification:_identify(src/point clouds/rgb) by extensions ['colcon_pkg']
[0.155s] Level 1:colcon.colcon_core.package_identification:_identify(src/point clouds/rgb) by extension 'colcon_pkg'
[0.155s] Level 1:colcon.colcon_core.package_identification:_identify(src/point clouds/rgb) by extensions ['colcon_meta']
[0.155s] Level 1:colcon.colcon_core.package_identification:_identify(src/point clouds/rgb) by extension 'colcon_meta'
[0.155s] Level 1:colcon.colcon_core.package_identification:_identify(src/point clouds/rgb) by extensions ['ros']
[0.155s] Level 1:colcon.colcon_core.package_identification:_identify(src/point clouds/rgb) by extension 'ros'
[0.155s] Level 1:colcon.colcon_core.package_identification:_identify(src/point clouds/rgb) by extensions ['cmake', 'python']
[0.155s] Level 1:colcon.colcon_core.package_identification:_identify(src/point clouds/rgb) by extension 'cmake'
[0.155s] Level 1:colcon.colcon_core.package_identification:_identify(src/point clouds/rgb) by extension 'python'
[0.155s] Level 1:colcon.colcon_core.package_identification:_identify(src/point clouds/rgb) by extensions ['python_setup_py']
[0.155s] Level 1:colcon.colcon_core.package_identification:_identify(src/point clouds/rgb) by extension 'python_setup_py'
[0.155s] Level 1:colcon.colcon_core.package_identification:_identify(src/rover_controller) by extensions ['ignore', 'ignore_ament_install']
[0.155s] Level 1:colcon.colcon_core.package_identification:_identify(src/rover_controller) by extension 'ignore'
[0.155s] Level 1:colcon.colcon_core.package_identification:_identify(src/rover_controller) by extension 'ignore_ament_install'
[0.155s] Level 1:colcon.colcon_core.package_identification:_identify(src/rover_controller) by extensions ['colcon_pkg']
[0.155s] Level 1:colcon.colcon_core.package_identification:_identify(src/rover_controller) by extension 'colcon_pkg'
[0.155s] Level 1:colcon.colcon_core.package_identification:_identify(src/rover_controller) by extensions ['colcon_meta']
[0.155s] Level 1:colcon.colcon_core.package_identification:_identify(src/rover_controller) by extension 'colcon_meta'
[0.155s] Level 1:colcon.colcon_core.package_identification:_identify(src/rover_controller) by extensions ['ros']
[0.155s] Level 1:colcon.colcon_core.package_identification:_identify(src/rover_controller) by extension 'ros'
[0.156s] DEBUG:colcon.colcon_core.package_identification:Package 'src/rover_controller' with type 'ros.ament_cmake' and name 'rover_controller'
[0.157s] Level 1:colcon.colcon_core.package_identification:_identify(src/rover_gazebo) by extensions ['ignore', 'ignore_ament_install']
[0.157s] Level 1:colcon.colcon_core.package_identification:_identify(src/rover_gazebo) by extension 'ignore'
[0.157s] Level 1:colcon.colcon_core.package_identification:_identify(src/rover_gazebo) by extension 'ignore_ament_install'
[0.157s] Level 1:colcon.colcon_core.package_identification:_identify(src/rover_gazebo) by extensions ['colcon_pkg']
[0.157s] Level 1:colcon.colcon_core.package_identification:_identify(src/rover_gazebo) by extension 'colcon_pkg'
[0.157s] Level 1:colcon.colcon_core.package_identification:_identify(src/rover_gazebo) by extensions ['colcon_meta']
[0.157s] Level 1:colcon.colcon_core.package_identification:_identify(src/rover_gazebo) by extension 'colcon_meta'
[0.157s] Level 1:colcon.colcon_core.package_identification:_identify(src/rover_gazebo) by extensions ['ros']
[0.157s] Level 1:colcon.colcon_core.package_identification:_identify(src/rover_gazebo) by extension 'ros'
[0.158s] DEBUG:colcon.colcon_core.package_identification:Package 'src/rover_gazebo' with type 'ros.ament_cmake' and name 'rover_gazebo'
[0.158s] Level 1:colcon.colcon_core.package_identification:_identify(src/rover_localization) by extensions ['ignore', 'ignore_ament_install']
[0.158s] Level 1:colcon.colcon_core.package_identification:_identify(src/rover_localization) by extension 'ignore'
[0.158s] Level 1:colcon.colcon_core.package_identification:_identify(src/rover_localization) by extension 'ignore_ament_install'
[0.158s] Level 1:colcon.colcon_core.package_identification:_identify(src/rover_localization) by extensions ['colcon_pkg']
[0.158s] Level 1:colcon.colcon_core.package_identification:_identify(src/rover_localization) by extension 'colcon_pkg'
[0.158s] Level 1:colcon.colcon_core.package_identification:_identify(src/rover_localization) by extensions ['colcon_meta']
[0.158s] Level 1:colcon.colcon_core.package_identification:_identify(src/rover_localization) by extension 'colcon_meta'
[0.158s] Level 1:colcon.colcon_core.package_identification:_identify(src/rover_localization) by extensions ['ros']
[0.158s] Level 1:colcon.colcon_core.package_identification:_identify(src/rover_localization) by extension 'ros'
[0.158s] DEBUG:colcon.colcon_core.package_identification:Package 'src/rover_localization' with type 'ros.ament_cmake' and name 'rover_localization'
[0.158s] Level 1:colcon.colcon_core.package_identification:_identify(src/rover_motor_controller_cpp) by extensions ['ignore', 'ignore_ament_install']
[0.158s] Level 1:colcon.colcon_core.package_identification:_identify(src/rover_motor_controller_cpp) by extension 'ignore'
[0.158s] Level 1:colcon.colcon_core.package_identification:_identify(src/rover_motor_controller_cpp) by extension 'ignore_ament_install'
[0.158s] Level 1:colcon.colcon_core.package_identification:_identify(src/rover_motor_controller_cpp) by extensions ['colcon_pkg']
[0.158s] Level 1:colcon.colcon_core.package_identification:_identify(src/rover_motor_controller_cpp) by extension 'colcon_pkg'
[0.158s] Level 1:colcon.colcon_core.package_identification:_identify(src/rover_motor_controller_cpp) by extensions ['colcon_meta']
[0.159s] Level 1:colcon.colcon_core.package_identification:_identify(src/rover_motor_controller_cpp) by extension 'colcon_meta'
[0.159s] Level 1:colcon.colcon_core.package_identification:_identify(src/rover_motor_controller_cpp) by extensions ['ros']
[0.159s] Level 1:colcon.colcon_core.package_identification:_identify(src/rover_motor_controller_cpp) by extension 'ros'
[0.159s] DEBUG:colcon.colcon_core.package_identification:Package 'src/rover_motor_controller_cpp' with type 'ros.ament_cmake' and name 'rover_motor_controller_cpp'
[0.159s] Level 1:colcon.colcon_core.package_identification:_identify(src/rover_msgs) by extensions ['ignore', 'ignore_ament_install']
[0.159s] Level 1:colcon.colcon_core.package_identification:_identify(src/rover_msgs) by extension 'ignore'
[0.159s] Level 1:colcon.colcon_core.package_identification:_identify(src/rover_msgs) by extension 'ignore_ament_install'
[0.159s] Level 1:colcon.colcon_core.package_identification:_identify(src/rover_msgs) by extensions ['colcon_pkg']
[0.159s] Level 1:colcon.colcon_core.package_identification:_identify(src/rover_msgs) by extension 'colcon_pkg'
[0.159s] Level 1:colcon.colcon_core.package_identification:_identify(src/rover_msgs) by extensions ['colcon_meta']
[0.159s] Level 1:colcon.colcon_core.package_identification:_identify(src/rover_msgs) by extension 'colcon_meta'
[0.159s] Level 1:colcon.colcon_core.package_identification:_identify(src/rover_msgs) by extensions ['ros']
[0.159s] Level 1:colcon.colcon_core.package_identification:_identify(src/rover_msgs) by extension 'ros'
[0.159s] DEBUG:colcon.colcon_core.package_identification:Package 'src/rover_msgs' with type 'ros.ament_cmake' and name 'rover_msgs'
[0.159s] Level 1:colcon.colcon_core.package_identification:_identify(src/urc_rover) by extensions ['ignore', 'ignore_ament_install']
[0.160s] Level 1:colcon.colcon_core.package_identification:_identify(src/urc_rover) by extension 'ignore'
[0.160s] Level 1:colcon.colcon_core.package_identification:_identify(src/urc_rover) by extension 'ignore_ament_install'
[0.160s] Level 1:colcon.colcon_core.package_identification:_identify(src/urc_rover) by extensions ['colcon_pkg']
[0.160s] Level 1:colcon.colcon_core.package_identification:_identify(src/urc_rover) by extension 'colcon_pkg'
[0.160s] Level 1:colcon.colcon_core.package_identification:_identify(src/urc_rover) by extensions ['colcon_meta']
[0.160s] Level 1:colcon.colcon_core.package_identification:_identify(src/urc_rover) by extension 'colcon_meta'
[0.160s] Level 1:colcon.colcon_core.package_identification:_identify(src/urc_rover) by extensions ['ros']
[0.160s] Level 1:colcon.colcon_core.package_identification:_identify(src/urc_rover) by extension 'ros'
[0.160s] DEBUG:colcon.colcon_core.package_identification:Package 'src/urc_rover' with type 'ros.ament_cmake' and name 'urc_rover'
[0.160s] Level 1:colcon.colcon_core.package_discovery:discover_packages(recursive) using defaults
[0.160s] Level 1:colcon.colcon_core.package_discovery:discover_packages(ignore) discover
[0.160s] Level 1:colcon.colcon_core.package_discovery:discover_packages(ignore) using defaults
[0.160s] Level 1:colcon.colcon_core.package_discovery:discover_packages(path) discover
[0.160s] Level 1:colcon.colcon_core.package_discovery:discover_packages(path) using defaults
[0.178s] Level 1:colcon.colcon_core.package_discovery:discover_packages(prefix_path) check parameters
[0.178s] Level 1:colcon.colcon_core.package_discovery:discover_packages(prefix_path) discover
[0.179s] DEBUG:colcon.colcon_installed_package_information.package_discovery:Found 6 installed packages in /home/batman/URC_NAV/install
[0.179s] DEBUG:colcon.colcon_installed_package_information.package_discovery:Found 13 installed packages in /home/batman/turtlebot3_ws/install
[0.180s] DEBUG:colcon.colcon_installed_package_information.package_discovery:Found 440 installed packages in /opt/ros/humble
[0.181s] Level 1:colcon.colcon_core.package_discovery:discover_packages(prefix_path) using defaults
[0.208s] Level 5:colcon.colcon_core.verb:set package 'rover_controller' build argument 'cmake_args' from command line to 'None'
[0.208s] Level 5:colcon.colcon_core.verb:set package 'rover_controller' build argument 'cmake_target' from command line to 'None'
[0.208s] Level 5:colcon.colcon_core.verb:set package 'rover_controller' build argument 'cmake_target_skip_unavailable' from command line to 'False'
[0.208s] Level 5:colcon.colcon_core.verb:set package 'rover_controller' build argument 'cmake_clean_cache' from command line to 'False'
[0.208s] Level 5:colcon.colcon_core.verb:set package 'rover_controller' build argument 'cmake_clean_first' from command line to 'False'
[0.208s] Level 5:colcon.colcon_core.verb:set package 'rover_controller' build argument 'cmake_force_configure' from command line to 'False'
[0.208s] Level 5:colcon.colcon_core.verb:set package 'rover_controller' build argument 'ament_cmake_args' from command line to 'None'
[0.208s] Level 5:colcon.colcon_core.verb:set package 'rover_controller' build argument 'catkin_cmake_args' from command line to 'None'
[0.208s] Level 5:colcon.colcon_core.verb:set package 'rover_controller' build argument 'catkin_skip_building_tests' from command line to 'False'
[0.208s] DEBUG:colcon.colcon_core.verb:Building package 'rover_controller' with the following arguments: {'ament_cmake_args': None, 'build_base': '/home/batman/URC_NAV/build/rover_controller', 'catkin_cmake_args': None, 'catkin_skip_building_tests': False, 'cmake_args': None, 'cmake_clean_cache': False, 'cmake_clean_first': False, 'cmake_force_configure': False, 'cmake_target': None, 'cmake_target_skip_unavailable': False, 'install_base': '/home/batman/URC_NAV/install/rover_controller', 'merge_install': False, 'path': '/home/batman/URC_NAV/src/rover_controller', 'symlink_install': False, 'test_result_base': None}
[0.208s] Level 5:colcon.colcon_core.verb:set package 'rover_localization' build argument 'cmake_args' from command line to 'None'
[0.208s] Level 5:colcon.colcon_core.verb:set package 'rover_localization' build argument 'cmake_target' from command line to 'None'
[0.208s] Level 5:colcon.colcon_core.verb:set package 'rover_localization' build argument 'cmake_target_skip_unavailable' from command line to 'False'
[0.208s] Level 5:colcon.colcon_core.verb:set package 'rover_localization' build argument 'cmake_clean_cache' from command line to 'False'
[0.208s] Level 5:colcon.colcon_core.verb:set package 'rover_localization' build argument 'cmake_clean_first' from command line to 'False'
[0.208s] Level 5:colcon.colcon_core.verb:set package 'rover_localization' build argument 'cmake_force_configure' from command line to 'False'
[0.208s] Level 5:colcon.colcon_core.verb:set package 'rover_localization' build argument 'ament_cmake_args' from command line to 'None'
[0.208s] Level 5:colcon.colcon_core.verb:set package 'rover_localization' build argument 'catkin_cmake_args' from command line to 'None'
[0.208s] Level 5:colcon.colcon_core.verb:set package 'rover_localization' build argument 'catkin_skip_building_tests' from command line to 'False'
[0.209s] DEBUG:colcon.colcon_core.verb:Building package 'rover_localization' with the following arguments: {'ament_cmake_args': None, 'build_base': '/home/batman/URC_NAV/build/rover_localization', 'catkin_cmake_args': None, 'catkin_skip_building_tests': False, 'cmake_args': None, 'cmake_clean_cache': False, 'cmake_clean_first': False, 'cmake_force_configure': False, 'cmake_target': None, 'cmake_target_skip_unavailable': False, 'install_base': '/home/batman/URC_NAV/install/rover_localization', 'merge_install': False, 'path': '/home/batman/URC_NAV/src/rover_localization', 'symlink_install': False, 'test_result_base': None}
[0.209s] Level 5:colcon.colcon_core.verb:set package 'rover_msgs' build argument 'cmake_args' from command line to 'None'
[0.209s] Level 5:colcon.colcon_core.verb:set package 'rover_msgs' build argument 'cmake_target' from command line to 'None'
[0.209s] Level 5:colcon.colcon_core.verb:set package 'rover_msgs' build argument 'cmake_target_skip_unavailable' from command line to 'False'
[0.209s] Level 5:colcon.colcon_core.verb:set package 'rover_msgs' build argument 'cmake_clean_cache' from command line to 'False'
[0.209s] Level 5:colcon.colcon_core.verb:set package 'rover_msgs' build argument 'cmake_clean_first' from command line to 'False'
[0.209s] Level 5:colcon.colcon_core.verb:set package 'rover_msgs' build argument 'cmake_force_configure' from command line to 'False'
[0.209s] Level 5:colcon.colcon_core.verb:set package 'rover_msgs' build argument 'ament_cmake_args' from command line to 'None'
[0.209s] Level 5:colcon.colcon_core.verb:set package 'rover_msgs' build argument 'catkin_cmake_args' from command line to 'None'
[0.209s] Level 5:colcon.colcon_core.verb:set package 'rover_msgs' build argument 'catkin_skip_building_tests' from command line to 'False'
[0.209s] DEBUG:colcon.colcon_core.verb:Building package 'rover_msgs' with the following arguments: {'ament_cmake_args': None, 'build_base': '/home/batman/URC_NAV/build/rover_msgs', 'catkin_cmake_args': None, 'catkin_skip_building_tests': False, 'cmake_args': None, 'cmake_clean_cache': False, 'cmake_clean_first': False, 'cmake_force_configure': False, 'cmake_target': None, 'cmake_target_skip_unavailable': False, 'install_base': '/home/batman/URC_NAV/install/rover_msgs', 'merge_install': False, 'path': '/home/batman/URC_NAV/src/rover_msgs', 'symlink_install': False, 'test_result_base': None}
[0.209s] Level 5:colcon.colcon_core.verb:set package 'urc_rover' build argument 'cmake_args' from command line to 'None'
[0.209s] Level 5:colcon.colcon_core.verb:set package 'urc_rover' build argument 'cmake_target' from command line to 'None'
[0.209s] Level 5:colcon.colcon_core.verb:set package 'urc_rover' build argument 'cmake_target_skip_unavailable' from command line to 'False'
[0.209s] Level 5:colcon.colcon_core.verb:set package 'urc_rover' build argument 'cmake_clean_cache' from command line to 'False'
[0.209s] Level 5:colcon.colcon_core.verb:set package 'urc_rover' build argument 'cmake_clean_first' from command line to 'False'
[0.209s] Level 5:colcon.colcon_core.verb:set package 'urc_rover' build argument 'cmake_force_configure' from command line to 'False'
[0.209s] Level 5:colcon.colcon_core.verb:set package 'urc_rover' build argument 'ament_cmake_args' from command line to 'None'
[0.209s] Level 5:colcon.colcon_core.verb:set package 'urc_rover' build argument 'catkin_cmake_args' from command line to 'None'
[0.209s] Level 5:colcon.colcon_core.verb:set package 'urc_rover' build argument 'catkin_skip_building_tests' from command line to 'False'
[0.209s] DEBUG:colcon.colcon_core.verb:Building package 'urc_rover' with the following arguments: {'ament_cmake_args': None, 'build_base': '/home/batman/URC_NAV/build/urc_rover', 'catkin_cmake_args': None, 'catkin_skip_building_tests': False, 'cmake_args': None, 'cmake_clean_cache': False, 'cmake_clean_first': False, 'cmake_force_configure': False, 'cmake_target': None, 'cmake_target_skip_unavailable': False, 'install_base': '/home/batman/URC_NAV/install/urc_rover', 'merge_install': False, 'path': '/home/batman/URC_NAV/src/urc_rover', 'symlink_install': False, 'test_result_base': None}
[0.209s] Level 5:colcon.colcon_core.verb:set package 'rover_motor_controller_cpp' build argument 'cmake_args' from command line to 'None'
[0.209s] Level 5:colcon.colcon_core.verb:set package 'rover_motor_controller_cpp' build argument 'cmake_target' from command line to 'None'
[0.209s] Level 5:colcon.colcon_core.verb:set package 'rover_motor_controller_cpp' build argument 'cmake_target_skip_unavailable' from command line to 'False'
[0.209s] Level 5:colcon.colcon_core.verb:set package 'rover_motor_controller_cpp' build argument 'cmake_clean_cache' from command line to 'False'
[0.209s] Level 5:colcon.colcon_core.verb:set package 'rover_motor_controller_cpp' build argument 'cmake_clean_first' from command line to 'False'
[0.209s] Level 5:colcon.colcon_core.verb:set package 'rover_motor_controller_cpp' build argument 'cmake_force_configure' from command line to 'False'
[0.209s] Level 5:colcon.colcon_core.verb:set package 'rover_motor_controller_cpp' build argument 'ament_cmake_args' from command line to 'None'
[0.209s] Level 5:colcon.colcon_core.verb:set package 'rover_motor_controller_cpp' build argument 'catkin_cmake_args' from command line to 'None'
[0.209s] Level 5:colcon.colcon_core.verb:set package 'rover_motor_controller_cpp' build argument 'catkin_skip_building_tests' from command line to 'False'
[0.209s] DEBUG:colcon.colcon_core.verb:Building package 'rover_motor_controller_cpp' with the following arguments: {'ament_cmake_args': None, 'build_base': '/home/batman/URC_NAV/build/rover_motor_controller_cpp', 'catkin_cmake_args': None, 'catkin_skip_building_tests': False, 'cmake_args': None, 'cmake_clean_cache': False, 'cmake_clean_first': False, 'cmake_force_configure': False, 'cmake_target': None, 'cmake_target_skip_unavailable': False, 'install_base': '/home/batman/URC_NAV/install/rover_motor_controller_cpp', 'merge_install': False, 'path': '/home/batman/URC_NAV/src/rover_motor_controller_cpp', 'symlink_install': False, 'test_result_base': None}
[0.210s] Level 5:colcon.colcon_core.verb:set package 'rover_gazebo' build argument 'cmake_args' from command line to 'None'
[0.210s] Level 5:colcon.colcon_core.verb:set package 'rover_gazebo' build argument 'cmake_target' from command line to 'None'
[0.210s] Level 5:colcon.colcon_core.verb:set package 'rover_gazebo' build argument 'cmake_target_skip_unavailable' from command line to 'False'
[0.210s] Level 5:colcon.colcon_core.verb:set package 'rover_gazebo' build argument 'cmake_clean_cache' from command line to 'False'
[0.210s] Level 5:colcon.colcon_core.verb:set package 'rover_gazebo' build argument 'cmake_clean_first' from command line to 'False'
[0.210s] Level 5:colcon.colcon_core.verb:set package 'rover_gazebo' build argument 'cmake_force_configure' from command line to 'False'
[0.210s] Level 5:colcon.colcon_core.verb:set package 'rover_gazebo' build argument 'ament_cmake_args' from command line to 'None'
[0.210s] Level 5:colcon.colcon_core.verb:set package 'rover_gazebo' build argument 'catkin_cmake_args' from command line to 'None'
[0.210s] Level 5:colcon.colcon_core.verb:set package 'rover_gazebo' build argument 'catkin_skip_building_tests' from command line to 'False'
[0.210s] DEBUG:colcon.colcon_core.verb:Building package 'rover_gazebo' with the following arguments: {'ament_cmake_args': None, 'build_base': '/home/batman/URC_NAV/build/rover_gazebo', 'catkin_cmake_args': None, 'catkin_skip_building_tests': False, 'cmake_args': None, 'cmake_clean_cache': False, 'cmake_clean_first': False, 'cmake_force_configure': False, 'cmake_target': None, 'cmake_target_skip_unavailable': False, 'install_base': '/home/batman/URC_NAV/install/rover_gazebo', 'merge_install': False, 'path': '/home/batman/URC_NAV/src/rover_gazebo', 'symlink_install': False, 'test_result_base': None}
[0.210s] INFO:colcon.colcon_core.executor:Executing jobs using 'parallel' executor
[0.210s] DEBUG:colcon.colcon_parallel_executor.executor.parallel:run_until_complete
[0.210s] INFO:colcon.colcon_ros.task.ament_cmake.build:Building ROS package in '/home/batman/URC_NAV/src/rover_msgs' with build type 'ament_cmake'
[0.210s] INFO:colcon.colcon_cmake.task.cmake.build:Building CMake package in '/home/batman/URC_NAV/src/rover_msgs'
[0.212s] INFO:colcon.colcon_core.plugin_system:Skipping extension 'colcon_core.shell.bat': Not used on non-Windows systems
[0.212s] INFO:colcon.colcon_core.shell:Skip shell extension 'powershell' for command environment: Not usable outside of PowerShell
[0.212s] DEBUG:colcon.colcon_core.shell:Skip shell extension 'dsv' for command environment
[0.215s] INFO:colcon.colcon_ros.task.ament_cmake.build:Building ROS package in '/home/batman/URC_NAV/src/rover_controller' with build type 'ament_cmake'
[0.215s] INFO:colcon.colcon_cmake.task.cmake.build:Building CMake package in '/home/batman/URC_NAV/src/rover_controller'
[0.215s] INFO:colcon.colcon_core.shell:Skip shell extension 'powershell' for command environment: Not usable outside of PowerShell
[0.215s] DEBUG:colcon.colcon_core.shell:Skip shell extension 'dsv' for command environment
[0.217s] INFO:colcon.colcon_ros.task.ament_cmake.build:Building ROS package in '/home/batman/URC_NAV/src/rover_localization' with build type 'ament_cmake'
[0.217s] INFO:colcon.colcon_cmake.task.cmake.build:Building CMake package in '/home/batman/URC_NAV/src/rover_localization'
[0.217s] INFO:colcon.colcon_core.shell:Skip shell extension 'powershell' for command environment: Not usable outside of PowerShell
[0.217s] DEBUG:colcon.colcon_core.shell:Skip shell extension 'dsv' for command environment
[0.220s] INFO:colcon.colcon_ros.task.ament_cmake.build:Building ROS package in '/home/batman/URC_NAV/src/urc_rover' with build type 'ament_cmake'
[0.220s] INFO:colcon.colcon_cmake.task.cmake.build:Building CMake package in '/home/batman/URC_NAV/src/urc_rover'
[0.220s] INFO:colcon.colcon_core.shell:Skip shell extension 'powershell' for command environment: Not usable outside of PowerShell
[0.220s] DEBUG:colcon.colcon_core.shell:Skip shell extension 'dsv' for command environment
[0.226s] DEBUG:colcon.colcon_core.event_handler.log_command:Invoking command in '/home/batman/URC_NAV/build/rover_msgs': CMAKE_PREFIX_PATH=${CMAKE_PREFIX_PATH}:/home/batman/turtlebot3_ws/install/aruco_marker_detection:/home/batman/turtlebot3_ws/install/turtlebot3_teleop:/home/batman/turtlebot3_ws/install/turtlebot3_example:/opt/ros/humble /usr/bin/cmake --build /home/batman/URC_NAV/build/rover_msgs -- -j16 -l16
[0.228s] DEBUG:colcon.colcon_core.event_handler.log_command:Invoking command in '/home/batman/URC_NAV/build/rover_controller': CMAKE_PREFIX_PATH=${CMAKE_PREFIX_PATH}:/home/batman/turtlebot3_ws/install/aruco_marker_detection:/home/batman/turtlebot3_ws/install/turtlebot3_teleop:/home/batman/turtlebot3_ws/install/turtlebot3_example:/opt/ros/humble /usr/bin/cmake --build /home/batman/URC_NAV/build/rover_controller -- -j16 -l16
[0.230s] DEBUG:colcon.colcon_core.event_handler.log_command:Invoking command in '/home/batman/URC_NAV/build/rover_localization': CMAKE_PREFIX_PATH=${CMAKE_PREFIX_PATH}:/home/batman/turtlebot3_ws/install/aruco_marker_detection:/home/batman/turtlebot3_ws/install/turtlebot3_teleop:/home/batman/turtlebot3_ws/install/turtlebot3_example:/opt/ros/humble /usr/bin/cmake --build /home/batman/URC_NAV/build/rover_localization -- -j16 -l16
[0.234s] DEBUG:colcon.colcon_core.event_handler.log_command:Invoking command in '/home/batman/URC_NAV/build/urc_rover': CMAKE_PREFIX_PATH=${CMAKE_PREFIX_PATH}:/home/batman/turtlebot3_ws/install/aruco_marker_detection:/home/batman/turtlebot3_ws/install/turtlebot3_teleop:/home/batman/turtlebot3_ws/install/turtlebot3_example:/opt/ros/humble /usr/bin/cmake --build /home/batman/URC_NAV/build/urc_rover -- -j16 -l16
[0.257s] DEBUG:colcon.colcon_core.event_handler.log_command:Invoked command in '/home/batman/URC_NAV/build/urc_rover' returned '0': CMAKE_PREFIX_PATH=${CMAKE_PREFIX_PATH}:/home/batman/turtlebot3_ws/install/aruco_marker_detection:/home/batman/turtlebot3_ws/install/turtlebot3_teleop:/home/batman/turtlebot3_ws/install/turtlebot3_example:/opt/ros/humble /usr/bin/cmake --build /home/batman/URC_NAV/build/urc_rover -- -j16 -l16
[0.267s] DEBUG:colcon.colcon_core.event_handler.log_command:Invoking command in '/home/batman/URC_NAV/build/urc_rover': CMAKE_PREFIX_PATH=${CMAKE_PREFIX_PATH}:/home/batman/turtlebot3_ws/install/aruco_marker_detection:/home/batman/turtlebot3_ws/install/turtlebot3_teleop:/home/batman/turtlebot3_ws/install/turtlebot3_example:/opt/ros/humble /usr/bin/cmake --install /home/batman/URC_NAV/build/urc_rover
[0.268s] DEBUG:colcon.colcon_core.event_handler.log_command:Invoked command in '/home/batman/URC_NAV/build/rover_localization' returned '0': CMAKE_PREFIX_PATH=${CMAKE_PREFIX_PATH}:/home/batman/turtlebot3_ws/install/aruco_marker_detection:/home/batman/turtlebot3_ws/install/turtlebot3_teleop:/home/batman/turtlebot3_ws/install/turtlebot3_example:/opt/ros/humble /usr/bin/cmake --build /home/batman/URC_NAV/build/rover_localization -- -j16 -l16
[0.270s] DEBUG:colcon.colcon_core.event_handler.log_command:Invoking command in '/home/batman/URC_NAV/build/rover_localization': CMAKE_PREFIX_PATH=${CMAKE_PREFIX_PATH}:/home/batman/turtlebot3_ws/install/aruco_marker_detection:/home/batman/turtlebot3_ws/install/turtlebot3_teleop:/home/batman/turtlebot3_ws/install/turtlebot3_example:/opt/ros/humble /usr/bin/cmake --install /home/batman/URC_NAV/build/rover_localization
[0.277s] Level 1:colcon.colcon_core.environment:create_environment_scripts_only(urc_rover)
[0.277s] DEBUG:colcon.colcon_core.event_handler.log_command:Invoked command in '/home/batman/URC_NAV/build/urc_rover' returned '0': CMAKE_PREFIX_PATH=${CMAKE_PREFIX_PATH}:/home/batman/turtlebot3_ws/install/aruco_marker_detection:/home/batman/turtlebot3_ws/install/turtlebot3_teleop:/home/batman/turtlebot3_ws/install/turtlebot3_example:/opt/ros/humble /usr/bin/cmake --install /home/batman/URC_NAV/build/urc_rover
[0.283s] Level 1:colcon.colcon_core.environment:checking '/home/batman/URC_NAV/install/urc_rover' for CMake module files
[0.283s] Level 1:colcon.colcon_core.environment:checking '/home/batman/URC_NAV/install/urc_rover' for CMake config files
[0.284s] Level 1:colcon.colcon_core.shell:create_environment_hook('urc_rover', 'cmake_prefix_path')
[0.284s] INFO:colcon.colcon_core.shell:Creating environment hook '/home/batman/URC_NAV/install/urc_rover/share/urc_rover/hook/cmake_prefix_path.ps1'
[0.285s] INFO:colcon.colcon_core.shell:Creating environment descriptor '/home/batman/URC_NAV/install/urc_rover/share/urc_rover/hook/cmake_prefix_path.dsv'
[0.285s] INFO:colcon.colcon_core.shell:Creating environment hook '/home/batman/URC_NAV/install/urc_rover/share/urc_rover/hook/cmake_prefix_path.sh'
[0.286s] Level 1:colcon.colcon_core.environment:checking '/home/batman/URC_NAV/install/urc_rover/bin'
[0.286s] Level 1:colcon.colcon_core.environment:checking '/home/batman/URC_NAV/install/urc_rover/lib/pkgconfig/urc_rover.pc'
[0.286s] Level 1:colcon.colcon_core.environment:checking '/home/batman/URC_NAV/install/urc_rover/lib/python3.10/site-packages'
[0.287s] Level 1:colcon.colcon_core.environment:checking '/home/batman/URC_NAV/install/urc_rover/bin'
[0.287s] INFO:colcon.colcon_core.shell:Creating package script '/home/batman/URC_NAV/install/urc_rover/share/urc_rover/package.ps1'
[0.288s] INFO:colcon.colcon_core.shell:Creating package descriptor '/home/batman/URC_NAV/install/urc_rover/share/urc_rover/package.dsv'
[0.288s] INFO:colcon.colcon_core.shell:Creating package script '/home/batman/URC_NAV/install/urc_rover/share/urc_rover/package.sh'
[0.289s] INFO:colcon.colcon_core.shell:Creating package script '/home/batman/URC_NAV/install/urc_rover/share/urc_rover/package.bash'
[0.290s] INFO:colcon.colcon_core.shell:Creating package script '/home/batman/URC_NAV/install/urc_rover/share/urc_rover/package.zsh'
[0.291s] Level 1:colcon.colcon_core.environment:create_file_with_runtime_dependencies(/home/batman/URC_NAV/install/urc_rover/share/colcon-core/packages/urc_rover)
[0.291s] Level 1:colcon.colcon_core.environment:create_environment_scripts_only(urc_rover)
[0.292s] Level 1:colcon.colcon_core.environment:checking '/home/batman/URC_NAV/install/urc_rover' for CMake module files
[0.292s] Level 1:colcon.colcon_core.environment:checking '/home/batman/URC_NAV/install/urc_rover' for CMake config files
[0.292s] Level 1:colcon.colcon_core.shell:create_environment_hook('urc_rover', 'cmake_prefix_path')
[0.293s] INFO:colcon.colcon_core.shell:Creating environment hook '/home/batman/URC_NAV/install/urc_rover/share/urc_rover/hook/cmake_prefix_path.ps1'
[0.293s] INFO:colcon.colcon_core.shell:Creating environment descriptor '/home/batman/URC_NAV/install/urc_rover/share/urc_rover/hook/cmake_prefix_path.dsv'
[0.293s] INFO:colcon.colcon_core.shell:Creating environment hook '/home/batman/URC_NAV/install/urc_rover/share/urc_rover/hook/cmake_prefix_path.sh'
[0.294s] Level 1:colcon.colcon_core.environment:checking '/home/batman/URC_NAV/install/urc_rover/bin'
[0.294s] Level 1:colcon.colcon_core.environment:checking '/home/batman/URC_NAV/install/urc_rover/lib/pkgconfig/urc_rover.pc'
[0.294s] Level 1:colcon.colcon_core.environment:checking '/home/batman/URC_NAV/install/urc_rover/lib/python3.10/site-packages'
[0.294s] Level 1:colcon.colcon_core.environment:checking '/home/batman/URC_NAV/install/urc_rover/bin'
[0.295s] INFO:colcon.colcon_core.shell:Creating package script '/home/batman/URC_NAV/install/urc_rover/share/urc_rover/package.ps1'
[0.295s] INFO:colcon.colcon_core.shell:Creating package descriptor '/home/batman/URC_NAV/install/urc_rover/share/urc_rover/package.dsv'
[0.296s] INFO:colcon.colcon_core.shell:Creating package script '/home/batman/URC_NAV/install/urc_rover/share/urc_rover/package.sh'
[0.296s] INFO:colcon.colcon_core.shell:Creating package script '/home/batman/URC_NAV/install/urc_rover/share/urc_rover/package.bash'
[0.296s] INFO:colcon.colcon_core.shell:Creating package script '/home/batman/URC_NAV/install/urc_rover/share/urc_rover/package.zsh'
[0.297s] Level 1:colcon.colcon_core.environment:create_file_with_runtime_dependencies(/home/batman/URC_NAV/install/urc_rover/share/colcon-core/packages/urc_rover)
[0.298s] Level 1:colcon.colcon_core.environment:create_environment_scripts_only(rover_localization)
[0.298s] Level 1:colcon.colcon_core.environment:checking '/home/batman/URC_NAV/install/rover_localization' for CMake module files
[0.299s] DEBUG:colcon.colcon_core.event_handler.log_command:Invoked command in '/home/batman/URC_NAV/build/rover_localization' returned '0': CMAKE_PREFIX_PATH=${CMAKE_PREFIX_PATH}:/home/batman/turtlebot3_ws/install/aruco_marker_detection:/home/batman/turtlebot3_ws/install/turtlebot3_teleop:/home/batman/turtlebot3_ws/install/turtlebot3_example:/opt/ros/humble /usr/bin/cmake --install /home/batman/URC_NAV/build/rover_localization
[0.300s] Level 1:colcon.colcon_core.environment:checking '/home/batman/URC_NAV/install/rover_localization' for CMake config files
[0.300s] Level 1:colcon.colcon_core.shell:create_environment_hook('rover_localization', 'cmake_prefix_path')
[0.300s] INFO:colcon.colcon_core.shell:Creating environment hook '/home/batman/URC_NAV/install/rover_localization/share/rover_localization/hook/cmake_prefix_path.ps1'
[0.300s] INFO:colcon.colcon_core.shell:Creating environment descriptor '/home/batman/URC_NAV/install/rover_localization/share/rover_localization/hook/cmake_prefix_path.dsv'
[0.301s] INFO:colcon.colcon_core.shell:Creating environment hook '/home/batman/URC_NAV/install/rover_localization/share/rover_localization/hook/cmake_prefix_path.sh'
[0.301s] Level 1:colcon.colcon_core.environment:checking '/home/batman/URC_NAV/install/rover_localization/bin'
[0.301s] Level 1:colcon.colcon_core.environment:checking '/home/batman/URC_NAV/install/rover_localization/lib/pkgconfig/rover_localization.pc'
[0.302s] Level 1:colcon.colcon_core.environment:checking '/home/batman/URC_NAV/install/rover_localization/lib/python3.10/site-packages'
[0.302s] Level 1:colcon.colcon_core.environment:checking '/home/batman/URC_NAV/install/rover_localization/bin'
[0.302s] INFO:colcon.colcon_core.shell:Creating package script '/home/batman/URC_NAV/install/rover_localization/share/rover_localization/package.ps1'
[0.303s] INFO:colcon.colcon_core.shell:Creating package descriptor '/home/batman/URC_NAV/install/rover_localization/share/rover_localization/package.dsv'
[0.303s] INFO:colcon.colcon_core.shell:Creating package script '/home/batman/URC_NAV/install/rover_localization/share/rover_localization/package.sh'
[0.304s] INFO:colcon.colcon_core.shell:Creating package script '/home/batman/URC_NAV/install/rover_localization/share/rover_localization/package.bash'
[0.304s] INFO:colcon.colcon_core.shell:Creating package script '/home/batman/URC_NAV/install/rover_localization/share/rover_localization/package.zsh'
[0.304s] Level 1:colcon.colcon_core.environment:create_file_with_runtime_dependencies(/home/batman/URC_NAV/install/rover_localization/share/colcon-core/packages/rover_localization)
[0.305s] Level 1:colcon.colcon_core.environment:create_environment_scripts_only(rover_localization)
[0.305s] Level 1:colcon.colcon_core.environment:checking '/home/batman/URC_NAV/install/rover_localization' for CMake module files
[0.306s] Level 1:colcon.colcon_core.environment:checking '/home/batman/URC_NAV/install/rover_localization' for CMake config files
[0.306s] Level 1:colcon.colcon_core.shell:create_environment_hook('rover_localization', 'cmake_prefix_path')
[0.306s] INFO:colcon.colcon_core.shell:Creating environment hook '/home/batman/URC_NAV/install/rover_localization/share/rover_localization/hook/cmake_prefix_path.ps1'
[0.306s] INFO:colcon.colcon_core.shell:Creating environment descriptor '/home/batman/URC_NAV/install/rover_localization/share/rover_localization/hook/cmake_prefix_path.dsv'
[0.307s] INFO:colcon.colcon_core.shell:Creating environment hook '/home/batman/URC_NAV/install/rover_localization/share/rover_localization/hook/cmake_prefix_path.sh'
[0.307s] Level 1:colcon.colcon_core.environment:checking '/home/batman/URC_NAV/install/rover_localization/bin'
[0.307s] Level 1:colcon.colcon_core.environment:checking '/home/batman/URC_NAV/install/rover_localization/lib/pkgconfig/rover_localization.pc'
[0.308s] Level 1:colcon.colcon_core.environment:checking '/home/batman/URC_NAV/install/rover_localization/lib/python3.10/site-packages'
[0.308s] Level 1:colcon.colcon_core.environment:checking '/home/batman/URC_NAV/install/rover_localization/bin'
[0.308s] INFO:colcon.colcon_core.shell:Creating package script '/home/batman/URC_NAV/install/rover_localization/share/rover_localization/package.ps1'
[0.309s] INFO:colcon.colcon_core.shell:Creating package descriptor '/home/batman/URC_NAV/install/rover_localization/share/rover_localization/package.dsv'
[0.309s] INFO:colcon.colcon_core.shell:Creating package script '/home/batman/URC_NAV/install/rover_localization/share/rover_localization/package.sh'
[0.310s] INFO:colcon.colcon_core.shell:Creating package script '/home/batman/URC_NAV/install/rover_localization/share/rover_localization/package.bash'
[0.310s] INFO:colcon.colcon_core.shell:Creating package script '/home/batman/URC_NAV/install/rover_localization/share/rover_localization/package.zsh'
[0.311s] Level 1:colcon.colcon_core.environment:create_file_with_runtime_dependencies(/home/batman/URC_NAV/install/rover_localization/share/colcon-core/packages/rover_localization)
[0.456s] DEBUG:colcon.colcon_core.event_handler.log_command:Invoked command in '/home/batman/URC_NAV/build/rover_msgs' returned '0': CMAKE_PREFIX_PATH=${CMAKE_PREFIX_PATH}:/home/batman/turtlebot3_ws/install/aruco_marker_detection:/home/batman/turtlebot3_ws/install/turtlebot3_teleop:/home/batman/turtlebot3_ws/install/turtlebot3_example:/opt/ros/humble /usr/bin/cmake --build /home/batman/URC_NAV/build/rover_msgs -- -j16 -l16
[0.457s] DEBUG:colcon.colcon_core.event_handler.log_command:Invoking command in '/home/batman/URC_NAV/build/rover_msgs': CMAKE_PREFIX_PATH=${CMAKE_PREFIX_PATH}:/home/batman/turtlebot3_ws/install/aruco_marker_detection:/home/batman/turtlebot3_ws/install/turtlebot3_teleop:/home/batman/turtlebot3_ws/install/turtlebot3_example:/opt/ros/humble /usr/bin/cmake --install /home/batman/URC_NAV/build/rover_msgs
[0.512s] Level 1:colcon.colcon_core.environment:create_environment_scripts_only(rover_msgs)
[0.512s] Level 1:colcon.colcon_core.environment:checking '/home/batman/URC_NAV/install/rover_msgs' for CMake module files
[0.513s] DEBUG:colcon.colcon_core.event_handler.log_command:Invoked command in '/home/batman/URC_NAV/build/rover_msgs' returned '0': CMAKE_PREFIX_PATH=${CMAKE_PREFIX_PATH}:/home/batman/turtlebot3_ws/install/aruco_marker_detection:/home/batman/turtlebot3_ws/install/turtlebot3_teleop:/home/batman/turtlebot3_ws/install/turtlebot3_example:/opt/ros/humble /usr/bin/cmake --install /home/batman/URC_NAV/build/rover_msgs
[0.513s] Level 1:colcon.colcon_core.environment:checking '/home/batman/URC_NAV/install/rover_msgs' for CMake config files
[0.513s] Level 1:colcon.colcon_core.shell:create_environment_hook('rover_msgs', 'cmake_prefix_path')
[0.513s] INFO:colcon.colcon_core.shell:Creating environment hook '/home/batman/URC_NAV/install/rover_msgs/share/rover_msgs/hook/cmake_prefix_path.ps1'
[0.514s] INFO:colcon.colcon_core.shell:Creating environment descriptor '/home/batman/URC_NAV/install/rover_msgs/share/rover_msgs/hook/cmake_prefix_path.dsv'
[0.514s] INFO:colcon.colcon_core.shell:Creating environment hook '/home/batman/URC_NAV/install/rover_msgs/share/rover_msgs/hook/cmake_prefix_path.sh'
[0.514s] Level 1:colcon.colcon_core.environment:checking '/home/batman/URC_NAV/install/rover_msgs/lib'
[0.514s] Level 1:colcon.colcon_core.shell:create_environment_hook('rover_msgs', 'ld_library_path_lib')
[0.514s] INFO:colcon.colcon_core.shell:Creating environment hook '/home/batman/URC_NAV/install/rover_msgs/share/rover_msgs/hook/ld_library_path_lib.ps1'
[0.515s] INFO:colcon.colcon_core.shell:Creating environment descriptor '/home/batman/URC_NAV/install/rover_msgs/share/rover_msgs/hook/ld_library_path_lib.dsv'
[0.515s] INFO:colcon.colcon_core.shell:Creating environment hook '/home/batman/URC_NAV/install/rover_msgs/share/rover_msgs/hook/ld_library_path_lib.sh'
[0.515s] Level 1:colcon.colcon_core.environment:checking '/home/batman/URC_NAV/install/rover_msgs/bin'
[0.515s] Level 1:colcon.colcon_core.environment:checking '/home/batman/URC_NAV/install/rover_msgs/lib/pkgconfig/rover_msgs.pc'
[0.515s] Level 1:colcon.colcon_core.environment:checking '/home/batman/URC_NAV/install/rover_msgs/lib/python3.10/site-packages'
[0.515s] Level 1:colcon.colcon_core.environment:checking '/home/batman/URC_NAV/install/rover_msgs/bin'
[0.515s] INFO:colcon.colcon_core.shell:Creating package script '/home/batman/URC_NAV/install/rover_msgs/share/rover_msgs/package.ps1'
[0.516s] INFO:colcon.colcon_core.shell:Creating package descriptor '/home/batman/URC_NAV/install/rover_msgs/share/rover_msgs/package.dsv'
[0.516s] INFO:colcon.colcon_core.shell:Creating package script '/home/batman/URC_NAV/install/rover_msgs/share/rover_msgs/package.sh'
[0.516s] INFO:colcon.colcon_core.shell:Creating package script '/home/batman/URC_NAV/install/rover_msgs/share/rover_msgs/package.bash'
[0.516s] INFO:colcon.colcon_core.shell:Creating package script '/home/batman/URC_NAV/install/rover_msgs/share/rover_msgs/package.zsh'
[0.516s] Level 1:colcon.colcon_core.environment:create_file_with_runtime_dependencies(/home/batman/URC_NAV/install/rover_msgs/share/colcon-core/packages/rover_msgs)
[0.517s] Level 1:colcon.colcon_core.environment:create_environment_scripts_only(rover_msgs)
[0.517s] Level 1:colcon.colcon_core.environment:checking '/home/batman/URC_NAV/install/rover_msgs' for CMake module files
[0.517s] Level 1:colcon.colcon_core.environment:checking '/home/batman/URC_NAV/install/rover_msgs' for CMake config files
[0.517s] Level 1:colcon.colcon_core.shell:create_environment_hook('rover_msgs', 'cmake_prefix_path')
[0.517s] INFO:colcon.colcon_core.shell:Creating environment hook '/home/batman/URC_NAV/install/rover_msgs/share/rover_msgs/hook/cmake_prefix_path.ps1'
[0.518s] INFO:colcon.colcon_core.shell:Creating environment descriptor '/home/batman/URC_NAV/install/rover_msgs/share/rover_msgs/hook/cmake_prefix_path.dsv'
[0.518s] INFO:colcon.colcon_core.shell:Creating environment hook '/home/batman/URC_NAV/install/rover_msgs/share/rover_msgs/hook/cmake_prefix_path.sh'
[0.518s] Level 1:colcon.colcon_core.environment:checking '/home/batman/URC_NAV/install/rover_msgs/lib'
[0.518s] Level 1:colcon.colcon_core.shell:create_environment_hook('rover_msgs', 'ld_library_path_lib')
[0.518s] INFO:colcon.colcon_core.shell:Creating environment hook '/home/batman/URC_NAV/install/rover_msgs/share/rover_msgs/hook/ld_library_path_lib.ps1'
[0.518s] INFO:colcon.colcon_core.shell:Creating environment descriptor '/home/batman/URC_NAV/install/rover_msgs/share/rover_msgs/hook/ld_library_path_lib.dsv'
[0.519s] INFO:colcon.colcon_core.shell:Creating environment hook '/home/batman/URC_NAV/install/rover_msgs/share/rover_msgs/hook/ld_library_path_lib.sh'
[0.519s] Level 1:colcon.colcon_core.environment:checking '/home/batman/URC_NAV/install/rover_msgs/bin'
[0.519s] Level 1:colcon.colcon_core.environment:checking '/home/batman/URC_NAV/install/rover_msgs/lib/pkgconfig/rover_msgs.pc'
[0.519s] Level 1:colcon.colcon_core.environment:checking '/home/batman/URC_NAV/install/rover_msgs/lib/python3.10/site-packages'
[0.519s] Level 1:colcon.colcon_core.environment:checking '/home/batman/URC_NAV/install/rover_msgs/bin'
[0.519s] INFO:colcon.colcon_core.shell:Creating package script '/home/batman/URC_NAV/install/rover_msgs/share/rover_msgs/package.ps1'
[0.520s] INFO:colcon.colcon_core.shell:Creating package descriptor '/home/batman/URC_NAV/install/rover_msgs/share/rover_msgs/package.dsv'
[0.520s] INFO:colcon.colcon_core.shell:Creating package script '/home/batman/URC_NAV/install/rover_msgs/share/rover_msgs/package.sh'
[0.520s] INFO:colcon.colcon_core.shell:Creating package script '/home/batman/URC_NAV/install/rover_msgs/share/rover_msgs/package.bash'
[0.520s] INFO:colcon.colcon_core.shell:Creating package script '/home/batman/URC_NAV/install/rover_msgs/share/rover_msgs/package.zsh'
[0.520s] Level 1:colcon.colcon_core.environment:create_file_with_runtime_dependencies(/home/batman/URC_NAV/install/rover_msgs/share/colcon-core/packages/rover_msgs)
[0.521s] INFO:colcon.colcon_ros.task.ament_cmake.build:Building ROS package in '/home/batman/URC_NAV/src/rover_motor_controller_cpp' with build type 'ament_cmake'
[0.521s] INFO:colcon.colcon_cmake.task.cmake.build:Building CMake package in '/home/batman/URC_NAV/src/rover_motor_controller_cpp'
[0.521s] INFO:colcon.colcon_core.shell:Skip shell extension 'powershell' for command environment: Not usable outside of PowerShell
[0.521s] DEBUG:colcon.colcon_core.shell:Skip shell extension 'dsv' for command environment
[0.529s] DEBUG:colcon.colcon_core.event_handler.log_command:Invoking command in '/home/batman/URC_NAV/build/rover_motor_controller_cpp': CMAKE_PREFIX_PATH=/home/batman/URC_NAV/install/rover_msgs:/home/batman/URC_NAV/install/urc_rover:/home/batman/URC_NAV/install/rover_gazebo:/home/batman/URC_NAV/install/rover_motor_controller_cpp:/home/batman/URC_NAV/install/rover_localization:/home/batman/URC_NAV/install/rover_controller:/home/batman/turtlebot3_ws/install/turtlebot3:/home/batman/turtlebot3_ws/install/turtlebot3_bringup:/home/batman/turtlebot3_ws/install/turtlebot3_node:/home/batman/turtlebot3_ws/install/turtlebot3_navigation2:/home/batman/turtlebot3_ws/install/turtlebot3_msgs:/home/batman/turtlebot3_ws/install/turtlebot3_description:/home/batman/turtlebot3_ws/install/turtlebot3_cartographer:/home/batman/turtlebot3_ws/install/dynamixel_sdk_examples:/home/batman/turtlebot3_ws/install/dynamixel_sdk_custom_interfaces:/home/batman/turtlebot3_ws/install/dynamixel_sdk:/home/batman/turtlebot3_ws/install/aruco_marker_detection:/home/batman/turtlebot3_ws/install/turtlebot3_teleop:/home/batman/turtlebot3_ws/install/turtlebot3_example:/opt/ros/humble LD_LIBRARY_PATH=/home/batman/URC_NAV/install/rover_msgs/lib:/home/batman/turtlebot3_ws/install/turtlebot3_msgs/lib:/home/batman/turtlebot3_ws/install/dynamixel_sdk_custom_interfaces/lib:/home/batman/turtlebot3_ws/install/dynamixel_sdk/lib:/usr/lib/x86_64-linux-gnu/gazebo-11/plugins:/opt/ros/humble/opt/rviz_ogre_vendor/lib:/opt/ros/humble/lib/x86_64-linux-gnu:/opt/ros/humble/lib:/usr/lib/x86_64-linux-gnu/gazebo-11/plugins /usr/bin/cmake --build /home/batman/URC_NAV/build/rover_motor_controller_cpp -- -j16 -l16
[0.588s] DEBUG:colcon.colcon_core.event_handler.log_command:Invoked command in '/home/batman/URC_NAV/build/rover_motor_controller_cpp' returned '0': CMAKE_PREFIX_PATH=/home/batman/URC_NAV/install/rover_msgs:/home/batman/URC_NAV/install/urc_rover:/home/batman/URC_NAV/install/rover_gazebo:/home/batman/URC_NAV/install/rover_motor_controller_cpp:/home/batman/URC_NAV/install/rover_localization:/home/batman/URC_NAV/install/rover_controller:/home/batman/turtlebot3_ws/install/turtlebot3:/home/batman/turtlebot3_ws/install/turtlebot3_bringup:/home/batman/turtlebot3_ws/install/turtlebot3_node:/home/batman/turtlebot3_ws/install/turtlebot3_navigation2:/home/batman/turtlebot3_ws/install/turtlebot3_msgs:/home/batman/turtlebot3_ws/install/turtlebot3_description:/home/batman/turtlebot3_ws/install/turtlebot3_cartographer:/home/batman/turtlebot3_ws/install/dynamixel_sdk_examples:/home/batman/turtlebot3_ws/install/dynamixel_sdk_custom_interfaces:/home/batman/turtlebot3_ws/install/dynamixel_sdk:/home/batman/turtlebot3_ws/install/aruco_marker_detection:/home/batman/turtlebot3_ws/install/turtlebot3_teleop:/home/batman/turtlebot3_ws/install/turtlebot3_example:/opt/ros/humble LD_LIBRARY_PATH=/home/batman/URC_NAV/install/rover_msgs/lib:/home/batman/turtlebot3_ws/install/turtlebot3_msgs/lib:/home/batman/turtlebot3_ws/install/dynamixel_sdk_custom_interfaces/lib:/home/batman/turtlebot3_ws/install/dynamixel_sdk/lib:/usr/lib/x86_64-linux-gnu/gazebo-11/plugins:/opt/ros/humble/opt/rviz_ogre_vendor/lib:/opt/ros/humble/lib/x86_64-linux-gnu:/opt/ros/humble/lib:/usr/lib/x86_64-linux-gnu/gazebo-11/plugins /usr/bin/cmake --build /home/batman/URC_NAV/build/rover_motor_controller_cpp -- -j16 -l16
[0.589s] DEBUG:colcon.colcon_core.event_handler.log_command:Invoking command in '/home/batman/URC_NAV/build/rover_motor_controller_cpp': CMAKE_PREFIX_PATH=/home/batman/URC_NAV/install/rover_msgs:/home/batman/URC_NAV/install/urc_rover:/home/batman/URC_NAV/install/rover_gazebo:/home/batman/URC_NAV/install/rover_motor_controller_cpp:/home/batman/URC_NAV/install/rover_localization:/home/batman/URC_NAV/install/rover_controller:/home/batman/turtlebot3_ws/install/turtlebot3:/home/batman/turtlebot3_ws/install/turtlebot3_bringup:/home/batman/turtlebot3_ws/install/turtlebot3_node:/home/batman/turtlebot3_ws/install/turtlebot3_navigation2:/home/batman/turtlebot3_ws/install/turtlebot3_msgs:/home/batman/turtlebot3_ws/install/turtlebot3_description:/home/batman/turtlebot3_ws/install/turtlebot3_cartographer:/home/batman/turtlebot3_ws/install/dynamixel_sdk_examples:/home/batman/turtlebot3_ws/install/dynamixel_sdk_custom_interfaces:/home/batman/turtlebot3_ws/install/dynamixel_sdk:/home/batman/turtlebot3_ws/install/aruco_marker_detection:/home/batman/turtlebot3_ws/install/turtlebot3_teleop:/home/batman/turtlebot3_ws/install/turtlebot3_example:/opt/ros/humble LD_LIBRARY_PATH=/home/batman/URC_NAV/install/rover_msgs/lib:/home/batman/turtlebot3_ws/install/turtlebot3_msgs/lib:/home/batman/turtlebot3_ws/install/dynamixel_sdk_custom_interfaces/lib:/home/batman/turtlebot3_ws/install/dynamixel_sdk/lib:/usr/lib/x86_64-linux-gnu/gazebo-11/plugins:/opt/ros/humble/opt/rviz_ogre_vendor/lib:/opt/ros/humble/lib/x86_64-linux-gnu:/opt/ros/humble/lib:/usr/lib/x86_64-linux-gnu/gazebo-11/plugins /usr/bin/cmake --install /home/batman/URC_NAV/build/rover_motor_controller_cpp
[0.596s] Level 1:colcon.colcon_core.environment:create_environment_scripts_only(rover_motor_controller_cpp)
[0.596s] Level 1:colcon.colcon_core.environment:checking '/home/batman/URC_NAV/install/rover_motor_controller_cpp' for CMake module files
[0.596s] DEBUG:colcon.colcon_core.event_handler.log_command:Invoked command in '/home/batman/URC_NAV/build/rover_motor_controller_cpp' returned '0': CMAKE_PREFIX_PATH=/home/batman/URC_NAV/install/rover_msgs:/home/batman/URC_NAV/install/urc_rover:/home/batman/URC_NAV/install/rover_gazebo:/home/batman/URC_NAV/install/rover_motor_controller_cpp:/home/batman/URC_NAV/install/rover_localization:/home/batman/URC_NAV/install/rover_controller:/home/batman/turtlebot3_ws/install/turtlebot3:/home/batman/turtlebot3_ws/install/turtlebot3_bringup:/home/batman/turtlebot3_ws/install/turtlebot3_node:/home/batman/turtlebot3_ws/install/turtlebot3_navigation2:/home/batman/turtlebot3_ws/install/turtlebot3_msgs:/home/batman/turtlebot3_ws/install/turtlebot3_description:/home/batman/turtlebot3_ws/install/turtlebot3_cartographer:/home/batman/turtlebot3_ws/install/dynamixel_sdk_examples:/home/batman/turtlebot3_ws/install/dynamixel_sdk_custom_interfaces:/home/batman/turtlebot3_ws/install/dynamixel_sdk:/home/batman/turtlebot3_ws/install/aruco_marker_detection:/home/batman/turtlebot3_ws/install/turtlebot3_teleop:/home/batman/turtlebot3_ws/install/turtlebot3_example:/opt/ros/humble LD_LIBRARY_PATH=/home/batman/URC_NAV/install/rover_msgs/lib:/home/batman/turtlebot3_ws/install/turtlebot3_msgs/lib:/home/batman/turtlebot3_ws/install/dynamixel_sdk_custom_interfaces/lib:/home/batman/turtlebot3_ws/install/dynamixel_sdk/lib:/usr/lib/x86_64-linux-gnu/gazebo-11/plugins:/opt/ros/humble/opt/rviz_ogre_vendor/lib:/opt/ros/humble/lib/x86_64-linux-gnu:/opt/ros/humble/lib:/usr/lib/x86_64-linux-gnu/gazebo-11/plugins /usr/bin/cmake --install /home/batman/URC_NAV/build/rover_motor_controller_cpp
[0.596s] Level 1:colcon.colcon_core.environment:checking '/home/batman/URC_NAV/install/rover_motor_controller_cpp' for CMake config files
[0.596s] Level 1:colcon.colcon_core.shell:create_environment_hook('rover_motor_controller_cpp', 'cmake_prefix_path')
[0.597s] INFO:colcon.colcon_core.shell:Creating environment hook '/home/batman/URC_NAV/install/rover_motor_controller_cpp/share/rover_motor_controller_cpp/hook/cmake_prefix_path.ps1'
[0.597s] INFO:colcon.colcon_core.shell:Creating environment descriptor '/home/batman/URC_NAV/install/rover_motor_controller_cpp/share/rover_motor_controller_cpp/hook/cmake_prefix_path.dsv'
[0.597s] INFO:colcon.colcon_core.shell:Creating environment hook '/home/batman/URC_NAV/install/rover_motor_controller_cpp/share/rover_motor_controller_cpp/hook/cmake_prefix_path.sh'
[0.597s] Level 1:colcon.colcon_core.environment:checking '/home/batman/URC_NAV/install/rover_motor_controller_cpp/lib'
[0.597s] Level 1:colcon.colcon_core.environment:checking '/home/batman/URC_NAV/install/rover_motor_controller_cpp/bin'
[0.597s] Level 1:colcon.colcon_core.environment:checking '/home/batman/URC_NAV/install/rover_motor_controller_cpp/lib/pkgconfig/rover_motor_controller_cpp.pc'
[0.598s] Level 1:colcon.colcon_core.environment:checking '/home/batman/URC_NAV/install/rover_motor_controller_cpp/lib/python3.10/site-packages'
[0.598s] Level 1:colcon.colcon_core.environment:checking '/home/batman/URC_NAV/install/rover_motor_controller_cpp/bin'
[0.598s] INFO:colcon.colcon_core.shell:Creating package script '/home/batman/URC_NAV/install/rover_motor_controller_cpp/share/rover_motor_controller_cpp/package.ps1'
[0.598s] INFO:colcon.colcon_core.shell:Creating package descriptor '/home/batman/URC_NAV/install/rover_motor_controller_cpp/share/rover_motor_controller_cpp/package.dsv'
[0.598s] INFO:colcon.colcon_core.shell:Creating package script '/home/batman/URC_NAV/install/rover_motor_controller_cpp/share/rover_motor_controller_cpp/package.sh'
[0.598s] INFO:colcon.colcon_core.shell:Creating package script '/home/batman/URC_NAV/install/rover_motor_controller_cpp/share/rover_motor_controller_cpp/package.bash'
[0.599s] INFO:colcon.colcon_core.shell:Creating package script '/home/batman/URC_NAV/install/rover_motor_controller_cpp/share/rover_motor_controller_cpp/package.zsh'
[0.599s] Level 1:colcon.colcon_core.environment:create_file_with_runtime_dependencies(/home/batman/URC_NAV/install/rover_motor_controller_cpp/share/colcon-core/packages/rover_motor_controller_cpp)
[0.599s] Level 1:colcon.colcon_core.environment:create_environment_scripts_only(rover_motor_controller_cpp)
[0.599s] Level 1:colcon.colcon_core.environment:checking '/home/batman/URC_NAV/install/rover_motor_controller_cpp' for CMake module files
[0.599s] Level 1:colcon.colcon_core.environment:checking '/home/batman/URC_NAV/install/rover_motor_controller_cpp' for CMake config files
[0.599s] Level 1:colcon.colcon_core.shell:create_environment_hook('rover_motor_controller_cpp', 'cmake_prefix_path')
[0.600s] INFO:colcon.colcon_core.shell:Creating environment hook '/home/batman/URC_NAV/install/rover_motor_controller_cpp/share/rover_motor_controller_cpp/hook/cmake_prefix_path.ps1'
[0.600s] INFO:colcon.colcon_core.shell:Creating environment descriptor '/home/batman/URC_NAV/install/rover_motor_controller_cpp/share/rover_motor_controller_cpp/hook/cmake_prefix_path.dsv'
[0.600s] INFO:colcon.colcon_core.shell:Creating environment hook '/home/batman/URC_NAV/install/rover_motor_controller_cpp/share/rover_motor_controller_cpp/hook/cmake_prefix_path.sh'
[0.600s] Level 1:colcon.colcon_core.environment:checking '/home/batman/URC_NAV/install/rover_motor_controller_cpp/lib'
[0.600s] Level 1:colcon.colcon_core.environment:checking '/home/batman/URC_NAV/install/rover_motor_controller_cpp/bin'
[0.600s] Level 1:colcon.colcon_core.environment:checking '/home/batman/URC_NAV/install/rover_motor_controller_cpp/lib/pkgconfig/rover_motor_controller_cpp.pc'
[0.600s] Level 1:colcon.colcon_core.environment:checking '/home/batman/URC_NAV/install/rover_motor_controller_cpp/lib/python3.10/site-packages'
[0.601s] Level 1:colcon.colcon_core.environment:checking '/home/batman/URC_NAV/install/rover_motor_controller_cpp/bin'
[0.601s] INFO:colcon.colcon_core.shell:Creating package script '/home/batman/URC_NAV/install/rover_motor_controller_cpp/share/rover_motor_controller_cpp/package.ps1'
[0.601s] INFO:colcon.colcon_core.shell:Creating package descriptor '/home/batman/URC_NAV/install/rover_motor_controller_cpp/share/rover_motor_controller_cpp/package.dsv'
[0.601s] INFO:colcon.colcon_core.shell:Creating package script '/home/batman/URC_NAV/install/rover_motor_controller_cpp/share/rover_motor_controller_cpp/package.sh'
[0.601s] INFO:colcon.colcon_core.shell:Creating package script '/home/batman/URC_NAV/install/rover_motor_controller_cpp/share/rover_motor_controller_cpp/package.bash'
[0.602s] INFO:colcon.colcon_core.shell:Creating package script '/home/batman/URC_NAV/install/rover_motor_controller_cpp/share/rover_motor_controller_cpp/package.zsh'
[0.602s] Level 1:colcon.colcon_core.environment:create_file_with_runtime_dependencies(/home/batman/URC_NAV/install/rover_motor_controller_cpp/share/colcon-core/packages/rover_motor_controller_cpp)
[0.602s] INFO:colcon.colcon_ros.task.ament_cmake.build:Building ROS package in '/home/batman/URC_NAV/src/rover_gazebo' with build type 'ament_cmake'
[0.602s] INFO:colcon.colcon_cmake.task.cmake.build:Building CMake package in '/home/batman/URC_NAV/src/rover_gazebo'
[0.602s] INFO:colcon.colcon_core.shell:Skip shell extension 'powershell' for command environment: Not usable outside of PowerShell
[0.602s] DEBUG:colcon.colcon_core.shell:Skip shell extension 'dsv' for command environment
[0.611s] DEBUG:colcon.colcon_core.event_handler.log_command:Invoking command in '/home/batman/URC_NAV/build/rover_gazebo': CMAKE_PREFIX_PATH=/home/batman/URC_NAV/install/rover_motor_controller_cpp:/home/batman/URC_NAV/install/rover_msgs:/home/batman/URC_NAV/install/urc_rover:/home/batman/URC_NAV/install/rover_gazebo:/home/batman/URC_NAV/install/rover_localization:/home/batman/URC_NAV/install/rover_controller:/home/batman/turtlebot3_ws/install/turtlebot3:/home/batman/turtlebot3_ws/install/turtlebot3_bringup:/home/batman/turtlebot3_ws/install/turtlebot3_node:/home/batman/turtlebot3_ws/install/turtlebot3_navigation2:/home/batman/turtlebot3_ws/install/turtlebot3_msgs:/home/batman/turtlebot3_ws/install/turtlebot3_description:/home/batman/turtlebot3_ws/install/turtlebot3_cartographer:/home/batman/turtlebot3_ws/install/dynamixel_sdk_examples:/home/batman/turtlebot3_ws/install/dynamixel_sdk_custom_interfaces:/home/batman/turtlebot3_ws/install/dynamixel_sdk:/home/batman/turtlebot3_ws/install/aruco_marker_detection:/home/batman/turtlebot3_ws/install/turtlebot3_teleop:/home/batman/turtlebot3_ws/install/turtlebot3_example:/opt/ros/humble LD_LIBRARY_PATH=/home/batman/URC_NAV/install/rover_msgs/lib:/home/batman/turtlebot3_ws/install/turtlebot3_msgs/lib:/home/batman/turtlebot3_ws/install/dynamixel_sdk_custom_interfaces/lib:/home/batman/turtlebot3_ws/install/dynamixel_sdk/lib:/usr/lib/x86_64-linux-gnu/gazebo-11/plugins:/opt/ros/humble/opt/rviz_ogre_vendor/lib:/opt/ros/humble/lib/x86_64-linux-gnu:/opt/ros/humble/lib:/usr/lib/x86_64-linux-gnu/gazebo-11/plugins /usr/bin/cmake --build /home/batman/URC_NAV/build/rover_gazebo -- -j16 -l16
[0.670s] DEBUG:colcon.colcon_core.event_handler.log_command:Invoked command in '/home/batman/URC_NAV/build/rover_gazebo' returned '0': CMAKE_PREFIX_PATH=/home/batman/URC_NAV/install/rover_motor_controller_cpp:/home/batman/URC_NAV/install/rover_msgs:/home/batman/URC_NAV/install/urc_rover:/home/batman/URC_NAV/install/rover_gazebo:/home/batman/URC_NAV/install/rover_localization:/home/batman/URC_NAV/install/rover_controller:/home/batman/turtlebot3_ws/install/turtlebot3:/home/batman/turtlebot3_ws/install/turtlebot3_bringup:/home/batman/turtlebot3_ws/install/turtlebot3_node:/home/batman/turtlebot3_ws/install/turtlebot3_navigation2:/home/batman/turtlebot3_ws/install/turtlebot3_msgs:/home/batman/turtlebot3_ws/install/turtlebot3_description:/home/batman/turtlebot3_ws/install/turtlebot3_cartographer:/home/batman/turtlebot3_ws/install/dynamixel_sdk_examples:/home/batman/turtlebot3_ws/install/dynamixel_sdk_custom_interfaces:/home/batman/turtlebot3_ws/install/dynamixel_sdk:/home/batman/turtlebot3_ws/install/aruco_marker_detection:/home/batman/turtlebot3_ws/install/turtlebot3_teleop:/home/batman/turtlebot3_ws/install/turtlebot3_example:/opt/ros/humble LD_LIBRARY_PATH=/home/batman/URC_NAV/install/rover_msgs/lib:/home/batman/turtlebot3_ws/install/turtlebot3_msgs/lib:/home/batman/turtlebot3_ws/install/dynamixel_sdk_custom_interfaces/lib:/home/batman/turtlebot3_ws/install/dynamixel_sdk/lib:/usr/lib/x86_64-linux-gnu/gazebo-11/plugins:/opt/ros/humble/opt/rviz_ogre_vendor/lib:/opt/ros/humble/lib/x86_64-linux-gnu:/opt/ros/humble/lib:/usr/lib/x86_64-linux-gnu/gazebo-11/plugins /usr/bin/cmake --build /home/batman/URC_NAV/build/rover_gazebo -- -j16 -l16
[0.672s] DEBUG:colcon.colcon_core.event_handler.log_command:Invoking command in '/home/batman/URC_NAV/build/rover_gazebo': CMAKE_PREFIX_PATH=/home/batman/URC_NAV/install/rover_motor_controller_cpp:/home/batman/URC_NAV/install/rover_msgs:/home/batman/URC_NAV/install/urc_rover:/home/batman/URC_NAV/install/rover_gazebo:/home/batman/URC_NAV/install/rover_localization:/home/batman/URC_NAV/install/rover_controller:/home/batman/turtlebot3_ws/install/turtlebot3:/home/batman/turtlebot3_ws/install/turtlebot3_bringup:/home/batman/turtlebot3_ws/install/turtlebot3_node:/home/batman/turtlebot3_ws/install/turtlebot3_navigation2:/home/batman/turtlebot3_ws/install/turtlebot3_msgs:/home/batman/turtlebot3_ws/install/turtlebot3_description:/home/batman/turtlebot3_ws/install/turtlebot3_cartographer:/home/batman/turtlebot3_ws/install/dynamixel_sdk_examples:/home/batman/turtlebot3_ws/install/dynamixel_sdk_custom_interfaces:/home/batman/turtlebot3_ws/install/dynamixel_sdk:/home/batman/turtlebot3_ws/install/aruco_marker_detection:/home/batman/turtlebot3_ws/install/turtlebot3_teleop:/home/batman/turtlebot3_ws/install/turtlebot3_example:/opt/ros/humble LD_LIBRARY_PATH=/home/batman/URC_NAV/install/rover_msgs/lib:/home/batman/turtlebot3_ws/install/turtlebot3_msgs/lib:/home/batman/turtlebot3_ws/install/dynamixel_sdk_custom_interfaces/lib:/home/batman/turtlebot3_ws/install/dynamixel_sdk/lib:/usr/lib/x86_64-linux-gnu/gazebo-11/plugins:/opt/ros/humble/opt/rviz_ogre_vendor/lib:/opt/ros/humble/lib/x86_64-linux-gnu:/opt/ros/humble/lib:/usr/lib/x86_64-linux-gnu/gazebo-11/plugins /usr/bin/cmake --install /home/batman/URC_NAV/build/rover_gazebo
[0.681s] Level 1:colcon.colcon_core.environment:create_environment_scripts_only(rover_gazebo)
[0.682s] Level 1:colcon.colcon_core.environment:checking '/home/batman/URC_NAV/install/rover_gazebo' for CMake module files
[0.682s] Level 1:colcon.colcon_core.environment:checking '/home/batman/URC_NAV/install/rover_gazebo' for CMake config files
[0.691s] DEBUG:colcon.colcon_core.event_handler.log_command:Invoked command in '/home/batman/URC_NAV/build/rover_gazebo' returned '0': CMAKE_PREFIX_PATH=/home/batman/URC_NAV/install/rover_motor_controller_cpp:/home/batman/URC_NAV/install/rover_msgs:/home/batman/URC_NAV/install/urc_rover:/home/batman/URC_NAV/install/rover_gazebo:/home/batman/URC_NAV/install/rover_localization:/home/batman/URC_NAV/install/rover_controller:/home/batman/turtlebot3_ws/install/turtlebot3:/home/batman/turtlebot3_ws/install/turtlebot3_bringup:/home/batman/turtlebot3_ws/install/turtlebot3_node:/home/batman/turtlebot3_ws/install/turtlebot3_navigation2:/home/batman/turtlebot3_ws/install/turtlebot3_msgs:/home/batman/turtlebot3_ws/install/turtlebot3_description:/home/batman/turtlebot3_ws/install/turtlebot3_cartographer:/home/batman/turtlebot3_ws/install/dynamixel_sdk_examples:/home/batman/turtlebot3_ws/install/dynamixel_sdk_custom_interfaces:/home/batman/turtlebot3_ws/install/dynamixel_sdk:/home/batman/turtlebot3_ws/install/aruco_marker_detection:/home/batman/turtlebot3_ws/install/turtlebot3_teleop:/home/batman/turtlebot3_ws/install/turtlebot3_example:/opt/ros/humble LD_LIBRARY_PATH=/home/batman/URC_NAV/install/rover_msgs/lib:/home/batman/turtlebot3_ws/install/turtlebot3_msgs/lib:/home/batman/turtlebot3_ws/install/dynamixel_sdk_custom_interfaces/lib:/home/batman/turtlebot3_ws/install/dynamixel_sdk/lib:/usr/lib/x86_64-linux-gnu/gazebo-11/plugins:/opt/ros/humble/opt/rviz_ogre_vendor/lib:/opt/ros/humble/lib/x86_64-linux-gnu:/opt/ros/humble/lib:/usr/lib/x86_64-linux-gnu/gazebo-11/plugins /usr/bin/cmake --install /home/batman/URC_NAV/build/rover_gazebo
[0.691s] Level 1:colcon.colcon_core.shell:create_environment_hook('rover_gazebo', 'cmake_prefix_path')
[0.691s] INFO:colcon.colcon_core.shell:Creating environment hook '/home/batman/URC_NAV/install/rover_gazebo/share/rover_gazebo/hook/cmake_prefix_path.ps1'
[0.692s] INFO:colcon.colcon_core.shell:Creating environment descriptor '/home/batman/URC_NAV/install/rover_gazebo/share/rover_gazebo/hook/cmake_prefix_path.dsv'
[0.692s] INFO:colcon.colcon_core.shell:Creating environment hook '/home/batman/URC_NAV/install/rover_gazebo/share/rover_gazebo/hook/cmake_prefix_path.sh'
[0.693s] Level 1:colcon.colcon_core.environment:checking '/home/batman/URC_NAV/install/rover_gazebo/lib'
[0.693s] Level 1:colcon.colcon_core.environment:checking '/home/batman/URC_NAV/install/rover_gazebo/bin'
[0.693s] Level 1:colcon.colcon_core.environment:checking '/home/batman/URC_NAV/install/rover_gazebo/lib/pkgconfig/rover_gazebo.pc'
[0.693s] Level 1:colcon.colcon_core.environment:checking '/home/batman/URC_NAV/install/rover_gazebo/lib/python3.10/site-packages'
[0.694s] Level 1:colcon.colcon_core.environment:checking '/home/batman/URC_NAV/install/rover_gazebo/bin'
[0.694s] INFO:colcon.colcon_core.shell:Creating package script '/home/batman/URC_NAV/install/rover_gazebo/share/rover_gazebo/package.ps1'
[0.695s] INFO:colcon.colcon_core.shell:Creating package descriptor '/home/batman/URC_NAV/install/rover_gazebo/share/rover_gazebo/package.dsv'
[0.695s] INFO:colcon.colcon_core.shell:Creating package script '/home/batman/URC_NAV/install/rover_gazebo/share/rover_gazebo/package.sh'
[0.696s] INFO:colcon.colcon_core.shell:Creating package script '/home/batman/URC_NAV/install/rover_gazebo/share/rover_gazebo/package.bash'
[0.696s] INFO:colcon.colcon_core.shell:Creating package script '/home/batman/URC_NAV/install/rover_gazebo/share/rover_gazebo/package.zsh'
[0.696s] Level 1:colcon.colcon_core.environment:create_file_with_runtime_dependencies(/home/batman/URC_NAV/install/rover_gazebo/share/colcon-core/packages/rover_gazebo)
[0.697s] Level 1:colcon.colcon_core.environment:create_environment_scripts_only(rover_gazebo)
[0.697s] Level 1:colcon.colcon_core.environment:checking '/home/batman/URC_NAV/install/rover_gazebo' for CMake module files
[0.698s] Level 1:colcon.colcon_core.environment:checking '/home/batman/URC_NAV/install/rover_gazebo' for CMake config files
[0.699s] Level 1:colcon.colcon_core.shell:create_environment_hook('rover_gazebo', 'cmake_prefix_path')
[0.699s] INFO:colcon.colcon_core.shell:Creating environment hook '/home/batman/URC_NAV/install/rover_gazebo/share/rover_gazebo/hook/cmake_prefix_path.ps1'
[0.700s] INFO:colcon.colcon_core.shell:Creating environment descriptor '/home/batman/URC_NAV/install/rover_gazebo/share/rover_gazebo/hook/cmake_prefix_path.dsv'
[0.700s] INFO:colcon.colcon_core.shell:Creating environment hook '/home/batman/URC_NAV/install/rover_gazebo/share/rover_gazebo/hook/cmake_prefix_path.sh'
[0.701s] Level 1:colcon.colcon_core.environment:checking '/home/batman/URC_NAV/install/rover_gazebo/lib'
[0.701s] Level 1:colcon.colcon_core.environment:checking '/home/batman/URC_NAV/install/rover_gazebo/bin'
[0.701s] Level 1:colcon.colcon_core.environment:checking '/home/batman/URC_NAV/install/rover_gazebo/lib/pkgconfig/rover_gazebo.pc'
[0.701s] Level 1:colcon.colcon_core.environment:checking '/home/batman/URC_NAV/install/rover_gazebo/lib/python3.10/site-packages'
[0.701s] Level 1:colcon.colcon_core.environment:checking '/home/batman/URC_NAV/install/rover_gazebo/bin'
[0.701s] INFO:colcon.colcon_core.shell:Creating package script '/home/batman/URC_NAV/install/rover_gazebo/share/rover_gazebo/package.ps1'
[0.702s] INFO:colcon.colcon_core.shell:Creating package descriptor '/home/batman/URC_NAV/install/rover_gazebo/share/rover_gazebo/package.dsv'
[0.703s] INFO:colcon.colcon_core.shell:Creating package script '/home/batman/URC_NAV/install/rover_gazebo/share/rover_gazebo/package.sh'
[0.703s] INFO:colcon.colcon_core.shell:Creating package script '/home/batman/URC_NAV/install/rover_gazebo/share/rover_gazebo/package.bash'
[0.704s] INFO:colcon.colcon_core.shell:Creating package script '/home/batman/URC_NAV/install/rover_gazebo/share/rover_gazebo/package.zsh'
[0.704s] Level 1:colcon.colcon_core.environment:create_file_with_runtime_dependencies(/home/batman/URC_NAV/install/rover_gazebo/share/colcon-core/packages/rover_gazebo)
[7.162s] DEBUG:colcon.colcon_core.event_handler.log_command:Invoked command in '/home/batman/URC_NAV/build/rover_controller' returned '0': CMAKE_PREFIX_PATH=${CMAKE_PREFIX_PATH}:/home/batman/turtlebot3_ws/install/aruco_marker_detection:/home/batman/turtlebot3_ws/install/turtlebot3_teleop:/home/batman/turtlebot3_ws/install/turtlebot3_example:/opt/ros/humble /usr/bin/cmake --build /home/batman/URC_NAV/build/rover_controller -- -j16 -l16
[7.164s] DEBUG:colcon.colcon_core.event_handler.log_command:Invoking command in '/home/batman/URC_NAV/build/rover_controller': CMAKE_PREFIX_PATH=${CMAKE_PREFIX_PATH}:/home/batman/turtlebot3_ws/install/aruco_marker_detection:/home/batman/turtlebot3_ws/install/turtlebot3_teleop:/home/batman/turtlebot3_ws/install/turtlebot3_example:/opt/ros/humble /usr/bin/cmake --install /home/batman/URC_NAV/build/rover_controller
[7.174s] Level 1:colcon.colcon_core.environment:create_environment_scripts_only(rover_controller)
[7.174s] Level 1:colcon.colcon_core.environment:checking '/home/batman/URC_NAV/install/rover_controller' for CMake module files
[7.175s] DEBUG:colcon.colcon_core.event_handler.log_command:Invoked command in '/home/batman/URC_NAV/build/rover_controller' returned '0': CMAKE_PREFIX_PATH=${CMAKE_PREFIX_PATH}:/home/batman/turtlebot3_ws/install/aruco_marker_detection:/home/batman/turtlebot3_ws/install/turtlebot3_teleop:/home/batman/turtlebot3_ws/install/turtlebot3_example:/opt/ros/humble /usr/bin/cmake --install /home/batman/URC_NAV/build/rover_controller
[7.175s] Level 1:colcon.colcon_core.environment:checking '/home/batman/URC_NAV/install/rover_controller' for CMake config files
[7.175s] Level 1:colcon.colcon_core.shell:create_environment_hook('rover_controller', 'cmake_prefix_path')
[7.175s] INFO:colcon.colcon_core.shell:Creating environment hook '/home/batman/URC_NAV/install/rover_controller/share/rover_controller/hook/cmake_prefix_path.ps1'
[7.175s] INFO:colcon.colcon_core.shell:Creating environment descriptor '/home/batman/URC_NAV/install/rover_controller/share/rover_controller/hook/cmake_prefix_path.dsv'
[7.176s] INFO:colcon.colcon_core.shell:Creating environment hook '/home/batman/URC_NAV/install/rover_controller/share/rover_controller/hook/cmake_prefix_path.sh'
[7.176s] Level 1:colcon.colcon_core.environment:checking '/home/batman/URC_NAV/install/rover_controller/lib'
[7.176s] Level 1:colcon.colcon_core.environment:checking '/home/batman/URC_NAV/install/rover_controller/bin'
[7.176s] Level 1:colcon.colcon_core.environment:checking '/home/batman/URC_NAV/install/rover_controller/lib/pkgconfig/rover_controller.pc'
[7.176s] Level 1:colcon.colcon_core.environment:checking '/home/batman/URC_NAV/install/rover_controller/lib/python3.10/site-packages'
[7.176s] Level 1:colcon.colcon_core.environment:checking '/home/batman/URC_NAV/install/rover_controller/bin'
[7.176s] INFO:colcon.colcon_core.shell:Creating package script '/home/batman/URC_NAV/install/rover_controller/share/rover_controller/package.ps1'
[7.177s] INFO:colcon.colcon_core.shell:Creating package descriptor '/home/batman/URC_NAV/install/rover_controller/share/rover_controller/package.dsv'
[7.177s] INFO:colcon.colcon_core.shell:Creating package script '/home/batman/URC_NAV/install/rover_controller/share/rover_controller/package.sh'
[7.177s] INFO:colcon.colcon_core.shell:Creating package script '/home/batman/URC_NAV/install/rover_controller/share/rover_controller/package.bash'
[7.177s] INFO:colcon.colcon_core.shell:Creating package script '/home/batman/URC_NAV/install/rover_controller/share/rover_controller/package.zsh'
[7.177s] Level 1:colcon.colcon_core.environment:create_file_with_runtime_dependencies(/home/batman/URC_NAV/install/rover_controller/share/colcon-core/packages/rover_controller)
[7.178s] Level 1:colcon.colcon_core.environment:create_environment_scripts_only(rover_controller)
[7.178s] Level 1:colcon.colcon_core.environment:checking '/home/batman/URC_NAV/install/rover_controller' for CMake module files
[7.178s] Level 1:colcon.colcon_core.environment:checking '/home/batman/URC_NAV/install/rover_controller' for CMake config files
[7.178s] Level 1:colcon.colcon_core.shell:create_environment_hook('rover_controller', 'cmake_prefix_path')
[7.178s] INFO:colcon.colcon_core.shell:Creating environment hook '/home/batman/URC_NAV/install/rover_controller/share/rover_controller/hook/cmake_prefix_path.ps1'
[7.178s] INFO:colcon.colcon_core.shell:Creating environment descriptor '/home/batman/URC_NAV/install/rover_controller/share/rover_controller/hook/cmake_prefix_path.dsv'
[7.178s] INFO:colcon.colcon_core.shell:Creating environment hook '/home/batman/URC_NAV/install/rover_controller/share/rover_controller/hook/cmake_prefix_path.sh'
[7.179s] Level 1:colcon.colcon_core.environment:checking '/home/batman/URC_NAV/install/rover_controller/lib'
[7.179s] Level 1:colcon.colcon_core.environment:checking '/home/batman/URC_NAV/install/rover_controller/bin'
[7.179s] Level 1:colcon.colcon_core.environment:checking '/home/batman/URC_NAV/install/rover_controller/lib/pkgconfig/rover_controller.pc'
[7.179s] Level 1:colcon.colcon_core.environment:checking '/home/batman/URC_NAV/install/rover_controller/lib/python3.10/site-packages'
[7.179s] Level 1:colcon.colcon_core.environment:checking '/home/batman/URC_NAV/install/rover_controller/bin'
[7.179s] INFO:colcon.colcon_core.shell:Creating package script '/home/batman/URC_NAV/install/rover_controller/share/rover_controller/package.ps1'
[7.179s] INFO:colcon.colcon_core.shell:Creating package descriptor '/home/batman/URC_NAV/install/rover_controller/share/rover_controller/package.dsv'
[7.180s] INFO:colcon.colcon_core.shell:Creating package script '/home/batman/URC_NAV/install/rover_controller/share/rover_controller/package.sh'
[7.180s] INFO:colcon.colcon_core.shell:Creating package script '/home/batman/URC_NAV/install/rover_controller/share/rover_controller/package.bash'
[7.180s] INFO:colcon.colcon_core.shell:Creating package script '/home/batman/URC_NAV/install/rover_controller/share/rover_controller/package.zsh'
[7.180s] Level 1:colcon.colcon_core.environment:create_file_with_runtime_dependencies(/home/batman/URC_NAV/install/rover_controller/share/colcon-core/packages/rover_controller)
[7.180s] DEBUG:colcon.colcon_parallel_executor.executor.parallel:closing loop
[7.181s] DEBUG:colcon.colcon_parallel_executor.executor.parallel:loop closed
[7.181s] DEBUG:colcon.colcon_parallel_executor.executor.parallel:run_until_complete finished with '0'
[7.181s] DEBUG:colcon.colcon_core.event_reactor:joining thread
[7.184s] INFO:colcon.colcon_core.plugin_system:Skipping extension 'colcon_notification.desktop_notification.terminal_notifier': Not used on non-Darwin systems
[7.184s] INFO:colcon.colcon_core.plugin_system:Skipping extension 'colcon_notification.desktop_notification.win32': Not used on non-Windows systems
[7.184s] INFO:colcon.colcon_notification.desktop_notification:Sending desktop notification using 'notify2'
[7.195s] DEBUG:colcon.colcon_core.event_reactor:joined thread
[7.195s] INFO:colcon.colcon_core.shell:Creating prefix script '/home/batman/URC_NAV/install/local_setup.ps1'
[7.197s] INFO:colcon.colcon_core.shell:Creating prefix util module '/home/batman/URC_NAV/install/_local_setup_util_ps1.py'
[7.198s] INFO:colcon.colcon_core.shell:Creating prefix chain script '/home/batman/URC_NAV/install/setup.ps1'
[7.199s] INFO:colcon.colcon_core.shell:Creating prefix script '/home/batman/URC_NAV/install/local_setup.sh'
[7.199s] INFO:colcon.colcon_core.shell:Creating prefix util module '/home/batman/URC_NAV/install/_local_setup_util_sh.py'
[7.199s] INFO:colcon.colcon_core.shell:Creating prefix chain script '/home/batman/URC_NAV/install/setup.sh'
[7.200s] INFO:colcon.colcon_core.shell:Creating prefix script '/home/batman/URC_NAV/install/local_setup.bash'
[7.200s] INFO:colcon.colcon_core.shell:Creating prefix chain script '/home/batman/URC_NAV/install/setup.bash'
[7.201s] INFO:colcon.colcon_core.shell:Creating prefix script '/home/batman/URC_NAV/install/local_setup.zsh'
[7.201s] INFO:colcon.colcon_core.shell:Creating prefix chain script '/home/batman/URC_NAV/install/setup.zsh'
