[0.015s] Invoking command in '/home/batman/URC_NAV/build/rover_msgs': CMAKE_PREFIX_PATH=${CMAKE_PREFIX_PATH}:/home/batman/turtlebot3_ws/install/turtlebot3_teleop:/home/batman/turtlebot3_ws/install/turtlebot3_example:/opt/ros/humble /usr/bin/cmake --build /home/batman/URC_NAV/build/rover_msgs -- -j16 -l16
[0.056s] [  9%] Built target rover_msgs__rosidl_generator_c
[0.059s] [ 12%] Built target rover_msgs__cpp
[0.064s] [ 12%] Built target ament_cmake_python_copy_rover_msgs
[0.072s] [ 32%] Built target rover_msgs__rosidl_typesupport_cpp
[0.072s] [ 32%] Built target rover_msgs__rosidl_typesupport_introspection_c
[0.072s] [ 41%] Built target rover_msgs__rosidl_typesupport_fastrtps_cpp
[0.076s] [ 61%] Built target rover_msgs__rosidl_typesupport_fastrtps_c
[0.076s] [ 61%] Built target rover_msgs__rosidl_typesupport_c
[0.076s] [ 70%] Built target rover_msgs__rosidl_typesupport_introspection_cpp
[0.097s] [ 70%] Built target rover_msgs
[0.114s] [ 74%] Built target rover_msgs__py
[0.131s] [ 80%] Built target rover_msgs__rosidl_generator_py
[0.150s] [ 87%] Built target rover_msgs__rosidl_typesupport_introspection_c__pyext
[0.151s] [ 93%] Built target rover_msgs__rosidl_typesupport_fastrtps_c__pyext
[0.152s] [100%] Built target rover_msgs__rosidl_typesupport_c__pyext
[0.222s] running egg_info
[0.222s] writing rover_msgs.egg-info/PKG-INFO
[0.223s] writing dependency_links to rover_msgs.egg-info/dependency_links.txt
[0.223s] writing top-level names to rover_msgs.egg-info/top_level.txt
[0.224s] reading manifest file 'rover_msgs.egg-info/SOURCES.txt'
[0.224s] writing manifest file 'rover_msgs.egg-info/SOURCES.txt'
[0.241s] [100%] Built target ament_cmake_python_build_rover_msgs_egg
[0.251s] Invoked command in '/home/batman/URC_NAV/build/rover_msgs' returned '0': CMAKE_PREFIX_PATH=${CMAKE_PREFIX_PATH}:/home/batman/turtlebot3_ws/install/turtlebot3_teleop:/home/batman/turtlebot3_ws/install/turtlebot3_example:/opt/ros/humble /usr/bin/cmake --build /home/batman/URC_NAV/build/rover_msgs -- -j16 -l16
[0.252s] Invoking command in '/home/batman/URC_NAV/build/rover_msgs': CMAKE_PREFIX_PATH=${CMAKE_PREFIX_PATH}:/home/batman/turtlebot3_ws/install/turtlebot3_teleop:/home/batman/turtlebot3_ws/install/turtlebot3_example:/opt/ros/humble /usr/bin/cmake --install /home/batman/URC_NAV/build/rover_msgs
[0.257s] -- Install configuration: ""
[0.257s] -- Up-to-date: /home/batman/URC_NAV/install/rover_msgs/share/ament_index/resource_index/rosidl_interfaces/rover_msgs
[0.257s] -- Up-to-date: /home/batman/URC_NAV/install/rover_msgs/include/rover_msgs/rover_msgs
[0.257s] -- Up-to-date: /home/batman/URC_NAV/install/rover_msgs/include/rover_msgs/rover_msgs/msg
[0.257s] -- Up-to-date: /home/batman/URC_NAV/install/rover_msgs/include/rover_msgs/rover_msgs/msg/rosidl_generator_c__visibility_control.h
[0.258s] -- Up-to-date: /home/batman/URC_NAV/install/rover_msgs/include/rover_msgs/rover_msgs/msg/motors_command.h
[0.258s] -- Up-to-date: /home/batman/URC_NAV/install/rover_msgs/include/rover_msgs/rover_msgs/msg/detail
[0.258s] -- Up-to-date: /home/batman/URC_NAV/install/rover_msgs/include/rover_msgs/rover_msgs/msg/detail/motors_command__struct.h
[0.258s] -- Up-to-date: /home/batman/URC_NAV/install/rover_msgs/include/rover_msgs/rover_msgs/msg/detail/motors_command__type_support.h
[0.258s] -- Up-to-date: /home/batman/URC_NAV/install/rover_msgs/include/rover_msgs/rover_msgs/msg/detail/motors_command__functions.c
[0.258s] -- Up-to-date: /home/batman/URC_NAV/install/rover_msgs/include/rover_msgs/rover_msgs/msg/detail/motors_command__functions.h
[0.258s] -- Up-to-date: /home/batman/URC_NAV/install/rover_msgs/share/rover_msgs/environment/library_path.sh
[0.258s] -- Up-to-date: /home/batman/URC_NAV/install/rover_msgs/share/rover_msgs/environment/library_path.dsv
[0.258s] -- Up-to-date: /home/batman/URC_NAV/install/rover_msgs/lib/librover_msgs__rosidl_generator_c.so
[0.258s] -- Up-to-date: /home/batman/URC_NAV/install/rover_msgs/include/rover_msgs/rover_msgs
[0.258s] -- Up-to-date: /home/batman/URC_NAV/install/rover_msgs/include/rover_msgs/rover_msgs/msg
[0.258s] -- Up-to-date: /home/batman/URC_NAV/install/rover_msgs/include/rover_msgs/rover_msgs/msg/detail
[0.258s] -- Up-to-date: /home/batman/URC_NAV/install/rover_msgs/include/rover_msgs/rover_msgs/msg/detail/motors_command__rosidl_typesupport_fastrtps_c.h
[0.258s] -- Up-to-date: /home/batman/URC_NAV/install/rover_msgs/include/rover_msgs/rover_msgs/msg/rosidl_typesupport_fastrtps_c__visibility_control.h
[0.258s] -- Up-to-date: /home/batman/URC_NAV/install/rover_msgs/lib/librover_msgs__rosidl_typesupport_fastrtps_c.so
[0.258s] -- Up-to-date: /home/batman/URC_NAV/install/rover_msgs/include/rover_msgs/rover_msgs
[0.258s] -- Up-to-date: /home/batman/URC_NAV/install/rover_msgs/include/rover_msgs/rover_msgs/msg
[0.258s] -- Up-to-date: /home/batman/URC_NAV/install/rover_msgs/include/rover_msgs/rover_msgs/msg/rosidl_typesupport_introspection_c__visibility_control.h
[0.258s] -- Up-to-date: /home/batman/URC_NAV/install/rover_msgs/include/rover_msgs/rover_msgs/msg/detail
[0.258s] -- Up-to-date: /home/batman/URC_NAV/install/rover_msgs/include/rover_msgs/rover_msgs/msg/detail/motors_command__type_support.c
[0.258s] -- Up-to-date: /home/batman/URC_NAV/install/rover_msgs/include/rover_msgs/rover_msgs/msg/detail/motors_command__rosidl_typesupport_introspection_c.h
[0.258s] -- Up-to-date: /home/batman/URC_NAV/install/rover_msgs/lib/librover_msgs__rosidl_typesupport_introspection_c.so
[0.258s] -- Up-to-date: /home/batman/URC_NAV/install/rover_msgs/lib/librover_msgs__rosidl_typesupport_c.so
[0.259s] -- Up-to-date: /home/batman/URC_NAV/install/rover_msgs/include/rover_msgs/rover_msgs
[0.259s] -- Up-to-date: /home/batman/URC_NAV/install/rover_msgs/include/rover_msgs/rover_msgs/msg
[0.259s] -- Up-to-date: /home/batman/URC_NAV/install/rover_msgs/include/rover_msgs/rover_msgs/msg/motors_command.hpp
[0.259s] -- Up-to-date: /home/batman/URC_NAV/install/rover_msgs/include/rover_msgs/rover_msgs/msg/detail
[0.259s] -- Up-to-date: /home/batman/URC_NAV/install/rover_msgs/include/rover_msgs/rover_msgs/msg/detail/motors_command__struct.hpp
[0.259s] -- Up-to-date: /home/batman/URC_NAV/install/rover_msgs/include/rover_msgs/rover_msgs/msg/detail/motors_command__traits.hpp
[0.259s] -- Up-to-date: /home/batman/URC_NAV/install/rover_msgs/include/rover_msgs/rover_msgs/msg/detail/motors_command__type_support.hpp
[0.259s] -- Up-to-date: /home/batman/URC_NAV/install/rover_msgs/include/rover_msgs/rover_msgs/msg/detail/motors_command__builder.hpp
[0.259s] -- Up-to-date: /home/batman/URC_NAV/install/rover_msgs/include/rover_msgs/rover_msgs/msg/rosidl_generator_cpp__visibility_control.hpp
[0.259s] -- Up-to-date: /home/batman/URC_NAV/install/rover_msgs/include/rover_msgs/rover_msgs
[0.259s] -- Up-to-date: /home/batman/URC_NAV/install/rover_msgs/include/rover_msgs/rover_msgs/msg
[0.259s] -- Up-to-date: /home/batman/URC_NAV/install/rover_msgs/include/rover_msgs/rover_msgs/msg/rosidl_typesupport_fastrtps_cpp__visibility_control.h
[0.259s] -- Up-to-date: /home/batman/URC_NAV/install/rover_msgs/include/rover_msgs/rover_msgs/msg/detail
[0.259s] -- Up-to-date: /home/batman/URC_NAV/install/rover_msgs/include/rover_msgs/rover_msgs/msg/detail/dds_fastrtps
[0.259s] -- Up-to-date: /home/batman/URC_NAV/install/rover_msgs/include/rover_msgs/rover_msgs/msg/detail/motors_command__rosidl_typesupport_fastrtps_cpp.hpp
[0.259s] -- Up-to-date: /home/batman/URC_NAV/install/rover_msgs/lib/librover_msgs__rosidl_typesupport_fastrtps_cpp.so
[0.259s] -- Up-to-date: /home/batman/URC_NAV/install/rover_msgs/include/rover_msgs/rover_msgs
[0.259s] -- Up-to-date: /home/batman/URC_NAV/install/rover_msgs/include/rover_msgs/rover_msgs/msg
[0.259s] -- Up-to-date: /home/batman/URC_NAV/install/rover_msgs/include/rover_msgs/rover_msgs/msg/detail
[0.259s] -- Up-to-date: /home/batman/URC_NAV/install/rover_msgs/include/rover_msgs/rover_msgs/msg/detail/motors_command__type_support.cpp
[0.259s] -- Up-to-date: /home/batman/URC_NAV/install/rover_msgs/include/rover_msgs/rover_msgs/msg/detail/motors_command__rosidl_typesupport_introspection_cpp.hpp
[0.259s] -- Up-to-date: /home/batman/URC_NAV/install/rover_msgs/lib/librover_msgs__rosidl_typesupport_introspection_cpp.so
[0.259s] -- Up-to-date: /home/batman/URC_NAV/install/rover_msgs/lib/librover_msgs__rosidl_typesupport_cpp.so
[0.259s] -- Up-to-date: /home/batman/URC_NAV/install/rover_msgs/share/rover_msgs/environment/pythonpath.sh
[0.259s] -- Up-to-date: /home/batman/URC_NAV/install/rover_msgs/share/rover_msgs/environment/pythonpath.dsv
[0.259s] -- Up-to-date: /home/batman/URC_NAV/install/rover_msgs/local/lib/python3.10/dist-packages/rover_msgs-1.0.0-py3.10.egg-info
[0.259s] -- Installing: /home/batman/URC_NAV/install/rover_msgs/local/lib/python3.10/dist-packages/rover_msgs-1.0.0-py3.10.egg-info/PKG-INFO
[0.259s] -- Installing: /home/batman/URC_NAV/install/rover_msgs/local/lib/python3.10/dist-packages/rover_msgs-1.0.0-py3.10.egg-info/dependency_links.txt
[0.259s] -- Installing: /home/batman/URC_NAV/install/rover_msgs/local/lib/python3.10/dist-packages/rover_msgs-1.0.0-py3.10.egg-info/SOURCES.txt
[0.259s] -- Installing: /home/batman/URC_NAV/install/rover_msgs/local/lib/python3.10/dist-packages/rover_msgs-1.0.0-py3.10.egg-info/top_level.txt
[0.259s] -- Up-to-date: /home/batman/URC_NAV/install/rover_msgs/local/lib/python3.10/dist-packages/rover_msgs
[0.259s] -- Up-to-date: /home/batman/URC_NAV/install/rover_msgs/local/lib/python3.10/dist-packages/rover_msgs/msg
[0.259s] -- Up-to-date: /home/batman/URC_NAV/install/rover_msgs/local/lib/python3.10/dist-packages/rover_msgs/msg/_motors_command_s.c
[0.259s] -- Up-to-date: /home/batman/URC_NAV/install/rover_msgs/local/lib/python3.10/dist-packages/rover_msgs/msg/_motors_command.py
[0.259s] -- Up-to-date: /home/batman/URC_NAV/install/rover_msgs/local/lib/python3.10/dist-packages/rover_msgs/msg/__init__.py
[0.259s] -- Up-to-date: /home/batman/URC_NAV/install/rover_msgs/local/lib/python3.10/dist-packages/rover_msgs/rover_msgs_s__rosidl_typesupport_introspection_c.cpython-310-x86_64-linux-gnu.so
[0.260s] -- Up-to-date: /home/batman/URC_NAV/install/rover_msgs/local/lib/python3.10/dist-packages/rover_msgs/_rover_msgs_s.ep.rosidl_typesupport_fastrtps_c.c
[0.260s] -- Up-to-date: /home/batman/URC_NAV/install/rover_msgs/local/lib/python3.10/dist-packages/rover_msgs/__init__.py
[0.260s] -- Up-to-date: /home/batman/URC_NAV/install/rover_msgs/local/lib/python3.10/dist-packages/rover_msgs/_rover_msgs_s.ep.rosidl_typesupport_c.c
[0.260s] -- Up-to-date: /home/batman/URC_NAV/install/rover_msgs/local/lib/python3.10/dist-packages/rover_msgs/rover_msgs_s__rosidl_typesupport_c.cpython-310-x86_64-linux-gnu.so
[0.260s] -- Up-to-date: /home/batman/URC_NAV/install/rover_msgs/local/lib/python3.10/dist-packages/rover_msgs/_rover_msgs_s.ep.rosidl_typesupport_introspection_c.c
[0.260s] -- Up-to-date: /home/batman/URC_NAV/install/rover_msgs/local/lib/python3.10/dist-packages/rover_msgs/rover_msgs_s__rosidl_typesupport_fastrtps_c.cpython-310-x86_64-linux-gnu.so
[0.260s] -- Up-to-date: /home/batman/URC_NAV/install/rover_msgs/local/lib/python3.10/dist-packages/rover_msgs/librover_msgs__rosidl_generator_py.so
[0.279s] Listing '/home/batman/URC_NAV/install/rover_msgs/local/lib/python3.10/dist-packages/rover_msgs'...
[0.279s] Listing '/home/batman/URC_NAV/install/rover_msgs/local/lib/python3.10/dist-packages/rover_msgs/msg'...
[0.282s] -- Up-to-date: /home/batman/URC_NAV/install/rover_msgs/local/lib/python3.10/dist-packages/rover_msgs/rover_msgs_s__rosidl_typesupport_fastrtps_c.cpython-310-x86_64-linux-gnu.so
[0.282s] -- Up-to-date: /home/batman/URC_NAV/install/rover_msgs/local/lib/python3.10/dist-packages/rover_msgs/rover_msgs_s__rosidl_typesupport_introspection_c.cpython-310-x86_64-linux-gnu.so
[0.282s] -- Up-to-date: /home/batman/URC_NAV/install/rover_msgs/local/lib/python3.10/dist-packages/rover_msgs/rover_msgs_s__rosidl_typesupport_c.cpython-310-x86_64-linux-gnu.so
[0.282s] -- Up-to-date: /home/batman/URC_NAV/install/rover_msgs/lib/librover_msgs__rosidl_generator_py.so
[0.282s] -- Up-to-date: /home/batman/URC_NAV/install/rover_msgs/share/rover_msgs/msg/MotorsCommand.idl
[0.282s] -- Up-to-date: /home/batman/URC_NAV/install/rover_msgs/share/rover_msgs/msg/MotorsCommand.msg
[0.282s] -- Up-to-date: /home/batman/URC_NAV/install/rover_msgs/share/ament_index/resource_index/package_run_dependencies/rover_msgs
[0.283s] -- Up-to-date: /home/batman/URC_NAV/install/rover_msgs/share/ament_index/resource_index/parent_prefix_path/rover_msgs
[0.283s] -- Up-to-date: /home/batman/URC_NAV/install/rover_msgs/share/rover_msgs/environment/ament_prefix_path.sh
[0.283s] -- Up-to-date: /home/batman/URC_NAV/install/rover_msgs/share/rover_msgs/environment/ament_prefix_path.dsv
[0.283s] -- Up-to-date: /home/batman/URC_NAV/install/rover_msgs/share/rover_msgs/environment/path.sh
[0.283s] -- Up-to-date: /home/batman/URC_NAV/install/rover_msgs/share/rover_msgs/environment/path.dsv
[0.283s] -- Up-to-date: /home/batman/URC_NAV/install/rover_msgs/share/rover_msgs/local_setup.bash
[0.283s] -- Up-to-date: /home/batman/URC_NAV/install/rover_msgs/share/rover_msgs/local_setup.sh
[0.283s] -- Up-to-date: /home/batman/URC_NAV/install/rover_msgs/share/rover_msgs/local_setup.zsh
[0.283s] -- Up-to-date: /home/batman/URC_NAV/install/rover_msgs/share/rover_msgs/local_setup.dsv
[0.283s] -- Installing: /home/batman/URC_NAV/install/rover_msgs/share/rover_msgs/package.dsv
[0.283s] -- Up-to-date: /home/batman/URC_NAV/install/rover_msgs/share/ament_index/resource_index/packages/rover_msgs
[0.283s] -- Up-to-date: /home/batman/URC_NAV/install/rover_msgs/share/rover_msgs/cmake/export_rover_msgs__rosidl_generator_cExport.cmake
[0.283s] -- Up-to-date: /home/batman/URC_NAV/install/rover_msgs/share/rover_msgs/cmake/export_rover_msgs__rosidl_generator_cExport-noconfig.cmake
[0.283s] -- Up-to-date: /home/batman/URC_NAV/install/rover_msgs/share/rover_msgs/cmake/export_rover_msgs__rosidl_typesupport_fastrtps_cExport.cmake
[0.283s] -- Up-to-date: /home/batman/URC_NAV/install/rover_msgs/share/rover_msgs/cmake/export_rover_msgs__rosidl_typesupport_fastrtps_cExport-noconfig.cmake
[0.284s] -- Up-to-date: /home/batman/URC_NAV/install/rover_msgs/share/rover_msgs/cmake/rover_msgs__rosidl_typesupport_introspection_cExport.cmake
[0.284s] -- Up-to-date: /home/batman/URC_NAV/install/rover_msgs/share/rover_msgs/cmake/rover_msgs__rosidl_typesupport_introspection_cExport-noconfig.cmake
[0.284s] -- Up-to-date: /home/batman/URC_NAV/install/rover_msgs/share/rover_msgs/cmake/rover_msgs__rosidl_typesupport_cExport.cmake
[0.284s] -- Up-to-date: /home/batman/URC_NAV/install/rover_msgs/share/rover_msgs/cmake/rover_msgs__rosidl_typesupport_cExport-noconfig.cmake
[0.284s] -- Up-to-date: /home/batman/URC_NAV/install/rover_msgs/share/rover_msgs/cmake/export_rover_msgs__rosidl_generator_cppExport.cmake
[0.284s] -- Up-to-date: /home/batman/URC_NAV/install/rover_msgs/share/rover_msgs/cmake/export_rover_msgs__rosidl_typesupport_fastrtps_cppExport.cmake
[0.284s] -- Up-to-date: /home/batman/URC_NAV/install/rover_msgs/share/rover_msgs/cmake/export_rover_msgs__rosidl_typesupport_fastrtps_cppExport-noconfig.cmake
[0.284s] -- Up-to-date: /home/batman/URC_NAV/install/rover_msgs/share/rover_msgs/cmake/rover_msgs__rosidl_typesupport_introspection_cppExport.cmake
[0.284s] -- Up-to-date: /home/batman/URC_NAV/install/rover_msgs/share/rover_msgs/cmake/rover_msgs__rosidl_typesupport_introspection_cppExport-noconfig.cmake
[0.284s] -- Up-to-date: /home/batman/URC_NAV/install/rover_msgs/share/rover_msgs/cmake/rover_msgs__rosidl_typesupport_cppExport.cmake
[0.284s] -- Up-to-date: /home/batman/URC_NAV/install/rover_msgs/share/rover_msgs/cmake/rover_msgs__rosidl_typesupport_cppExport-noconfig.cmake
[0.284s] -- Up-to-date: /home/batman/URC_NAV/install/rover_msgs/share/rover_msgs/cmake/export_rover_msgs__rosidl_generator_pyExport.cmake
[0.284s] -- Up-to-date: /home/batman/URC_NAV/install/rover_msgs/share/rover_msgs/cmake/export_rover_msgs__rosidl_generator_pyExport-noconfig.cmake
[0.284s] -- Up-to-date: /home/batman/URC_NAV/install/rover_msgs/share/rover_msgs/cmake/rosidl_cmake-extras.cmake
[0.284s] -- Up-to-date: /home/batman/URC_NAV/install/rover_msgs/share/rover_msgs/cmake/ament_cmake_export_include_directories-extras.cmake
[0.285s] -- Up-to-date: /home/batman/URC_NAV/install/rover_msgs/share/rover_msgs/cmake/ament_cmake_export_libraries-extras.cmake
[0.285s] -- Up-to-date: /home/batman/URC_NAV/install/rover_msgs/share/rover_msgs/cmake/ament_cmake_export_targets-extras.cmake
[0.285s] -- Up-to-date: /home/batman/URC_NAV/install/rover_msgs/share/rover_msgs/cmake/rosidl_cmake_export_typesupport_targets-extras.cmake
[0.285s] -- Up-to-date: /home/batman/URC_NAV/install/rover_msgs/share/rover_msgs/cmake/ament_cmake_export_dependencies-extras.cmake
[0.285s] -- Up-to-date: /home/batman/URC_NAV/install/rover_msgs/share/rover_msgs/cmake/rosidl_cmake_export_typesupport_libraries-extras.cmake
[0.285s] -- Up-to-date: /home/batman/URC_NAV/install/rover_msgs/share/rover_msgs/cmake/rover_msgsConfig.cmake
[0.286s] -- Up-to-date: /home/batman/URC_NAV/install/rover_msgs/share/rover_msgs/cmake/rover_msgsConfig-version.cmake
[0.286s] -- Up-to-date: /home/batman/URC_NAV/install/rover_msgs/share/rover_msgs/package.xml
[0.287s] Invoked command in '/home/batman/URC_NAV/build/rover_msgs' returned '0': CMAKE_PREFIX_PATH=${CMAKE_PREFIX_PATH}:/home/batman/turtlebot3_ws/install/turtlebot3_teleop:/home/batman/turtlebot3_ws/install/turtlebot3_example:/opt/ros/humble /usr/bin/cmake --install /home/batman/URC_NAV/build/rover_msgs
