[0.055s] DEBUG:colcon:Command line arguments: ['/usr/bin/colcon', 'build']
[0.055s] DEBUG:colcon:Parsed command line arguments: Namespace(log_base=None, log_level=None, verb_name='build', build_base='build', install_base='install', merge_install=False, symlink_install=False, test_result_base=None, continue_on_error=False, executor='parallel', parallel_workers=16, event_handlers=None, ignore_user_meta=False, metas=['./colcon.meta'], base_paths=['.'], packages_ignore=None, packages_ignore_regex=None, paths=None, packages_up_to=None, packages_up_to_regex=None, packages_above=None, packages_above_and_dependencies=None, packages_above_depth=None, packages_select_by_dep=None, packages_skip_by_dep=None, packages_skip_up_to=None, packages_select_build_failed=False, packages_skip_build_finished=False, packages_select_test_failures=False, packages_skip_test_passed=False, packages_select=None, packages_skip=None, packages_select_regex=None, packages_skip_regex=None, packages_start=None, packages_end=None, allow_overriding=[], cmake_args=None, cmake_target=None, cmake_target_skip_unavailable=False, cmake_clean_cache=False, cmake_clean_first=False, cmake_force_configure=False, ament_cmake_args=None, catkin_cmake_args=None, catkin_skip_building_tests=False, verb_parser=<colcon_defaults.argument_parser.defaults.DefaultArgumentsDecorator object at 0x7ed5ca364c40>, verb_extension=<colcon_core.verb.build.BuildVerb object at 0x7ed5ca364640>, main=<bound method BuildVerb.main of <colcon_core.verb.build.BuildVerb object at 0x7ed5ca364640>>)
[0.140s] Level 1:colcon.colcon_core.package_discovery:discover_packages(colcon_meta) check parameters
[0.140s] Level 1:colcon.colcon_core.package_discovery:discover_packages(recursive) check parameters
[0.140s] Level 1:colcon.colcon_core.package_discovery:discover_packages(ignore) check parameters
[0.140s] Level 1:colcon.colcon_core.package_discovery:discover_packages(path) check parameters
[0.140s] Level 1:colcon.colcon_core.package_discovery:discover_packages(colcon_meta) discover
[0.140s] Level 1:colcon.colcon_core.package_discovery:discover_packages(recursive) discover
[0.140s] INFO:colcon.colcon_core.package_discovery:Crawling recursively for packages in '/home/batman/URC_NAV'
[0.140s] Level 1:colcon.colcon_core.package_identification:_identify(.) by extensions ['ignore', 'ignore_ament_install']
[0.140s] Level 1:colcon.colcon_core.package_identification:_identify(.) by extension 'ignore'
[0.140s] Level 1:colcon.colcon_core.package_identification:_identify(.) by extension 'ignore_ament_install'
[0.140s] Level 1:colcon.colcon_core.package_identification:_identify(.) by extensions ['colcon_pkg']
[0.140s] Level 1:colcon.colcon_core.package_identification:_identify(.) by extension 'colcon_pkg'
[0.140s] Level 1:colcon.colcon_core.package_identification:_identify(.) by extensions ['colcon_meta']
[0.140s] Level 1:colcon.colcon_core.package_identification:_identify(.) by extension 'colcon_meta'
[0.140s] Level 1:colcon.colcon_core.package_identification:_identify(.) by extensions ['ros']
[0.140s] Level 1:colcon.colcon_core.package_identification:_identify(.) by extension 'ros'
[0.147s] Level 1:colcon.colcon_core.package_identification:_identify(.) by extensions ['cmake', 'python']
[0.147s] Level 1:colcon.colcon_core.package_identification:_identify(.) by extension 'cmake'
[0.147s] Level 1:colcon.colcon_core.package_identification:_identify(.) by extension 'python'
[0.147s] Level 1:colcon.colcon_core.package_identification:_identify(.) by extensions ['python_setup_py']
[0.147s] Level 1:colcon.colcon_core.package_identification:_identify(.) by extension 'python_setup_py'
[0.147s] Level 1:colcon.colcon_core.package_identification:_identify(build) by extensions ['ignore', 'ignore_ament_install']
[0.147s] Level 1:colcon.colcon_core.package_identification:_identify(build) by extension 'ignore'
[0.147s] Level 1:colcon.colcon_core.package_identification:_identify(build) ignored
[0.147s] Level 1:colcon.colcon_core.package_identification:_identify(install) by extensions ['ignore', 'ignore_ament_install']
[0.147s] Level 1:colcon.colcon_core.package_identification:_identify(install) by extension 'ignore'
[0.147s] Level 1:colcon.colcon_core.package_identification:_identify(install) ignored
[0.147s] Level 1:colcon.colcon_core.package_identification:_identify(log) by extensions ['ignore', 'ignore_ament_install']
[0.147s] Level 1:colcon.colcon_core.package_identification:_identify(log) by extension 'ignore'
[0.147s] Level 1:colcon.colcon_core.package_identification:_identify(log) ignored
[0.147s] Level 1:colcon.colcon_core.package_identification:_identify(src) by extensions ['ignore', 'ignore_ament_install']
[0.147s] Level 1:colcon.colcon_core.package_identification:_identify(src) by extension 'ignore'
[0.147s] Level 1:colcon.colcon_core.package_identification:_identify(src) by extension 'ignore_ament_install'
[0.147s] Level 1:colcon.colcon_core.package_identification:_identify(src) by extensions ['colcon_pkg']
[0.147s] Level 1:colcon.colcon_core.package_identification:_identify(src) by extension 'colcon_pkg'
[0.147s] Level 1:colcon.colcon_core.package_identification:_identify(src) by extensions ['colcon_meta']
[0.148s] Level 1:colcon.colcon_core.package_identification:_identify(src) by extension 'colcon_meta'
[0.148s] Level 1:colcon.colcon_core.package_identification:_identify(src) by extensions ['ros']
[0.148s] Level 1:colcon.colcon_core.package_identification:_identify(src) by extension 'ros'
[0.148s] Level 1:colcon.colcon_core.package_identification:_identify(src) by extensions ['cmake', 'python']
[0.148s] Level 1:colcon.colcon_core.package_identification:_identify(src) by extension 'cmake'
[0.148s] Level 1:colcon.colcon_core.package_identification:_identify(src) by extension 'python'
[0.148s] Level 1:colcon.colcon_core.package_identification:_identify(src) by extensions ['python_setup_py']
[0.148s] Level 1:colcon.colcon_core.package_identification:_identify(src) by extension 'python_setup_py'
[0.148s] Level 1:colcon.colcon_core.package_identification:_identify(src/point clouds) by extensions ['ignore', 'ignore_ament_install']
[0.148s] Level 1:colcon.colcon_core.package_identification:_identify(src/point clouds) by extension 'ignore'
[0.148s] Level 1:colcon.colcon_core.package_identification:_identify(src/point clouds) by extension 'ignore_ament_install'
[0.148s] Level 1:colcon.colcon_core.package_identification:_identify(src/point clouds) by extensions ['colcon_pkg']
[0.148s] Level 1:colcon.colcon_core.package_identification:_identify(src/point clouds) by extension 'colcon_pkg'
[0.148s] Level 1:colcon.colcon_core.package_identification:_identify(src/point clouds) by extensions ['colcon_meta']
[0.148s] Level 1:colcon.colcon_core.package_identification:_identify(src/point clouds) by extension 'colcon_meta'
[0.148s] Level 1:colcon.colcon_core.package_identification:_identify(src/point clouds) by extensions ['ros']
[0.148s] Level 1:colcon.colcon_core.package_identification:_identify(src/point clouds) by extension 'ros'
[0.148s] Level 1:colcon.colcon_core.package_identification:_identify(src/point clouds) by extensions ['cmake', 'python']
[0.148s] Level 1:colcon.colcon_core.package_identification:_identify(src/point clouds) by extension 'cmake'
[0.148s] Level 1:colcon.colcon_core.package_identification:_identify(src/point clouds) by extension 'python'
[0.148s] Level 1:colcon.colcon_core.package_identification:_identify(src/point clouds) by extensions ['python_setup_py']
[0.148s] Level 1:colcon.colcon_core.package_identification:_identify(src/point clouds) by extension 'python_setup_py'
[0.148s] Level 1:colcon.colcon_core.package_identification:_identify(src/point clouds/depth) by extensions ['ignore', 'ignore_ament_install']
[0.148s] Level 1:colcon.colcon_core.package_identification:_identify(src/point clouds/depth) by extension 'ignore'
[0.148s] Level 1:colcon.colcon_core.package_identification:_identify(src/point clouds/depth) by extension 'ignore_ament_install'
[0.148s] Level 1:colcon.colcon_core.package_identification:_identify(src/point clouds/depth) by extensions ['colcon_pkg']
[0.148s] Level 1:colcon.colcon_core.package_identification:_identify(src/point clouds/depth) by extension 'colcon_pkg'
[0.148s] Level 1:colcon.colcon_core.package_identification:_identify(src/point clouds/depth) by extensions ['colcon_meta']
[0.148s] Level 1:colcon.colcon_core.package_identification:_identify(src/point clouds/depth) by extension 'colcon_meta'
[0.148s] Level 1:colcon.colcon_core.package_identification:_identify(src/point clouds/depth) by extensions ['ros']
[0.148s] Level 1:colcon.colcon_core.package_identification:_identify(src/point clouds/depth) by extension 'ros'
[0.148s] Level 1:colcon.colcon_core.package_identification:_identify(src/point clouds/depth) by extensions ['cmake', 'python']
[0.148s] Level 1:colcon.colcon_core.package_identification:_identify(src/point clouds/depth) by extension 'cmake'
[0.148s] Level 1:colcon.colcon_core.package_identification:_identify(src/point clouds/depth) by extension 'python'
[0.148s] Level 1:colcon.colcon_core.package_identification:_identify(src/point clouds/depth) by extensions ['python_setup_py']
[0.148s] Level 1:colcon.colcon_core.package_identification:_identify(src/point clouds/depth) by extension 'python_setup_py'
[0.148s] Level 1:colcon.colcon_core.package_identification:_identify(src/point clouds/rgb) by extensions ['ignore', 'ignore_ament_install']
[0.148s] Level 1:colcon.colcon_core.package_identification:_identify(src/point clouds/rgb) by extension 'ignore'
[0.148s] Level 1:colcon.colcon_core.package_identification:_identify(src/point clouds/rgb) by extension 'ignore_ament_install'
[0.148s] Level 1:colcon.colcon_core.package_identification:_identify(src/point clouds/rgb) by extensions ['colcon_pkg']
[0.148s] Level 1:colcon.colcon_core.package_identification:_identify(src/point clouds/rgb) by extension 'colcon_pkg'
[0.149s] Level 1:colcon.colcon_core.package_identification:_identify(src/point clouds/rgb) by extensions ['colcon_meta']
[0.149s] Level 1:colcon.colcon_core.package_identification:_identify(src/point clouds/rgb) by extension 'colcon_meta'
[0.149s] Level 1:colcon.colcon_core.package_identification:_identify(src/point clouds/rgb) by extensions ['ros']
[0.149s] Level 1:colcon.colcon_core.package_identification:_identify(src/point clouds/rgb) by extension 'ros'
[0.149s] Level 1:colcon.colcon_core.package_identification:_identify(src/point clouds/rgb) by extensions ['cmake', 'python']
[0.149s] Level 1:colcon.colcon_core.package_identification:_identify(src/point clouds/rgb) by extension 'cmake'
[0.149s] Level 1:colcon.colcon_core.package_identification:_identify(src/point clouds/rgb) by extension 'python'
[0.149s] Level 1:colcon.colcon_core.package_identification:_identify(src/point clouds/rgb) by extensions ['python_setup_py']
[0.149s] Level 1:colcon.colcon_core.package_identification:_identify(src/point clouds/rgb) by extension 'python_setup_py'
[0.149s] Level 1:colcon.colcon_core.package_identification:_identify(src/rover_controller) by extensions ['ignore', 'ignore_ament_install']
[0.149s] Level 1:colcon.colcon_core.package_identification:_identify(src/rover_controller) by extension 'ignore'
[0.149s] Level 1:colcon.colcon_core.package_identification:_identify(src/rover_controller) by extension 'ignore_ament_install'
[0.149s] Level 1:colcon.colcon_core.package_identification:_identify(src/rover_controller) by extensions ['colcon_pkg']
[0.149s] Level 1:colcon.colcon_core.package_identification:_identify(src/rover_controller) by extension 'colcon_pkg'
[0.149s] Level 1:colcon.colcon_core.package_identification:_identify(src/rover_controller) by extensions ['colcon_meta']
[0.149s] Level 1:colcon.colcon_core.package_identification:_identify(src/rover_controller) by extension 'colcon_meta'
[0.149s] Level 1:colcon.colcon_core.package_identification:_identify(src/rover_controller) by extensions ['ros']
[0.149s] Level 1:colcon.colcon_core.package_identification:_identify(src/rover_controller) by extension 'ros'
[0.150s] DEBUG:colcon.colcon_core.package_identification:Package 'src/rover_controller' with type 'ros.ament_cmake' and name 'rover_controller'
[0.150s] Level 1:colcon.colcon_core.package_identification:_identify(src/rover_gazebo) by extensions ['ignore', 'ignore_ament_install']
[0.151s] Level 1:colcon.colcon_core.package_identification:_identify(src/rover_gazebo) by extension 'ignore'
[0.151s] Level 1:colcon.colcon_core.package_identification:_identify(src/rover_gazebo) by extension 'ignore_ament_install'
[0.151s] Level 1:colcon.colcon_core.package_identification:_identify(src/rover_gazebo) by extensions ['colcon_pkg']
[0.151s] Level 1:colcon.colcon_core.package_identification:_identify(src/rover_gazebo) by extension 'colcon_pkg'
[0.151s] Level 1:colcon.colcon_core.package_identification:_identify(src/rover_gazebo) by extensions ['colcon_meta']
[0.151s] Level 1:colcon.colcon_core.package_identification:_identify(src/rover_gazebo) by extension 'colcon_meta'
[0.151s] Level 1:colcon.colcon_core.package_identification:_identify(src/rover_gazebo) by extensions ['ros']
[0.151s] Level 1:colcon.colcon_core.package_identification:_identify(src/rover_gazebo) by extension 'ros'
[0.152s] DEBUG:colcon.colcon_core.package_identification:Package 'src/rover_gazebo' with type 'ros.ament_cmake' and name 'rover_gazebo'
[0.152s] Level 1:colcon.colcon_core.package_identification:_identify(src/rover_localization) by extensions ['ignore', 'ignore_ament_install']
[0.152s] Level 1:colcon.colcon_core.package_identification:_identify(src/rover_localization) by extension 'ignore'
[0.152s] Level 1:colcon.colcon_core.package_identification:_identify(src/rover_localization) by extension 'ignore_ament_install'
[0.152s] Level 1:colcon.colcon_core.package_identification:_identify(src/rover_localization) by extensions ['colcon_pkg']
[0.152s] Level 1:colcon.colcon_core.package_identification:_identify(src/rover_localization) by extension 'colcon_pkg'
[0.152s] Level 1:colcon.colcon_core.package_identification:_identify(src/rover_localization) by extensions ['colcon_meta']
[0.152s] Level 1:colcon.colcon_core.package_identification:_identify(src/rover_localization) by extension 'colcon_meta'
[0.152s] Level 1:colcon.colcon_core.package_identification:_identify(src/rover_localization) by extensions ['ros']
[0.152s] Level 1:colcon.colcon_core.package_identification:_identify(src/rover_localization) by extension 'ros'
[0.152s] DEBUG:colcon.colcon_core.package_identification:Package 'src/rover_localization' with type 'ros.ament_cmake' and name 'rover_localization'
[0.152s] Level 1:colcon.colcon_core.package_identification:_identify(src/rover_motor_controller_cpp) by extensions ['ignore', 'ignore_ament_install']
[0.152s] Level 1:colcon.colcon_core.package_identification:_identify(src/rover_motor_controller_cpp) by extension 'ignore'
[0.152s] Level 1:colcon.colcon_core.package_identification:_identify(src/rover_motor_controller_cpp) by extension 'ignore_ament_install'
[0.153s] Level 1:colcon.colcon_core.package_identification:_identify(src/rover_motor_controller_cpp) by extensions ['colcon_pkg']
[0.153s] Level 1:colcon.colcon_core.package_identification:_identify(src/rover_motor_controller_cpp) by extension 'colcon_pkg'
[0.153s] Level 1:colcon.colcon_core.package_identification:_identify(src/rover_motor_controller_cpp) by extensions ['colcon_meta']
[0.153s] Level 1:colcon.colcon_core.package_identification:_identify(src/rover_motor_controller_cpp) by extension 'colcon_meta'
[0.153s] Level 1:colcon.colcon_core.package_identification:_identify(src/rover_motor_controller_cpp) by extensions ['ros']
[0.153s] Level 1:colcon.colcon_core.package_identification:_identify(src/rover_motor_controller_cpp) by extension 'ros'
[0.153s] DEBUG:colcon.colcon_core.package_identification:Package 'src/rover_motor_controller_cpp' with type 'ros.ament_cmake' and name 'rover_motor_controller_cpp'
[0.153s] Level 1:colcon.colcon_core.package_identification:_identify(src/rover_msgs) by extensions ['ignore', 'ignore_ament_install']
[0.153s] Level 1:colcon.colcon_core.package_identification:_identify(src/rover_msgs) by extension 'ignore'
[0.153s] Level 1:colcon.colcon_core.package_identification:_identify(src/rover_msgs) by extension 'ignore_ament_install'
[0.153s] Level 1:colcon.colcon_core.package_identification:_identify(src/rover_msgs) by extensions ['colcon_pkg']
[0.153s] Level 1:colcon.colcon_core.package_identification:_identify(src/rover_msgs) by extension 'colcon_pkg'
[0.153s] Level 1:colcon.colcon_core.package_identification:_identify(src/rover_msgs) by extensions ['colcon_meta']
[0.153s] Level 1:colcon.colcon_core.package_identification:_identify(src/rover_msgs) by extension 'colcon_meta'
[0.153s] Level 1:colcon.colcon_core.package_identification:_identify(src/rover_msgs) by extensions ['ros']
[0.153s] Level 1:colcon.colcon_core.package_identification:_identify(src/rover_msgs) by extension 'ros'
[0.153s] DEBUG:colcon.colcon_core.package_identification:Package 'src/rover_msgs' with type 'ros.ament_cmake' and name 'rover_msgs'
[0.154s] Level 1:colcon.colcon_core.package_identification:_identify(src/urc_rover) by extensions ['ignore', 'ignore_ament_install']
[0.154s] Level 1:colcon.colcon_core.package_identification:_identify(src/urc_rover) by extension 'ignore'
[0.154s] Level 1:colcon.colcon_core.package_identification:_identify(src/urc_rover) by extension 'ignore_ament_install'
[0.154s] Level 1:colcon.colcon_core.package_identification:_identify(src/urc_rover) by extensions ['colcon_pkg']
[0.154s] Level 1:colcon.colcon_core.package_identification:_identify(src/urc_rover) by extension 'colcon_pkg'
[0.154s] Level 1:colcon.colcon_core.package_identification:_identify(src/urc_rover) by extensions ['colcon_meta']
[0.154s] Level 1:colcon.colcon_core.package_identification:_identify(src/urc_rover) by extension 'colcon_meta'
[0.154s] Level 1:colcon.colcon_core.package_identification:_identify(src/urc_rover) by extensions ['ros']
[0.154s] Level 1:colcon.colcon_core.package_identification:_identify(src/urc_rover) by extension 'ros'
[0.154s] DEBUG:colcon.colcon_core.package_identification:Package 'src/urc_rover' with type 'ros.ament_cmake' and name 'urc_rover'
[0.154s] Level 1:colcon.colcon_core.package_discovery:discover_packages(recursive) using defaults
[0.154s] Level 1:colcon.colcon_core.package_discovery:discover_packages(ignore) discover
[0.154s] Level 1:colcon.colcon_core.package_discovery:discover_packages(ignore) using defaults
[0.154s] Level 1:colcon.colcon_core.package_discovery:discover_packages(path) discover
[0.154s] Level 1:colcon.colcon_core.package_discovery:discover_packages(path) using defaults
[0.173s] Level 1:colcon.colcon_core.package_discovery:discover_packages(prefix_path) check parameters
[0.173s] Level 1:colcon.colcon_core.package_discovery:discover_packages(prefix_path) discover
[0.175s] DEBUG:colcon.colcon_installed_package_information.package_discovery:Found 6 installed packages in /home/batman/URC_NAV/install
[0.175s] DEBUG:colcon.colcon_installed_package_information.package_discovery:Found 13 installed packages in /home/batman/turtlebot3_ws/install
[0.176s] DEBUG:colcon.colcon_installed_package_information.package_discovery:Found 440 installed packages in /opt/ros/humble
[0.177s] Level 1:colcon.colcon_core.package_discovery:discover_packages(prefix_path) using defaults
[0.203s] Level 5:colcon.colcon_core.verb:set package 'rover_controller' build argument 'cmake_args' from command line to 'None'
[0.203s] Level 5:colcon.colcon_core.verb:set package 'rover_controller' build argument 'cmake_target' from command line to 'None'
[0.203s] Level 5:colcon.colcon_core.verb:set package 'rover_controller' build argument 'cmake_target_skip_unavailable' from command line to 'False'
[0.203s] Level 5:colcon.colcon_core.verb:set package 'rover_controller' build argument 'cmake_clean_cache' from command line to 'False'
[0.203s] Level 5:colcon.colcon_core.verb:set package 'rover_controller' build argument 'cmake_clean_first' from command line to 'False'
[0.203s] Level 5:colcon.colcon_core.verb:set package 'rover_controller' build argument 'cmake_force_configure' from command line to 'False'
[0.203s] Level 5:colcon.colcon_core.verb:set package 'rover_controller' build argument 'ament_cmake_args' from command line to 'None'
[0.203s] Level 5:colcon.colcon_core.verb:set package 'rover_controller' build argument 'catkin_cmake_args' from command line to 'None'
[0.203s] Level 5:colcon.colcon_core.verb:set package 'rover_controller' build argument 'catkin_skip_building_tests' from command line to 'False'
[0.203s] DEBUG:colcon.colcon_core.verb:Building package 'rover_controller' with the following arguments: {'ament_cmake_args': None, 'build_base': '/home/batman/URC_NAV/build/rover_controller', 'catkin_cmake_args': None, 'catkin_skip_building_tests': False, 'cmake_args': None, 'cmake_clean_cache': False, 'cmake_clean_first': False, 'cmake_force_configure': False, 'cmake_target': None, 'cmake_target_skip_unavailable': False, 'install_base': '/home/batman/URC_NAV/install/rover_controller', 'merge_install': False, 'path': '/home/batman/URC_NAV/src/rover_controller', 'symlink_install': False, 'test_result_base': None}
[0.203s] Level 5:colcon.colcon_core.verb:set package 'rover_localization' build argument 'cmake_args' from command line to 'None'
[0.203s] Level 5:colcon.colcon_core.verb:set package 'rover_localization' build argument 'cmake_target' from command line to 'None'
[0.203s] Level 5:colcon.colcon_core.verb:set package 'rover_localization' build argument 'cmake_target_skip_unavailable' from command line to 'False'
[0.203s] Level 5:colcon.colcon_core.verb:set package 'rover_localization' build argument 'cmake_clean_cache' from command line to 'False'
[0.203s] Level 5:colcon.colcon_core.verb:set package 'rover_localization' build argument 'cmake_clean_first' from command line to 'False'
[0.203s] Level 5:colcon.colcon_core.verb:set package 'rover_localization' build argument 'cmake_force_configure' from command line to 'False'
[0.203s] Level 5:colcon.colcon_core.verb:set package 'rover_localization' build argument 'ament_cmake_args' from command line to 'None'
[0.203s] Level 5:colcon.colcon_core.verb:set package 'rover_localization' build argument 'catkin_cmake_args' from command line to 'None'
[0.203s] Level 5:colcon.colcon_core.verb:set package 'rover_localization' build argument 'catkin_skip_building_tests' from command line to 'False'
[0.203s] DEBUG:colcon.colcon_core.verb:Building package 'rover_localization' with the following arguments: {'ament_cmake_args': None, 'build_base': '/home/batman/URC_NAV/build/rover_localization', 'catkin_cmake_args': None, 'catkin_skip_building_tests': False, 'cmake_args': None, 'cmake_clean_cache': False, 'cmake_clean_first': False, 'cmake_force_configure': False, 'cmake_target': None, 'cmake_target_skip_unavailable': False, 'install_base': '/home/batman/URC_NAV/install/rover_localization', 'merge_install': False, 'path': '/home/batman/URC_NAV/src/rover_localization', 'symlink_install': False, 'test_result_base': None}
[0.203s] Level 5:colcon.colcon_core.verb:set package 'rover_msgs' build argument 'cmake_args' from command line to 'None'
[0.203s] Level 5:colcon.colcon_core.verb:set package 'rover_msgs' build argument 'cmake_target' from command line to 'None'
[0.203s] Level 5:colcon.colcon_core.verb:set package 'rover_msgs' build argument 'cmake_target_skip_unavailable' from command line to 'False'
[0.203s] Level 5:colcon.colcon_core.verb:set package 'rover_msgs' build argument 'cmake_clean_cache' from command line to 'False'
[0.203s] Level 5:colcon.colcon_core.verb:set package 'rover_msgs' build argument 'cmake_clean_first' from command line to 'False'
[0.203s] Level 5:colcon.colcon_core.verb:set package 'rover_msgs' build argument 'cmake_force_configure' from command line to 'False'
[0.203s] Level 5:colcon.colcon_core.verb:set package 'rover_msgs' build argument 'ament_cmake_args' from command line to 'None'
[0.203s] Level 5:colcon.colcon_core.verb:set package 'rover_msgs' build argument 'catkin_cmake_args' from command line to 'None'
[0.203s] Level 5:colcon.colcon_core.verb:set package 'rover_msgs' build argument 'catkin_skip_building_tests' from command line to 'False'
[0.203s] DEBUG:colcon.colcon_core.verb:Building package 'rover_msgs' with the following arguments: {'ament_cmake_args': None, 'build_base': '/home/batman/URC_NAV/build/rover_msgs', 'catkin_cmake_args': None, 'catkin_skip_building_tests': False, 'cmake_args': None, 'cmake_clean_cache': False, 'cmake_clean_first': False, 'cmake_force_configure': False, 'cmake_target': None, 'cmake_target_skip_unavailable': False, 'install_base': '/home/batman/URC_NAV/install/rover_msgs', 'merge_install': False, 'path': '/home/batman/URC_NAV/src/rover_msgs', 'symlink_install': False, 'test_result_base': None}
[0.204s] Level 5:colcon.colcon_core.verb:set package 'urc_rover' build argument 'cmake_args' from command line to 'None'
[0.204s] Level 5:colcon.colcon_core.verb:set package 'urc_rover' build argument 'cmake_target' from command line to 'None'
[0.204s] Level 5:colcon.colcon_core.verb:set package 'urc_rover' build argument 'cmake_target_skip_unavailable' from command line to 'False'
[0.204s] Level 5:colcon.colcon_core.verb:set package 'urc_rover' build argument 'cmake_clean_cache' from command line to 'False'
[0.204s] Level 5:colcon.colcon_core.verb:set package 'urc_rover' build argument 'cmake_clean_first' from command line to 'False'
[0.204s] Level 5:colcon.colcon_core.verb:set package 'urc_rover' build argument 'cmake_force_configure' from command line to 'False'
[0.204s] Level 5:colcon.colcon_core.verb:set package 'urc_rover' build argument 'ament_cmake_args' from command line to 'None'
[0.204s] Level 5:colcon.colcon_core.verb:set package 'urc_rover' build argument 'catkin_cmake_args' from command line to 'None'
[0.204s] Level 5:colcon.colcon_core.verb:set package 'urc_rover' build argument 'catkin_skip_building_tests' from command line to 'False'
[0.204s] DEBUG:colcon.colcon_core.verb:Building package 'urc_rover' with the following arguments: {'ament_cmake_args': None, 'build_base': '/home/batman/URC_NAV/build/urc_rover', 'catkin_cmake_args': None, 'catkin_skip_building_tests': False, 'cmake_args': None, 'cmake_clean_cache': False, 'cmake_clean_first': False, 'cmake_force_configure': False, 'cmake_target': None, 'cmake_target_skip_unavailable': False, 'install_base': '/home/batman/URC_NAV/install/urc_rover', 'merge_install': False, 'path': '/home/batman/URC_NAV/src/urc_rover', 'symlink_install': False, 'test_result_base': None}
[0.204s] Level 5:colcon.colcon_core.verb:set package 'rover_motor_controller_cpp' build argument 'cmake_args' from command line to 'None'
[0.204s] Level 5:colcon.colcon_core.verb:set package 'rover_motor_controller_cpp' build argument 'cmake_target' from command line to 'None'
[0.204s] Level 5:colcon.colcon_core.verb:set package 'rover_motor_controller_cpp' build argument 'cmake_target_skip_unavailable' from command line to 'False'
[0.204s] Level 5:colcon.colcon_core.verb:set package 'rover_motor_controller_cpp' build argument 'cmake_clean_cache' from command line to 'False'
[0.204s] Level 5:colcon.colcon_core.verb:set package 'rover_motor_controller_cpp' build argument 'cmake_clean_first' from command line to 'False'
[0.204s] Level 5:colcon.colcon_core.verb:set package 'rover_motor_controller_cpp' build argument 'cmake_force_configure' from command line to 'False'
[0.204s] Level 5:colcon.colcon_core.verb:set package 'rover_motor_controller_cpp' build argument 'ament_cmake_args' from command line to 'None'
[0.204s] Level 5:colcon.colcon_core.verb:set package 'rover_motor_controller_cpp' build argument 'catkin_cmake_args' from command line to 'None'
[0.204s] Level 5:colcon.colcon_core.verb:set package 'rover_motor_controller_cpp' build argument 'catkin_skip_building_tests' from command line to 'False'
[0.204s] DEBUG:colcon.colcon_core.verb:Building package 'rover_motor_controller_cpp' with the following arguments: {'ament_cmake_args': None, 'build_base': '/home/batman/URC_NAV/build/rover_motor_controller_cpp', 'catkin_cmake_args': None, 'catkin_skip_building_tests': False, 'cmake_args': None, 'cmake_clean_cache': False, 'cmake_clean_first': False, 'cmake_force_configure': False, 'cmake_target': None, 'cmake_target_skip_unavailable': False, 'install_base': '/home/batman/URC_NAV/install/rover_motor_controller_cpp', 'merge_install': False, 'path': '/home/batman/URC_NAV/src/rover_motor_controller_cpp', 'symlink_install': False, 'test_result_base': None}
[0.204s] Level 5:colcon.colcon_core.verb:set package 'rover_gazebo' build argument 'cmake_args' from command line to 'None'
[0.204s] Level 5:colcon.colcon_core.verb:set package 'rover_gazebo' build argument 'cmake_target' from command line to 'None'
[0.204s] Level 5:colcon.colcon_core.verb:set package 'rover_gazebo' build argument 'cmake_target_skip_unavailable' from command line to 'False'
[0.204s] Level 5:colcon.colcon_core.verb:set package 'rover_gazebo' build argument 'cmake_clean_cache' from command line to 'False'
[0.204s] Level 5:colcon.colcon_core.verb:set package 'rover_gazebo' build argument 'cmake_clean_first' from command line to 'False'
[0.204s] Level 5:colcon.colcon_core.verb:set package 'rover_gazebo' build argument 'cmake_force_configure' from command line to 'False'
[0.204s] Level 5:colcon.colcon_core.verb:set package 'rover_gazebo' build argument 'ament_cmake_args' from command line to 'None'
[0.204s] Level 5:colcon.colcon_core.verb:set package 'rover_gazebo' build argument 'catkin_cmake_args' from command line to 'None'
[0.204s] Level 5:colcon.colcon_core.verb:set package 'rover_gazebo' build argument 'catkin_skip_building_tests' from command line to 'False'
[0.204s] DEBUG:colcon.colcon_core.verb:Building package 'rover_gazebo' with the following arguments: {'ament_cmake_args': None, 'build_base': '/home/batman/URC_NAV/build/rover_gazebo', 'catkin_cmake_args': None, 'catkin_skip_building_tests': False, 'cmake_args': None, 'cmake_clean_cache': False, 'cmake_clean_first': False, 'cmake_force_configure': False, 'cmake_target': None, 'cmake_target_skip_unavailable': False, 'install_base': '/home/batman/URC_NAV/install/rover_gazebo', 'merge_install': False, 'path': '/home/batman/URC_NAV/src/rover_gazebo', 'symlink_install': False, 'test_result_base': None}
[0.204s] INFO:colcon.colcon_core.executor:Executing jobs using 'parallel' executor
[0.205s] DEBUG:colcon.colcon_parallel_executor.executor.parallel:run_until_complete
[0.205s] INFO:colcon.colcon_ros.task.ament_cmake.build:Building ROS package in '/home/batman/URC_NAV/src/rover_msgs' with build type 'ament_cmake'
[0.205s] INFO:colcon.colcon_cmake.task.cmake.build:Building CMake package in '/home/batman/URC_NAV/src/rover_msgs'
[0.206s] INFO:colcon.colcon_core.plugin_system:Skipping extension 'colcon_core.shell.bat': Not used on non-Windows systems
[0.207s] INFO:colcon.colcon_core.shell:Skip shell extension 'powershell' for command environment: Not usable outside of PowerShell
[0.207s] DEBUG:colcon.colcon_core.shell:Skip shell extension 'dsv' for command environment
[0.209s] INFO:colcon.colcon_ros.task.ament_cmake.build:Building ROS package in '/home/batman/URC_NAV/src/rover_controller' with build type 'ament_cmake'
[0.209s] INFO:colcon.colcon_cmake.task.cmake.build:Building CMake package in '/home/batman/URC_NAV/src/rover_controller'
[0.209s] INFO:colcon.colcon_core.shell:Skip shell extension 'powershell' for command environment: Not usable outside of PowerShell
[0.209s] DEBUG:colcon.colcon_core.shell:Skip shell extension 'dsv' for command environment
[0.212s] INFO:colcon.colcon_ros.task.ament_cmake.build:Building ROS package in '/home/batman/URC_NAV/src/rover_localization' with build type 'ament_cmake'
[0.212s] INFO:colcon.colcon_cmake.task.cmake.build:Building CMake package in '/home/batman/URC_NAV/src/rover_localization'
[0.212s] INFO:colcon.colcon_core.shell:Skip shell extension 'powershell' for command environment: Not usable outside of PowerShell
[0.212s] DEBUG:colcon.colcon_core.shell:Skip shell extension 'dsv' for command environment
[0.214s] INFO:colcon.colcon_ros.task.ament_cmake.build:Building ROS package in '/home/batman/URC_NAV/src/urc_rover' with build type 'ament_cmake'
[0.214s] INFO:colcon.colcon_cmake.task.cmake.build:Building CMake package in '/home/batman/URC_NAV/src/urc_rover'
[0.214s] INFO:colcon.colcon_core.shell:Skip shell extension 'powershell' for command environment: Not usable outside of PowerShell
[0.215s] DEBUG:colcon.colcon_core.shell:Skip shell extension 'dsv' for command environment
[0.221s] DEBUG:colcon.colcon_core.event_handler.log_command:Invoking command in '/home/batman/URC_NAV/build/rover_msgs': CMAKE_PREFIX_PATH=${CMAKE_PREFIX_PATH}:/home/batman/turtlebot3_ws/install/turtlebot3_teleop:/home/batman/turtlebot3_ws/install/turtlebot3_example:/opt/ros/humble /usr/bin/cmake --build /home/batman/URC_NAV/build/rover_msgs -- -j16 -l16
[0.223s] DEBUG:colcon.colcon_core.event_handler.log_command:Invoking command in '/home/batman/URC_NAV/build/rover_controller': CMAKE_PREFIX_PATH=${CMAKE_PREFIX_PATH}:/home/batman/turtlebot3_ws/install/turtlebot3_teleop:/home/batman/turtlebot3_ws/install/turtlebot3_example:/opt/ros/humble /usr/bin/cmake --build /home/batman/URC_NAV/build/rover_controller -- -j16 -l16
[0.224s] DEBUG:colcon.colcon_core.event_handler.log_command:Invoking command in '/home/batman/URC_NAV/build/rover_localization': CMAKE_PREFIX_PATH=${CMAKE_PREFIX_PATH}:/home/batman/turtlebot3_ws/install/turtlebot3_teleop:/home/batman/turtlebot3_ws/install/turtlebot3_example:/opt/ros/humble /usr/bin/cmake --build /home/batman/URC_NAV/build/rover_localization -- -j16 -l16
[0.227s] DEBUG:colcon.colcon_core.event_handler.log_command:Invoking command in '/home/batman/URC_NAV/build/urc_rover': CMAKE_PREFIX_PATH=${CMAKE_PREFIX_PATH}:/home/batman/turtlebot3_ws/install/turtlebot3_teleop:/home/batman/turtlebot3_ws/install/turtlebot3_example:/opt/ros/humble /usr/bin/cmake --build /home/batman/URC_NAV/build/urc_rover -- -j16 -l16
[0.253s] DEBUG:colcon.colcon_core.event_handler.log_command:Invoked command in '/home/batman/URC_NAV/build/rover_localization' returned '0': CMAKE_PREFIX_PATH=${CMAKE_PREFIX_PATH}:/home/batman/turtlebot3_ws/install/turtlebot3_teleop:/home/batman/turtlebot3_ws/install/turtlebot3_example:/opt/ros/humble /usr/bin/cmake --build /home/batman/URC_NAV/build/rover_localization -- -j16 -l16
[0.261s] DEBUG:colcon.colcon_core.event_handler.log_command:Invoking command in '/home/batman/URC_NAV/build/rover_localization': CMAKE_PREFIX_PATH=${CMAKE_PREFIX_PATH}:/home/batman/turtlebot3_ws/install/turtlebot3_teleop:/home/batman/turtlebot3_ws/install/turtlebot3_example:/opt/ros/humble /usr/bin/cmake --install /home/batman/URC_NAV/build/rover_localization
[0.262s] DEBUG:colcon.colcon_core.event_handler.log_command:Invoked command in '/home/batman/URC_NAV/build/urc_rover' returned '0': CMAKE_PREFIX_PATH=${CMAKE_PREFIX_PATH}:/home/batman/turtlebot3_ws/install/turtlebot3_teleop:/home/batman/turtlebot3_ws/install/turtlebot3_example:/opt/ros/humble /usr/bin/cmake --build /home/batman/URC_NAV/build/urc_rover -- -j16 -l16
[0.264s] DEBUG:colcon.colcon_core.event_handler.log_command:Invoking command in '/home/batman/URC_NAV/build/urc_rover': CMAKE_PREFIX_PATH=${CMAKE_PREFIX_PATH}:/home/batman/turtlebot3_ws/install/turtlebot3_teleop:/home/batman/turtlebot3_ws/install/turtlebot3_example:/opt/ros/humble /usr/bin/cmake --install /home/batman/URC_NAV/build/urc_rover
[0.269s] Level 1:colcon.colcon_core.environment:create_environment_scripts_only(rover_localization)
[0.270s] DEBUG:colcon.colcon_core.event_handler.log_command:Invoked command in '/home/batman/URC_NAV/build/rover_localization' returned '0': CMAKE_PREFIX_PATH=${CMAKE_PREFIX_PATH}:/home/batman/turtlebot3_ws/install/turtlebot3_teleop:/home/batman/turtlebot3_ws/install/turtlebot3_example:/opt/ros/humble /usr/bin/cmake --install /home/batman/URC_NAV/build/rover_localization
[0.275s] Level 1:colcon.colcon_core.environment:checking '/home/batman/URC_NAV/install/rover_localization' for CMake module files
[0.276s] Level 1:colcon.colcon_core.environment:checking '/home/batman/URC_NAV/install/rover_localization' for CMake config files
[0.276s] Level 1:colcon.colcon_core.shell:create_environment_hook('rover_localization', 'cmake_prefix_path')
[0.276s] INFO:colcon.colcon_core.shell:Creating environment hook '/home/batman/URC_NAV/install/rover_localization/share/rover_localization/hook/cmake_prefix_path.ps1'
[0.277s] INFO:colcon.colcon_core.shell:Creating environment descriptor '/home/batman/URC_NAV/install/rover_localization/share/rover_localization/hook/cmake_prefix_path.dsv'
[0.278s] INFO:colcon.colcon_core.shell:Creating environment hook '/home/batman/URC_NAV/install/rover_localization/share/rover_localization/hook/cmake_prefix_path.sh'
[0.279s] Level 1:colcon.colcon_core.environment:checking '/home/batman/URC_NAV/install/rover_localization/bin'
[0.279s] Level 1:colcon.colcon_core.environment:checking '/home/batman/URC_NAV/install/rover_localization/lib/pkgconfig/rover_localization.pc'
[0.280s] Level 1:colcon.colcon_core.environment:checking '/home/batman/URC_NAV/install/rover_localization/lib/python3.10/site-packages'
[0.280s] Level 1:colcon.colcon_core.environment:checking '/home/batman/URC_NAV/install/rover_localization/bin'
[0.280s] INFO:colcon.colcon_core.shell:Creating package script '/home/batman/URC_NAV/install/rover_localization/share/rover_localization/package.ps1'
[0.281s] INFO:colcon.colcon_core.shell:Creating package descriptor '/home/batman/URC_NAV/install/rover_localization/share/rover_localization/package.dsv'
[0.282s] INFO:colcon.colcon_core.shell:Creating package script '/home/batman/URC_NAV/install/rover_localization/share/rover_localization/package.sh'
[0.283s] INFO:colcon.colcon_core.shell:Creating package script '/home/batman/URC_NAV/install/rover_localization/share/rover_localization/package.bash'
[0.284s] INFO:colcon.colcon_core.shell:Creating package script '/home/batman/URC_NAV/install/rover_localization/share/rover_localization/package.zsh'
[0.284s] Level 1:colcon.colcon_core.environment:create_file_with_runtime_dependencies(/home/batman/URC_NAV/install/rover_localization/share/colcon-core/packages/rover_localization)
[0.285s] Level 1:colcon.colcon_core.environment:create_environment_scripts_only(rover_localization)
[0.285s] Level 1:colcon.colcon_core.environment:checking '/home/batman/URC_NAV/install/rover_localization' for CMake module files
[0.286s] Level 1:colcon.colcon_core.environment:checking '/home/batman/URC_NAV/install/rover_localization' for CMake config files
[0.286s] Level 1:colcon.colcon_core.shell:create_environment_hook('rover_localization', 'cmake_prefix_path')
[0.286s] INFO:colcon.colcon_core.shell:Creating environment hook '/home/batman/URC_NAV/install/rover_localization/share/rover_localization/hook/cmake_prefix_path.ps1'
[0.286s] INFO:colcon.colcon_core.shell:Creating environment descriptor '/home/batman/URC_NAV/install/rover_localization/share/rover_localization/hook/cmake_prefix_path.dsv'
[0.287s] INFO:colcon.colcon_core.shell:Creating environment hook '/home/batman/URC_NAV/install/rover_localization/share/rover_localization/hook/cmake_prefix_path.sh'
[0.287s] Level 1:colcon.colcon_core.environment:checking '/home/batman/URC_NAV/install/rover_localization/bin'
[0.288s] Level 1:colcon.colcon_core.environment:checking '/home/batman/URC_NAV/install/rover_localization/lib/pkgconfig/rover_localization.pc'
[0.288s] Level 1:colcon.colcon_core.environment:checking '/home/batman/URC_NAV/install/rover_localization/lib/python3.10/site-packages'
[0.288s] Level 1:colcon.colcon_core.environment:checking '/home/batman/URC_NAV/install/rover_localization/bin'
[0.288s] INFO:colcon.colcon_core.shell:Creating package script '/home/batman/URC_NAV/install/rover_localization/share/rover_localization/package.ps1'
[0.289s] INFO:colcon.colcon_core.shell:Creating package descriptor '/home/batman/URC_NAV/install/rover_localization/share/rover_localization/package.dsv'
[0.289s] INFO:colcon.colcon_core.shell:Creating package script '/home/batman/URC_NAV/install/rover_localization/share/rover_localization/package.sh'
[0.290s] INFO:colcon.colcon_core.shell:Creating package script '/home/batman/URC_NAV/install/rover_localization/share/rover_localization/package.bash'
[0.290s] INFO:colcon.colcon_core.shell:Creating package script '/home/batman/URC_NAV/install/rover_localization/share/rover_localization/package.zsh'
[0.291s] Level 1:colcon.colcon_core.environment:create_file_with_runtime_dependencies(/home/batman/URC_NAV/install/rover_localization/share/colcon-core/packages/rover_localization)
[0.292s] Level 1:colcon.colcon_core.environment:create_environment_scripts_only(urc_rover)
[0.292s] Level 1:colcon.colcon_core.environment:checking '/home/batman/URC_NAV/install/urc_rover' for CMake module files
[0.294s] DEBUG:colcon.colcon_core.event_handler.log_command:Invoked command in '/home/batman/URC_NAV/build/urc_rover' returned '0': CMAKE_PREFIX_PATH=${CMAKE_PREFIX_PATH}:/home/batman/turtlebot3_ws/install/turtlebot3_teleop:/home/batman/turtlebot3_ws/install/turtlebot3_example:/opt/ros/humble /usr/bin/cmake --install /home/batman/URC_NAV/build/urc_rover
[0.294s] Level 1:colcon.colcon_core.environment:checking '/home/batman/URC_NAV/install/urc_rover' for CMake config files
[0.294s] Level 1:colcon.colcon_core.shell:create_environment_hook('urc_rover', 'cmake_prefix_path')
[0.295s] INFO:colcon.colcon_core.shell:Creating environment hook '/home/batman/URC_NAV/install/urc_rover/share/urc_rover/hook/cmake_prefix_path.ps1'
[0.295s] INFO:colcon.colcon_core.shell:Creating environment descriptor '/home/batman/URC_NAV/install/urc_rover/share/urc_rover/hook/cmake_prefix_path.dsv'
[0.296s] INFO:colcon.colcon_core.shell:Creating environment hook '/home/batman/URC_NAV/install/urc_rover/share/urc_rover/hook/cmake_prefix_path.sh'
[0.296s] Level 1:colcon.colcon_core.environment:checking '/home/batman/URC_NAV/install/urc_rover/bin'
[0.297s] Level 1:colcon.colcon_core.environment:checking '/home/batman/URC_NAV/install/urc_rover/lib/pkgconfig/urc_rover.pc'
[0.297s] Level 1:colcon.colcon_core.environment:checking '/home/batman/URC_NAV/install/urc_rover/lib/python3.10/site-packages'
[0.297s] Level 1:colcon.colcon_core.environment:checking '/home/batman/URC_NAV/install/urc_rover/bin'
[0.297s] INFO:colcon.colcon_core.shell:Creating package script '/home/batman/URC_NAV/install/urc_rover/share/urc_rover/package.ps1'
[0.298s] INFO:colcon.colcon_core.shell:Creating package descriptor '/home/batman/URC_NAV/install/urc_rover/share/urc_rover/package.dsv'
[0.299s] INFO:colcon.colcon_core.shell:Creating package script '/home/batman/URC_NAV/install/urc_rover/share/urc_rover/package.sh'
[0.299s] INFO:colcon.colcon_core.shell:Creating package script '/home/batman/URC_NAV/install/urc_rover/share/urc_rover/package.bash'
[0.300s] INFO:colcon.colcon_core.shell:Creating package script '/home/batman/URC_NAV/install/urc_rover/share/urc_rover/package.zsh'
[0.300s] Level 1:colcon.colcon_core.environment:create_file_with_runtime_dependencies(/home/batman/URC_NAV/install/urc_rover/share/colcon-core/packages/urc_rover)
[0.301s] Level 1:colcon.colcon_core.environment:create_environment_scripts_only(urc_rover)
[0.301s] Level 1:colcon.colcon_core.environment:checking '/home/batman/URC_NAV/install/urc_rover' for CMake module files
[0.301s] Level 1:colcon.colcon_core.environment:checking '/home/batman/URC_NAV/install/urc_rover' for CMake config files
[0.301s] Level 1:colcon.colcon_core.shell:create_environment_hook('urc_rover', 'cmake_prefix_path')
[0.301s] INFO:colcon.colcon_core.shell:Creating environment hook '/home/batman/URC_NAV/install/urc_rover/share/urc_rover/hook/cmake_prefix_path.ps1'
[0.302s] INFO:colcon.colcon_core.shell:Creating environment descriptor '/home/batman/URC_NAV/install/urc_rover/share/urc_rover/hook/cmake_prefix_path.dsv'
[0.302s] INFO:colcon.colcon_core.shell:Creating environment hook '/home/batman/URC_NAV/install/urc_rover/share/urc_rover/hook/cmake_prefix_path.sh'
[0.303s] Level 1:colcon.colcon_core.environment:checking '/home/batman/URC_NAV/install/urc_rover/bin'
[0.303s] Level 1:colcon.colcon_core.environment:checking '/home/batman/URC_NAV/install/urc_rover/lib/pkgconfig/urc_rover.pc'
[0.303s] Level 1:colcon.colcon_core.environment:checking '/home/batman/URC_NAV/install/urc_rover/lib/python3.10/site-packages'
[0.303s] Level 1:colcon.colcon_core.environment:checking '/home/batman/URC_NAV/install/urc_rover/bin'
[0.304s] INFO:colcon.colcon_core.shell:Creating package script '/home/batman/URC_NAV/install/urc_rover/share/urc_rover/package.ps1'
[0.304s] INFO:colcon.colcon_core.shell:Creating package descriptor '/home/batman/URC_NAV/install/urc_rover/share/urc_rover/package.dsv'
[0.305s] INFO:colcon.colcon_core.shell:Creating package script '/home/batman/URC_NAV/install/urc_rover/share/urc_rover/package.sh'
[0.305s] INFO:colcon.colcon_core.shell:Creating package script '/home/batman/URC_NAV/install/urc_rover/share/urc_rover/package.bash'
[0.305s] INFO:colcon.colcon_core.shell:Creating package script '/home/batman/URC_NAV/install/urc_rover/share/urc_rover/package.zsh'
[0.306s] Level 1:colcon.colcon_core.environment:create_file_with_runtime_dependencies(/home/batman/URC_NAV/install/urc_rover/share/colcon-core/packages/urc_rover)
[0.307s] DEBUG:colcon.colcon_core.event_handler.log_command:Invoked command in '/home/batman/URC_NAV/build/rover_controller' returned '0': CMAKE_PREFIX_PATH=${CMAKE_PREFIX_PATH}:/home/batman/turtlebot3_ws/install/turtlebot3_teleop:/home/batman/turtlebot3_ws/install/turtlebot3_example:/opt/ros/humble /usr/bin/cmake --build /home/batman/URC_NAV/build/rover_controller -- -j16 -l16
[0.309s] DEBUG:colcon.colcon_core.event_handler.log_command:Invoking command in '/home/batman/URC_NAV/build/rover_controller': CMAKE_PREFIX_PATH=${CMAKE_PREFIX_PATH}:/home/batman/turtlebot3_ws/install/turtlebot3_teleop:/home/batman/turtlebot3_ws/install/turtlebot3_example:/opt/ros/humble /usr/bin/cmake --install /home/batman/URC_NAV/build/rover_controller
[0.316s] Level 1:colcon.colcon_core.environment:create_environment_scripts_only(rover_controller)
[0.317s] Level 1:colcon.colcon_core.environment:checking '/home/batman/URC_NAV/install/rover_controller' for CMake module files
[0.317s] DEBUG:colcon.colcon_core.event_handler.log_command:Invoked command in '/home/batman/URC_NAV/build/rover_controller' returned '0': CMAKE_PREFIX_PATH=${CMAKE_PREFIX_PATH}:/home/batman/turtlebot3_ws/install/turtlebot3_teleop:/home/batman/turtlebot3_ws/install/turtlebot3_example:/opt/ros/humble /usr/bin/cmake --install /home/batman/URC_NAV/build/rover_controller
[0.317s] Level 1:colcon.colcon_core.environment:checking '/home/batman/URC_NAV/install/rover_controller' for CMake config files
[0.317s] Level 1:colcon.colcon_core.shell:create_environment_hook('rover_controller', 'cmake_prefix_path')
[0.317s] INFO:colcon.colcon_core.shell:Creating environment hook '/home/batman/URC_NAV/install/rover_controller/share/rover_controller/hook/cmake_prefix_path.ps1'
[0.318s] INFO:colcon.colcon_core.shell:Creating environment descriptor '/home/batman/URC_NAV/install/rover_controller/share/rover_controller/hook/cmake_prefix_path.dsv'
[0.318s] INFO:colcon.colcon_core.shell:Creating environment hook '/home/batman/URC_NAV/install/rover_controller/share/rover_controller/hook/cmake_prefix_path.sh'
[0.318s] Level 1:colcon.colcon_core.environment:checking '/home/batman/URC_NAV/install/rover_controller/lib'
[0.318s] Level 1:colcon.colcon_core.environment:checking '/home/batman/URC_NAV/install/rover_controller/bin'
[0.318s] Level 1:colcon.colcon_core.environment:checking '/home/batman/URC_NAV/install/rover_controller/lib/pkgconfig/rover_controller.pc'
[0.319s] Level 1:colcon.colcon_core.environment:checking '/home/batman/URC_NAV/install/rover_controller/lib/python3.10/site-packages'
[0.319s] Level 1:colcon.colcon_core.environment:checking '/home/batman/URC_NAV/install/rover_controller/bin'
[0.319s] INFO:colcon.colcon_core.shell:Creating package script '/home/batman/URC_NAV/install/rover_controller/share/rover_controller/package.ps1'
[0.319s] INFO:colcon.colcon_core.shell:Creating package descriptor '/home/batman/URC_NAV/install/rover_controller/share/rover_controller/package.dsv'
[0.320s] INFO:colcon.colcon_core.shell:Creating package script '/home/batman/URC_NAV/install/rover_controller/share/rover_controller/package.sh'
[0.320s] INFO:colcon.colcon_core.shell:Creating package script '/home/batman/URC_NAV/install/rover_controller/share/rover_controller/package.bash'
[0.321s] INFO:colcon.colcon_core.shell:Creating package script '/home/batman/URC_NAV/install/rover_controller/share/rover_controller/package.zsh'
[0.321s] Level 1:colcon.colcon_core.environment:create_file_with_runtime_dependencies(/home/batman/URC_NAV/install/rover_controller/share/colcon-core/packages/rover_controller)
[0.322s] Level 1:colcon.colcon_core.environment:create_environment_scripts_only(rover_controller)
[0.322s] Level 1:colcon.colcon_core.environment:checking '/home/batman/URC_NAV/install/rover_controller' for CMake module files
[0.323s] Level 1:colcon.colcon_core.environment:checking '/home/batman/URC_NAV/install/rover_controller' for CMake config files
[0.323s] Level 1:colcon.colcon_core.shell:create_environment_hook('rover_controller', 'cmake_prefix_path')
[0.323s] INFO:colcon.colcon_core.shell:Creating environment hook '/home/batman/URC_NAV/install/rover_controller/share/rover_controller/hook/cmake_prefix_path.ps1'
[0.324s] INFO:colcon.colcon_core.shell:Creating environment descriptor '/home/batman/URC_NAV/install/rover_controller/share/rover_controller/hook/cmake_prefix_path.dsv'
[0.324s] INFO:colcon.colcon_core.shell:Creating environment hook '/home/batman/URC_NAV/install/rover_controller/share/rover_controller/hook/cmake_prefix_path.sh'
[0.325s] Level 1:colcon.colcon_core.environment:checking '/home/batman/URC_NAV/install/rover_controller/lib'
[0.325s] Level 1:colcon.colcon_core.environment:checking '/home/batman/URC_NAV/install/rover_controller/bin'
[0.325s] Level 1:colcon.colcon_core.environment:checking '/home/batman/URC_NAV/install/rover_controller/lib/pkgconfig/rover_controller.pc'
[0.325s] Level 1:colcon.colcon_core.environment:checking '/home/batman/URC_NAV/install/rover_controller/lib/python3.10/site-packages'
[0.325s] Level 1:colcon.colcon_core.environment:checking '/home/batman/URC_NAV/install/rover_controller/bin'
[0.326s] INFO:colcon.colcon_core.shell:Creating package script '/home/batman/URC_NAV/install/rover_controller/share/rover_controller/package.ps1'
[0.326s] INFO:colcon.colcon_core.shell:Creating package descriptor '/home/batman/URC_NAV/install/rover_controller/share/rover_controller/package.dsv'
[0.327s] INFO:colcon.colcon_core.shell:Creating package script '/home/batman/URC_NAV/install/rover_controller/share/rover_controller/package.sh'
[0.327s] INFO:colcon.colcon_core.shell:Creating package script '/home/batman/URC_NAV/install/rover_controller/share/rover_controller/package.bash'
[0.327s] INFO:colcon.colcon_core.shell:Creating package script '/home/batman/URC_NAV/install/rover_controller/share/rover_controller/package.zsh'
[0.328s] Level 1:colcon.colcon_core.environment:create_file_with_runtime_dependencies(/home/batman/URC_NAV/install/rover_controller/share/colcon-core/packages/rover_controller)
[0.456s] DEBUG:colcon.colcon_core.event_handler.log_command:Invoked command in '/home/batman/URC_NAV/build/rover_msgs' returned '0': CMAKE_PREFIX_PATH=${CMAKE_PREFIX_PATH}:/home/batman/turtlebot3_ws/install/turtlebot3_teleop:/home/batman/turtlebot3_ws/install/turtlebot3_example:/opt/ros/humble /usr/bin/cmake --build /home/batman/URC_NAV/build/rover_msgs -- -j16 -l16
[0.457s] DEBUG:colcon.colcon_core.event_handler.log_command:Invoking command in '/home/batman/URC_NAV/build/rover_msgs': CMAKE_PREFIX_PATH=${CMAKE_PREFIX_PATH}:/home/batman/turtlebot3_ws/install/turtlebot3_teleop:/home/batman/turtlebot3_ws/install/turtlebot3_example:/opt/ros/humble /usr/bin/cmake --install /home/batman/URC_NAV/build/rover_msgs
[0.492s] Level 1:colcon.colcon_core.environment:create_environment_scripts_only(rover_msgs)
[0.492s] Level 1:colcon.colcon_core.environment:checking '/home/batman/URC_NAV/install/rover_msgs' for CMake module files
[0.492s] DEBUG:colcon.colcon_core.event_handler.log_command:Invoked command in '/home/batman/URC_NAV/build/rover_msgs' returned '0': CMAKE_PREFIX_PATH=${CMAKE_PREFIX_PATH}:/home/batman/turtlebot3_ws/install/turtlebot3_teleop:/home/batman/turtlebot3_ws/install/turtlebot3_example:/opt/ros/humble /usr/bin/cmake --install /home/batman/URC_NAV/build/rover_msgs
[0.493s] Level 1:colcon.colcon_core.environment:checking '/home/batman/URC_NAV/install/rover_msgs' for CMake config files
[0.493s] Level 1:colcon.colcon_core.shell:create_environment_hook('rover_msgs', 'cmake_prefix_path')
[0.493s] INFO:colcon.colcon_core.shell:Creating environment hook '/home/batman/URC_NAV/install/rover_msgs/share/rover_msgs/hook/cmake_prefix_path.ps1'
[0.494s] INFO:colcon.colcon_core.shell:Creating environment descriptor '/home/batman/URC_NAV/install/rover_msgs/share/rover_msgs/hook/cmake_prefix_path.dsv'
[0.494s] INFO:colcon.colcon_core.shell:Creating environment hook '/home/batman/URC_NAV/install/rover_msgs/share/rover_msgs/hook/cmake_prefix_path.sh'
[0.495s] Level 1:colcon.colcon_core.environment:checking '/home/batman/URC_NAV/install/rover_msgs/lib'
[0.495s] Level 1:colcon.colcon_core.shell:create_environment_hook('rover_msgs', 'ld_library_path_lib')
[0.495s] INFO:colcon.colcon_core.shell:Creating environment hook '/home/batman/URC_NAV/install/rover_msgs/share/rover_msgs/hook/ld_library_path_lib.ps1'
[0.495s] INFO:colcon.colcon_core.shell:Creating environment descriptor '/home/batman/URC_NAV/install/rover_msgs/share/rover_msgs/hook/ld_library_path_lib.dsv'
[0.496s] INFO:colcon.colcon_core.shell:Creating environment hook '/home/batman/URC_NAV/install/rover_msgs/share/rover_msgs/hook/ld_library_path_lib.sh'
[0.496s] Level 1:colcon.colcon_core.environment:checking '/home/batman/URC_NAV/install/rover_msgs/bin'
[0.496s] Level 1:colcon.colcon_core.environment:checking '/home/batman/URC_NAV/install/rover_msgs/lib/pkgconfig/rover_msgs.pc'
[0.496s] Level 1:colcon.colcon_core.environment:checking '/home/batman/URC_NAV/install/rover_msgs/lib/python3.10/site-packages'
[0.497s] Level 1:colcon.colcon_core.environment:checking '/home/batman/URC_NAV/install/rover_msgs/bin'
[0.497s] INFO:colcon.colcon_core.shell:Creating package script '/home/batman/URC_NAV/install/rover_msgs/share/rover_msgs/package.ps1'
[0.497s] INFO:colcon.colcon_core.shell:Creating package descriptor '/home/batman/URC_NAV/install/rover_msgs/share/rover_msgs/package.dsv'
[0.498s] INFO:colcon.colcon_core.shell:Creating package script '/home/batman/URC_NAV/install/rover_msgs/share/rover_msgs/package.sh'
[0.498s] INFO:colcon.colcon_core.shell:Creating package script '/home/batman/URC_NAV/install/rover_msgs/share/rover_msgs/package.bash'
[0.498s] INFO:colcon.colcon_core.shell:Creating package script '/home/batman/URC_NAV/install/rover_msgs/share/rover_msgs/package.zsh'
[0.498s] Level 1:colcon.colcon_core.environment:create_file_with_runtime_dependencies(/home/batman/URC_NAV/install/rover_msgs/share/colcon-core/packages/rover_msgs)
[0.498s] Level 1:colcon.colcon_core.environment:create_environment_scripts_only(rover_msgs)
[0.499s] Level 1:colcon.colcon_core.environment:checking '/home/batman/URC_NAV/install/rover_msgs' for CMake module files
[0.499s] Level 1:colcon.colcon_core.environment:checking '/home/batman/URC_NAV/install/rover_msgs' for CMake config files
[0.499s] Level 1:colcon.colcon_core.shell:create_environment_hook('rover_msgs', 'cmake_prefix_path')
[0.499s] INFO:colcon.colcon_core.shell:Creating environment hook '/home/batman/URC_NAV/install/rover_msgs/share/rover_msgs/hook/cmake_prefix_path.ps1'
[0.499s] INFO:colcon.colcon_core.shell:Creating environment descriptor '/home/batman/URC_NAV/install/rover_msgs/share/rover_msgs/hook/cmake_prefix_path.dsv'
[0.500s] INFO:colcon.colcon_core.shell:Creating environment hook '/home/batman/URC_NAV/install/rover_msgs/share/rover_msgs/hook/cmake_prefix_path.sh'
[0.500s] Level 1:colcon.colcon_core.environment:checking '/home/batman/URC_NAV/install/rover_msgs/lib'
[0.500s] Level 1:colcon.colcon_core.shell:create_environment_hook('rover_msgs', 'ld_library_path_lib')
[0.500s] INFO:colcon.colcon_core.shell:Creating environment hook '/home/batman/URC_NAV/install/rover_msgs/share/rover_msgs/hook/ld_library_path_lib.ps1'
[0.500s] INFO:colcon.colcon_core.shell:Creating environment descriptor '/home/batman/URC_NAV/install/rover_msgs/share/rover_msgs/hook/ld_library_path_lib.dsv'
[0.500s] INFO:colcon.colcon_core.shell:Creating environment hook '/home/batman/URC_NAV/install/rover_msgs/share/rover_msgs/hook/ld_library_path_lib.sh'
[0.501s] Level 1:colcon.colcon_core.environment:checking '/home/batman/URC_NAV/install/rover_msgs/bin'
[0.501s] Level 1:colcon.colcon_core.environment:checking '/home/batman/URC_NAV/install/rover_msgs/lib/pkgconfig/rover_msgs.pc'
[0.501s] Level 1:colcon.colcon_core.environment:checking '/home/batman/URC_NAV/install/rover_msgs/lib/python3.10/site-packages'
[0.501s] Level 1:colcon.colcon_core.environment:checking '/home/batman/URC_NAV/install/rover_msgs/bin'
[0.501s] INFO:colcon.colcon_core.shell:Creating package script '/home/batman/URC_NAV/install/rover_msgs/share/rover_msgs/package.ps1'
[0.501s] INFO:colcon.colcon_core.shell:Creating package descriptor '/home/batman/URC_NAV/install/rover_msgs/share/rover_msgs/package.dsv'
[0.502s] INFO:colcon.colcon_core.shell:Creating package script '/home/batman/URC_NAV/install/rover_msgs/share/rover_msgs/package.sh'
[0.502s] INFO:colcon.colcon_core.shell:Creating package script '/home/batman/URC_NAV/install/rover_msgs/share/rover_msgs/package.bash'
[0.502s] INFO:colcon.colcon_core.shell:Creating package script '/home/batman/URC_NAV/install/rover_msgs/share/rover_msgs/package.zsh'
[0.502s] Level 1:colcon.colcon_core.environment:create_file_with_runtime_dependencies(/home/batman/URC_NAV/install/rover_msgs/share/colcon-core/packages/rover_msgs)
[0.502s] INFO:colcon.colcon_ros.task.ament_cmake.build:Building ROS package in '/home/batman/URC_NAV/src/rover_motor_controller_cpp' with build type 'ament_cmake'
[0.502s] INFO:colcon.colcon_cmake.task.cmake.build:Building CMake package in '/home/batman/URC_NAV/src/rover_motor_controller_cpp'
[0.503s] INFO:colcon.colcon_core.shell:Skip shell extension 'powershell' for command environment: Not usable outside of PowerShell
[0.503s] DEBUG:colcon.colcon_core.shell:Skip shell extension 'dsv' for command environment
[0.511s] DEBUG:colcon.colcon_core.event_handler.log_command:Invoking command in '/home/batman/URC_NAV/build/rover_motor_controller_cpp': CMAKE_PREFIX_PATH=/home/batman/URC_NAV/install/rover_msgs:/home/batman/URC_NAV/install/urc_rover:/home/batman/URC_NAV/install/rover_gazebo:/home/batman/URC_NAV/install/rover_motor_controller_cpp:/home/batman/URC_NAV/install/rover_localization:/home/batman/URC_NAV/install/rover_controller:/home/batman/turtlebot3_ws/install/turtlebot3:/home/batman/turtlebot3_ws/install/turtlebot3_bringup:/home/batman/turtlebot3_ws/install/turtlebot3_node:/home/batman/turtlebot3_ws/install/turtlebot3_navigation2:/home/batman/turtlebot3_ws/install/turtlebot3_msgs:/home/batman/turtlebot3_ws/install/turtlebot3_description:/home/batman/turtlebot3_ws/install/turtlebot3_cartographer:/home/batman/turtlebot3_ws/install/dynamixel_sdk_examples:/home/batman/turtlebot3_ws/install/dynamixel_sdk_custom_interfaces:/home/batman/turtlebot3_ws/install/dynamixel_sdk:/home/batman/turtlebot3_ws/install/turtlebot3_teleop:/home/batman/turtlebot3_ws/install/turtlebot3_example:/opt/ros/humble LD_LIBRARY_PATH=/home/batman/URC_NAV/install/rover_msgs/lib:/home/batman/turtlebot3_ws/install/turtlebot3_msgs/lib:/home/batman/turtlebot3_ws/install/dynamixel_sdk_custom_interfaces/lib:/home/batman/turtlebot3_ws/install/dynamixel_sdk/lib:/usr/lib/x86_64-linux-gnu/gazebo-11/plugins:/opt/ros/humble/opt/rviz_ogre_vendor/lib:/opt/ros/humble/lib/x86_64-linux-gnu:/opt/ros/humble/lib:/usr/lib/x86_64-linux-gnu/gazebo-11/plugins /usr/bin/cmake --build /home/batman/URC_NAV/build/rover_motor_controller_cpp -- -j16 -l16
[0.565s] DEBUG:colcon.colcon_core.event_handler.log_command:Invoked command in '/home/batman/URC_NAV/build/rover_motor_controller_cpp' returned '0': CMAKE_PREFIX_PATH=/home/batman/URC_NAV/install/rover_msgs:/home/batman/URC_NAV/install/urc_rover:/home/batman/URC_NAV/install/rover_gazebo:/home/batman/URC_NAV/install/rover_motor_controller_cpp:/home/batman/URC_NAV/install/rover_localization:/home/batman/URC_NAV/install/rover_controller:/home/batman/turtlebot3_ws/install/turtlebot3:/home/batman/turtlebot3_ws/install/turtlebot3_bringup:/home/batman/turtlebot3_ws/install/turtlebot3_node:/home/batman/turtlebot3_ws/install/turtlebot3_navigation2:/home/batman/turtlebot3_ws/install/turtlebot3_msgs:/home/batman/turtlebot3_ws/install/turtlebot3_description:/home/batman/turtlebot3_ws/install/turtlebot3_cartographer:/home/batman/turtlebot3_ws/install/dynamixel_sdk_examples:/home/batman/turtlebot3_ws/install/dynamixel_sdk_custom_interfaces:/home/batman/turtlebot3_ws/install/dynamixel_sdk:/home/batman/turtlebot3_ws/install/turtlebot3_teleop:/home/batman/turtlebot3_ws/install/turtlebot3_example:/opt/ros/humble LD_LIBRARY_PATH=/home/batman/URC_NAV/install/rover_msgs/lib:/home/batman/turtlebot3_ws/install/turtlebot3_msgs/lib:/home/batman/turtlebot3_ws/install/dynamixel_sdk_custom_interfaces/lib:/home/batman/turtlebot3_ws/install/dynamixel_sdk/lib:/usr/lib/x86_64-linux-gnu/gazebo-11/plugins:/opt/ros/humble/opt/rviz_ogre_vendor/lib:/opt/ros/humble/lib/x86_64-linux-gnu:/opt/ros/humble/lib:/usr/lib/x86_64-linux-gnu/gazebo-11/plugins /usr/bin/cmake --build /home/batman/URC_NAV/build/rover_motor_controller_cpp -- -j16 -l16
[0.566s] DEBUG:colcon.colcon_core.event_handler.log_command:Invoking command in '/home/batman/URC_NAV/build/rover_motor_controller_cpp': CMAKE_PREFIX_PATH=/home/batman/URC_NAV/install/rover_msgs:/home/batman/URC_NAV/install/urc_rover:/home/batman/URC_NAV/install/rover_gazebo:/home/batman/URC_NAV/install/rover_motor_controller_cpp:/home/batman/URC_NAV/install/rover_localization:/home/batman/URC_NAV/install/rover_controller:/home/batman/turtlebot3_ws/install/turtlebot3:/home/batman/turtlebot3_ws/install/turtlebot3_bringup:/home/batman/turtlebot3_ws/install/turtlebot3_node:/home/batman/turtlebot3_ws/install/turtlebot3_navigation2:/home/batman/turtlebot3_ws/install/turtlebot3_msgs:/home/batman/turtlebot3_ws/install/turtlebot3_description:/home/batman/turtlebot3_ws/install/turtlebot3_cartographer:/home/batman/turtlebot3_ws/install/dynamixel_sdk_examples:/home/batman/turtlebot3_ws/install/dynamixel_sdk_custom_interfaces:/home/batman/turtlebot3_ws/install/dynamixel_sdk:/home/batman/turtlebot3_ws/install/turtlebot3_teleop:/home/batman/turtlebot3_ws/install/turtlebot3_example:/opt/ros/humble LD_LIBRARY_PATH=/home/batman/URC_NAV/install/rover_msgs/lib:/home/batman/turtlebot3_ws/install/turtlebot3_msgs/lib:/home/batman/turtlebot3_ws/install/dynamixel_sdk_custom_interfaces/lib:/home/batman/turtlebot3_ws/install/dynamixel_sdk/lib:/usr/lib/x86_64-linux-gnu/gazebo-11/plugins:/opt/ros/humble/opt/rviz_ogre_vendor/lib:/opt/ros/humble/lib/x86_64-linux-gnu:/opt/ros/humble/lib:/usr/lib/x86_64-linux-gnu/gazebo-11/plugins /usr/bin/cmake --install /home/batman/URC_NAV/build/rover_motor_controller_cpp
[0.572s] Level 1:colcon.colcon_core.environment:create_environment_scripts_only(rover_motor_controller_cpp)
[0.573s] Level 1:colcon.colcon_core.environment:checking '/home/batman/URC_NAV/install/rover_motor_controller_cpp' for CMake module files
[0.573s] DEBUG:colcon.colcon_core.event_handler.log_command:Invoked command in '/home/batman/URC_NAV/build/rover_motor_controller_cpp' returned '0': CMAKE_PREFIX_PATH=/home/batman/URC_NAV/install/rover_msgs:/home/batman/URC_NAV/install/urc_rover:/home/batman/URC_NAV/install/rover_gazebo:/home/batman/URC_NAV/install/rover_motor_controller_cpp:/home/batman/URC_NAV/install/rover_localization:/home/batman/URC_NAV/install/rover_controller:/home/batman/turtlebot3_ws/install/turtlebot3:/home/batman/turtlebot3_ws/install/turtlebot3_bringup:/home/batman/turtlebot3_ws/install/turtlebot3_node:/home/batman/turtlebot3_ws/install/turtlebot3_navigation2:/home/batman/turtlebot3_ws/install/turtlebot3_msgs:/home/batman/turtlebot3_ws/install/turtlebot3_description:/home/batman/turtlebot3_ws/install/turtlebot3_cartographer:/home/batman/turtlebot3_ws/install/dynamixel_sdk_examples:/home/batman/turtlebot3_ws/install/dynamixel_sdk_custom_interfaces:/home/batman/turtlebot3_ws/install/dynamixel_sdk:/home/batman/turtlebot3_ws/install/turtlebot3_teleop:/home/batman/turtlebot3_ws/install/turtlebot3_example:/opt/ros/humble LD_LIBRARY_PATH=/home/batman/URC_NAV/install/rover_msgs/lib:/home/batman/turtlebot3_ws/install/turtlebot3_msgs/lib:/home/batman/turtlebot3_ws/install/dynamixel_sdk_custom_interfaces/lib:/home/batman/turtlebot3_ws/install/dynamixel_sdk/lib:/usr/lib/x86_64-linux-gnu/gazebo-11/plugins:/opt/ros/humble/opt/rviz_ogre_vendor/lib:/opt/ros/humble/lib/x86_64-linux-gnu:/opt/ros/humble/lib:/usr/lib/x86_64-linux-gnu/gazebo-11/plugins /usr/bin/cmake --install /home/batman/URC_NAV/build/rover_motor_controller_cpp
[0.573s] Level 1:colcon.colcon_core.environment:checking '/home/batman/URC_NAV/install/rover_motor_controller_cpp' for CMake config files
[0.573s] Level 1:colcon.colcon_core.shell:create_environment_hook('rover_motor_controller_cpp', 'cmake_prefix_path')
[0.573s] INFO:colcon.colcon_core.shell:Creating environment hook '/home/batman/URC_NAV/install/rover_motor_controller_cpp/share/rover_motor_controller_cpp/hook/cmake_prefix_path.ps1'
[0.574s] INFO:colcon.colcon_core.shell:Creating environment descriptor '/home/batman/URC_NAV/install/rover_motor_controller_cpp/share/rover_motor_controller_cpp/hook/cmake_prefix_path.dsv'
[0.574s] INFO:colcon.colcon_core.shell:Creating environment hook '/home/batman/URC_NAV/install/rover_motor_controller_cpp/share/rover_motor_controller_cpp/hook/cmake_prefix_path.sh'
[0.574s] Level 1:colcon.colcon_core.environment:checking '/home/batman/URC_NAV/install/rover_motor_controller_cpp/lib'
[0.574s] Level 1:colcon.colcon_core.environment:checking '/home/batman/URC_NAV/install/rover_motor_controller_cpp/bin'
[0.574s] Level 1:colcon.colcon_core.environment:checking '/home/batman/URC_NAV/install/rover_motor_controller_cpp/lib/pkgconfig/rover_motor_controller_cpp.pc'
[0.574s] Level 1:colcon.colcon_core.environment:checking '/home/batman/URC_NAV/install/rover_motor_controller_cpp/lib/python3.10/site-packages'
[0.574s] Level 1:colcon.colcon_core.environment:checking '/home/batman/URC_NAV/install/rover_motor_controller_cpp/bin'
[0.575s] INFO:colcon.colcon_core.shell:Creating package script '/home/batman/URC_NAV/install/rover_motor_controller_cpp/share/rover_motor_controller_cpp/package.ps1'
[0.575s] INFO:colcon.colcon_core.shell:Creating package descriptor '/home/batman/URC_NAV/install/rover_motor_controller_cpp/share/rover_motor_controller_cpp/package.dsv'
[0.575s] INFO:colcon.colcon_core.shell:Creating package script '/home/batman/URC_NAV/install/rover_motor_controller_cpp/share/rover_motor_controller_cpp/package.sh'
[0.575s] INFO:colcon.colcon_core.shell:Creating package script '/home/batman/URC_NAV/install/rover_motor_controller_cpp/share/rover_motor_controller_cpp/package.bash'
[0.575s] INFO:colcon.colcon_core.shell:Creating package script '/home/batman/URC_NAV/install/rover_motor_controller_cpp/share/rover_motor_controller_cpp/package.zsh'
[0.576s] Level 1:colcon.colcon_core.environment:create_file_with_runtime_dependencies(/home/batman/URC_NAV/install/rover_motor_controller_cpp/share/colcon-core/packages/rover_motor_controller_cpp)
[0.576s] Level 1:colcon.colcon_core.environment:create_environment_scripts_only(rover_motor_controller_cpp)
[0.576s] Level 1:colcon.colcon_core.environment:checking '/home/batman/URC_NAV/install/rover_motor_controller_cpp' for CMake module files
[0.576s] Level 1:colcon.colcon_core.environment:checking '/home/batman/URC_NAV/install/rover_motor_controller_cpp' for CMake config files
[0.576s] Level 1:colcon.colcon_core.shell:create_environment_hook('rover_motor_controller_cpp', 'cmake_prefix_path')
[0.576s] INFO:colcon.colcon_core.shell:Creating environment hook '/home/batman/URC_NAV/install/rover_motor_controller_cpp/share/rover_motor_controller_cpp/hook/cmake_prefix_path.ps1'
[0.577s] INFO:colcon.colcon_core.shell:Creating environment descriptor '/home/batman/URC_NAV/install/rover_motor_controller_cpp/share/rover_motor_controller_cpp/hook/cmake_prefix_path.dsv'
[0.577s] INFO:colcon.colcon_core.shell:Creating environment hook '/home/batman/URC_NAV/install/rover_motor_controller_cpp/share/rover_motor_controller_cpp/hook/cmake_prefix_path.sh'
[0.577s] Level 1:colcon.colcon_core.environment:checking '/home/batman/URC_NAV/install/rover_motor_controller_cpp/lib'
[0.577s] Level 1:colcon.colcon_core.environment:checking '/home/batman/URC_NAV/install/rover_motor_controller_cpp/bin'
[0.577s] Level 1:colcon.colcon_core.environment:checking '/home/batman/URC_NAV/install/rover_motor_controller_cpp/lib/pkgconfig/rover_motor_controller_cpp.pc'
[0.577s] Level 1:colcon.colcon_core.environment:checking '/home/batman/URC_NAV/install/rover_motor_controller_cpp/lib/python3.10/site-packages'
[0.577s] Level 1:colcon.colcon_core.environment:checking '/home/batman/URC_NAV/install/rover_motor_controller_cpp/bin'
[0.577s] INFO:colcon.colcon_core.shell:Creating package script '/home/batman/URC_NAV/install/rover_motor_controller_cpp/share/rover_motor_controller_cpp/package.ps1'
[0.578s] INFO:colcon.colcon_core.shell:Creating package descriptor '/home/batman/URC_NAV/install/rover_motor_controller_cpp/share/rover_motor_controller_cpp/package.dsv'
[0.578s] INFO:colcon.colcon_core.shell:Creating package script '/home/batman/URC_NAV/install/rover_motor_controller_cpp/share/rover_motor_controller_cpp/package.sh'
[0.578s] INFO:colcon.colcon_core.shell:Creating package script '/home/batman/URC_NAV/install/rover_motor_controller_cpp/share/rover_motor_controller_cpp/package.bash'
[0.578s] INFO:colcon.colcon_core.shell:Creating package script '/home/batman/URC_NAV/install/rover_motor_controller_cpp/share/rover_motor_controller_cpp/package.zsh'
[0.578s] Level 1:colcon.colcon_core.environment:create_file_with_runtime_dependencies(/home/batman/URC_NAV/install/rover_motor_controller_cpp/share/colcon-core/packages/rover_motor_controller_cpp)
[0.579s] INFO:colcon.colcon_ros.task.ament_cmake.build:Building ROS package in '/home/batman/URC_NAV/src/rover_gazebo' with build type 'ament_cmake'
[0.579s] INFO:colcon.colcon_cmake.task.cmake.build:Building CMake package in '/home/batman/URC_NAV/src/rover_gazebo'
[0.579s] INFO:colcon.colcon_core.shell:Skip shell extension 'powershell' for command environment: Not usable outside of PowerShell
[0.579s] DEBUG:colcon.colcon_core.shell:Skip shell extension 'dsv' for command environment
[0.588s] DEBUG:colcon.colcon_core.event_handler.log_command:Invoking command in '/home/batman/URC_NAV/build/rover_gazebo': CMAKE_PREFIX_PATH=/home/batman/URC_NAV/install/rover_motor_controller_cpp:/home/batman/URC_NAV/install/rover_msgs:/home/batman/URC_NAV/install/urc_rover:/home/batman/URC_NAV/install/rover_gazebo:/home/batman/URC_NAV/install/rover_localization:/home/batman/URC_NAV/install/rover_controller:/home/batman/turtlebot3_ws/install/turtlebot3:/home/batman/turtlebot3_ws/install/turtlebot3_bringup:/home/batman/turtlebot3_ws/install/turtlebot3_node:/home/batman/turtlebot3_ws/install/turtlebot3_navigation2:/home/batman/turtlebot3_ws/install/turtlebot3_msgs:/home/batman/turtlebot3_ws/install/turtlebot3_description:/home/batman/turtlebot3_ws/install/turtlebot3_cartographer:/home/batman/turtlebot3_ws/install/dynamixel_sdk_examples:/home/batman/turtlebot3_ws/install/dynamixel_sdk_custom_interfaces:/home/batman/turtlebot3_ws/install/dynamixel_sdk:/home/batman/turtlebot3_ws/install/turtlebot3_teleop:/home/batman/turtlebot3_ws/install/turtlebot3_example:/opt/ros/humble LD_LIBRARY_PATH=/home/batman/URC_NAV/install/rover_msgs/lib:/home/batman/turtlebot3_ws/install/turtlebot3_msgs/lib:/home/batman/turtlebot3_ws/install/dynamixel_sdk_custom_interfaces/lib:/home/batman/turtlebot3_ws/install/dynamixel_sdk/lib:/usr/lib/x86_64-linux-gnu/gazebo-11/plugins:/opt/ros/humble/opt/rviz_ogre_vendor/lib:/opt/ros/humble/lib/x86_64-linux-gnu:/opt/ros/humble/lib:/usr/lib/x86_64-linux-gnu/gazebo-11/plugins /usr/bin/cmake --build /home/batman/URC_NAV/build/rover_gazebo -- -j16 -l16
[0.638s] DEBUG:colcon.colcon_core.event_handler.log_command:Invoked command in '/home/batman/URC_NAV/build/rover_gazebo' returned '0': CMAKE_PREFIX_PATH=/home/batman/URC_NAV/install/rover_motor_controller_cpp:/home/batman/URC_NAV/install/rover_msgs:/home/batman/URC_NAV/install/urc_rover:/home/batman/URC_NAV/install/rover_gazebo:/home/batman/URC_NAV/install/rover_localization:/home/batman/URC_NAV/install/rover_controller:/home/batman/turtlebot3_ws/install/turtlebot3:/home/batman/turtlebot3_ws/install/turtlebot3_bringup:/home/batman/turtlebot3_ws/install/turtlebot3_node:/home/batman/turtlebot3_ws/install/turtlebot3_navigation2:/home/batman/turtlebot3_ws/install/turtlebot3_msgs:/home/batman/turtlebot3_ws/install/turtlebot3_description:/home/batman/turtlebot3_ws/install/turtlebot3_cartographer:/home/batman/turtlebot3_ws/install/dynamixel_sdk_examples:/home/batman/turtlebot3_ws/install/dynamixel_sdk_custom_interfaces:/home/batman/turtlebot3_ws/install/dynamixel_sdk:/home/batman/turtlebot3_ws/install/turtlebot3_teleop:/home/batman/turtlebot3_ws/install/turtlebot3_example:/opt/ros/humble LD_LIBRARY_PATH=/home/batman/URC_NAV/install/rover_msgs/lib:/home/batman/turtlebot3_ws/install/turtlebot3_msgs/lib:/home/batman/turtlebot3_ws/install/dynamixel_sdk_custom_interfaces/lib:/home/batman/turtlebot3_ws/install/dynamixel_sdk/lib:/usr/lib/x86_64-linux-gnu/gazebo-11/plugins:/opt/ros/humble/opt/rviz_ogre_vendor/lib:/opt/ros/humble/lib/x86_64-linux-gnu:/opt/ros/humble/lib:/usr/lib/x86_64-linux-gnu/gazebo-11/plugins /usr/bin/cmake --build /home/batman/URC_NAV/build/rover_gazebo -- -j16 -l16
[0.639s] DEBUG:colcon.colcon_core.event_handler.log_command:Invoking command in '/home/batman/URC_NAV/build/rover_gazebo': CMAKE_PREFIX_PATH=/home/batman/URC_NAV/install/rover_motor_controller_cpp:/home/batman/URC_NAV/install/rover_msgs:/home/batman/URC_NAV/install/urc_rover:/home/batman/URC_NAV/install/rover_gazebo:/home/batman/URC_NAV/install/rover_localization:/home/batman/URC_NAV/install/rover_controller:/home/batman/turtlebot3_ws/install/turtlebot3:/home/batman/turtlebot3_ws/install/turtlebot3_bringup:/home/batman/turtlebot3_ws/install/turtlebot3_node:/home/batman/turtlebot3_ws/install/turtlebot3_navigation2:/home/batman/turtlebot3_ws/install/turtlebot3_msgs:/home/batman/turtlebot3_ws/install/turtlebot3_description:/home/batman/turtlebot3_ws/install/turtlebot3_cartographer:/home/batman/turtlebot3_ws/install/dynamixel_sdk_examples:/home/batman/turtlebot3_ws/install/dynamixel_sdk_custom_interfaces:/home/batman/turtlebot3_ws/install/dynamixel_sdk:/home/batman/turtlebot3_ws/install/turtlebot3_teleop:/home/batman/turtlebot3_ws/install/turtlebot3_example:/opt/ros/humble LD_LIBRARY_PATH=/home/batman/URC_NAV/install/rover_msgs/lib:/home/batman/turtlebot3_ws/install/turtlebot3_msgs/lib:/home/batman/turtlebot3_ws/install/dynamixel_sdk_custom_interfaces/lib:/home/batman/turtlebot3_ws/install/dynamixel_sdk/lib:/usr/lib/x86_64-linux-gnu/gazebo-11/plugins:/opt/ros/humble/opt/rviz_ogre_vendor/lib:/opt/ros/humble/lib/x86_64-linux-gnu:/opt/ros/humble/lib:/usr/lib/x86_64-linux-gnu/gazebo-11/plugins /usr/bin/cmake --install /home/batman/URC_NAV/build/rover_gazebo
[0.650s] Level 1:colcon.colcon_core.environment:create_environment_scripts_only(rover_gazebo)
[0.650s] Level 1:colcon.colcon_core.environment:checking '/home/batman/URC_NAV/install/rover_gazebo' for CMake module files
[0.651s] Level 1:colcon.colcon_core.environment:checking '/home/batman/URC_NAV/install/rover_gazebo' for CMake config files
[0.653s] DEBUG:colcon.colcon_core.event_handler.log_command:Invoked command in '/home/batman/URC_NAV/build/rover_gazebo' returned '0': CMAKE_PREFIX_PATH=/home/batman/URC_NAV/install/rover_motor_controller_cpp:/home/batman/URC_NAV/install/rover_msgs:/home/batman/URC_NAV/install/urc_rover:/home/batman/URC_NAV/install/rover_gazebo:/home/batman/URC_NAV/install/rover_localization:/home/batman/URC_NAV/install/rover_controller:/home/batman/turtlebot3_ws/install/turtlebot3:/home/batman/turtlebot3_ws/install/turtlebot3_bringup:/home/batman/turtlebot3_ws/install/turtlebot3_node:/home/batman/turtlebot3_ws/install/turtlebot3_navigation2:/home/batman/turtlebot3_ws/install/turtlebot3_msgs:/home/batman/turtlebot3_ws/install/turtlebot3_description:/home/batman/turtlebot3_ws/install/turtlebot3_cartographer:/home/batman/turtlebot3_ws/install/dynamixel_sdk_examples:/home/batman/turtlebot3_ws/install/dynamixel_sdk_custom_interfaces:/home/batman/turtlebot3_ws/install/dynamixel_sdk:/home/batman/turtlebot3_ws/install/turtlebot3_teleop:/home/batman/turtlebot3_ws/install/turtlebot3_example:/opt/ros/humble LD_LIBRARY_PATH=/home/batman/URC_NAV/install/rover_msgs/lib:/home/batman/turtlebot3_ws/install/turtlebot3_msgs/lib:/home/batman/turtlebot3_ws/install/dynamixel_sdk_custom_interfaces/lib:/home/batman/turtlebot3_ws/install/dynamixel_sdk/lib:/usr/lib/x86_64-linux-gnu/gazebo-11/plugins:/opt/ros/humble/opt/rviz_ogre_vendor/lib:/opt/ros/humble/lib/x86_64-linux-gnu:/opt/ros/humble/lib:/usr/lib/x86_64-linux-gnu/gazebo-11/plugins /usr/bin/cmake --install /home/batman/URC_NAV/build/rover_gazebo
[0.653s] Level 1:colcon.colcon_core.shell:create_environment_hook('rover_gazebo', 'cmake_prefix_path')
[0.653s] INFO:colcon.colcon_core.shell:Creating environment hook '/home/batman/URC_NAV/install/rover_gazebo/share/rover_gazebo/hook/cmake_prefix_path.ps1'
[0.654s] INFO:colcon.colcon_core.shell:Creating environment descriptor '/home/batman/URC_NAV/install/rover_gazebo/share/rover_gazebo/hook/cmake_prefix_path.dsv'
[0.654s] INFO:colcon.colcon_core.shell:Creating environment hook '/home/batman/URC_NAV/install/rover_gazebo/share/rover_gazebo/hook/cmake_prefix_path.sh'
[0.654s] Level 1:colcon.colcon_core.environment:checking '/home/batman/URC_NAV/install/rover_gazebo/lib'
[0.654s] Level 1:colcon.colcon_core.environment:checking '/home/batman/URC_NAV/install/rover_gazebo/bin'
[0.654s] Level 1:colcon.colcon_core.environment:checking '/home/batman/URC_NAV/install/rover_gazebo/lib/pkgconfig/rover_gazebo.pc'
[0.654s] Level 1:colcon.colcon_core.environment:checking '/home/batman/URC_NAV/install/rover_gazebo/lib/python3.10/site-packages'
[0.654s] Level 1:colcon.colcon_core.environment:checking '/home/batman/URC_NAV/install/rover_gazebo/bin'
[0.655s] INFO:colcon.colcon_core.shell:Creating package script '/home/batman/URC_NAV/install/rover_gazebo/share/rover_gazebo/package.ps1'
[0.655s] INFO:colcon.colcon_core.shell:Creating package descriptor '/home/batman/URC_NAV/install/rover_gazebo/share/rover_gazebo/package.dsv'
[0.655s] INFO:colcon.colcon_core.shell:Creating package script '/home/batman/URC_NAV/install/rover_gazebo/share/rover_gazebo/package.sh'
[0.655s] INFO:colcon.colcon_core.shell:Creating package script '/home/batman/URC_NAV/install/rover_gazebo/share/rover_gazebo/package.bash'
[0.656s] INFO:colcon.colcon_core.shell:Creating package script '/home/batman/URC_NAV/install/rover_gazebo/share/rover_gazebo/package.zsh'
[0.656s] Level 1:colcon.colcon_core.environment:create_file_with_runtime_dependencies(/home/batman/URC_NAV/install/rover_gazebo/share/colcon-core/packages/rover_gazebo)
[0.656s] Level 1:colcon.colcon_core.environment:create_environment_scripts_only(rover_gazebo)
[0.656s] Level 1:colcon.colcon_core.environment:checking '/home/batman/URC_NAV/install/rover_gazebo' for CMake module files
[0.656s] Level 1:colcon.colcon_core.environment:checking '/home/batman/URC_NAV/install/rover_gazebo' for CMake config files
[0.657s] Level 1:colcon.colcon_core.shell:create_environment_hook('rover_gazebo', 'cmake_prefix_path')
[0.657s] INFO:colcon.colcon_core.shell:Creating environment hook '/home/batman/URC_NAV/install/rover_gazebo/share/rover_gazebo/hook/cmake_prefix_path.ps1'
[0.657s] INFO:colcon.colcon_core.shell:Creating environment descriptor '/home/batman/URC_NAV/install/rover_gazebo/share/rover_gazebo/hook/cmake_prefix_path.dsv'
[0.657s] INFO:colcon.colcon_core.shell:Creating environment hook '/home/batman/URC_NAV/install/rover_gazebo/share/rover_gazebo/hook/cmake_prefix_path.sh'
[0.658s] Level 1:colcon.colcon_core.environment:checking '/home/batman/URC_NAV/install/rover_gazebo/lib'
[0.658s] Level 1:colcon.colcon_core.environment:checking '/home/batman/URC_NAV/install/rover_gazebo/bin'
[0.658s] Level 1:colcon.colcon_core.environment:checking '/home/batman/URC_NAV/install/rover_gazebo/lib/pkgconfig/rover_gazebo.pc'
[0.658s] Level 1:colcon.colcon_core.environment:checking '/home/batman/URC_NAV/install/rover_gazebo/lib/python3.10/site-packages'
[0.658s] Level 1:colcon.colcon_core.environment:checking '/home/batman/URC_NAV/install/rover_gazebo/bin'
[0.658s] INFO:colcon.colcon_core.shell:Creating package script '/home/batman/URC_NAV/install/rover_gazebo/share/rover_gazebo/package.ps1'
[0.659s] INFO:colcon.colcon_core.shell:Creating package descriptor '/home/batman/URC_NAV/install/rover_gazebo/share/rover_gazebo/package.dsv'
[0.659s] INFO:colcon.colcon_core.shell:Creating package script '/home/batman/URC_NAV/install/rover_gazebo/share/rover_gazebo/package.sh'
[0.659s] INFO:colcon.colcon_core.shell:Creating package script '/home/batman/URC_NAV/install/rover_gazebo/share/rover_gazebo/package.bash'
[0.659s] INFO:colcon.colcon_core.shell:Creating package script '/home/batman/URC_NAV/install/rover_gazebo/share/rover_gazebo/package.zsh'
[0.659s] Level 1:colcon.colcon_core.environment:create_file_with_runtime_dependencies(/home/batman/URC_NAV/install/rover_gazebo/share/colcon-core/packages/rover_gazebo)
[0.659s] DEBUG:colcon.colcon_parallel_executor.executor.parallel:closing loop
[0.660s] DEBUG:colcon.colcon_parallel_executor.executor.parallel:loop closed
[0.660s] DEBUG:colcon.colcon_parallel_executor.executor.parallel:run_until_complete finished with '0'
[0.660s] DEBUG:colcon.colcon_core.event_reactor:joining thread
[0.663s] INFO:colcon.colcon_core.plugin_system:Skipping extension 'colcon_notification.desktop_notification.terminal_notifier': Not used on non-Darwin systems
[0.663s] INFO:colcon.colcon_core.plugin_system:Skipping extension 'colcon_notification.desktop_notification.win32': Not used on non-Windows systems
[0.663s] INFO:colcon.colcon_notification.desktop_notification:Sending desktop notification using 'notify2'
[0.673s] DEBUG:colcon.colcon_core.event_reactor:joined thread
[0.674s] INFO:colcon.colcon_core.shell:Creating prefix script '/home/batman/URC_NAV/install/local_setup.ps1'
[0.674s] INFO:colcon.colcon_core.shell:Creating prefix util module '/home/batman/URC_NAV/install/_local_setup_util_ps1.py'
[0.675s] INFO:colcon.colcon_core.shell:Creating prefix chain script '/home/batman/URC_NAV/install/setup.ps1'
[0.676s] INFO:colcon.colcon_core.shell:Creating prefix script '/home/batman/URC_NAV/install/local_setup.sh'
[0.676s] INFO:colcon.colcon_core.shell:Creating prefix util module '/home/batman/URC_NAV/install/_local_setup_util_sh.py'
[0.676s] INFO:colcon.colcon_core.shell:Creating prefix chain script '/home/batman/URC_NAV/install/setup.sh'
[0.677s] INFO:colcon.colcon_core.shell:Creating prefix script '/home/batman/URC_NAV/install/local_setup.bash'
[0.678s] INFO:colcon.colcon_core.shell:Creating prefix chain script '/home/batman/URC_NAV/install/setup.bash'
[0.678s] INFO:colcon.colcon_core.shell:Creating prefix script '/home/batman/URC_NAV/install/local_setup.zsh'
[0.679s] INFO:colcon.colcon_core.shell:Creating prefix chain script '/home/batman/URC_NAV/install/setup.zsh'
